[1.643s] DEBUG:colcon:Command line arguments: ['/usr/bin/colcon', 'build', '--symlink-install']
[1.644s] DEBUG:colcon:Parsed command line arguments: Namespace(log_base=None, log_level=None, verb_name='build', build_base='build', install_base='install', merge_install=False, symlink_install=True, test_result_base=None, continue_on_error=False, executor='parallel', parallel_workers=4, event_handlers=None, ignore_user_meta=False, metas=['./colcon.meta'], base_paths=['.'], packages_ignore=None, packages_ignore_regex=None, paths=None, packages_up_to=None, packages_up_to_regex=None, packages_above=None, packages_above_and_dependencies=None, packages_above_depth=None, packages_select_by_dep=None, packages_skip_by_dep=None, packages_skip_up_to=None, packages_select_build_failed=False, packages_skip_build_finished=False, packages_select_test_failures=False, packages_skip_test_passed=False, packages_select=None, packages_skip=None, packages_select_regex=None, packages_skip_regex=None, packages_start=None, packages_end=None, allow_overriding=[], cmake_args=None, cmake_target=None, cmake_target_skip_unavailable=False, cmake_clean_cache=False, cmake_clean_first=False, cmake_force_configure=False, ament_cmake_args=None, catkin_cmake_args=None, catkin_skip_building_tests=False, verb_parser=<colcon_defaults.argument_parser.defaults.DefaultArgumentsDecorator object at 0xffff86e5d030>, verb_extension=<colcon_core.verb.build.BuildVerb object at 0xffff86e5cb50>, main=<bound method BuildVerb.main of <colcon_core.verb.build.BuildVerb object at 0xffff86e5cb50>>)
[1.753s] Level 1:colcon.colcon_core.package_discovery:discover_packages(colcon_meta) check parameters
[1.753s] Level 1:colcon.colcon_core.package_discovery:discover_packages(recursive) check parameters
[1.753s] Level 1:colcon.colcon_core.package_discovery:discover_packages(ignore) check parameters
[1.754s] Level 1:colcon.colcon_core.package_discovery:discover_packages(path) check parameters
[1.754s] Level 1:colcon.colcon_core.package_discovery:discover_packages(colcon_meta) discover
[1.754s] Level 1:colcon.colcon_core.package_discovery:discover_packages(recursive) discover
[1.754s] INFO:colcon.colcon_core.package_discovery:Crawling recursively for packages in '/home/shelfer/my_ros2_ws'
[1.754s] Level 1:colcon.colcon_core.package_identification:_identify(.) by extensions ['ignore', 'ignore_ament_install']
[1.755s] Level 1:colcon.colcon_core.package_identification:_identify(.) by extension 'ignore'
[1.755s] Level 1:colcon.colcon_core.package_identification:_identify(.) by extension 'ignore_ament_install'
[1.755s] Level 1:colcon.colcon_core.package_identification:_identify(.) by extensions ['colcon_pkg']
[1.755s] Level 1:colcon.colcon_core.package_identification:_identify(.) by extension 'colcon_pkg'
[1.756s] Level 1:colcon.colcon_core.package_identification:_identify(.) by extensions ['colcon_meta']
[1.756s] Level 1:colcon.colcon_core.package_identification:_identify(.) by extension 'colcon_meta'
[1.756s] Level 1:colcon.colcon_core.package_identification:_identify(.) by extensions ['ros']
[1.756s] Level 1:colcon.colcon_core.package_identification:_identify(.) by extension 'ros'
[1.807s] Level 1:colcon.colcon_core.package_identification:_identify(.) by extensions ['cmake', 'python']
[1.807s] Level 1:colcon.colcon_core.package_identification:_identify(.) by extension 'cmake'
[1.808s] Level 1:colcon.colcon_core.package_identification:_identify(.) by extension 'python'
[1.808s] Level 1:colcon.colcon_core.package_identification:_identify(.) by extensions ['python_setup_py']
[1.808s] Level 1:colcon.colcon_core.package_identification:_identify(.) by extension 'python_setup_py'
[1.809s] Level 1:colcon.colcon_core.package_identification:_identify(build) by extensions ['ignore', 'ignore_ament_install']
[1.809s] Level 1:colcon.colcon_core.package_identification:_identify(build) by extension 'ignore'
[1.809s] Level 1:colcon.colcon_core.package_identification:_identify(build) ignored
[1.810s] Level 1:colcon.colcon_core.package_identification:_identify(install) by extensions ['ignore', 'ignore_ament_install']
[1.810s] Level 1:colcon.colcon_core.package_identification:_identify(install) by extension 'ignore'
[1.810s] Level 1:colcon.colcon_core.package_identification:_identify(install) ignored
[1.811s] Level 1:colcon.colcon_core.package_identification:_identify(log) by extensions ['ignore', 'ignore_ament_install']
[1.811s] Level 1:colcon.colcon_core.package_identification:_identify(log) by extension 'ignore'
[1.811s] Level 1:colcon.colcon_core.package_identification:_identify(log) ignored
[1.812s] Level 1:colcon.colcon_core.package_identification:_identify(src) by extensions ['ignore', 'ignore_ament_install']
[1.812s] Level 1:colcon.colcon_core.package_identification:_identify(src) by extension 'ignore'
[1.812s] Level 1:colcon.colcon_core.package_identification:_identify(src) by extension 'ignore_ament_install'
[1.813s] Level 1:colcon.colcon_core.package_identification:_identify(src) by extensions ['colcon_pkg']
[1.813s] Level 1:colcon.colcon_core.package_identification:_identify(src) by extension 'colcon_pkg'
[1.813s] Level 1:colcon.colcon_core.package_identification:_identify(src) by extensions ['colcon_meta']
[1.813s] Level 1:colcon.colcon_core.package_identification:_identify(src) by extension 'colcon_meta'
[1.813s] Level 1:colcon.colcon_core.package_identification:_identify(src) by extensions ['ros']
[1.813s] Level 1:colcon.colcon_core.package_identification:_identify(src) by extension 'ros'
[1.814s] Level 1:colcon.colcon_core.package_identification:_identify(src) by extensions ['cmake', 'python']
[1.814s] Level 1:colcon.colcon_core.package_identification:_identify(src) by extension 'cmake'
[1.814s] Level 1:colcon.colcon_core.package_identification:_identify(src) by extension 'python'
[1.814s] Level 1:colcon.colcon_core.package_identification:_identify(src) by extensions ['python_setup_py']
[1.814s] Level 1:colcon.colcon_core.package_identification:_identify(src) by extension 'python_setup_py'
[1.815s] Level 1:colcon.colcon_core.package_identification:_identify(src/controller_interfaces) by extensions ['ignore', 'ignore_ament_install']
[1.815s] Level 1:colcon.colcon_core.package_identification:_identify(src/controller_interfaces) by extension 'ignore'
[1.815s] Level 1:colcon.colcon_core.package_identification:_identify(src/controller_interfaces) by extension 'ignore_ament_install'
[1.815s] Level 1:colcon.colcon_core.package_identification:_identify(src/controller_interfaces) by extensions ['colcon_pkg']
[1.816s] Level 1:colcon.colcon_core.package_identification:_identify(src/controller_interfaces) by extension 'colcon_pkg'
[1.816s] Level 1:colcon.colcon_core.package_identification:_identify(src/controller_interfaces) by extensions ['colcon_meta']
[1.816s] Level 1:colcon.colcon_core.package_identification:_identify(src/controller_interfaces) by extension 'colcon_meta'
[1.816s] Level 1:colcon.colcon_core.package_identification:_identify(src/controller_interfaces) by extensions ['ros']
[1.816s] Level 1:colcon.colcon_core.package_identification:_identify(src/controller_interfaces) by extension 'ros'
[1.826s] DEBUG:colcon.colcon_core.package_identification:Package 'src/controller_interfaces' with type 'ros.ament_cmake' and name 'controller_interfaces'
[1.826s] Level 1:colcon.colcon_core.package_identification:_identify(src/cugo_controller) by extensions ['ignore', 'ignore_ament_install']
[1.827s] Level 1:colcon.colcon_core.package_identification:_identify(src/cugo_controller) by extension 'ignore'
[1.827s] Level 1:colcon.colcon_core.package_identification:_identify(src/cugo_controller) by extension 'ignore_ament_install'
[1.827s] Level 1:colcon.colcon_core.package_identification:_identify(src/cugo_controller) by extensions ['colcon_pkg']
[1.827s] Level 1:colcon.colcon_core.package_identification:_identify(src/cugo_controller) by extension 'colcon_pkg'
[1.827s] Level 1:colcon.colcon_core.package_identification:_identify(src/cugo_controller) by extensions ['colcon_meta']
[1.827s] Level 1:colcon.colcon_core.package_identification:_identify(src/cugo_controller) by extension 'colcon_meta'
[1.828s] Level 1:colcon.colcon_core.package_identification:_identify(src/cugo_controller) by extensions ['ros']
[1.828s] Level 1:colcon.colcon_core.package_identification:_identify(src/cugo_controller) by extension 'ros'
[1.830s] DEBUG:colcon.colcon_core.package_identification:Package 'src/cugo_controller' with type 'ros.ament_python' and name 'cugo_controller'
[1.831s] Level 1:colcon.colcon_core.package_identification:_identify(src/ps_ros2_common) by extensions ['ignore', 'ignore_ament_install']
[1.831s] Level 1:colcon.colcon_core.package_identification:_identify(src/ps_ros2_common) by extension 'ignore'
[1.831s] Level 1:colcon.colcon_core.package_identification:_identify(src/ps_ros2_common) by extension 'ignore_ament_install'
[1.831s] Level 1:colcon.colcon_core.package_identification:_identify(src/ps_ros2_common) by extensions ['colcon_pkg']
[1.832s] Level 1:colcon.colcon_core.package_identification:_identify(src/ps_ros2_common) by extension 'colcon_pkg'
[1.832s] Level 1:colcon.colcon_core.package_identification:_identify(src/ps_ros2_common) by extensions ['colcon_meta']
[1.832s] Level 1:colcon.colcon_core.package_identification:_identify(src/ps_ros2_common) by extension 'colcon_meta'
[1.832s] Level 1:colcon.colcon_core.package_identification:_identify(src/ps_ros2_common) by extensions ['ros']
[1.832s] Level 1:colcon.colcon_core.package_identification:_identify(src/ps_ros2_common) by extension 'ros'
[1.835s] DEBUG:colcon.colcon_core.package_identification:Package 'src/ps_ros2_common' with type 'ros.ament_cmake' and name 'ps_ros2_common'
[1.836s] Level 1:colcon.colcon_core.package_identification:_identify(src/rt_usb_9axisimu_driver) by extensions ['ignore', 'ignore_ament_install']
[1.836s] Level 1:colcon.colcon_core.package_identification:_identify(src/rt_usb_9axisimu_driver) by extension 'ignore'
[1.836s] Level 1:colcon.colcon_core.package_identification:_identify(src/rt_usb_9axisimu_driver) by extension 'ignore_ament_install'
[1.837s] Level 1:colcon.colcon_core.package_identification:_identify(src/rt_usb_9axisimu_driver) by extensions ['colcon_pkg']
[1.837s] Level 1:colcon.colcon_core.package_identification:_identify(src/rt_usb_9axisimu_driver) by extension 'colcon_pkg'
[1.837s] Level 1:colcon.colcon_core.package_identification:_identify(src/rt_usb_9axisimu_driver) by extensions ['colcon_meta']
[1.837s] Level 1:colcon.colcon_core.package_identification:_identify(src/rt_usb_9axisimu_driver) by extension 'colcon_meta'
[1.837s] Level 1:colcon.colcon_core.package_identification:_identify(src/rt_usb_9axisimu_driver) by extensions ['ros']
[1.837s] Level 1:colcon.colcon_core.package_identification:_identify(src/rt_usb_9axisimu_driver) by extension 'ros'
[1.841s] DEBUG:colcon.colcon_core.package_identification:Package 'src/rt_usb_9axisimu_driver' with type 'ros.ament_cmake' and name 'rt_usb_9axisimu_driver'
[1.842s] Level 1:colcon.colcon_core.package_identification:_identify(src/test_imu) by extensions ['ignore', 'ignore_ament_install']
[1.842s] Level 1:colcon.colcon_core.package_identification:_identify(src/test_imu) by extension 'ignore'
[1.842s] Level 1:colcon.colcon_core.package_identification:_identify(src/test_imu) by extension 'ignore_ament_install'
[1.843s] Level 1:colcon.colcon_core.package_identification:_identify(src/test_imu) by extensions ['colcon_pkg']
[1.843s] Level 1:colcon.colcon_core.package_identification:_identify(src/test_imu) by extension 'colcon_pkg'
[1.843s] Level 1:colcon.colcon_core.package_identification:_identify(src/test_imu) by extensions ['colcon_meta']
[1.843s] Level 1:colcon.colcon_core.package_identification:_identify(src/test_imu) by extension 'colcon_meta'
[1.843s] Level 1:colcon.colcon_core.package_identification:_identify(src/test_imu) by extensions ['ros']
[1.843s] Level 1:colcon.colcon_core.package_identification:_identify(src/test_imu) by extension 'ros'
[1.846s] DEBUG:colcon.colcon_core.package_identification:Package 'src/test_imu' with type 'ros.ament_python' and name 'test_imu'
[1.846s] Level 1:colcon.colcon_core.package_discovery:discover_packages(recursive) using defaults
[1.846s] Level 1:colcon.colcon_core.package_discovery:discover_packages(ignore) discover
[1.846s] Level 1:colcon.colcon_core.package_discovery:discover_packages(ignore) using defaults
[1.846s] Level 1:colcon.colcon_core.package_discovery:discover_packages(path) discover
[1.846s] Level 1:colcon.colcon_core.package_discovery:discover_packages(path) using defaults
[1.943s] Level 1:colcon.colcon_core.package_discovery:discover_packages(prefix_path) check parameters
[1.943s] Level 1:colcon.colcon_core.package_discovery:discover_packages(prefix_path) discover
[1.958s] DEBUG:colcon.colcon_installed_package_information.package_discovery:Found 5 installed packages in /home/shelfer/my_ros2_ws/install
[1.972s] DEBUG:colcon.colcon_installed_package_information.package_discovery:Found 388 installed packages in /opt/ros/humble
[1.985s] Level 1:colcon.colcon_core.package_discovery:discover_packages(prefix_path) using defaults
[2.328s] Level 5:colcon.colcon_core.verb:set package 'controller_interfaces' build argument 'cmake_args' from command line to 'None'
[2.329s] Level 5:colcon.colcon_core.verb:set package 'controller_interfaces' build argument 'cmake_target' from command line to 'None'
[2.329s] Level 5:colcon.colcon_core.verb:set package 'controller_interfaces' build argument 'cmake_target_skip_unavailable' from command line to 'False'
[2.329s] Level 5:colcon.colcon_core.verb:set package 'controller_interfaces' build argument 'cmake_clean_cache' from command line to 'False'
[2.329s] Level 5:colcon.colcon_core.verb:set package 'controller_interfaces' build argument 'cmake_clean_first' from command line to 'False'
[2.329s] Level 5:colcon.colcon_core.verb:set package 'controller_interfaces' build argument 'cmake_force_configure' from command line to 'False'
[2.329s] Level 5:colcon.colcon_core.verb:set package 'controller_interfaces' build argument 'ament_cmake_args' from command line to 'None'
[2.330s] Level 5:colcon.colcon_core.verb:set package 'controller_interfaces' build argument 'catkin_cmake_args' from command line to 'None'
[2.330s] Level 5:colcon.colcon_core.verb:set package 'controller_interfaces' build argument 'catkin_skip_building_tests' from command line to 'False'
[2.330s] DEBUG:colcon.colcon_core.verb:Building package 'controller_interfaces' with the following arguments: {'ament_cmake_args': None, 'build_base': '/home/shelfer/my_ros2_ws/build/controller_interfaces', 'catkin_cmake_args': None, 'catkin_skip_building_tests': False, 'cmake_args': None, 'cmake_clean_cache': False, 'cmake_clean_first': False, 'cmake_force_configure': False, 'cmake_target': None, 'cmake_target_skip_unavailable': False, 'install_base': '/home/shelfer/my_ros2_ws/install/controller_interfaces', 'merge_install': False, 'path': '/home/shelfer/my_ros2_ws/src/controller_interfaces', 'symlink_install': True, 'test_result_base': None}
[2.334s] Level 5:colcon.colcon_core.verb:set package 'cugo_controller' build argument 'cmake_args' from command line to 'None'
[2.334s] Level 5:colcon.colcon_core.verb:set package 'cugo_controller' build argument 'cmake_target' from command line to 'None'
[2.334s] Level 5:colcon.colcon_core.verb:set package 'cugo_controller' build argument 'cmake_target_skip_unavailable' from command line to 'False'
[2.334s] Level 5:colcon.colcon_core.verb:set package 'cugo_controller' build argument 'cmake_clean_cache' from command line to 'False'
[2.335s] Level 5:colcon.colcon_core.verb:set package 'cugo_controller' build argument 'cmake_clean_first' from command line to 'False'
[2.335s] Level 5:colcon.colcon_core.verb:set package 'cugo_controller' build argument 'cmake_force_configure' from command line to 'False'
[2.335s] Level 5:colcon.colcon_core.verb:set package 'cugo_controller' build argument 'ament_cmake_args' from command line to 'None'
[2.335s] Level 5:colcon.colcon_core.verb:set package 'cugo_controller' build argument 'catkin_cmake_args' from command line to 'None'
[2.335s] Level 5:colcon.colcon_core.verb:set package 'cugo_controller' build argument 'catkin_skip_building_tests' from command line to 'False'
[2.335s] DEBUG:colcon.colcon_core.verb:Building package 'cugo_controller' with the following arguments: {'ament_cmake_args': None, 'build_base': '/home/shelfer/my_ros2_ws/build/cugo_controller', 'catkin_cmake_args': None, 'catkin_skip_building_tests': False, 'cmake_args': None, 'cmake_clean_cache': False, 'cmake_clean_first': False, 'cmake_force_configure': False, 'cmake_target': None, 'cmake_target_skip_unavailable': False, 'install_base': '/home/shelfer/my_ros2_ws/install/cugo_controller', 'merge_install': False, 'path': '/home/shelfer/my_ros2_ws/src/cugo_controller', 'symlink_install': True, 'test_result_base': None}
[2.340s] Level 5:colcon.colcon_core.verb:set package 'ps_ros2_common' build argument 'cmake_args' from command line to 'None'
[2.340s] Level 5:colcon.colcon_core.verb:set package 'ps_ros2_common' build argument 'cmake_target' from command line to 'None'
[2.340s] Level 5:colcon.colcon_core.verb:set package 'ps_ros2_common' build argument 'cmake_target_skip_unavailable' from command line to 'False'
[2.340s] Level 5:colcon.colcon_core.verb:set package 'ps_ros2_common' build argument 'cmake_clean_cache' from command line to 'False'
[2.340s] Level 5:colcon.colcon_core.verb:set package 'ps_ros2_common' build argument 'cmake_clean_first' from command line to 'False'
[2.340s] Level 5:colcon.colcon_core.verb:set package 'ps_ros2_common' build argument 'cmake_force_configure' from command line to 'False'
[2.340s] Level 5:colcon.colcon_core.verb:set package 'ps_ros2_common' build argument 'ament_cmake_args' from command line to 'None'
[2.340s] Level 5:colcon.colcon_core.verb:set package 'ps_ros2_common' build argument 'catkin_cmake_args' from command line to 'None'
[2.340s] Level 5:colcon.colcon_core.verb:set package 'ps_ros2_common' build argument 'catkin_skip_building_tests' from command line to 'False'
[2.341s] DEBUG:colcon.colcon_core.verb:Building package 'ps_ros2_common' with the following arguments: {'ament_cmake_args': None, 'build_base': '/home/shelfer/my_ros2_ws/build/ps_ros2_common', 'catkin_cmake_args': None, 'catkin_skip_building_tests': False, 'cmake_args': None, 'cmake_clean_cache': False, 'cmake_clean_first': False, 'cmake_force_configure': False, 'cmake_target': None, 'cmake_target_skip_unavailable': False, 'install_base': '/home/shelfer/my_ros2_ws/install/ps_ros2_common', 'merge_install': False, 'path': '/home/shelfer/my_ros2_ws/src/ps_ros2_common', 'symlink_install': True, 'test_result_base': None}
[2.345s] Level 5:colcon.colcon_core.verb:set package 'rt_usb_9axisimu_driver' build argument 'cmake_args' from command line to 'None'
[2.345s] Level 5:colcon.colcon_core.verb:set package 'rt_usb_9axisimu_driver' build argument 'cmake_target' from command line to 'None'
[2.345s] Level 5:colcon.colcon_core.verb:set package 'rt_usb_9axisimu_driver' build argument 'cmake_target_skip_unavailable' from command line to 'False'
[2.345s] Level 5:colcon.colcon_core.verb:set package 'rt_usb_9axisimu_driver' build argument 'cmake_clean_cache' from command line to 'False'
[2.345s] Level 5:colcon.colcon_core.verb:set package 'rt_usb_9axisimu_driver' build argument 'cmake_clean_first' from command line to 'False'
[2.345s] Level 5:colcon.colcon_core.verb:set package 'rt_usb_9axisimu_driver' build argument 'cmake_force_configure' from command line to 'False'
[2.345s] Level 5:colcon.colcon_core.verb:set package 'rt_usb_9axisimu_driver' build argument 'ament_cmake_args' from command line to 'None'
[2.346s] Level 5:colcon.colcon_core.verb:set package 'rt_usb_9axisimu_driver' build argument 'catkin_cmake_args' from command line to 'None'
[2.346s] Level 5:colcon.colcon_core.verb:set package 'rt_usb_9axisimu_driver' build argument 'catkin_skip_building_tests' from command line to 'False'
[2.346s] DEBUG:colcon.colcon_core.verb:Building package 'rt_usb_9axisimu_driver' with the following arguments: {'ament_cmake_args': None, 'build_base': '/home/shelfer/my_ros2_ws/build/rt_usb_9axisimu_driver', 'catkin_cmake_args': None, 'catkin_skip_building_tests': False, 'cmake_args': None, 'cmake_clean_cache': False, 'cmake_clean_first': False, 'cmake_force_configure': False, 'cmake_target': None, 'cmake_target_skip_unavailable': False, 'install_base': '/home/shelfer/my_ros2_ws/install/rt_usb_9axisimu_driver', 'merge_install': False, 'path': '/home/shelfer/my_ros2_ws/src/rt_usb_9axisimu_driver', 'symlink_install': True, 'test_result_base': None}
[2.350s] Level 5:colcon.colcon_core.verb:set package 'test_imu' build argument 'cmake_args' from command line to 'None'
[2.350s] Level 5:colcon.colcon_core.verb:set package 'test_imu' build argument 'cmake_target' from command line to 'None'
[2.350s] Level 5:colcon.colcon_core.verb:set package 'test_imu' build argument 'cmake_target_skip_unavailable' from command line to 'False'
[2.350s] Level 5:colcon.colcon_core.verb:set package 'test_imu' build argument 'cmake_clean_cache' from command line to 'False'
[2.351s] Level 5:colcon.colcon_core.verb:set package 'test_imu' build argument 'cmake_clean_first' from command line to 'False'
[2.351s] Level 5:colcon.colcon_core.verb:set package 'test_imu' build argument 'cmake_force_configure' from command line to 'False'
[2.351s] Level 5:colcon.colcon_core.verb:set package 'test_imu' build argument 'ament_cmake_args' from command line to 'None'
[2.351s] Level 5:colcon.colcon_core.verb:set package 'test_imu' build argument 'catkin_cmake_args' from command line to 'None'
[2.351s] Level 5:colcon.colcon_core.verb:set package 'test_imu' build argument 'catkin_skip_building_tests' from command line to 'False'
[2.351s] DEBUG:colcon.colcon_core.verb:Building package 'test_imu' with the following arguments: {'ament_cmake_args': None, 'build_base': '/home/shelfer/my_ros2_ws/build/test_imu', 'catkin_cmake_args': None, 'catkin_skip_building_tests': False, 'cmake_args': None, 'cmake_clean_cache': False, 'cmake_clean_first': False, 'cmake_force_configure': False, 'cmake_target': None, 'cmake_target_skip_unavailable': False, 'install_base': '/home/shelfer/my_ros2_ws/install/test_imu', 'merge_install': False, 'path': '/home/shelfer/my_ros2_ws/src/test_imu', 'symlink_install': True, 'test_result_base': None}
[2.354s] INFO:colcon.colcon_core.executor:Executing jobs using 'parallel' executor
[2.367s] DEBUG:colcon.colcon_parallel_executor.executor.parallel:run_until_complete
[2.368s] INFO:colcon.colcon_ros.task.ament_cmake.build:Building ROS package in '/home/shelfer/my_ros2_ws/src/controller_interfaces' with build type 'ament_cmake'
[2.369s] INFO:colcon.colcon_cmake.task.cmake.build:Building CMake package in '/home/shelfer/my_ros2_ws/src/controller_interfaces'
[2.389s] INFO:colcon.colcon_core.plugin_system:Skipping extension 'colcon_core.shell.bat': Not used on non-Windows systems
[2.389s] INFO:colcon.colcon_core.shell:Skip shell extension 'powershell' for command environment: Not usable outside of PowerShell
[2.390s] DEBUG:colcon.colcon_core.shell:Skip shell extension 'dsv' for command environment
[2.421s] INFO:colcon.colcon_ros.task.ament_python.build:Building ROS package in '/home/shelfer/my_ros2_ws/src/cugo_controller' with build type 'ament_python'
[2.422s] Level 1:colcon.colcon_core.shell:create_environment_hook('cugo_controller', 'ament_prefix_path')
[2.430s] INFO:colcon.colcon_core.shell:Creating environment hook '/home/shelfer/my_ros2_ws/install/cugo_controller/share/cugo_controller/hook/ament_prefix_path.ps1'
[2.435s] INFO:colcon.colcon_core.shell:Creating environment descriptor '/home/shelfer/my_ros2_ws/install/cugo_controller/share/cugo_controller/hook/ament_prefix_path.dsv'
[2.438s] INFO:colcon.colcon_core.shell:Creating environment hook '/home/shelfer/my_ros2_ws/install/cugo_controller/share/cugo_controller/hook/ament_prefix_path.sh'
[2.447s] INFO:colcon.colcon_core.shell:Skip shell extension 'powershell' for command environment: Not usable outside of PowerShell
[2.447s] DEBUG:colcon.colcon_core.shell:Skip shell extension 'dsv' for command environment
[2.477s] INFO:colcon.colcon_ros.task.ament_cmake.build:Building ROS package in '/home/shelfer/my_ros2_ws/src/ps_ros2_common' with build type 'ament_cmake'
[2.478s] INFO:colcon.colcon_cmake.task.cmake.build:Building CMake package in '/home/shelfer/my_ros2_ws/src/ps_ros2_common'
[2.485s] INFO:colcon.colcon_core.shell:Skip shell extension 'powershell' for command environment: Not usable outside of PowerShell
[2.486s] DEBUG:colcon.colcon_core.shell:Skip shell extension 'dsv' for command environment
[2.517s] INFO:colcon.colcon_ros.task.ament_cmake.build:Building ROS package in '/home/shelfer/my_ros2_ws/src/rt_usb_9axisimu_driver' with build type 'ament_cmake'
[2.518s] INFO:colcon.colcon_cmake.task.cmake.build:Building CMake package in '/home/shelfer/my_ros2_ws/src/rt_usb_9axisimu_driver'
[2.526s] INFO:colcon.colcon_core.shell:Skip shell extension 'powershell' for command environment: Not usable outside of PowerShell
[2.527s] DEBUG:colcon.colcon_core.shell:Skip shell extension 'dsv' for command environment
[2.578s] DEBUG:colcon.colcon_core.event_handler.log_command:Invoking command in '/home/shelfer/my_ros2_ws/build/controller_interfaces': CMAKE_PREFIX_PATH=${CMAKE_PREFIX_PATH}:/home/shelfer/my_ros2_ws/install/test_imu:/home/shelfer/my_ros2_ws/install/cugo_controller:/opt/ros/humble /usr/bin/cmake --build /home/shelfer/my_ros2_ws/build/controller_interfaces -- -j4 -l4
[4.486s] INFO:colcon.colcon_core.task.python.build:Building Python package in '/home/shelfer/my_ros2_ws/src/cugo_controller'
[4.493s] INFO:colcon.colcon_core.shell:Skip shell extension 'powershell' for command environment: Not usable outside of PowerShell
[4.493s] DEBUG:colcon.colcon_core.shell:Skip shell extension 'dsv' for command environment
[4.542s] DEBUG:colcon.colcon_core.event_handler.log_command:Invoking command in '/home/shelfer/my_ros2_ws/build/ps_ros2_common': CMAKE_PREFIX_PATH=${CMAKE_PREFIX_PATH}:/home/shelfer/my_ros2_ws/install/test_imu:/home/shelfer/my_ros2_ws/install/cugo_controller:/opt/ros/humble /usr/bin/cmake --build /home/shelfer/my_ros2_ws/build/ps_ros2_common -- -j4 -l4
[4.582s] DEBUG:colcon.colcon_core.event_handler.log_command:Invoking command in '/home/shelfer/my_ros2_ws/build/rt_usb_9axisimu_driver': CMAKE_PREFIX_PATH=${CMAKE_PREFIX_PATH}:/home/shelfer/my_ros2_ws/install/test_imu:/home/shelfer/my_ros2_ws/install/cugo_controller:/opt/ros/humble /usr/bin/cmake --build /home/shelfer/my_ros2_ws/build/rt_usb_9axisimu_driver -- -j4 -l4
[5.086s] DEBUG:colcon.colcon_core.event_handler.log_command:Invoked command in '/home/shelfer/my_ros2_ws/build/ps_ros2_common' returned '0': CMAKE_PREFIX_PATH=${CMAKE_PREFIX_PATH}:/home/shelfer/my_ros2_ws/install/test_imu:/home/shelfer/my_ros2_ws/install/cugo_controller:/opt/ros/humble /usr/bin/cmake --build /home/shelfer/my_ros2_ws/build/ps_ros2_common -- -j4 -l4
[5.271s] DEBUG:colcon.colcon_core.event_handler.log_command:Invoked command in '/home/shelfer/my_ros2_ws/build/rt_usb_9axisimu_driver' returned '0': CMAKE_PREFIX_PATH=${CMAKE_PREFIX_PATH}:/home/shelfer/my_ros2_ws/install/test_imu:/home/shelfer/my_ros2_ws/install/cugo_controller:/opt/ros/humble /usr/bin/cmake --build /home/shelfer/my_ros2_ws/build/rt_usb_9axisimu_driver -- -j4 -l4
[5.282s] DEBUG:colcon.colcon_core.event_handler.log_command:Invoked command in '/home/shelfer/my_ros2_ws/build/controller_interfaces' returned '0': CMAKE_PREFIX_PATH=${CMAKE_PREFIX_PATH}:/home/shelfer/my_ros2_ws/install/test_imu:/home/shelfer/my_ros2_ws/install/cugo_controller:/opt/ros/humble /usr/bin/cmake --build /home/shelfer/my_ros2_ws/build/controller_interfaces -- -j4 -l4
[5.365s] DEBUG:colcon.colcon_core.event_handler.log_command:Invoking command in '/home/shelfer/my_ros2_ws/build/ps_ros2_common': CMAKE_PREFIX_PATH=${CMAKE_PREFIX_PATH}:/home/shelfer/my_ros2_ws/install/test_imu:/home/shelfer/my_ros2_ws/install/cugo_controller:/opt/ros/humble /usr/bin/cmake --install /home/shelfer/my_ros2_ws/build/ps_ros2_common
[5.495s] DEBUG:colcon.colcon_core.event_handler.log_command:Invoking command in '/home/shelfer/my_ros2_ws/build/rt_usb_9axisimu_driver': CMAKE_PREFIX_PATH=${CMAKE_PREFIX_PATH}:/home/shelfer/my_ros2_ws/install/test_imu:/home/shelfer/my_ros2_ws/install/cugo_controller:/opt/ros/humble /usr/bin/cmake --install /home/shelfer/my_ros2_ws/build/rt_usb_9axisimu_driver
[5.503s] Level 1:colcon.colcon_core.environment:create_environment_scripts_only(ps_ros2_common)
[5.516s] DEBUG:colcon.colcon_core.event_handler.log_command:Invoked command in '/home/shelfer/my_ros2_ws/build/ps_ros2_common' returned '0': CMAKE_PREFIX_PATH=${CMAKE_PREFIX_PATH}:/home/shelfer/my_ros2_ws/install/test_imu:/home/shelfer/my_ros2_ws/install/cugo_controller:/opt/ros/humble /usr/bin/cmake --install /home/shelfer/my_ros2_ws/build/ps_ros2_common
[5.539s] Level 1:colcon.colcon_core.environment:checking '/home/shelfer/my_ros2_ws/install/ps_ros2_common' for CMake module files
[5.549s] Level 1:colcon.colcon_core.environment:checking '/home/shelfer/my_ros2_ws/install/ps_ros2_common' for CMake config files
[5.559s] Level 1:colcon.colcon_core.shell:create_environment_hook('ps_ros2_common', 'cmake_prefix_path')
[5.572s] INFO:colcon.colcon_core.shell:Creating environment hook '/home/shelfer/my_ros2_ws/install/ps_ros2_common/share/ps_ros2_common/hook/cmake_prefix_path.ps1'
[5.574s] INFO:colcon.colcon_core.shell:Creating environment descriptor '/home/shelfer/my_ros2_ws/install/ps_ros2_common/share/ps_ros2_common/hook/cmake_prefix_path.dsv'
[5.576s] INFO:colcon.colcon_core.shell:Creating environment hook '/home/shelfer/my_ros2_ws/install/ps_ros2_common/share/ps_ros2_common/hook/cmake_prefix_path.sh'
[5.580s] Level 1:colcon.colcon_core.environment:checking '/home/shelfer/my_ros2_ws/install/ps_ros2_common/lib'
[5.581s] Level 1:colcon.colcon_core.shell:create_environment_hook('ps_ros2_common', 'ld_library_path_lib')
[5.590s] INFO:colcon.colcon_core.shell:Creating environment hook '/home/shelfer/my_ros2_ws/install/ps_ros2_common/share/ps_ros2_common/hook/ld_library_path_lib.ps1'
[5.592s] INFO:colcon.colcon_core.shell:Creating environment descriptor '/home/shelfer/my_ros2_ws/install/ps_ros2_common/share/ps_ros2_common/hook/ld_library_path_lib.dsv'
[5.595s] INFO:colcon.colcon_core.shell:Creating environment hook '/home/shelfer/my_ros2_ws/install/ps_ros2_common/share/ps_ros2_common/hook/ld_library_path_lib.sh'
[5.599s] Level 1:colcon.colcon_core.environment:checking '/home/shelfer/my_ros2_ws/install/ps_ros2_common/bin'
[5.600s] Level 1:colcon.colcon_core.environment:checking '/home/shelfer/my_ros2_ws/install/ps_ros2_common/lib/pkgconfig/ps_ros2_common.pc'
[5.601s] Level 1:colcon.colcon_core.environment:checking '/home/shelfer/my_ros2_ws/install/ps_ros2_common/lib/python3.10/site-packages'
[5.603s] Level 1:colcon.colcon_core.environment:checking '/home/shelfer/my_ros2_ws/install/ps_ros2_common/bin'
[5.611s] INFO:colcon.colcon_core.shell:Creating package script '/home/shelfer/my_ros2_ws/install/ps_ros2_common/share/ps_ros2_common/package.ps1'
[5.620s] INFO:colcon.colcon_core.shell:Creating package descriptor '/home/shelfer/my_ros2_ws/install/ps_ros2_common/share/ps_ros2_common/package.dsv'
[5.625s] INFO:colcon.colcon_core.shell:Creating package script '/home/shelfer/my_ros2_ws/install/ps_ros2_common/share/ps_ros2_common/package.sh'
[5.632s] INFO:colcon.colcon_core.shell:Creating package script '/home/shelfer/my_ros2_ws/install/ps_ros2_common/share/ps_ros2_common/package.bash'
[5.638s] INFO:colcon.colcon_core.shell:Creating package script '/home/shelfer/my_ros2_ws/install/ps_ros2_common/share/ps_ros2_common/package.zsh'
[5.643s] Level 1:colcon.colcon_core.environment:create_file_with_runtime_dependencies(/home/shelfer/my_ros2_ws/install/ps_ros2_common/share/colcon-core/packages/ps_ros2_common)
[5.656s] Level 1:colcon.colcon_core.environment:create_environment_scripts_only(rt_usb_9axisimu_driver)
[5.658s] DEBUG:colcon.colcon_core.event_handler.log_command:Invoked command in '/home/shelfer/my_ros2_ws/build/rt_usb_9axisimu_driver' returned '0': CMAKE_PREFIX_PATH=${CMAKE_PREFIX_PATH}:/home/shelfer/my_ros2_ws/install/test_imu:/home/shelfer/my_ros2_ws/install/cugo_controller:/opt/ros/humble /usr/bin/cmake --install /home/shelfer/my_ros2_ws/build/rt_usb_9axisimu_driver
[5.670s] Level 1:colcon.colcon_core.environment:checking '/home/shelfer/my_ros2_ws/install/rt_usb_9axisimu_driver' for CMake module files
[5.675s] Level 1:colcon.colcon_core.environment:checking '/home/shelfer/my_ros2_ws/install/rt_usb_9axisimu_driver' for CMake config files
[5.680s] Level 1:colcon.colcon_core.shell:create_environment_hook('rt_usb_9axisimu_driver', 'cmake_prefix_path')
[5.688s] INFO:colcon.colcon_core.shell:Creating environment hook '/home/shelfer/my_ros2_ws/install/rt_usb_9axisimu_driver/share/rt_usb_9axisimu_driver/hook/cmake_prefix_path.ps1'
[5.690s] INFO:colcon.colcon_core.shell:Creating environment descriptor '/home/shelfer/my_ros2_ws/install/rt_usb_9axisimu_driver/share/rt_usb_9axisimu_driver/hook/cmake_prefix_path.dsv'
[5.692s] INFO:colcon.colcon_core.shell:Creating environment hook '/home/shelfer/my_ros2_ws/install/rt_usb_9axisimu_driver/share/rt_usb_9axisimu_driver/hook/cmake_prefix_path.sh'
[5.698s] Level 1:colcon.colcon_core.environment:checking '/home/shelfer/my_ros2_ws/install/rt_usb_9axisimu_driver/lib'
[5.699s] Level 1:colcon.colcon_core.shell:create_environment_hook('rt_usb_9axisimu_driver', 'ld_library_path_lib')
[5.706s] INFO:colcon.colcon_core.shell:Creating environment hook '/home/shelfer/my_ros2_ws/install/rt_usb_9axisimu_driver/share/rt_usb_9axisimu_driver/hook/ld_library_path_lib.ps1'
[5.708s] INFO:colcon.colcon_core.shell:Creating environment descriptor '/home/shelfer/my_ros2_ws/install/rt_usb_9axisimu_driver/share/rt_usb_9axisimu_driver/hook/ld_library_path_lib.dsv'
[5.711s] INFO:colcon.colcon_core.shell:Creating environment hook '/home/shelfer/my_ros2_ws/install/rt_usb_9axisimu_driver/share/rt_usb_9axisimu_driver/hook/ld_library_path_lib.sh'
[5.713s] Level 1:colcon.colcon_core.environment:checking '/home/shelfer/my_ros2_ws/install/rt_usb_9axisimu_driver/bin'
[5.714s] Level 1:colcon.colcon_core.environment:checking '/home/shelfer/my_ros2_ws/install/rt_usb_9axisimu_driver/lib/pkgconfig/rt_usb_9axisimu_driver.pc'
[5.715s] Level 1:colcon.colcon_core.environment:checking '/home/shelfer/my_ros2_ws/install/rt_usb_9axisimu_driver/lib/python3.10/site-packages'
[5.717s] Level 1:colcon.colcon_core.environment:checking '/home/shelfer/my_ros2_ws/install/rt_usb_9axisimu_driver/bin'
[5.724s] INFO:colcon.colcon_core.shell:Creating package script '/home/shelfer/my_ros2_ws/install/rt_usb_9axisimu_driver/share/rt_usb_9axisimu_driver/package.ps1'
[5.727s] INFO:colcon.colcon_core.shell:Creating package descriptor '/home/shelfer/my_ros2_ws/install/rt_usb_9axisimu_driver/share/rt_usb_9axisimu_driver/package.dsv'
[5.730s] INFO:colcon.colcon_core.shell:Creating package script '/home/shelfer/my_ros2_ws/install/rt_usb_9axisimu_driver/share/rt_usb_9axisimu_driver/package.sh'
[5.733s] INFO:colcon.colcon_core.shell:Creating package script '/home/shelfer/my_ros2_ws/install/rt_usb_9axisimu_driver/share/rt_usb_9axisimu_driver/package.bash'
[5.737s] INFO:colcon.colcon_core.shell:Creating package script '/home/shelfer/my_ros2_ws/install/rt_usb_9axisimu_driver/share/rt_usb_9axisimu_driver/package.zsh'
[5.740s] Level 1:colcon.colcon_core.environment:create_file_with_runtime_dependencies(/home/shelfer/my_ros2_ws/install/rt_usb_9axisimu_driver/share/colcon-core/packages/rt_usb_9axisimu_driver)
[5.826s] Level 1:colcon.colcon_core.environment:create_environment_scripts_only(ps_ros2_common)
[5.839s] Level 1:colcon.colcon_core.environment:checking '/home/shelfer/my_ros2_ws/install/ps_ros2_common' for CMake module files
[5.842s] Level 1:colcon.colcon_core.environment:checking '/home/shelfer/my_ros2_ws/install/ps_ros2_common' for CMake config files
[5.845s] Level 1:colcon.colcon_core.shell:create_environment_hook('ps_ros2_common', 'cmake_prefix_path')
[5.852s] INFO:colcon.colcon_core.shell:Creating environment hook '/home/shelfer/my_ros2_ws/install/ps_ros2_common/share/ps_ros2_common/hook/cmake_prefix_path.ps1'
[5.854s] INFO:colcon.colcon_core.shell:Creating environment descriptor '/home/shelfer/my_ros2_ws/install/ps_ros2_common/share/ps_ros2_common/hook/cmake_prefix_path.dsv'
[5.856s] INFO:colcon.colcon_core.shell:Creating environment hook '/home/shelfer/my_ros2_ws/install/ps_ros2_common/share/ps_ros2_common/hook/cmake_prefix_path.sh'
[5.859s] Level 1:colcon.colcon_core.environment:checking '/home/shelfer/my_ros2_ws/install/ps_ros2_common/lib'
[5.860s] Level 1:colcon.colcon_core.shell:create_environment_hook('ps_ros2_common', 'ld_library_path_lib')
[5.867s] INFO:colcon.colcon_core.shell:Creating environment hook '/home/shelfer/my_ros2_ws/install/ps_ros2_common/share/ps_ros2_common/hook/ld_library_path_lib.ps1'
[5.870s] INFO:colcon.colcon_core.shell:Creating environment descriptor '/home/shelfer/my_ros2_ws/install/ps_ros2_common/share/ps_ros2_common/hook/ld_library_path_lib.dsv'
[5.872s] INFO:colcon.colcon_core.shell:Creating environment hook '/home/shelfer/my_ros2_ws/install/ps_ros2_common/share/ps_ros2_common/hook/ld_library_path_lib.sh'
[5.875s] Level 1:colcon.colcon_core.environment:checking '/home/shelfer/my_ros2_ws/install/ps_ros2_common/bin'
[5.876s] Level 1:colcon.colcon_core.environment:checking '/home/shelfer/my_ros2_ws/install/ps_ros2_common/lib/pkgconfig/ps_ros2_common.pc'
[5.877s] Level 1:colcon.colcon_core.environment:checking '/home/shelfer/my_ros2_ws/install/ps_ros2_common/lib/python3.10/site-packages'
[5.878s] Level 1:colcon.colcon_core.environment:checking '/home/shelfer/my_ros2_ws/install/ps_ros2_common/bin'
[5.885s] INFO:colcon.colcon_core.shell:Creating package script '/home/shelfer/my_ros2_ws/install/ps_ros2_common/share/ps_ros2_common/package.ps1'
[5.888s] INFO:colcon.colcon_core.shell:Creating package descriptor '/home/shelfer/my_ros2_ws/install/ps_ros2_common/share/ps_ros2_common/package.dsv'
[5.891s] INFO:colcon.colcon_core.shell:Creating package script '/home/shelfer/my_ros2_ws/install/ps_ros2_common/share/ps_ros2_common/package.sh'
[5.894s] INFO:colcon.colcon_core.shell:Creating package script '/home/shelfer/my_ros2_ws/install/ps_ros2_common/share/ps_ros2_common/package.bash'
[5.897s] INFO:colcon.colcon_core.shell:Creating package script '/home/shelfer/my_ros2_ws/install/ps_ros2_common/share/ps_ros2_common/package.zsh'
[5.899s] Level 1:colcon.colcon_core.environment:create_file_with_runtime_dependencies(/home/shelfer/my_ros2_ws/install/ps_ros2_common/share/colcon-core/packages/ps_ros2_common)
[5.903s] INFO:colcon.colcon_ros.task.ament_python.build:Building ROS package in '/home/shelfer/my_ros2_ws/src/test_imu' with build type 'ament_python'
[5.904s] Level 1:colcon.colcon_core.shell:create_environment_hook('test_imu', 'ament_prefix_path')
[5.911s] INFO:colcon.colcon_core.shell:Creating environment hook '/home/shelfer/my_ros2_ws/install/test_imu/share/test_imu/hook/ament_prefix_path.ps1'
[5.914s] INFO:colcon.colcon_core.shell:Creating environment descriptor '/home/shelfer/my_ros2_ws/install/test_imu/share/test_imu/hook/ament_prefix_path.dsv'
[5.917s] INFO:colcon.colcon_core.shell:Creating environment hook '/home/shelfer/my_ros2_ws/install/test_imu/share/test_imu/hook/ament_prefix_path.sh'
[5.926s] INFO:colcon.colcon_core.shell:Skip shell extension 'powershell' for command environment: Not usable outside of PowerShell
[5.926s] DEBUG:colcon.colcon_core.shell:Skip shell extension 'dsv' for command environment
[5.982s] DEBUG:colcon.colcon_core.event_handler.log_command:Invoking command in '/home/shelfer/my_ros2_ws/build/controller_interfaces': CMAKE_PREFIX_PATH=${CMAKE_PREFIX_PATH}:/home/shelfer/my_ros2_ws/install/test_imu:/home/shelfer/my_ros2_ws/install/cugo_controller:/opt/ros/humble /usr/bin/cmake --install /home/shelfer/my_ros2_ws/build/controller_interfaces
[7.680s] INFO:colcon.colcon_core.task.python.build:Building Python package in '/home/shelfer/my_ros2_ws/src/test_imu'
[7.685s] INFO:colcon.colcon_core.shell:Skip shell extension 'powershell' for command environment: Not usable outside of PowerShell
[7.685s] DEBUG:colcon.colcon_core.shell:Skip shell extension 'dsv' for command environment
[7.723s] Level 1:colcon.colcon_core.environment:create_environment_scripts_only(rt_usb_9axisimu_driver)
[7.732s] Level 1:colcon.colcon_core.environment:checking '/home/shelfer/my_ros2_ws/install/rt_usb_9axisimu_driver' for CMake module files
[7.735s] Level 1:colcon.colcon_core.environment:checking '/home/shelfer/my_ros2_ws/install/rt_usb_9axisimu_driver' for CMake config files
[7.739s] Level 1:colcon.colcon_core.shell:create_environment_hook('rt_usb_9axisimu_driver', 'cmake_prefix_path')
[7.745s] INFO:colcon.colcon_core.shell:Creating environment hook '/home/shelfer/my_ros2_ws/install/rt_usb_9axisimu_driver/share/rt_usb_9axisimu_driver/hook/cmake_prefix_path.ps1'
[7.747s] INFO:colcon.colcon_core.shell:Creating environment descriptor '/home/shelfer/my_ros2_ws/install/rt_usb_9axisimu_driver/share/rt_usb_9axisimu_driver/hook/cmake_prefix_path.dsv'
[7.750s] INFO:colcon.colcon_core.shell:Creating environment hook '/home/shelfer/my_ros2_ws/install/rt_usb_9axisimu_driver/share/rt_usb_9axisimu_driver/hook/cmake_prefix_path.sh'
[7.754s] Level 1:colcon.colcon_core.environment:checking '/home/shelfer/my_ros2_ws/install/rt_usb_9axisimu_driver/lib'
[7.754s] Level 1:colcon.colcon_core.shell:create_environment_hook('rt_usb_9axisimu_driver', 'ld_library_path_lib')
[7.759s] INFO:colcon.colcon_core.shell:Creating environment hook '/home/shelfer/my_ros2_ws/install/rt_usb_9axisimu_driver/share/rt_usb_9axisimu_driver/hook/ld_library_path_lib.ps1'
[7.762s] INFO:colcon.colcon_core.shell:Creating environment descriptor '/home/shelfer/my_ros2_ws/install/rt_usb_9axisimu_driver/share/rt_usb_9axisimu_driver/hook/ld_library_path_lib.dsv'
[7.763s] INFO:colcon.colcon_core.shell:Creating environment hook '/home/shelfer/my_ros2_ws/install/rt_usb_9axisimu_driver/share/rt_usb_9axisimu_driver/hook/ld_library_path_lib.sh'
[7.765s] Level 1:colcon.colcon_core.environment:checking '/home/shelfer/my_ros2_ws/install/rt_usb_9axisimu_driver/bin'
[7.766s] Level 1:colcon.colcon_core.environment:checking '/home/shelfer/my_ros2_ws/install/rt_usb_9axisimu_driver/lib/pkgconfig/rt_usb_9axisimu_driver.pc'
[7.766s] Level 1:colcon.colcon_core.environment:checking '/home/shelfer/my_ros2_ws/install/rt_usb_9axisimu_driver/lib/python3.10/site-packages'
[7.767s] Level 1:colcon.colcon_core.environment:checking '/home/shelfer/my_ros2_ws/install/rt_usb_9axisimu_driver/bin'
[7.773s] INFO:colcon.colcon_core.shell:Creating package script '/home/shelfer/my_ros2_ws/install/rt_usb_9axisimu_driver/share/rt_usb_9axisimu_driver/package.ps1'
[7.775s] INFO:colcon.colcon_core.shell:Creating package descriptor '/home/shelfer/my_ros2_ws/install/rt_usb_9axisimu_driver/share/rt_usb_9axisimu_driver/package.dsv'
[7.778s] INFO:colcon.colcon_core.shell:Creating package script '/home/shelfer/my_ros2_ws/install/rt_usb_9axisimu_driver/share/rt_usb_9axisimu_driver/package.sh'
[7.780s] INFO:colcon.colcon_core.shell:Creating package script '/home/shelfer/my_ros2_ws/install/rt_usb_9axisimu_driver/share/rt_usb_9axisimu_driver/package.bash'
[7.782s] INFO:colcon.colcon_core.shell:Creating package script '/home/shelfer/my_ros2_ws/install/rt_usb_9axisimu_driver/share/rt_usb_9axisimu_driver/package.zsh'
[7.784s] Level 1:colcon.colcon_core.environment:create_file_with_runtime_dependencies(/home/shelfer/my_ros2_ws/install/rt_usb_9axisimu_driver/share/colcon-core/packages/rt_usb_9axisimu_driver)
[7.790s] Level 1:colcon.colcon_core.environment:create_environment_scripts_only(controller_interfaces)
[7.799s] Level 1:colcon.colcon_core.environment:checking '/home/shelfer/my_ros2_ws/install/controller_interfaces' for CMake module files
[7.800s] DEBUG:colcon.colcon_core.event_handler.log_command:Invoked command in '/home/shelfer/my_ros2_ws/build/controller_interfaces' returned '0': CMAKE_PREFIX_PATH=${CMAKE_PREFIX_PATH}:/home/shelfer/my_ros2_ws/install/test_imu:/home/shelfer/my_ros2_ws/install/cugo_controller:/opt/ros/humble /usr/bin/cmake --install /home/shelfer/my_ros2_ws/build/controller_interfaces
[7.805s] Level 1:colcon.colcon_core.environment:checking '/home/shelfer/my_ros2_ws/install/controller_interfaces' for CMake config files
[7.808s] Level 1:colcon.colcon_core.shell:create_environment_hook('controller_interfaces', 'cmake_prefix_path')
[7.814s] INFO:colcon.colcon_core.shell:Creating environment hook '/home/shelfer/my_ros2_ws/install/controller_interfaces/share/controller_interfaces/hook/cmake_prefix_path.ps1'
[7.817s] INFO:colcon.colcon_core.shell:Creating environment descriptor '/home/shelfer/my_ros2_ws/install/controller_interfaces/share/controller_interfaces/hook/cmake_prefix_path.dsv'
[7.820s] INFO:colcon.colcon_core.shell:Creating environment hook '/home/shelfer/my_ros2_ws/install/controller_interfaces/share/controller_interfaces/hook/cmake_prefix_path.sh'
[7.823s] Level 1:colcon.colcon_core.environment:checking '/home/shelfer/my_ros2_ws/install/controller_interfaces/lib'
[7.824s] Level 1:colcon.colcon_core.shell:create_environment_hook('controller_interfaces', 'ld_library_path_lib')
[7.829s] INFO:colcon.colcon_core.shell:Creating environment hook '/home/shelfer/my_ros2_ws/install/controller_interfaces/share/controller_interfaces/hook/ld_library_path_lib.ps1'
[7.831s] INFO:colcon.colcon_core.shell:Creating environment descriptor '/home/shelfer/my_ros2_ws/install/controller_interfaces/share/controller_interfaces/hook/ld_library_path_lib.dsv'
[7.833s] INFO:colcon.colcon_core.shell:Creating environment hook '/home/shelfer/my_ros2_ws/install/controller_interfaces/share/controller_interfaces/hook/ld_library_path_lib.sh'
[7.835s] Level 1:colcon.colcon_core.environment:checking '/home/shelfer/my_ros2_ws/install/controller_interfaces/bin'
[7.836s] Level 1:colcon.colcon_core.environment:checking '/home/shelfer/my_ros2_ws/install/controller_interfaces/lib/pkgconfig/controller_interfaces.pc'
[7.837s] Level 1:colcon.colcon_core.environment:checking '/home/shelfer/my_ros2_ws/install/controller_interfaces/lib/python3.10/site-packages'
[7.837s] Level 1:colcon.colcon_core.environment:checking '/home/shelfer/my_ros2_ws/install/controller_interfaces/bin'
[7.843s] INFO:colcon.colcon_core.shell:Creating package script '/home/shelfer/my_ros2_ws/install/controller_interfaces/share/controller_interfaces/package.ps1'
[7.846s] INFO:colcon.colcon_core.shell:Creating package descriptor '/home/shelfer/my_ros2_ws/install/controller_interfaces/share/controller_interfaces/package.dsv'
[7.849s] INFO:colcon.colcon_core.shell:Creating package script '/home/shelfer/my_ros2_ws/install/controller_interfaces/share/controller_interfaces/package.sh'
[7.852s] INFO:colcon.colcon_core.shell:Creating package script '/home/shelfer/my_ros2_ws/install/controller_interfaces/share/controller_interfaces/package.bash'
[7.854s] INFO:colcon.colcon_core.shell:Creating package script '/home/shelfer/my_ros2_ws/install/controller_interfaces/share/controller_interfaces/package.zsh'
[7.857s] Level 1:colcon.colcon_core.environment:create_file_with_runtime_dependencies(/home/shelfer/my_ros2_ws/install/controller_interfaces/share/colcon-core/packages/controller_interfaces)
[7.878s] DEBUG:colcon.colcon_core.event_handler.log_command:Invoking command in '/home/shelfer/my_ros2_ws/build/cugo_controller': PYTHONPATH=/home/shelfer/my_ros2_ws/build/cugo_controller/prefix_override:/home/shelfer/my_ros2_ws/install/cugo_controller/lib/python3.10/site-packages:${PYTHONPATH} /usr/bin/python3 setup.py develop --editable --build-directory /home/shelfer/my_ros2_ws/build/cugo_controller/build --no-deps install_data
[8.526s] Level 1:colcon.colcon_core.environment:create_environment_scripts_only(controller_interfaces)
[8.537s] Level 1:colcon.colcon_core.environment:checking '/home/shelfer/my_ros2_ws/install/controller_interfaces' for CMake module files
[8.542s] Level 1:colcon.colcon_core.environment:checking '/home/shelfer/my_ros2_ws/install/controller_interfaces' for CMake config files
[8.547s] Level 1:colcon.colcon_core.shell:create_environment_hook('controller_interfaces', 'cmake_prefix_path')
[8.553s] INFO:colcon.colcon_core.shell:Creating environment hook '/home/shelfer/my_ros2_ws/install/controller_interfaces/share/controller_interfaces/hook/cmake_prefix_path.ps1'
[8.556s] INFO:colcon.colcon_core.shell:Creating environment descriptor '/home/shelfer/my_ros2_ws/install/controller_interfaces/share/controller_interfaces/hook/cmake_prefix_path.dsv'
[8.558s] INFO:colcon.colcon_core.shell:Creating environment hook '/home/shelfer/my_ros2_ws/install/controller_interfaces/share/controller_interfaces/hook/cmake_prefix_path.sh'
[8.571s] Level 1:colcon.colcon_core.environment:checking '/home/shelfer/my_ros2_ws/install/controller_interfaces/lib'
[8.571s] Level 1:colcon.colcon_core.shell:create_environment_hook('controller_interfaces', 'ld_library_path_lib')
[8.580s] INFO:colcon.colcon_core.shell:Creating environment hook '/home/shelfer/my_ros2_ws/install/controller_interfaces/share/controller_interfaces/hook/ld_library_path_lib.ps1'
[8.582s] INFO:colcon.colcon_core.shell:Creating environment descriptor '/home/shelfer/my_ros2_ws/install/controller_interfaces/share/controller_interfaces/hook/ld_library_path_lib.dsv'
[8.584s] INFO:colcon.colcon_core.shell:Creating environment hook '/home/shelfer/my_ros2_ws/install/controller_interfaces/share/controller_interfaces/hook/ld_library_path_lib.sh'
[8.586s] Level 1:colcon.colcon_core.environment:checking '/home/shelfer/my_ros2_ws/install/controller_interfaces/bin'
[8.587s] Level 1:colcon.colcon_core.environment:checking '/home/shelfer/my_ros2_ws/install/controller_interfaces/lib/pkgconfig/controller_interfaces.pc'
[8.588s] Level 1:colcon.colcon_core.environment:checking '/home/shelfer/my_ros2_ws/install/controller_interfaces/lib/python3.10/site-packages'
[8.589s] Level 1:colcon.colcon_core.environment:checking '/home/shelfer/my_ros2_ws/install/controller_interfaces/bin'
[8.596s] INFO:colcon.colcon_core.shell:Creating package script '/home/shelfer/my_ros2_ws/install/controller_interfaces/share/controller_interfaces/package.ps1'
[8.599s] INFO:colcon.colcon_core.shell:Creating package descriptor '/home/shelfer/my_ros2_ws/install/controller_interfaces/share/controller_interfaces/package.dsv'
[8.602s] INFO:colcon.colcon_core.shell:Creating package script '/home/shelfer/my_ros2_ws/install/controller_interfaces/share/controller_interfaces/package.sh'
[8.605s] INFO:colcon.colcon_core.shell:Creating package script '/home/shelfer/my_ros2_ws/install/controller_interfaces/share/controller_interfaces/package.bash'
[8.608s] INFO:colcon.colcon_core.shell:Creating package script '/home/shelfer/my_ros2_ws/install/controller_interfaces/share/controller_interfaces/package.zsh'
[8.611s] Level 1:colcon.colcon_core.environment:create_file_with_runtime_dependencies(/home/shelfer/my_ros2_ws/install/controller_interfaces/share/colcon-core/packages/controller_interfaces)
[9.850s] DEBUG:colcon.colcon_core.event_handler.log_command:Invoking command in '/home/shelfer/my_ros2_ws/build/test_imu': PYTHONPATH=/home/shelfer/my_ros2_ws/build/test_imu/prefix_override:/home/shelfer/my_ros2_ws/install/test_imu/lib/python3.10/site-packages:${PYTHONPATH} /usr/bin/python3 setup.py develop --editable --build-directory /home/shelfer/my_ros2_ws/build/test_imu/build --no-deps install_data
[10.851s] Level 1:colcon.colcon_core.shell:create_environment_hook('cugo_controller', 'pythonpath_develop')
[10.858s] DEBUG:colcon.colcon_core.event_handler.log_command:Invoked command in '/home/shelfer/my_ros2_ws/build/cugo_controller' returned '0': PYTHONPATH=/home/shelfer/my_ros2_ws/build/cugo_controller/prefix_override:/home/shelfer/my_ros2_ws/install/cugo_controller/lib/python3.10/site-packages:${PYTHONPATH} /usr/bin/python3 setup.py develop --editable --build-directory /home/shelfer/my_ros2_ws/build/cugo_controller/build --no-deps install_data
[10.859s] INFO:colcon.colcon_core.shell:Creating environment hook '/home/shelfer/my_ros2_ws/build/cugo_controller/share/cugo_controller/hook/pythonpath_develop.ps1'
[10.861s] INFO:colcon.colcon_core.shell:Creating environment descriptor '/home/shelfer/my_ros2_ws/build/cugo_controller/share/cugo_controller/hook/pythonpath_develop.dsv'
[10.863s] INFO:colcon.colcon_core.shell:Creating environment hook '/home/shelfer/my_ros2_ws/build/cugo_controller/share/cugo_controller/hook/pythonpath_develop.sh'
[10.872s] Level 1:colcon.colcon_core.environment:checking '/home/shelfer/my_ros2_ws/install/cugo_controller' for CMake module files
[10.875s] Level 1:colcon.colcon_core.environment:checking '/home/shelfer/my_ros2_ws/install/cugo_controller' for CMake config files
[10.880s] Level 1:colcon.colcon_core.environment:checking '/home/shelfer/my_ros2_ws/install/cugo_controller/lib'
[10.880s] Level 1:colcon.colcon_core.environment:checking '/home/shelfer/my_ros2_ws/install/cugo_controller/bin'
[10.881s] Level 1:colcon.colcon_core.environment:checking '/home/shelfer/my_ros2_ws/install/cugo_controller/lib/pkgconfig/cugo_controller.pc'
[10.883s] Level 1:colcon.colcon_core.environment:checking '/home/shelfer/my_ros2_ws/install/cugo_controller/lib/python3.10/site-packages'
[10.883s] Level 1:colcon.colcon_core.shell:create_environment_hook('cugo_controller', 'pythonpath')
[10.889s] INFO:colcon.colcon_core.shell:Creating environment hook '/home/shelfer/my_ros2_ws/install/cugo_controller/share/cugo_controller/hook/pythonpath.ps1'
[10.891s] INFO:colcon.colcon_core.shell:Creating environment descriptor '/home/shelfer/my_ros2_ws/install/cugo_controller/share/cugo_controller/hook/pythonpath.dsv'
[10.892s] INFO:colcon.colcon_core.shell:Creating environment hook '/home/shelfer/my_ros2_ws/install/cugo_controller/share/cugo_controller/hook/pythonpath.sh'
[10.895s] Level 1:colcon.colcon_core.environment:checking '/home/shelfer/my_ros2_ws/install/cugo_controller/bin'
[10.896s] Level 1:colcon.colcon_core.environment:create_environment_scripts_only(cugo_controller)
[10.902s] INFO:colcon.colcon_core.shell:Creating package script '/home/shelfer/my_ros2_ws/install/cugo_controller/share/cugo_controller/package.ps1'
[10.905s] INFO:colcon.colcon_core.shell:Creating package descriptor '/home/shelfer/my_ros2_ws/install/cugo_controller/share/cugo_controller/package.dsv'
[10.907s] INFO:colcon.colcon_core.shell:Creating package script '/home/shelfer/my_ros2_ws/install/cugo_controller/share/cugo_controller/package.sh'
[10.909s] INFO:colcon.colcon_core.shell:Creating package script '/home/shelfer/my_ros2_ws/install/cugo_controller/share/cugo_controller/package.bash'
[10.911s] INFO:colcon.colcon_core.shell:Creating package script '/home/shelfer/my_ros2_ws/install/cugo_controller/share/cugo_controller/package.zsh'
[10.913s] Level 1:colcon.colcon_core.environment:create_file_with_runtime_dependencies(/home/shelfer/my_ros2_ws/install/cugo_controller/share/colcon-core/packages/cugo_controller)
[12.437s] Level 1:colcon.colcon_core.shell:create_environment_hook('test_imu', 'pythonpath_develop')
[12.442s] INFO:colcon.colcon_core.shell:Creating environment hook '/home/shelfer/my_ros2_ws/build/test_imu/share/test_imu/hook/pythonpath_develop.ps1'
[12.443s] DEBUG:colcon.colcon_core.event_handler.log_command:Invoked command in '/home/shelfer/my_ros2_ws/build/test_imu' returned '0': PYTHONPATH=/home/shelfer/my_ros2_ws/build/test_imu/prefix_override:/home/shelfer/my_ros2_ws/install/test_imu/lib/python3.10/site-packages:${PYTHONPATH} /usr/bin/python3 setup.py develop --editable --build-directory /home/shelfer/my_ros2_ws/build/test_imu/build --no-deps install_data
[12.446s] INFO:colcon.colcon_core.shell:Creating environment descriptor '/home/shelfer/my_ros2_ws/build/test_imu/share/test_imu/hook/pythonpath_develop.dsv'
[12.448s] INFO:colcon.colcon_core.shell:Creating environment hook '/home/shelfer/my_ros2_ws/build/test_imu/share/test_imu/hook/pythonpath_develop.sh'
[12.458s] Level 1:colcon.colcon_core.environment:checking '/home/shelfer/my_ros2_ws/install/test_imu' for CMake module files
[12.461s] Level 1:colcon.colcon_core.environment:checking '/home/shelfer/my_ros2_ws/install/test_imu' for CMake config files
[12.464s] Level 1:colcon.colcon_core.environment:checking '/home/shelfer/my_ros2_ws/install/test_imu/lib'
[12.464s] Level 1:colcon.colcon_core.environment:checking '/home/shelfer/my_ros2_ws/install/test_imu/bin'
[12.465s] Level 1:colcon.colcon_core.environment:checking '/home/shelfer/my_ros2_ws/install/test_imu/lib/pkgconfig/test_imu.pc'
[12.465s] Level 1:colcon.colcon_core.environment:checking '/home/shelfer/my_ros2_ws/install/test_imu/lib/python3.10/site-packages'
[12.466s] Level 1:colcon.colcon_core.shell:create_environment_hook('test_imu', 'pythonpath')
[12.471s] INFO:colcon.colcon_core.shell:Creating environment hook '/home/shelfer/my_ros2_ws/install/test_imu/share/test_imu/hook/pythonpath.ps1'
[12.473s] INFO:colcon.colcon_core.shell:Creating environment descriptor '/home/shelfer/my_ros2_ws/install/test_imu/share/test_imu/hook/pythonpath.dsv'
[12.475s] INFO:colcon.colcon_core.shell:Creating environment hook '/home/shelfer/my_ros2_ws/install/test_imu/share/test_imu/hook/pythonpath.sh'
[12.477s] Level 1:colcon.colcon_core.environment:checking '/home/shelfer/my_ros2_ws/install/test_imu/bin'
[12.477s] Level 1:colcon.colcon_core.environment:create_environment_scripts_only(test_imu)
[12.483s] INFO:colcon.colcon_core.shell:Creating package script '/home/shelfer/my_ros2_ws/install/test_imu/share/test_imu/package.ps1'
[12.485s] INFO:colcon.colcon_core.shell:Creating package descriptor '/home/shelfer/my_ros2_ws/install/test_imu/share/test_imu/package.dsv'
[12.488s] INFO:colcon.colcon_core.shell:Creating package script '/home/shelfer/my_ros2_ws/install/test_imu/share/test_imu/package.sh'
[12.491s] INFO:colcon.colcon_core.shell:Creating package script '/home/shelfer/my_ros2_ws/install/test_imu/share/test_imu/package.bash'
[12.494s] INFO:colcon.colcon_core.shell:Creating package script '/home/shelfer/my_ros2_ws/install/test_imu/share/test_imu/package.zsh'
[12.496s] Level 1:colcon.colcon_core.environment:create_file_with_runtime_dependencies(/home/shelfer/my_ros2_ws/install/test_imu/share/colcon-core/packages/test_imu)
[12.498s] DEBUG:colcon.colcon_parallel_executor.executor.parallel:closing loop
[12.499s] DEBUG:colcon.colcon_parallel_executor.executor.parallel:loop closed
[12.499s] DEBUG:colcon.colcon_parallel_executor.executor.parallel:run_until_complete finished with '0'
[12.500s] DEBUG:colcon.colcon_core.event_reactor:joining thread
[12.525s] INFO:colcon.colcon_core.plugin_system:Skipping extension 'colcon_notification.desktop_notification.terminal_notifier': Not used on non-Darwin systems
[12.526s] INFO:colcon.colcon_core.plugin_system:Skipping extension 'colcon_notification.desktop_notification.win32': Not used on non-Windows systems
[12.526s] INFO:colcon.colcon_notification.desktop_notification:Sending desktop notification using 'notify2'
[12.576s] DEBUG:colcon.colcon_core.event_reactor:joined thread
[12.582s] INFO:colcon.colcon_core.shell:Creating prefix script '/home/shelfer/my_ros2_ws/install/local_setup.ps1'
[12.587s] INFO:colcon.colcon_core.shell:Creating prefix util module '/home/shelfer/my_ros2_ws/install/_local_setup_util_ps1.py'
[12.593s] INFO:colcon.colcon_core.shell:Creating prefix chain script '/home/shelfer/my_ros2_ws/install/setup.ps1'
[12.601s] INFO:colcon.colcon_core.shell:Creating prefix script '/home/shelfer/my_ros2_ws/install/local_setup.sh'
[12.604s] INFO:colcon.colcon_core.shell:Creating prefix util module '/home/shelfer/my_ros2_ws/install/_local_setup_util_sh.py'
[12.607s] INFO:colcon.colcon_core.shell:Creating prefix chain script '/home/shelfer/my_ros2_ws/install/setup.sh'
[12.617s] INFO:colcon.colcon_core.shell:Creating prefix script '/home/shelfer/my_ros2_ws/install/local_setup.bash'
[12.620s] INFO:colcon.colcon_core.shell:Creating prefix chain script '/home/shelfer/my_ros2_ws/install/setup.bash'
[12.629s] INFO:colcon.colcon_core.shell:Creating prefix script '/home/shelfer/my_ros2_ws/install/local_setup.zsh'
[12.632s] INFO:colcon.colcon_core.shell:Creating prefix chain script '/home/shelfer/my_ros2_ws/install/setup.zsh'
