[1.622s] DEBUG:colcon:Command line arguments: ['/usr/bin/colcon', 'build', '--symlink-install']
[1.622s] DEBUG:colcon:Parsed command line arguments: Namespace(log_base=None, log_level=None, verb_name='build', build_base='build', install_base='install', merge_install=False, symlink_install=True, test_result_base=None, continue_on_error=False, executor='parallel', parallel_workers=4, event_handlers=None, ignore_user_meta=False, metas=['./colcon.meta'], base_paths=['.'], packages_ignore=None, packages_ignore_regex=None, paths=None, packages_up_to=None, packages_up_to_regex=None, packages_above=None, packages_above_and_dependencies=None, packages_above_depth=None, packages_select_by_dep=None, packages_skip_by_dep=None, packages_skip_up_to=None, packages_select_build_failed=False, packages_skip_build_finished=False, packages_select_test_failures=False, packages_skip_test_passed=False, packages_select=None, packages_skip=None, packages_select_regex=None, packages_skip_regex=None, packages_start=None, packages_end=None, allow_overriding=[], cmake_args=None, cmake_target=None, cmake_target_skip_unavailable=False, cmake_clean_cache=False, cmake_clean_first=False, cmake_force_configure=False, ament_cmake_args=None, catkin_cmake_args=None, catkin_skip_building_tests=False, verb_parser=<colcon_defaults.argument_parser.defaults.DefaultArgumentsDecorator object at 0xffffb9040e80>, verb_extension=<colcon_core.verb.build.BuildVerb object at 0xffffb90409a0>, main=<bound method BuildVerb.main of <colcon_core.verb.build.BuildVerb object at 0xffffb90409a0>>)
[1.729s] Level 1:colcon.colcon_core.package_discovery:discover_packages(colcon_meta) check parameters
[1.729s] Level 1:colcon.colcon_core.package_discovery:discover_packages(recursive) check parameters
[1.729s] Level 1:colcon.colcon_core.package_discovery:discover_packages(ignore) check parameters
[1.729s] Level 1:colcon.colcon_core.package_discovery:discover_packages(path) check parameters
[1.730s] Level 1:colcon.colcon_core.package_discovery:discover_packages(colcon_meta) discover
[1.730s] Level 1:colcon.colcon_core.package_discovery:discover_packages(recursive) discover
[1.730s] INFO:colcon.colcon_core.package_discovery:Crawling recursively for packages in '/home/shelfer/my_ros2_ws'
[1.731s] Level 1:colcon.colcon_core.package_identification:_identify(.) by extensions ['ignore', 'ignore_ament_install']
[1.731s] Level 1:colcon.colcon_core.package_identification:_identify(.) by extension 'ignore'
[1.731s] Level 1:colcon.colcon_core.package_identification:_identify(.) by extension 'ignore_ament_install'
[1.731s] Level 1:colcon.colcon_core.package_identification:_identify(.) by extensions ['colcon_pkg']
[1.732s] Level 1:colcon.colcon_core.package_identification:_identify(.) by extension 'colcon_pkg'
[1.732s] Level 1:colcon.colcon_core.package_identification:_identify(.) by extensions ['colcon_meta']
[1.732s] Level 1:colcon.colcon_core.package_identification:_identify(.) by extension 'colcon_meta'
[1.732s] Level 1:colcon.colcon_core.package_identification:_identify(.) by extensions ['ros']
[1.732s] Level 1:colcon.colcon_core.package_identification:_identify(.) by extension 'ros'
[1.782s] Level 1:colcon.colcon_core.package_identification:_identify(.) by extensions ['cmake', 'python']
[1.783s] Level 1:colcon.colcon_core.package_identification:_identify(.) by extension 'cmake'
[1.783s] Level 1:colcon.colcon_core.package_identification:_identify(.) by extension 'python'
[1.783s] Level 1:colcon.colcon_core.package_identification:_identify(.) by extensions ['python_setup_py']
[1.783s] Level 1:colcon.colcon_core.package_identification:_identify(.) by extension 'python_setup_py'
[1.784s] Level 1:colcon.colcon_core.package_identification:_identify(build) by extensions ['ignore', 'ignore_ament_install']
[1.784s] Level 1:colcon.colcon_core.package_identification:_identify(build) by extension 'ignore'
[1.784s] Level 1:colcon.colcon_core.package_identification:_identify(build) ignored
[1.785s] Level 1:colcon.colcon_core.package_identification:_identify(install) by extensions ['ignore', 'ignore_ament_install']
[1.785s] Level 1:colcon.colcon_core.package_identification:_identify(install) by extension 'ignore'
[1.786s] Level 1:colcon.colcon_core.package_identification:_identify(install) ignored
[1.786s] Level 1:colcon.colcon_core.package_identification:_identify(log) by extensions ['ignore', 'ignore_ament_install']
[1.786s] Level 1:colcon.colcon_core.package_identification:_identify(log) by extension 'ignore'
[1.787s] Level 1:colcon.colcon_core.package_identification:_identify(log) ignored
[1.787s] Level 1:colcon.colcon_core.package_identification:_identify(src) by extensions ['ignore', 'ignore_ament_install']
[1.787s] Level 1:colcon.colcon_core.package_identification:_identify(src) by extension 'ignore'
[1.787s] Level 1:colcon.colcon_core.package_identification:_identify(src) by extension 'ignore_ament_install'
[1.788s] Level 1:colcon.colcon_core.package_identification:_identify(src) by extensions ['colcon_pkg']
[1.788s] Level 1:colcon.colcon_core.package_identification:_identify(src) by extension 'colcon_pkg'
[1.788s] Level 1:colcon.colcon_core.package_identification:_identify(src) by extensions ['colcon_meta']
[1.788s] Level 1:colcon.colcon_core.package_identification:_identify(src) by extension 'colcon_meta'
[1.788s] Level 1:colcon.colcon_core.package_identification:_identify(src) by extensions ['ros']
[1.788s] Level 1:colcon.colcon_core.package_identification:_identify(src) by extension 'ros'
[1.789s] Level 1:colcon.colcon_core.package_identification:_identify(src) by extensions ['cmake', 'python']
[1.789s] Level 1:colcon.colcon_core.package_identification:_identify(src) by extension 'cmake'
[1.789s] Level 1:colcon.colcon_core.package_identification:_identify(src) by extension 'python'
[1.789s] Level 1:colcon.colcon_core.package_identification:_identify(src) by extensions ['python_setup_py']
[1.789s] Level 1:colcon.colcon_core.package_identification:_identify(src) by extension 'python_setup_py'
[1.790s] Level 1:colcon.colcon_core.package_identification:_identify(src/controller_interfaces) by extensions ['ignore', 'ignore_ament_install']
[1.790s] Level 1:colcon.colcon_core.package_identification:_identify(src/controller_interfaces) by extension 'ignore'
[1.790s] Level 1:colcon.colcon_core.package_identification:_identify(src/controller_interfaces) by extension 'ignore_ament_install'
[1.790s] Level 1:colcon.colcon_core.package_identification:_identify(src/controller_interfaces) by extensions ['colcon_pkg']
[1.791s] Level 1:colcon.colcon_core.package_identification:_identify(src/controller_interfaces) by extension 'colcon_pkg'
[1.791s] Level 1:colcon.colcon_core.package_identification:_identify(src/controller_interfaces) by extensions ['colcon_meta']
[1.791s] Level 1:colcon.colcon_core.package_identification:_identify(src/controller_interfaces) by extension 'colcon_meta'
[1.791s] Level 1:colcon.colcon_core.package_identification:_identify(src/controller_interfaces) by extensions ['ros']
[1.791s] Level 1:colcon.colcon_core.package_identification:_identify(src/controller_interfaces) by extension 'ros'
[1.800s] DEBUG:colcon.colcon_core.package_identification:Package 'src/controller_interfaces' with type 'ros.ament_cmake' and name 'controller_interfaces'
[1.801s] Level 1:colcon.colcon_core.package_identification:_identify(src/cugo_controller) by extensions ['ignore', 'ignore_ament_install']
[1.801s] Level 1:colcon.colcon_core.package_identification:_identify(src/cugo_controller) by extension 'ignore'
[1.802s] Level 1:colcon.colcon_core.package_identification:_identify(src/cugo_controller) by extension 'ignore_ament_install'
[1.802s] Level 1:colcon.colcon_core.package_identification:_identify(src/cugo_controller) by extensions ['colcon_pkg']
[1.802s] Level 1:colcon.colcon_core.package_identification:_identify(src/cugo_controller) by extension 'colcon_pkg'
[1.802s] Level 1:colcon.colcon_core.package_identification:_identify(src/cugo_controller) by extensions ['colcon_meta']
[1.802s] Level 1:colcon.colcon_core.package_identification:_identify(src/cugo_controller) by extension 'colcon_meta'
[1.802s] Level 1:colcon.colcon_core.package_identification:_identify(src/cugo_controller) by extensions ['ros']
[1.803s] Level 1:colcon.colcon_core.package_identification:_identify(src/cugo_controller) by extension 'ros'
[1.805s] DEBUG:colcon.colcon_core.package_identification:Package 'src/cugo_controller' with type 'ros.ament_python' and name 'cugo_controller'
[1.805s] Level 1:colcon.colcon_core.package_identification:_identify(src/ps_ros2_common) by extensions ['ignore', 'ignore_ament_install']
[1.806s] Level 1:colcon.colcon_core.package_identification:_identify(src/ps_ros2_common) by extension 'ignore'
[1.806s] Level 1:colcon.colcon_core.package_identification:_identify(src/ps_ros2_common) by extension 'ignore_ament_install'
[1.806s] Level 1:colcon.colcon_core.package_identification:_identify(src/ps_ros2_common) by extensions ['colcon_pkg']
[1.806s] Level 1:colcon.colcon_core.package_identification:_identify(src/ps_ros2_common) by extension 'colcon_pkg'
[1.806s] Level 1:colcon.colcon_core.package_identification:_identify(src/ps_ros2_common) by extensions ['colcon_meta']
[1.806s] Level 1:colcon.colcon_core.package_identification:_identify(src/ps_ros2_common) by extension 'colcon_meta'
[1.807s] Level 1:colcon.colcon_core.package_identification:_identify(src/ps_ros2_common) by extensions ['ros']
[1.807s] Level 1:colcon.colcon_core.package_identification:_identify(src/ps_ros2_common) by extension 'ros'
[1.810s] DEBUG:colcon.colcon_core.package_identification:Package 'src/ps_ros2_common' with type 'ros.ament_cmake' and name 'ps_ros2_common'
[1.810s] Level 1:colcon.colcon_core.package_identification:_identify(src/rt_usb_9axisimu_driver) by extensions ['ignore', 'ignore_ament_install']
[1.811s] Level 1:colcon.colcon_core.package_identification:_identify(src/rt_usb_9axisimu_driver) by extension 'ignore'
[1.811s] Level 1:colcon.colcon_core.package_identification:_identify(src/rt_usb_9axisimu_driver) by extension 'ignore_ament_install'
[1.811s] Level 1:colcon.colcon_core.package_identification:_identify(src/rt_usb_9axisimu_driver) by extensions ['colcon_pkg']
[1.811s] Level 1:colcon.colcon_core.package_identification:_identify(src/rt_usb_9axisimu_driver) by extension 'colcon_pkg'
[1.812s] Level 1:colcon.colcon_core.package_identification:_identify(src/rt_usb_9axisimu_driver) by extensions ['colcon_meta']
[1.812s] Level 1:colcon.colcon_core.package_identification:_identify(src/rt_usb_9axisimu_driver) by extension 'colcon_meta'
[1.812s] Level 1:colcon.colcon_core.package_identification:_identify(src/rt_usb_9axisimu_driver) by extensions ['ros']
[1.812s] Level 1:colcon.colcon_core.package_identification:_identify(src/rt_usb_9axisimu_driver) by extension 'ros'
[1.816s] DEBUG:colcon.colcon_core.package_identification:Package 'src/rt_usb_9axisimu_driver' with type 'ros.ament_cmake' and name 'rt_usb_9axisimu_driver'
[1.816s] Level 1:colcon.colcon_core.package_identification:_identify(src/test_imu) by extensions ['ignore', 'ignore_ament_install']
[1.817s] Level 1:colcon.colcon_core.package_identification:_identify(src/test_imu) by extension 'ignore'
[1.817s] Level 1:colcon.colcon_core.package_identification:_identify(src/test_imu) by extension 'ignore_ament_install'
[1.817s] Level 1:colcon.colcon_core.package_identification:_identify(src/test_imu) by extensions ['colcon_pkg']
[1.817s] Level 1:colcon.colcon_core.package_identification:_identify(src/test_imu) by extension 'colcon_pkg'
[1.817s] Level 1:colcon.colcon_core.package_identification:_identify(src/test_imu) by extensions ['colcon_meta']
[1.818s] Level 1:colcon.colcon_core.package_identification:_identify(src/test_imu) by extension 'colcon_meta'
[1.818s] Level 1:colcon.colcon_core.package_identification:_identify(src/test_imu) by extensions ['ros']
[1.818s] Level 1:colcon.colcon_core.package_identification:_identify(src/test_imu) by extension 'ros'
[1.820s] DEBUG:colcon.colcon_core.package_identification:Package 'src/test_imu' with type 'ros.ament_python' and name 'test_imu'
[1.820s] Level 1:colcon.colcon_core.package_discovery:discover_packages(recursive) using defaults
[1.821s] Level 1:colcon.colcon_core.package_discovery:discover_packages(ignore) discover
[1.821s] Level 1:colcon.colcon_core.package_discovery:discover_packages(ignore) using defaults
[1.821s] Level 1:colcon.colcon_core.package_discovery:discover_packages(path) discover
[1.821s] Level 1:colcon.colcon_core.package_discovery:discover_packages(path) using defaults
[1.917s] Level 1:colcon.colcon_core.package_discovery:discover_packages(prefix_path) check parameters
[1.917s] Level 1:colcon.colcon_core.package_discovery:discover_packages(prefix_path) discover
[1.931s] DEBUG:colcon.colcon_installed_package_information.package_discovery:Found 5 installed packages in /home/shelfer/my_ros2_ws/install
[1.945s] DEBUG:colcon.colcon_installed_package_information.package_discovery:Found 388 installed packages in /opt/ros/humble
[1.958s] Level 1:colcon.colcon_core.package_discovery:discover_packages(prefix_path) using defaults
[2.311s] Level 5:colcon.colcon_core.verb:set package 'controller_interfaces' build argument 'cmake_args' from command line to 'None'
[2.312s] Level 5:colcon.colcon_core.verb:set package 'controller_interfaces' build argument 'cmake_target' from command line to 'None'
[2.312s] Level 5:colcon.colcon_core.verb:set package 'controller_interfaces' build argument 'cmake_target_skip_unavailable' from command line to 'False'
[2.312s] Level 5:colcon.colcon_core.verb:set package 'controller_interfaces' build argument 'cmake_clean_cache' from command line to 'False'
[2.312s] Level 5:colcon.colcon_core.verb:set package 'controller_interfaces' build argument 'cmake_clean_first' from command line to 'False'
[2.312s] Level 5:colcon.colcon_core.verb:set package 'controller_interfaces' build argument 'cmake_force_configure' from command line to 'False'
[2.312s] Level 5:colcon.colcon_core.verb:set package 'controller_interfaces' build argument 'ament_cmake_args' from command line to 'None'
[2.312s] Level 5:colcon.colcon_core.verb:set package 'controller_interfaces' build argument 'catkin_cmake_args' from command line to 'None'
[2.312s] Level 5:colcon.colcon_core.verb:set package 'controller_interfaces' build argument 'catkin_skip_building_tests' from command line to 'False'
[2.313s] DEBUG:colcon.colcon_core.verb:Building package 'controller_interfaces' with the following arguments: {'ament_cmake_args': None, 'build_base': '/home/shelfer/my_ros2_ws/build/controller_interfaces', 'catkin_cmake_args': None, 'catkin_skip_building_tests': False, 'cmake_args': None, 'cmake_clean_cache': False, 'cmake_clean_first': False, 'cmake_force_configure': False, 'cmake_target': None, 'cmake_target_skip_unavailable': False, 'install_base': '/home/shelfer/my_ros2_ws/install/controller_interfaces', 'merge_install': False, 'path': '/home/shelfer/my_ros2_ws/src/controller_interfaces', 'symlink_install': True, 'test_result_base': None}
[2.317s] Level 5:colcon.colcon_core.verb:set package 'cugo_controller' build argument 'cmake_args' from command line to 'None'
[2.317s] Level 5:colcon.colcon_core.verb:set package 'cugo_controller' build argument 'cmake_target' from command line to 'None'
[2.318s] Level 5:colcon.colcon_core.verb:set package 'cugo_controller' build argument 'cmake_target_skip_unavailable' from command line to 'False'
[2.318s] Level 5:colcon.colcon_core.verb:set package 'cugo_controller' build argument 'cmake_clean_cache' from command line to 'False'
[2.318s] Level 5:colcon.colcon_core.verb:set package 'cugo_controller' build argument 'cmake_clean_first' from command line to 'False'
[2.318s] Level 5:colcon.colcon_core.verb:set package 'cugo_controller' build argument 'cmake_force_configure' from command line to 'False'
[2.318s] Level 5:colcon.colcon_core.verb:set package 'cugo_controller' build argument 'ament_cmake_args' from command line to 'None'
[2.318s] Level 5:colcon.colcon_core.verb:set package 'cugo_controller' build argument 'catkin_cmake_args' from command line to 'None'
[2.318s] Level 5:colcon.colcon_core.verb:set package 'cugo_controller' build argument 'catkin_skip_building_tests' from command line to 'False'
[2.318s] DEBUG:colcon.colcon_core.verb:Building package 'cugo_controller' with the following arguments: {'ament_cmake_args': None, 'build_base': '/home/shelfer/my_ros2_ws/build/cugo_controller', 'catkin_cmake_args': None, 'catkin_skip_building_tests': False, 'cmake_args': None, 'cmake_clean_cache': False, 'cmake_clean_first': False, 'cmake_force_configure': False, 'cmake_target': None, 'cmake_target_skip_unavailable': False, 'install_base': '/home/shelfer/my_ros2_ws/install/cugo_controller', 'merge_install': False, 'path': '/home/shelfer/my_ros2_ws/src/cugo_controller', 'symlink_install': True, 'test_result_base': None}
[2.323s] Level 5:colcon.colcon_core.verb:set package 'ps_ros2_common' build argument 'cmake_args' from command line to 'None'
[2.323s] Level 5:colcon.colcon_core.verb:set package 'ps_ros2_common' build argument 'cmake_target' from command line to 'None'
[2.323s] Level 5:colcon.colcon_core.verb:set package 'ps_ros2_common' build argument 'cmake_target_skip_unavailable' from command line to 'False'
[2.323s] Level 5:colcon.colcon_core.verb:set package 'ps_ros2_common' build argument 'cmake_clean_cache' from command line to 'False'
[2.323s] Level 5:colcon.colcon_core.verb:set package 'ps_ros2_common' build argument 'cmake_clean_first' from command line to 'False'
[2.324s] Level 5:colcon.colcon_core.verb:set package 'ps_ros2_common' build argument 'cmake_force_configure' from command line to 'False'
[2.324s] Level 5:colcon.colcon_core.verb:set package 'ps_ros2_common' build argument 'ament_cmake_args' from command line to 'None'
[2.324s] Level 5:colcon.colcon_core.verb:set package 'ps_ros2_common' build argument 'catkin_cmake_args' from command line to 'None'
[2.324s] Level 5:colcon.colcon_core.verb:set package 'ps_ros2_common' build argument 'catkin_skip_building_tests' from command line to 'False'
[2.324s] DEBUG:colcon.colcon_core.verb:Building package 'ps_ros2_common' with the following arguments: {'ament_cmake_args': None, 'build_base': '/home/shelfer/my_ros2_ws/build/ps_ros2_common', 'catkin_cmake_args': None, 'catkin_skip_building_tests': False, 'cmake_args': None, 'cmake_clean_cache': False, 'cmake_clean_first': False, 'cmake_force_configure': False, 'cmake_target': None, 'cmake_target_skip_unavailable': False, 'install_base': '/home/shelfer/my_ros2_ws/install/ps_ros2_common', 'merge_install': False, 'path': '/home/shelfer/my_ros2_ws/src/ps_ros2_common', 'symlink_install': True, 'test_result_base': None}
[2.329s] Level 5:colcon.colcon_core.verb:set package 'rt_usb_9axisimu_driver' build argument 'cmake_args' from command line to 'None'
[2.329s] Level 5:colcon.colcon_core.verb:set package 'rt_usb_9axisimu_driver' build argument 'cmake_target' from command line to 'None'
[2.329s] Level 5:colcon.colcon_core.verb:set package 'rt_usb_9axisimu_driver' build argument 'cmake_target_skip_unavailable' from command line to 'False'
[2.329s] Level 5:colcon.colcon_core.verb:set package 'rt_usb_9axisimu_driver' build argument 'cmake_clean_cache' from command line to 'False'
[2.329s] Level 5:colcon.colcon_core.verb:set package 'rt_usb_9axisimu_driver' build argument 'cmake_clean_first' from command line to 'False'
[2.329s] Level 5:colcon.colcon_core.verb:set package 'rt_usb_9axisimu_driver' build argument 'cmake_force_configure' from command line to 'False'
[2.330s] Level 5:colcon.colcon_core.verb:set package 'rt_usb_9axisimu_driver' build argument 'ament_cmake_args' from command line to 'None'
[2.330s] Level 5:colcon.colcon_core.verb:set package 'rt_usb_9axisimu_driver' build argument 'catkin_cmake_args' from command line to 'None'
[2.330s] Level 5:colcon.colcon_core.verb:set package 'rt_usb_9axisimu_driver' build argument 'catkin_skip_building_tests' from command line to 'False'
[2.330s] DEBUG:colcon.colcon_core.verb:Building package 'rt_usb_9axisimu_driver' with the following arguments: {'ament_cmake_args': None, 'build_base': '/home/shelfer/my_ros2_ws/build/rt_usb_9axisimu_driver', 'catkin_cmake_args': None, 'catkin_skip_building_tests': False, 'cmake_args': None, 'cmake_clean_cache': False, 'cmake_clean_first': False, 'cmake_force_configure': False, 'cmake_target': None, 'cmake_target_skip_unavailable': False, 'install_base': '/home/shelfer/my_ros2_ws/install/rt_usb_9axisimu_driver', 'merge_install': False, 'path': '/home/shelfer/my_ros2_ws/src/rt_usb_9axisimu_driver', 'symlink_install': True, 'test_result_base': None}
[2.334s] Level 5:colcon.colcon_core.verb:set package 'test_imu' build argument 'cmake_args' from command line to 'None'
[2.335s] Level 5:colcon.colcon_core.verb:set package 'test_imu' build argument 'cmake_target' from command line to 'None'
[2.335s] Level 5:colcon.colcon_core.verb:set package 'test_imu' build argument 'cmake_target_skip_unavailable' from command line to 'False'
[2.335s] Level 5:colcon.colcon_core.verb:set package 'test_imu' build argument 'cmake_clean_cache' from command line to 'False'
[2.335s] Level 5:colcon.colcon_core.verb:set package 'test_imu' build argument 'cmake_clean_first' from command line to 'False'
[2.335s] Level 5:colcon.colcon_core.verb:set package 'test_imu' build argument 'cmake_force_configure' from command line to 'False'
[2.335s] Level 5:colcon.colcon_core.verb:set package 'test_imu' build argument 'ament_cmake_args' from command line to 'None'
[2.335s] Level 5:colcon.colcon_core.verb:set package 'test_imu' build argument 'catkin_cmake_args' from command line to 'None'
[2.335s] Level 5:colcon.colcon_core.verb:set package 'test_imu' build argument 'catkin_skip_building_tests' from command line to 'False'
[2.336s] DEBUG:colcon.colcon_core.verb:Building package 'test_imu' with the following arguments: {'ament_cmake_args': None, 'build_base': '/home/shelfer/my_ros2_ws/build/test_imu', 'catkin_cmake_args': None, 'catkin_skip_building_tests': False, 'cmake_args': None, 'cmake_clean_cache': False, 'cmake_clean_first': False, 'cmake_force_configure': False, 'cmake_target': None, 'cmake_target_skip_unavailable': False, 'install_base': '/home/shelfer/my_ros2_ws/install/test_imu', 'merge_install': False, 'path': '/home/shelfer/my_ros2_ws/src/test_imu', 'symlink_install': True, 'test_result_base': None}
[2.339s] INFO:colcon.colcon_core.executor:Executing jobs using 'parallel' executor
[2.352s] DEBUG:colcon.colcon_parallel_executor.executor.parallel:run_until_complete
[2.354s] INFO:colcon.colcon_ros.task.ament_cmake.build:Building ROS package in '/home/shelfer/my_ros2_ws/src/controller_interfaces' with build type 'ament_cmake'
[2.355s] INFO:colcon.colcon_cmake.task.cmake.build:Building CMake package in '/home/shelfer/my_ros2_ws/src/controller_interfaces'
[2.379s] INFO:colcon.colcon_core.plugin_system:Skipping extension 'colcon_core.shell.bat': Not used on non-Windows systems
[2.381s] INFO:colcon.colcon_core.shell:Skip shell extension 'powershell' for command environment: Not usable outside of PowerShell
[2.382s] DEBUG:colcon.colcon_core.shell:Skip shell extension 'dsv' for command environment
[2.416s] INFO:colcon.colcon_ros.task.ament_python.build:Building ROS package in '/home/shelfer/my_ros2_ws/src/cugo_controller' with build type 'ament_python'
[2.417s] Level 1:colcon.colcon_core.shell:create_environment_hook('cugo_controller', 'ament_prefix_path')
[2.425s] INFO:colcon.colcon_core.shell:Creating environment hook '/home/shelfer/my_ros2_ws/install/cugo_controller/share/cugo_controller/hook/ament_prefix_path.ps1'
[2.428s] INFO:colcon.colcon_core.shell:Creating environment descriptor '/home/shelfer/my_ros2_ws/install/cugo_controller/share/cugo_controller/hook/ament_prefix_path.dsv'
[2.432s] INFO:colcon.colcon_core.shell:Creating environment hook '/home/shelfer/my_ros2_ws/install/cugo_controller/share/cugo_controller/hook/ament_prefix_path.sh'
[2.442s] INFO:colcon.colcon_core.shell:Skip shell extension 'powershell' for command environment: Not usable outside of PowerShell
[2.442s] DEBUG:colcon.colcon_core.shell:Skip shell extension 'dsv' for command environment
[2.475s] INFO:colcon.colcon_ros.task.ament_cmake.build:Building ROS package in '/home/shelfer/my_ros2_ws/src/ps_ros2_common' with build type 'ament_cmake'
[2.476s] INFO:colcon.colcon_cmake.task.cmake.build:Building CMake package in '/home/shelfer/my_ros2_ws/src/ps_ros2_common'
[2.485s] INFO:colcon.colcon_core.shell:Skip shell extension 'powershell' for command environment: Not usable outside of PowerShell
[2.485s] DEBUG:colcon.colcon_core.shell:Skip shell extension 'dsv' for command environment
[2.521s] INFO:colcon.colcon_ros.task.ament_cmake.build:Building ROS package in '/home/shelfer/my_ros2_ws/src/rt_usb_9axisimu_driver' with build type 'ament_cmake'
[2.522s] INFO:colcon.colcon_cmake.task.cmake.build:Building CMake package in '/home/shelfer/my_ros2_ws/src/rt_usb_9axisimu_driver'
[2.531s] INFO:colcon.colcon_core.shell:Skip shell extension 'powershell' for command environment: Not usable outside of PowerShell
[2.532s] DEBUG:colcon.colcon_core.shell:Skip shell extension 'dsv' for command environment
[2.591s] DEBUG:colcon.colcon_core.event_handler.log_command:Invoking command in '/home/shelfer/my_ros2_ws/build/controller_interfaces': CMAKE_PREFIX_PATH=${CMAKE_PREFIX_PATH}:/home/shelfer/my_ros2_ws/install/test_imu:/home/shelfer/my_ros2_ws/install/cugo_controller:/opt/ros/humble /usr/bin/cmake --build /home/shelfer/my_ros2_ws/build/controller_interfaces -- -j4 -l4
[4.492s] INFO:colcon.colcon_core.task.python.build:Building Python package in '/home/shelfer/my_ros2_ws/src/cugo_controller'
[4.498s] INFO:colcon.colcon_core.shell:Skip shell extension 'powershell' for command environment: Not usable outside of PowerShell
[4.498s] DEBUG:colcon.colcon_core.shell:Skip shell extension 'dsv' for command environment
[4.547s] DEBUG:colcon.colcon_core.event_handler.log_command:Invoking command in '/home/shelfer/my_ros2_ws/build/ps_ros2_common': CMAKE_PREFIX_PATH=${CMAKE_PREFIX_PATH}:/home/shelfer/my_ros2_ws/install/test_imu:/home/shelfer/my_ros2_ws/install/cugo_controller:/opt/ros/humble /usr/bin/cmake --build /home/shelfer/my_ros2_ws/build/ps_ros2_common -- -j4 -l4
[4.619s] DEBUG:colcon.colcon_core.event_handler.log_command:Invoking command in '/home/shelfer/my_ros2_ws/build/rt_usb_9axisimu_driver': CMAKE_PREFIX_PATH=${CMAKE_PREFIX_PATH}:/home/shelfer/my_ros2_ws/install/test_imu:/home/shelfer/my_ros2_ws/install/cugo_controller:/opt/ros/humble /usr/bin/cmake --build /home/shelfer/my_ros2_ws/build/rt_usb_9axisimu_driver -- -j4 -l4
[5.100s] DEBUG:colcon.colcon_core.event_handler.log_command:Invoked command in '/home/shelfer/my_ros2_ws/build/ps_ros2_common' returned '0': CMAKE_PREFIX_PATH=${CMAKE_PREFIX_PATH}:/home/shelfer/my_ros2_ws/install/test_imu:/home/shelfer/my_ros2_ws/install/cugo_controller:/opt/ros/humble /usr/bin/cmake --build /home/shelfer/my_ros2_ws/build/ps_ros2_common -- -j4 -l4
[5.255s] DEBUG:colcon.colcon_core.event_handler.log_command:Invoked command in '/home/shelfer/my_ros2_ws/build/controller_interfaces' returned '0': CMAKE_PREFIX_PATH=${CMAKE_PREFIX_PATH}:/home/shelfer/my_ros2_ws/install/test_imu:/home/shelfer/my_ros2_ws/install/cugo_controller:/opt/ros/humble /usr/bin/cmake --build /home/shelfer/my_ros2_ws/build/controller_interfaces -- -j4 -l4
[5.291s] DEBUG:colcon.colcon_core.event_handler.log_command:Invoked command in '/home/shelfer/my_ros2_ws/build/rt_usb_9axisimu_driver' returned '0': CMAKE_PREFIX_PATH=${CMAKE_PREFIX_PATH}:/home/shelfer/my_ros2_ws/install/test_imu:/home/shelfer/my_ros2_ws/install/cugo_controller:/opt/ros/humble /usr/bin/cmake --build /home/shelfer/my_ros2_ws/build/rt_usb_9axisimu_driver -- -j4 -l4
[5.392s] DEBUG:colcon.colcon_core.event_handler.log_command:Invoking command in '/home/shelfer/my_ros2_ws/build/ps_ros2_common': CMAKE_PREFIX_PATH=${CMAKE_PREFIX_PATH}:/home/shelfer/my_ros2_ws/install/test_imu:/home/shelfer/my_ros2_ws/install/cugo_controller:/opt/ros/humble /usr/bin/cmake --install /home/shelfer/my_ros2_ws/build/ps_ros2_common
[5.522s] Level 1:colcon.colcon_core.environment:create_environment_scripts_only(ps_ros2_common)
[5.526s] DEBUG:colcon.colcon_core.event_handler.log_command:Invoked command in '/home/shelfer/my_ros2_ws/build/ps_ros2_common' returned '0': CMAKE_PREFIX_PATH=${CMAKE_PREFIX_PATH}:/home/shelfer/my_ros2_ws/install/test_imu:/home/shelfer/my_ros2_ws/install/cugo_controller:/opt/ros/humble /usr/bin/cmake --install /home/shelfer/my_ros2_ws/build/ps_ros2_common
[5.552s] Level 1:colcon.colcon_core.environment:checking '/home/shelfer/my_ros2_ws/install/ps_ros2_common' for CMake module files
[5.555s] Level 1:colcon.colcon_core.environment:checking '/home/shelfer/my_ros2_ws/install/ps_ros2_common' for CMake config files
[5.558s] Level 1:colcon.colcon_core.shell:create_environment_hook('ps_ros2_common', 'cmake_prefix_path')
[5.564s] INFO:colcon.colcon_core.shell:Creating environment hook '/home/shelfer/my_ros2_ws/install/ps_ros2_common/share/ps_ros2_common/hook/cmake_prefix_path.ps1'
[5.566s] INFO:colcon.colcon_core.shell:Creating environment descriptor '/home/shelfer/my_ros2_ws/install/ps_ros2_common/share/ps_ros2_common/hook/cmake_prefix_path.dsv'
[5.568s] INFO:colcon.colcon_core.shell:Creating environment hook '/home/shelfer/my_ros2_ws/install/ps_ros2_common/share/ps_ros2_common/hook/cmake_prefix_path.sh'
[5.572s] Level 1:colcon.colcon_core.environment:checking '/home/shelfer/my_ros2_ws/install/ps_ros2_common/lib'
[5.573s] Level 1:colcon.colcon_core.shell:create_environment_hook('ps_ros2_common', 'ld_library_path_lib')
[5.578s] INFO:colcon.colcon_core.shell:Creating environment hook '/home/shelfer/my_ros2_ws/install/ps_ros2_common/share/ps_ros2_common/hook/ld_library_path_lib.ps1'
[5.582s] INFO:colcon.colcon_core.shell:Creating environment descriptor '/home/shelfer/my_ros2_ws/install/ps_ros2_common/share/ps_ros2_common/hook/ld_library_path_lib.dsv'
[5.585s] INFO:colcon.colcon_core.shell:Creating environment hook '/home/shelfer/my_ros2_ws/install/ps_ros2_common/share/ps_ros2_common/hook/ld_library_path_lib.sh'
[5.587s] Level 1:colcon.colcon_core.environment:checking '/home/shelfer/my_ros2_ws/install/ps_ros2_common/bin'
[5.588s] Level 1:colcon.colcon_core.environment:checking '/home/shelfer/my_ros2_ws/install/ps_ros2_common/lib/pkgconfig/ps_ros2_common.pc'
[5.589s] Level 1:colcon.colcon_core.environment:checking '/home/shelfer/my_ros2_ws/install/ps_ros2_common/lib/python3.10/site-packages'
[5.590s] Level 1:colcon.colcon_core.environment:checking '/home/shelfer/my_ros2_ws/install/ps_ros2_common/bin'
[5.597s] INFO:colcon.colcon_core.shell:Creating package script '/home/shelfer/my_ros2_ws/install/ps_ros2_common/share/ps_ros2_common/package.ps1'
[5.601s] INFO:colcon.colcon_core.shell:Creating package descriptor '/home/shelfer/my_ros2_ws/install/ps_ros2_common/share/ps_ros2_common/package.dsv'
[5.605s] INFO:colcon.colcon_core.shell:Creating package script '/home/shelfer/my_ros2_ws/install/ps_ros2_common/share/ps_ros2_common/package.sh'
[5.609s] INFO:colcon.colcon_core.shell:Creating package script '/home/shelfer/my_ros2_ws/install/ps_ros2_common/share/ps_ros2_common/package.bash'
[5.614s] INFO:colcon.colcon_core.shell:Creating package script '/home/shelfer/my_ros2_ws/install/ps_ros2_common/share/ps_ros2_common/package.zsh'
[5.618s] Level 1:colcon.colcon_core.environment:create_file_with_runtime_dependencies(/home/shelfer/my_ros2_ws/install/ps_ros2_common/share/colcon-core/packages/ps_ros2_common)
[5.639s] DEBUG:colcon.colcon_core.event_handler.log_command:Invoking command in '/home/shelfer/my_ros2_ws/build/rt_usb_9axisimu_driver': CMAKE_PREFIX_PATH=${CMAKE_PREFIX_PATH}:/home/shelfer/my_ros2_ws/install/test_imu:/home/shelfer/my_ros2_ws/install/cugo_controller:/opt/ros/humble /usr/bin/cmake --install /home/shelfer/my_ros2_ws/build/rt_usb_9axisimu_driver
[5.799s] Level 1:colcon.colcon_core.environment:create_environment_scripts_only(rt_usb_9axisimu_driver)
[5.809s] Level 1:colcon.colcon_core.environment:checking '/home/shelfer/my_ros2_ws/install/rt_usb_9axisimu_driver' for CMake module files
[5.811s] DEBUG:colcon.colcon_core.event_handler.log_command:Invoked command in '/home/shelfer/my_ros2_ws/build/rt_usb_9axisimu_driver' returned '0': CMAKE_PREFIX_PATH=${CMAKE_PREFIX_PATH}:/home/shelfer/my_ros2_ws/install/test_imu:/home/shelfer/my_ros2_ws/install/cugo_controller:/opt/ros/humble /usr/bin/cmake --install /home/shelfer/my_ros2_ws/build/rt_usb_9axisimu_driver
[5.815s] Level 1:colcon.colcon_core.environment:checking '/home/shelfer/my_ros2_ws/install/rt_usb_9axisimu_driver' for CMake config files
[5.821s] Level 1:colcon.colcon_core.shell:create_environment_hook('rt_usb_9axisimu_driver', 'cmake_prefix_path')
[5.829s] INFO:colcon.colcon_core.shell:Creating environment hook '/home/shelfer/my_ros2_ws/install/rt_usb_9axisimu_driver/share/rt_usb_9axisimu_driver/hook/cmake_prefix_path.ps1'
[5.832s] INFO:colcon.colcon_core.shell:Creating environment descriptor '/home/shelfer/my_ros2_ws/install/rt_usb_9axisimu_driver/share/rt_usb_9axisimu_driver/hook/cmake_prefix_path.dsv'
[5.834s] INFO:colcon.colcon_core.shell:Creating environment hook '/home/shelfer/my_ros2_ws/install/rt_usb_9axisimu_driver/share/rt_usb_9axisimu_driver/hook/cmake_prefix_path.sh'
[5.838s] Level 1:colcon.colcon_core.environment:checking '/home/shelfer/my_ros2_ws/install/rt_usb_9axisimu_driver/lib'
[5.838s] Level 1:colcon.colcon_core.shell:create_environment_hook('rt_usb_9axisimu_driver', 'ld_library_path_lib')
[5.846s] INFO:colcon.colcon_core.shell:Creating environment hook '/home/shelfer/my_ros2_ws/install/rt_usb_9axisimu_driver/share/rt_usb_9axisimu_driver/hook/ld_library_path_lib.ps1'
[5.848s] INFO:colcon.colcon_core.shell:Creating environment descriptor '/home/shelfer/my_ros2_ws/install/rt_usb_9axisimu_driver/share/rt_usb_9axisimu_driver/hook/ld_library_path_lib.dsv'
[5.851s] INFO:colcon.colcon_core.shell:Creating environment hook '/home/shelfer/my_ros2_ws/install/rt_usb_9axisimu_driver/share/rt_usb_9axisimu_driver/hook/ld_library_path_lib.sh'
[5.853s] Level 1:colcon.colcon_core.environment:checking '/home/shelfer/my_ros2_ws/install/rt_usb_9axisimu_driver/bin'
[5.854s] Level 1:colcon.colcon_core.environment:checking '/home/shelfer/my_ros2_ws/install/rt_usb_9axisimu_driver/lib/pkgconfig/rt_usb_9axisimu_driver.pc'
[5.859s] Level 1:colcon.colcon_core.environment:checking '/home/shelfer/my_ros2_ws/install/rt_usb_9axisimu_driver/lib/python3.10/site-packages'
[5.861s] Level 1:colcon.colcon_core.environment:checking '/home/shelfer/my_ros2_ws/install/rt_usb_9axisimu_driver/bin'
[5.868s] INFO:colcon.colcon_core.shell:Creating package script '/home/shelfer/my_ros2_ws/install/rt_usb_9axisimu_driver/share/rt_usb_9axisimu_driver/package.ps1'
[5.871s] INFO:colcon.colcon_core.shell:Creating package descriptor '/home/shelfer/my_ros2_ws/install/rt_usb_9axisimu_driver/share/rt_usb_9axisimu_driver/package.dsv'
[5.874s] INFO:colcon.colcon_core.shell:Creating package script '/home/shelfer/my_ros2_ws/install/rt_usb_9axisimu_driver/share/rt_usb_9axisimu_driver/package.sh'
[5.877s] INFO:colcon.colcon_core.shell:Creating package script '/home/shelfer/my_ros2_ws/install/rt_usb_9axisimu_driver/share/rt_usb_9axisimu_driver/package.bash'
[5.879s] INFO:colcon.colcon_core.shell:Creating package script '/home/shelfer/my_ros2_ws/install/rt_usb_9axisimu_driver/share/rt_usb_9axisimu_driver/package.zsh'
[5.881s] Level 1:colcon.colcon_core.environment:create_file_with_runtime_dependencies(/home/shelfer/my_ros2_ws/install/rt_usb_9axisimu_driver/share/colcon-core/packages/rt_usb_9axisimu_driver)
[5.898s] Level 1:colcon.colcon_core.environment:create_environment_scripts_only(ps_ros2_common)
[5.909s] Level 1:colcon.colcon_core.environment:checking '/home/shelfer/my_ros2_ws/install/ps_ros2_common' for CMake module files
[5.912s] Level 1:colcon.colcon_core.environment:checking '/home/shelfer/my_ros2_ws/install/ps_ros2_common' for CMake config files
[5.916s] Level 1:colcon.colcon_core.shell:create_environment_hook('ps_ros2_common', 'cmake_prefix_path')
[5.932s] INFO:colcon.colcon_core.shell:Creating environment hook '/home/shelfer/my_ros2_ws/install/ps_ros2_common/share/ps_ros2_common/hook/cmake_prefix_path.ps1'
[5.935s] INFO:colcon.colcon_core.shell:Creating environment descriptor '/home/shelfer/my_ros2_ws/install/ps_ros2_common/share/ps_ros2_common/hook/cmake_prefix_path.dsv'
[5.939s] INFO:colcon.colcon_core.shell:Creating environment hook '/home/shelfer/my_ros2_ws/install/ps_ros2_common/share/ps_ros2_common/hook/cmake_prefix_path.sh'
[5.943s] Level 1:colcon.colcon_core.environment:checking '/home/shelfer/my_ros2_ws/install/ps_ros2_common/lib'
[5.944s] Level 1:colcon.colcon_core.shell:create_environment_hook('ps_ros2_common', 'ld_library_path_lib')
[5.952s] INFO:colcon.colcon_core.shell:Creating environment hook '/home/shelfer/my_ros2_ws/install/ps_ros2_common/share/ps_ros2_common/hook/ld_library_path_lib.ps1'
[5.955s] INFO:colcon.colcon_core.shell:Creating environment descriptor '/home/shelfer/my_ros2_ws/install/ps_ros2_common/share/ps_ros2_common/hook/ld_library_path_lib.dsv'
[5.957s] INFO:colcon.colcon_core.shell:Creating environment hook '/home/shelfer/my_ros2_ws/install/ps_ros2_common/share/ps_ros2_common/hook/ld_library_path_lib.sh'
[5.960s] Level 1:colcon.colcon_core.environment:checking '/home/shelfer/my_ros2_ws/install/ps_ros2_common/bin'
[5.961s] Level 1:colcon.colcon_core.environment:checking '/home/shelfer/my_ros2_ws/install/ps_ros2_common/lib/pkgconfig/ps_ros2_common.pc'
[5.962s] Level 1:colcon.colcon_core.environment:checking '/home/shelfer/my_ros2_ws/install/ps_ros2_common/lib/python3.10/site-packages'
[5.963s] Level 1:colcon.colcon_core.environment:checking '/home/shelfer/my_ros2_ws/install/ps_ros2_common/bin'
[5.972s] INFO:colcon.colcon_core.shell:Creating package script '/home/shelfer/my_ros2_ws/install/ps_ros2_common/share/ps_ros2_common/package.ps1'
[5.975s] INFO:colcon.colcon_core.shell:Creating package descriptor '/home/shelfer/my_ros2_ws/install/ps_ros2_common/share/ps_ros2_common/package.dsv'
[5.979s] INFO:colcon.colcon_core.shell:Creating package script '/home/shelfer/my_ros2_ws/install/ps_ros2_common/share/ps_ros2_common/package.sh'
[5.982s] INFO:colcon.colcon_core.shell:Creating package script '/home/shelfer/my_ros2_ws/install/ps_ros2_common/share/ps_ros2_common/package.bash'
[5.986s] INFO:colcon.colcon_core.shell:Creating package script '/home/shelfer/my_ros2_ws/install/ps_ros2_common/share/ps_ros2_common/package.zsh'
[5.989s] Level 1:colcon.colcon_core.environment:create_file_with_runtime_dependencies(/home/shelfer/my_ros2_ws/install/ps_ros2_common/share/colcon-core/packages/ps_ros2_common)
[5.993s] INFO:colcon.colcon_ros.task.ament_python.build:Building ROS package in '/home/shelfer/my_ros2_ws/src/test_imu' with build type 'ament_python'
[5.994s] Level 1:colcon.colcon_core.shell:create_environment_hook('test_imu', 'ament_prefix_path')
[6.002s] INFO:colcon.colcon_core.shell:Creating environment hook '/home/shelfer/my_ros2_ws/install/test_imu/share/test_imu/hook/ament_prefix_path.ps1'
[6.005s] INFO:colcon.colcon_core.shell:Creating environment descriptor '/home/shelfer/my_ros2_ws/install/test_imu/share/test_imu/hook/ament_prefix_path.dsv'
[6.008s] INFO:colcon.colcon_core.shell:Creating environment hook '/home/shelfer/my_ros2_ws/install/test_imu/share/test_imu/hook/ament_prefix_path.sh'
[6.017s] INFO:colcon.colcon_core.shell:Skip shell extension 'powershell' for command environment: Not usable outside of PowerShell
[6.018s] DEBUG:colcon.colcon_core.shell:Skip shell extension 'dsv' for command environment
[6.059s] DEBUG:colcon.colcon_core.event_handler.log_command:Invoking command in '/home/shelfer/my_ros2_ws/build/controller_interfaces': CMAKE_PREFIX_PATH=${CMAKE_PREFIX_PATH}:/home/shelfer/my_ros2_ws/install/test_imu:/home/shelfer/my_ros2_ws/install/cugo_controller:/opt/ros/humble /usr/bin/cmake --install /home/shelfer/my_ros2_ws/build/controller_interfaces
[7.797s] INFO:colcon.colcon_core.task.python.build:Building Python package in '/home/shelfer/my_ros2_ws/src/test_imu'
[7.802s] INFO:colcon.colcon_core.shell:Skip shell extension 'powershell' for command environment: Not usable outside of PowerShell
[7.803s] DEBUG:colcon.colcon_core.shell:Skip shell extension 'dsv' for command environment
[7.843s] Level 1:colcon.colcon_core.environment:create_environment_scripts_only(controller_interfaces)
[7.852s] Level 1:colcon.colcon_core.environment:checking '/home/shelfer/my_ros2_ws/install/controller_interfaces' for CMake module files
[7.854s] DEBUG:colcon.colcon_core.event_handler.log_command:Invoked command in '/home/shelfer/my_ros2_ws/build/controller_interfaces' returned '0': CMAKE_PREFIX_PATH=${CMAKE_PREFIX_PATH}:/home/shelfer/my_ros2_ws/install/test_imu:/home/shelfer/my_ros2_ws/install/cugo_controller:/opt/ros/humble /usr/bin/cmake --install /home/shelfer/my_ros2_ws/build/controller_interfaces
[7.858s] Level 1:colcon.colcon_core.environment:checking '/home/shelfer/my_ros2_ws/install/controller_interfaces' for CMake config files
[7.862s] Level 1:colcon.colcon_core.shell:create_environment_hook('controller_interfaces', 'cmake_prefix_path')
[7.868s] INFO:colcon.colcon_core.shell:Creating environment hook '/home/shelfer/my_ros2_ws/install/controller_interfaces/share/controller_interfaces/hook/cmake_prefix_path.ps1'
[7.871s] INFO:colcon.colcon_core.shell:Creating environment descriptor '/home/shelfer/my_ros2_ws/install/controller_interfaces/share/controller_interfaces/hook/cmake_prefix_path.dsv'
[7.873s] INFO:colcon.colcon_core.shell:Creating environment hook '/home/shelfer/my_ros2_ws/install/controller_interfaces/share/controller_interfaces/hook/cmake_prefix_path.sh'
[7.876s] Level 1:colcon.colcon_core.environment:checking '/home/shelfer/my_ros2_ws/install/controller_interfaces/lib'
[7.877s] Level 1:colcon.colcon_core.shell:create_environment_hook('controller_interfaces', 'ld_library_path_lib')
[7.882s] INFO:colcon.colcon_core.shell:Creating environment hook '/home/shelfer/my_ros2_ws/install/controller_interfaces/share/controller_interfaces/hook/ld_library_path_lib.ps1'
[7.884s] INFO:colcon.colcon_core.shell:Creating environment descriptor '/home/shelfer/my_ros2_ws/install/controller_interfaces/share/controller_interfaces/hook/ld_library_path_lib.dsv'
[7.886s] INFO:colcon.colcon_core.shell:Creating environment hook '/home/shelfer/my_ros2_ws/install/controller_interfaces/share/controller_interfaces/hook/ld_library_path_lib.sh'
[7.888s] Level 1:colcon.colcon_core.environment:checking '/home/shelfer/my_ros2_ws/install/controller_interfaces/bin'
[7.889s] Level 1:colcon.colcon_core.environment:checking '/home/shelfer/my_ros2_ws/install/controller_interfaces/lib/pkgconfig/controller_interfaces.pc'
[7.890s] Level 1:colcon.colcon_core.environment:checking '/home/shelfer/my_ros2_ws/install/controller_interfaces/lib/python3.10/site-packages'
[7.892s] Level 1:colcon.colcon_core.environment:checking '/home/shelfer/my_ros2_ws/install/controller_interfaces/bin'
[7.898s] INFO:colcon.colcon_core.shell:Creating package script '/home/shelfer/my_ros2_ws/install/controller_interfaces/share/controller_interfaces/package.ps1'
[7.901s] INFO:colcon.colcon_core.shell:Creating package descriptor '/home/shelfer/my_ros2_ws/install/controller_interfaces/share/controller_interfaces/package.dsv'
[7.904s] INFO:colcon.colcon_core.shell:Creating package script '/home/shelfer/my_ros2_ws/install/controller_interfaces/share/controller_interfaces/package.sh'
[7.907s] INFO:colcon.colcon_core.shell:Creating package script '/home/shelfer/my_ros2_ws/install/controller_interfaces/share/controller_interfaces/package.bash'
[7.909s] INFO:colcon.colcon_core.shell:Creating package script '/home/shelfer/my_ros2_ws/install/controller_interfaces/share/controller_interfaces/package.zsh'
[7.911s] Level 1:colcon.colcon_core.environment:create_file_with_runtime_dependencies(/home/shelfer/my_ros2_ws/install/controller_interfaces/share/colcon-core/packages/controller_interfaces)
[7.924s] Level 1:colcon.colcon_core.environment:create_environment_scripts_only(rt_usb_9axisimu_driver)
[7.935s] Level 1:colcon.colcon_core.environment:checking '/home/shelfer/my_ros2_ws/install/rt_usb_9axisimu_driver' for CMake module files
[7.941s] Level 1:colcon.colcon_core.environment:checking '/home/shelfer/my_ros2_ws/install/rt_usb_9axisimu_driver' for CMake config files
[7.947s] Level 1:colcon.colcon_core.shell:create_environment_hook('rt_usb_9axisimu_driver', 'cmake_prefix_path')
[7.953s] INFO:colcon.colcon_core.shell:Creating environment hook '/home/shelfer/my_ros2_ws/install/rt_usb_9axisimu_driver/share/rt_usb_9axisimu_driver/hook/cmake_prefix_path.ps1'
[7.956s] INFO:colcon.colcon_core.shell:Creating environment descriptor '/home/shelfer/my_ros2_ws/install/rt_usb_9axisimu_driver/share/rt_usb_9axisimu_driver/hook/cmake_prefix_path.dsv'
[7.958s] INFO:colcon.colcon_core.shell:Creating environment hook '/home/shelfer/my_ros2_ws/install/rt_usb_9axisimu_driver/share/rt_usb_9axisimu_driver/hook/cmake_prefix_path.sh'
[7.961s] Level 1:colcon.colcon_core.environment:checking '/home/shelfer/my_ros2_ws/install/rt_usb_9axisimu_driver/lib'
[7.962s] Level 1:colcon.colcon_core.shell:create_environment_hook('rt_usb_9axisimu_driver', 'ld_library_path_lib')
[7.968s] INFO:colcon.colcon_core.shell:Creating environment hook '/home/shelfer/my_ros2_ws/install/rt_usb_9axisimu_driver/share/rt_usb_9axisimu_driver/hook/ld_library_path_lib.ps1'
[7.971s] INFO:colcon.colcon_core.shell:Creating environment descriptor '/home/shelfer/my_ros2_ws/install/rt_usb_9axisimu_driver/share/rt_usb_9axisimu_driver/hook/ld_library_path_lib.dsv'
[7.973s] INFO:colcon.colcon_core.shell:Creating environment hook '/home/shelfer/my_ros2_ws/install/rt_usb_9axisimu_driver/share/rt_usb_9axisimu_driver/hook/ld_library_path_lib.sh'
[7.975s] Level 1:colcon.colcon_core.environment:checking '/home/shelfer/my_ros2_ws/install/rt_usb_9axisimu_driver/bin'
[7.976s] Level 1:colcon.colcon_core.environment:checking '/home/shelfer/my_ros2_ws/install/rt_usb_9axisimu_driver/lib/pkgconfig/rt_usb_9axisimu_driver.pc'
[7.977s] Level 1:colcon.colcon_core.environment:checking '/home/shelfer/my_ros2_ws/install/rt_usb_9axisimu_driver/lib/python3.10/site-packages'
[7.978s] Level 1:colcon.colcon_core.environment:checking '/home/shelfer/my_ros2_ws/install/rt_usb_9axisimu_driver/bin'
[7.984s] INFO:colcon.colcon_core.shell:Creating package script '/home/shelfer/my_ros2_ws/install/rt_usb_9axisimu_driver/share/rt_usb_9axisimu_driver/package.ps1'
[7.987s] INFO:colcon.colcon_core.shell:Creating package descriptor '/home/shelfer/my_ros2_ws/install/rt_usb_9axisimu_driver/share/rt_usb_9axisimu_driver/package.dsv'
[7.990s] INFO:colcon.colcon_core.shell:Creating package script '/home/shelfer/my_ros2_ws/install/rt_usb_9axisimu_driver/share/rt_usb_9axisimu_driver/package.sh'
[7.993s] INFO:colcon.colcon_core.shell:Creating package script '/home/shelfer/my_ros2_ws/install/rt_usb_9axisimu_driver/share/rt_usb_9axisimu_driver/package.bash'
[7.995s] INFO:colcon.colcon_core.shell:Creating package script '/home/shelfer/my_ros2_ws/install/rt_usb_9axisimu_driver/share/rt_usb_9axisimu_driver/package.zsh'
[7.997s] Level 1:colcon.colcon_core.environment:create_file_with_runtime_dependencies(/home/shelfer/my_ros2_ws/install/rt_usb_9axisimu_driver/share/colcon-core/packages/rt_usb_9axisimu_driver)
[8.012s] DEBUG:colcon.colcon_core.event_handler.log_command:Invoking command in '/home/shelfer/my_ros2_ws/build/cugo_controller': PYTHONPATH=/home/shelfer/my_ros2_ws/build/cugo_controller/prefix_override:/home/shelfer/my_ros2_ws/install/cugo_controller/lib/python3.10/site-packages:${PYTHONPATH} /usr/bin/python3 setup.py develop --editable --build-directory /home/shelfer/my_ros2_ws/build/cugo_controller/build --no-deps install_data
[8.548s] Level 1:colcon.colcon_core.environment:create_environment_scripts_only(controller_interfaces)
[8.564s] Level 1:colcon.colcon_core.environment:checking '/home/shelfer/my_ros2_ws/install/controller_interfaces' for CMake module files
[8.569s] Level 1:colcon.colcon_core.environment:checking '/home/shelfer/my_ros2_ws/install/controller_interfaces' for CMake config files
[8.573s] Level 1:colcon.colcon_core.shell:create_environment_hook('controller_interfaces', 'cmake_prefix_path')
[8.579s] INFO:colcon.colcon_core.shell:Creating environment hook '/home/shelfer/my_ros2_ws/install/controller_interfaces/share/controller_interfaces/hook/cmake_prefix_path.ps1'
[8.582s] INFO:colcon.colcon_core.shell:Creating environment descriptor '/home/shelfer/my_ros2_ws/install/controller_interfaces/share/controller_interfaces/hook/cmake_prefix_path.dsv'
[8.584s] INFO:colcon.colcon_core.shell:Creating environment hook '/home/shelfer/my_ros2_ws/install/controller_interfaces/share/controller_interfaces/hook/cmake_prefix_path.sh'
[8.588s] Level 1:colcon.colcon_core.environment:checking '/home/shelfer/my_ros2_ws/install/controller_interfaces/lib'
[8.588s] Level 1:colcon.colcon_core.shell:create_environment_hook('controller_interfaces', 'ld_library_path_lib')
[8.595s] INFO:colcon.colcon_core.shell:Creating environment hook '/home/shelfer/my_ros2_ws/install/controller_interfaces/share/controller_interfaces/hook/ld_library_path_lib.ps1'
[8.597s] INFO:colcon.colcon_core.shell:Creating environment descriptor '/home/shelfer/my_ros2_ws/install/controller_interfaces/share/controller_interfaces/hook/ld_library_path_lib.dsv'
[8.600s] INFO:colcon.colcon_core.shell:Creating environment hook '/home/shelfer/my_ros2_ws/install/controller_interfaces/share/controller_interfaces/hook/ld_library_path_lib.sh'
[8.602s] Level 1:colcon.colcon_core.environment:checking '/home/shelfer/my_ros2_ws/install/controller_interfaces/bin'
[8.603s] Level 1:colcon.colcon_core.environment:checking '/home/shelfer/my_ros2_ws/install/controller_interfaces/lib/pkgconfig/controller_interfaces.pc'
[8.604s] Level 1:colcon.colcon_core.environment:checking '/home/shelfer/my_ros2_ws/install/controller_interfaces/lib/python3.10/site-packages'
[8.605s] Level 1:colcon.colcon_core.environment:checking '/home/shelfer/my_ros2_ws/install/controller_interfaces/bin'
[8.612s] INFO:colcon.colcon_core.shell:Creating package script '/home/shelfer/my_ros2_ws/install/controller_interfaces/share/controller_interfaces/package.ps1'
[8.616s] INFO:colcon.colcon_core.shell:Creating package descriptor '/home/shelfer/my_ros2_ws/install/controller_interfaces/share/controller_interfaces/package.dsv'
[8.620s] INFO:colcon.colcon_core.shell:Creating package script '/home/shelfer/my_ros2_ws/install/controller_interfaces/share/controller_interfaces/package.sh'
[8.624s] INFO:colcon.colcon_core.shell:Creating package script '/home/shelfer/my_ros2_ws/install/controller_interfaces/share/controller_interfaces/package.bash'
[8.627s] INFO:colcon.colcon_core.shell:Creating package script '/home/shelfer/my_ros2_ws/install/controller_interfaces/share/controller_interfaces/package.zsh'
[8.631s] Level 1:colcon.colcon_core.environment:create_file_with_runtime_dependencies(/home/shelfer/my_ros2_ws/install/controller_interfaces/share/colcon-core/packages/controller_interfaces)
[10.314s] DEBUG:colcon.colcon_core.event_handler.log_command:Invoking command in '/home/shelfer/my_ros2_ws/build/test_imu': PYTHONPATH=/home/shelfer/my_ros2_ws/build/test_imu/prefix_override:/home/shelfer/my_ros2_ws/install/test_imu/lib/python3.10/site-packages:${PYTHONPATH} /usr/bin/python3 setup.py develop --editable --build-directory /home/shelfer/my_ros2_ws/build/test_imu/build --no-deps install_data
[11.308s] Level 1:colcon.colcon_core.shell:create_environment_hook('cugo_controller', 'pythonpath_develop')
[11.315s] INFO:colcon.colcon_core.shell:Creating environment hook '/home/shelfer/my_ros2_ws/build/cugo_controller/share/cugo_controller/hook/pythonpath_develop.ps1'
[11.316s] DEBUG:colcon.colcon_core.event_handler.log_command:Invoked command in '/home/shelfer/my_ros2_ws/build/cugo_controller' returned '0': PYTHONPATH=/home/shelfer/my_ros2_ws/build/cugo_controller/prefix_override:/home/shelfer/my_ros2_ws/install/cugo_controller/lib/python3.10/site-packages:${PYTHONPATH} /usr/bin/python3 setup.py develop --editable --build-directory /home/shelfer/my_ros2_ws/build/cugo_controller/build --no-deps install_data
[11.318s] INFO:colcon.colcon_core.shell:Creating environment descriptor '/home/shelfer/my_ros2_ws/build/cugo_controller/share/cugo_controller/hook/pythonpath_develop.dsv'
[11.320s] INFO:colcon.colcon_core.shell:Creating environment hook '/home/shelfer/my_ros2_ws/build/cugo_controller/share/cugo_controller/hook/pythonpath_develop.sh'
[11.331s] Level 1:colcon.colcon_core.environment:checking '/home/shelfer/my_ros2_ws/install/cugo_controller' for CMake module files
[11.333s] Level 1:colcon.colcon_core.environment:checking '/home/shelfer/my_ros2_ws/install/cugo_controller' for CMake config files
[11.337s] Level 1:colcon.colcon_core.environment:checking '/home/shelfer/my_ros2_ws/install/cugo_controller/lib'
[11.337s] Level 1:colcon.colcon_core.environment:checking '/home/shelfer/my_ros2_ws/install/cugo_controller/bin'
[11.337s] Level 1:colcon.colcon_core.environment:checking '/home/shelfer/my_ros2_ws/install/cugo_controller/lib/pkgconfig/cugo_controller.pc'
[11.339s] Level 1:colcon.colcon_core.environment:checking '/home/shelfer/my_ros2_ws/install/cugo_controller/lib/python3.10/site-packages'
[11.339s] Level 1:colcon.colcon_core.shell:create_environment_hook('cugo_controller', 'pythonpath')
[11.344s] INFO:colcon.colcon_core.shell:Creating environment hook '/home/shelfer/my_ros2_ws/install/cugo_controller/share/cugo_controller/hook/pythonpath.ps1'
[11.347s] INFO:colcon.colcon_core.shell:Creating environment descriptor '/home/shelfer/my_ros2_ws/install/cugo_controller/share/cugo_controller/hook/pythonpath.dsv'
[11.350s] INFO:colcon.colcon_core.shell:Creating environment hook '/home/shelfer/my_ros2_ws/install/cugo_controller/share/cugo_controller/hook/pythonpath.sh'
[11.352s] Level 1:colcon.colcon_core.environment:checking '/home/shelfer/my_ros2_ws/install/cugo_controller/bin'
[11.353s] Level 1:colcon.colcon_core.environment:create_environment_scripts_only(cugo_controller)
[11.359s] INFO:colcon.colcon_core.shell:Creating package script '/home/shelfer/my_ros2_ws/install/cugo_controller/share/cugo_controller/package.ps1'
[11.362s] INFO:colcon.colcon_core.shell:Creating package descriptor '/home/shelfer/my_ros2_ws/install/cugo_controller/share/cugo_controller/package.dsv'
[11.365s] INFO:colcon.colcon_core.shell:Creating package script '/home/shelfer/my_ros2_ws/install/cugo_controller/share/cugo_controller/package.sh'
[11.368s] INFO:colcon.colcon_core.shell:Creating package script '/home/shelfer/my_ros2_ws/install/cugo_controller/share/cugo_controller/package.bash'
[11.370s] INFO:colcon.colcon_core.shell:Creating package script '/home/shelfer/my_ros2_ws/install/cugo_controller/share/cugo_controller/package.zsh'
[11.372s] Level 1:colcon.colcon_core.environment:create_file_with_runtime_dependencies(/home/shelfer/my_ros2_ws/install/cugo_controller/share/colcon-core/packages/cugo_controller)
[13.198s] Level 1:colcon.colcon_core.shell:create_environment_hook('test_imu', 'pythonpath_develop')
[13.204s] INFO:colcon.colcon_core.shell:Creating environment hook '/home/shelfer/my_ros2_ws/build/test_imu/share/test_imu/hook/pythonpath_develop.ps1'
[13.206s] DEBUG:colcon.colcon_core.event_handler.log_command:Invoked command in '/home/shelfer/my_ros2_ws/build/test_imu' returned '0': PYTHONPATH=/home/shelfer/my_ros2_ws/build/test_imu/prefix_override:/home/shelfer/my_ros2_ws/install/test_imu/lib/python3.10/site-packages:${PYTHONPATH} /usr/bin/python3 setup.py develop --editable --build-directory /home/shelfer/my_ros2_ws/build/test_imu/build --no-deps install_data
[13.208s] INFO:colcon.colcon_core.shell:Creating environment descriptor '/home/shelfer/my_ros2_ws/build/test_imu/share/test_imu/hook/pythonpath_develop.dsv'
[13.210s] INFO:colcon.colcon_core.shell:Creating environment hook '/home/shelfer/my_ros2_ws/build/test_imu/share/test_imu/hook/pythonpath_develop.sh'
[13.220s] Level 1:colcon.colcon_core.environment:checking '/home/shelfer/my_ros2_ws/install/test_imu' for CMake module files
[13.222s] Level 1:colcon.colcon_core.environment:checking '/home/shelfer/my_ros2_ws/install/test_imu' for CMake config files
[13.225s] Level 1:colcon.colcon_core.environment:checking '/home/shelfer/my_ros2_ws/install/test_imu/lib'
[13.226s] Level 1:colcon.colcon_core.environment:checking '/home/shelfer/my_ros2_ws/install/test_imu/bin'
[13.226s] Level 1:colcon.colcon_core.environment:checking '/home/shelfer/my_ros2_ws/install/test_imu/lib/pkgconfig/test_imu.pc'
[13.227s] Level 1:colcon.colcon_core.environment:checking '/home/shelfer/my_ros2_ws/install/test_imu/lib/python3.10/site-packages'
[13.227s] Level 1:colcon.colcon_core.shell:create_environment_hook('test_imu', 'pythonpath')
[13.232s] INFO:colcon.colcon_core.shell:Creating environment hook '/home/shelfer/my_ros2_ws/install/test_imu/share/test_imu/hook/pythonpath.ps1'
[13.235s] INFO:colcon.colcon_core.shell:Creating environment descriptor '/home/shelfer/my_ros2_ws/install/test_imu/share/test_imu/hook/pythonpath.dsv'
[13.236s] INFO:colcon.colcon_core.shell:Creating environment hook '/home/shelfer/my_ros2_ws/install/test_imu/share/test_imu/hook/pythonpath.sh'
[13.239s] Level 1:colcon.colcon_core.environment:checking '/home/shelfer/my_ros2_ws/install/test_imu/bin'
[13.239s] Level 1:colcon.colcon_core.environment:create_environment_scripts_only(test_imu)
[13.245s] INFO:colcon.colcon_core.shell:Creating package script '/home/shelfer/my_ros2_ws/install/test_imu/share/test_imu/package.ps1'
[13.248s] INFO:colcon.colcon_core.shell:Creating package descriptor '/home/shelfer/my_ros2_ws/install/test_imu/share/test_imu/package.dsv'
[13.250s] INFO:colcon.colcon_core.shell:Creating package script '/home/shelfer/my_ros2_ws/install/test_imu/share/test_imu/package.sh'
[13.252s] INFO:colcon.colcon_core.shell:Creating package script '/home/shelfer/my_ros2_ws/install/test_imu/share/test_imu/package.bash'
[13.254s] INFO:colcon.colcon_core.shell:Creating package script '/home/shelfer/my_ros2_ws/install/test_imu/share/test_imu/package.zsh'
[13.256s] Level 1:colcon.colcon_core.environment:create_file_with_runtime_dependencies(/home/shelfer/my_ros2_ws/install/test_imu/share/colcon-core/packages/test_imu)
[13.257s] DEBUG:colcon.colcon_parallel_executor.executor.parallel:closing loop
[13.258s] DEBUG:colcon.colcon_parallel_executor.executor.parallel:loop closed
[13.258s] DEBUG:colcon.colcon_parallel_executor.executor.parallel:run_until_complete finished with '0'
[13.259s] DEBUG:colcon.colcon_core.event_reactor:joining thread
[13.284s] INFO:colcon.colcon_core.plugin_system:Skipping extension 'colcon_notification.desktop_notification.terminal_notifier': Not used on non-Darwin systems
[13.285s] INFO:colcon.colcon_core.plugin_system:Skipping extension 'colcon_notification.desktop_notification.win32': Not used on non-Windows systems
[13.285s] INFO:colcon.colcon_notification.desktop_notification:Sending desktop notification using 'notify2'
[13.338s] DEBUG:colcon.colcon_core.event_reactor:joined thread
[13.346s] INFO:colcon.colcon_core.shell:Creating prefix script '/home/shelfer/my_ros2_ws/install/local_setup.ps1'
[13.351s] INFO:colcon.colcon_core.shell:Creating prefix util module '/home/shelfer/my_ros2_ws/install/_local_setup_util_ps1.py'
[13.358s] INFO:colcon.colcon_core.shell:Creating prefix chain script '/home/shelfer/my_ros2_ws/install/setup.ps1'
[13.366s] INFO:colcon.colcon_core.shell:Creating prefix script '/home/shelfer/my_ros2_ws/install/local_setup.sh'
[13.369s] INFO:colcon.colcon_core.shell:Creating prefix util module '/home/shelfer/my_ros2_ws/install/_local_setup_util_sh.py'
[13.372s] INFO:colcon.colcon_core.shell:Creating prefix chain script '/home/shelfer/my_ros2_ws/install/setup.sh'
[13.382s] INFO:colcon.colcon_core.shell:Creating prefix script '/home/shelfer/my_ros2_ws/install/local_setup.bash'
[13.385s] INFO:colcon.colcon_core.shell:Creating prefix chain script '/home/shelfer/my_ros2_ws/install/setup.bash'
[13.393s] INFO:colcon.colcon_core.shell:Creating prefix script '/home/shelfer/my_ros2_ws/install/local_setup.zsh'
[13.395s] INFO:colcon.colcon_core.shell:Creating prefix chain script '/home/shelfer/my_ros2_ws/install/setup.zsh'
