[1.635s] Invoking command in '/home/shelfer/my_ros2_ws/build/ps_ros2_common': CMAKE_PREFIX_PATH=${CMAKE_PREFIX_PATH}:/home/shelfer/my_ros2_ws/install/test_imu:/home/shelfer/my_ros2_ws/install/cugo_controller:/opt/ros/humble /usr/bin/cmake /home/shelfer/my_ros2_ws/src/ps_ros2_common -DAMENT_CMAKE_SYMLINK_INSTALL=1 -DCMAKE_INSTALL_PREFIX=/home/shelfer/my_ros2_ws/install/ps_ros2_common
[1.988s] -- The C compiler identification is GNU 11.3.0
[2.379s] -- The CXX compiler identification is GNU 11.3.0
[2.416s] -- Detecting C compiler ABI info
[2.847s] -- Detecting C compiler ABI info - done
[2.888s] -- Check for working C compiler: /usr/bin/cc - skipped
[2.889s] -- Detecting C compile features
[2.890s] -- Detecting C compile features - done
[2.904s] -- Detecting CXX compiler ABI info
[3.391s] -- Detecting CXX compiler ABI info - done
[3.436s] -- Check for working CXX compiler: /usr/bin/c++ - skipped
[3.439s] -- Detecting CXX compile features
[3.442s] -- Detecting CXX compile features - done
[3.507s] -- Found ament_cmake: 1.3.3 (/opt/ros/humble/share/ament_cmake/cmake)
[5.101s] -- Found Python3: /usr/bin/python3.10 (found version "3.10.6") found components: Interpreter 
[5.516s] -- Override CMake install command with custom implementation using symlinks instead of copying resources
[5.928s] -- Found rclcpp: 16.0.3 (/opt/ros/humble/share/rclcpp/cmake)
[6.479s] -- Found rosidl_generator_c: 3.1.4 (/opt/ros/humble/share/rosidl_generator_c/cmake)
[6.560s] -- Found rosidl_adapter: 3.1.4 (/opt/ros/humble/share/rosidl_adapter/cmake)
[6.647s] -- Found rosidl_generator_cpp: 3.1.4 (/opt/ros/humble/share/rosidl_generator_cpp/cmake)
[6.764s] -- Using all available rosidl_typesupport_c: rosidl_typesupport_fastrtps_c;rosidl_typesupport_introspection_c
[6.936s] -- Using all available rosidl_typesupport_cpp: rosidl_typesupport_fastrtps_cpp;rosidl_typesupport_introspection_cpp
[7.446s] -- Found rmw_implementation_cmake: 6.1.1 (/opt/ros/humble/share/rmw_implementation_cmake/cmake)
[7.488s] -- Found rmw_fastrtps_cpp: 6.2.2 (/opt/ros/humble/share/rmw_fastrtps_cpp/cmake)
[8.428s] -- Found OpenSSL: /usr/lib/aarch64-linux-gnu/libcrypto.so (found version "3.0.2")  
[8.793s] -- Found FastRTPS: /opt/ros/humble/include  
[9.370s] -- Using RMW implementation 'rmw_fastrtps_cpp' as default
[9.500s] -- Looking for pthread.h
[10.007s] -- Looking for pthread.h - found
[10.011s] -- Performing Test CMAKE_HAVE_LIBC_PTHREAD
[10.505s] -- Performing Test CMAKE_HAVE_LIBC_PTHREAD - Success
[10.512s] -- Found Threads: TRUE  
[11.543s] -- Found sensor_msgs: 4.2.3 (/opt/ros/humble/share/sensor_msgs/cmake)
[12.208s] -- Found rclcpp_components: 16.0.3 (/opt/ros/humble/share/rclcpp_components/cmake)
[12.756s] -- Found ament_lint_auto: 0.12.5 (/opt/ros/humble/share/ament_lint_auto/cmake)
[14.036s] -- Added test 'copyright' to check source files copyright and LICENSE
[14.171s] -- Added test 'cppcheck' to perform static code analysis on C / C++ code
[14.196s] -- Configured cppcheck include dirs: /home/shelfer/my_ros2_ws/src/ps_ros2_common/include/ps_ros2_common;$<BUILD_INTERFACE:/home/shelfer/my_ros2_ws/src/ps_ros2_common/include>
[14.197s] -- Configured cppcheck exclude dirs and/or files: 
[14.298s] -- Added test 'cpplint' to check C / C++ code against the Google style
[14.299s] -- Configured cpplint exclude dirs and/or files: 
[14.335s] -- Added test 'flake8' to check Python code syntax and style conventions
[14.367s] -- Added test 'lint_cmake' to check CMake code style
[14.376s] -- Added test 'pep257' to check Python code against some of the docstring style conventions in PEP 257
[14.458s] -- Added test 'uncrustify' to check C / C++ code style
[14.459s] -- Configured uncrustify additional arguments: 
[14.466s] -- Added test 'xmllint' to check XML markup files
[14.479s] -- Configuring done
[14.604s] -- Generating done
[14.644s] -- Build files have been written to: /home/shelfer/my_ros2_ws/build/ps_ros2_common
[14.690s] Invoked command in '/home/shelfer/my_ros2_ws/build/ps_ros2_common' returned '0': CMAKE_PREFIX_PATH=${CMAKE_PREFIX_PATH}:/home/shelfer/my_ros2_ws/install/test_imu:/home/shelfer/my_ros2_ws/install/cugo_controller:/opt/ros/humble /usr/bin/cmake /home/shelfer/my_ros2_ws/src/ps_ros2_common -DAMENT_CMAKE_SYMLINK_INSTALL=1 -DCMAKE_INSTALL_PREFIX=/home/shelfer/my_ros2_ws/install/ps_ros2_common
[14.709s] Invoking command in '/home/shelfer/my_ros2_ws/build/ps_ros2_common': CMAKE_PREFIX_PATH=${CMAKE_PREFIX_PATH}:/home/shelfer/my_ros2_ws/install/test_imu:/home/shelfer/my_ros2_ws/install/cugo_controller:/opt/ros/humble /usr/bin/cmake --build /home/shelfer/my_ros2_ws/build/ps_ros2_common -- -j4 -l4
[15.256s] [ 25%] [32mBuilding CXX object CMakeFiles/joy_test.dir/src/example_joy.cpp.o[0m
[15.274s] [ 50%] [32mBuilding CXX object CMakeFiles/ps_ros2_common.dir/src/example_joy.cpp.o[0m
[80.575s] [ 75%] [32m[1mLinking CXX executable joy_test[0m
[81.101s] [100%] [32m[1mLinking CXX shared library libps_ros2_common.so[0m
[83.692s] [100%] Built target joy_test
[84.287s] [100%] Built target ps_ros2_common
[84.339s] Invoked command in '/home/shelfer/my_ros2_ws/build/ps_ros2_common' returned '0': CMAKE_PREFIX_PATH=${CMAKE_PREFIX_PATH}:/home/shelfer/my_ros2_ws/install/test_imu:/home/shelfer/my_ros2_ws/install/cugo_controller:/opt/ros/humble /usr/bin/cmake --build /home/shelfer/my_ros2_ws/build/ps_ros2_common -- -j4 -l4
[84.498s] Invoking command in '/home/shelfer/my_ros2_ws/build/ps_ros2_common': CMAKE_PREFIX_PATH=${CMAKE_PREFIX_PATH}:/home/shelfer/my_ros2_ws/install/test_imu:/home/shelfer/my_ros2_ws/install/cugo_controller:/opt/ros/humble /usr/bin/cmake --install /home/shelfer/my_ros2_ws/build/ps_ros2_common
[84.528s] -- Install configuration: ""
[84.531s] -- Execute custom install script
[84.534s] -- Symlinking: /home/shelfer/my_ros2_ws/install/ps_ros2_common/lib/ps_ros2_common/joy_test
[84.573s] -- Symlinking: /home/shelfer/my_ros2_ws/install/ps_ros2_common/share/ps_ros2_common/launch/test.launch.py
[84.608s] -- Symlinking: /home/shelfer/my_ros2_ws/install/ps_ros2_common/share/ps_ros2_common/launch/test_composable.launch.py
[84.648s] -- Symlinking: /home/shelfer/my_ros2_ws/install/ps_ros2_common/share/ament_index/resource_index/package_run_dependencies/ps_ros2_common
[84.683s] -- Symlinking: /home/shelfer/my_ros2_ws/install/ps_ros2_common/share/ament_index/resource_index/parent_prefix_path/ps_ros2_common
[84.722s] -- Symlinking: /home/shelfer/my_ros2_ws/install/ps_ros2_common/share/ps_ros2_common/environment/ament_prefix_path.sh
[84.761s] -- Symlinking: /home/shelfer/my_ros2_ws/install/ps_ros2_common/share/ps_ros2_common/environment/ament_prefix_path.dsv
[84.799s] -- Symlinking: /home/shelfer/my_ros2_ws/install/ps_ros2_common/share/ps_ros2_common/environment/path.sh
[84.835s] -- Symlinking: /home/shelfer/my_ros2_ws/install/ps_ros2_common/share/ps_ros2_common/environment/path.dsv
[84.873s] -- Symlinking: /home/shelfer/my_ros2_ws/install/ps_ros2_common/share/ps_ros2_common/local_setup.bash
[84.910s] -- Symlinking: /home/shelfer/my_ros2_ws/install/ps_ros2_common/share/ps_ros2_common/local_setup.sh
[84.950s] -- Symlinking: /home/shelfer/my_ros2_ws/install/ps_ros2_common/share/ps_ros2_common/local_setup.zsh
[84.986s] -- Symlinking: /home/shelfer/my_ros2_ws/install/ps_ros2_common/share/ps_ros2_common/local_setup.dsv
[85.023s] -- Symlinking: /home/shelfer/my_ros2_ws/install/ps_ros2_common/share/ps_ros2_common/package.dsv
[85.064s] -- Symlinking: /home/shelfer/my_ros2_ws/install/ps_ros2_common/share/ament_index/resource_index/packages/ps_ros2_common
[85.103s] -- Symlinking: /home/shelfer/my_ros2_ws/install/ps_ros2_common/share/ament_index/resource_index/rclcpp_components/ps_ros2_common
[85.142s] -- Symlinking: /home/shelfer/my_ros2_ws/install/ps_ros2_common/share/ps_ros2_common/cmake/ps_ros2_commonConfig.cmake
[85.181s] -- Symlinking: /home/shelfer/my_ros2_ws/install/ps_ros2_common/share/ps_ros2_common/cmake/ps_ros2_commonConfig-version.cmake
[85.220s] -- Symlinking: /home/shelfer/my_ros2_ws/install/ps_ros2_common/share/ps_ros2_common/package.xml
[85.259s] -- Installing: /home/shelfer/my_ros2_ws/install/ps_ros2_common/lib/libps_ros2_common.so
[85.313s] -- Set runtime path of "/home/shelfer/my_ros2_ws/install/ps_ros2_common/lib/libps_ros2_common.so" to ""
[85.325s] Invoked command in '/home/shelfer/my_ros2_ws/build/ps_ros2_common' returned '0': CMAKE_PREFIX_PATH=${CMAKE_PREFIX_PATH}:/home/shelfer/my_ros2_ws/install/test_imu:/home/shelfer/my_ros2_ws/install/cugo_controller:/opt/ros/humble /usr/bin/cmake --install /home/shelfer/my_ros2_ws/build/ps_ros2_common
