[0.219s] Invoking command in '/home/shelfer/my_ros2_ws/build/controller_interfaces': CMAKE_PREFIX_PATH=${CMAKE_PREFIX_PATH}:/home/shelfer/my_ros2_ws/install/test_imu:/home/shelfer/my_ros2_ws/install/cugo_controller:/opt/ros/humble /usr/bin/cmake --build /home/shelfer/my_ros2_ws/build/controller_interfaces -- -j4 -l4
[2.250s] [  2%] Built target controller_interfaces__cpp
[2.251s] [ 12%] Built target controller_interfaces__rosidl_generator_c
[2.252s] [ 12%] Built target ament_cmake_python_symlink_controller_interfaces
[2.252s] [ 23%] Built target controller_interfaces__rosidl_typesupport_fastrtps_cpp
[2.253s] [ 33%] Built target controller_interfaces__rosidl_typesupport_introspection_cpp
[2.253s] [ 43%] Built target controller_interfaces__rosidl_typesupport_cpp
[2.254s] [ 53%] Built target controller_interfaces__rosidl_typesupport_fastrtps_c
[2.255s] [ 64%] Built target controller_interfaces__rosidl_typesupport_c
[2.257s] [ 74%] Built target controller_interfaces__rosidl_typesupport_introspection_c
[2.258s] [ 74%] Built target controller_interfaces
[2.258s] [ 76%] Built target controller_interfaces__py
[2.259s] [ 84%] Built target controller_interfaces__rosidl_generator_py
[2.260s] [ 89%] Built target controller_interfaces__rosidl_typesupport_introspection_c__pyext
[2.260s] [ 94%] Built target controller_interfaces__rosidl_typesupport_fastrtps_c__pyext
[2.260s] [100%] Built target controller_interfaces__rosidl_typesupport_c__pyext
[2.650s] running egg_info
[2.664s] writing controller_interfaces.egg-info/PKG-INFO
[2.666s] writing dependency_links to controller_interfaces.egg-info/dependency_links.txt
[2.671s] writing top-level names to controller_interfaces.egg-info/top_level.txt
[2.685s] reading manifest file 'controller_interfaces.egg-info/SOURCES.txt'
[2.689s] writing manifest file 'controller_interfaces.egg-info/SOURCES.txt'
[2.901s] [100%] Built target ament_cmake_python_build_controller_interfaces_egg
[2.964s] Invoked command in '/home/shelfer/my_ros2_ws/build/controller_interfaces' returned '0': CMAKE_PREFIX_PATH=${CMAKE_PREFIX_PATH}:/home/shelfer/my_ros2_ws/install/test_imu:/home/shelfer/my_ros2_ws/install/cugo_controller:/opt/ros/humble /usr/bin/cmake --build /home/shelfer/my_ros2_ws/build/controller_interfaces -- -j4 -l4
[3.737s] Invoking command in '/home/shelfer/my_ros2_ws/build/controller_interfaces': CMAKE_PREFIX_PATH=${CMAKE_PREFIX_PATH}:/home/shelfer/my_ros2_ws/install/test_imu:/home/shelfer/my_ros2_ws/install/cugo_controller:/opt/ros/humble /usr/bin/cmake --install /home/shelfer/my_ros2_ws/build/controller_interfaces
[3.789s] -- Install configuration: ""
[3.792s] -- Execute custom install script
[3.794s] -- Up-to-date symlink: /home/shelfer/my_ros2_ws/install/controller_interfaces/share/ament_index/resource_index/rosidl_interfaces/controller_interfaces
[3.798s] -- Up-to-date symlink: /home/shelfer/my_ros2_ws/install/controller_interfaces/include/controller_interfaces/controller_interfaces/msg/detail/num__functions.h
[3.799s] -- Up-to-date symlink: /home/shelfer/my_ros2_ws/install/controller_interfaces/include/controller_interfaces/controller_interfaces/msg/detail/num__struct.h
[3.801s] -- Up-to-date symlink: /home/shelfer/my_ros2_ws/install/controller_interfaces/include/controller_interfaces/controller_interfaces/msg/detail/num__type_support.h
[3.802s] -- Up-to-date symlink: /home/shelfer/my_ros2_ws/install/controller_interfaces/include/controller_interfaces/controller_interfaces/msg/num.h
[3.803s] -- Up-to-date symlink: /home/shelfer/my_ros2_ws/install/controller_interfaces/include/controller_interfaces/controller_interfaces/msg/rosidl_generator_c__visibility_control.h
[3.804s] -- Up-to-date symlink: /home/shelfer/my_ros2_ws/install/controller_interfaces/include/controller_interfaces/controller_interfaces/srv/detail/ultra__functions.h
[3.805s] -- Up-to-date symlink: /home/shelfer/my_ros2_ws/install/controller_interfaces/include/controller_interfaces/controller_interfaces/srv/detail/ultra__struct.h
[3.806s] -- Up-to-date symlink: /home/shelfer/my_ros2_ws/install/controller_interfaces/include/controller_interfaces/controller_interfaces/srv/detail/ultra__type_support.h
[3.809s] -- Up-to-date symlink: /home/shelfer/my_ros2_ws/install/controller_interfaces/include/controller_interfaces/controller_interfaces/srv/ultra.h
[3.810s] -- Up-to-date symlink: /home/shelfer/my_ros2_ws/install/controller_interfaces/share/controller_interfaces/environment/library_path.sh
[3.812s] -- Up-to-date symlink: /home/shelfer/my_ros2_ws/install/controller_interfaces/share/controller_interfaces/environment/library_path.dsv
[3.816s] -- Up-to-date symlink: /home/shelfer/my_ros2_ws/install/controller_interfaces/include/controller_interfaces/controller_interfaces/msg/detail/num__rosidl_typesupport_fastrtps_c.h
[3.817s] -- Up-to-date symlink: /home/shelfer/my_ros2_ws/install/controller_interfaces/include/controller_interfaces/controller_interfaces/msg/rosidl_typesupport_fastrtps_c__visibility_control.h
[3.819s] -- Up-to-date symlink: /home/shelfer/my_ros2_ws/install/controller_interfaces/include/controller_interfaces/controller_interfaces/srv/detail/ultra__rosidl_typesupport_fastrtps_c.h
[3.822s] -- Up-to-date symlink: /home/shelfer/my_ros2_ws/install/controller_interfaces/include/controller_interfaces/controller_interfaces/msg/detail/num__rosidl_typesupport_introspection_c.h
[3.823s] -- Up-to-date symlink: /home/shelfer/my_ros2_ws/install/controller_interfaces/include/controller_interfaces/controller_interfaces/msg/rosidl_typesupport_introspection_c__visibility_control.h
[3.825s] -- Up-to-date symlink: /home/shelfer/my_ros2_ws/install/controller_interfaces/include/controller_interfaces/controller_interfaces/srv/detail/ultra__rosidl_typesupport_introspection_c.h
[3.829s] -- Up-to-date symlink: /home/shelfer/my_ros2_ws/install/controller_interfaces/include/controller_interfaces/controller_interfaces/msg/detail/num__builder.hpp
[3.830s] -- Up-to-date symlink: /home/shelfer/my_ros2_ws/install/controller_interfaces/include/controller_interfaces/controller_interfaces/msg/detail/num__struct.hpp
[3.831s] -- Up-to-date symlink: /home/shelfer/my_ros2_ws/install/controller_interfaces/include/controller_interfaces/controller_interfaces/msg/detail/num__traits.hpp
[3.833s] -- Up-to-date symlink: /home/shelfer/my_ros2_ws/install/controller_interfaces/include/controller_interfaces/controller_interfaces/msg/num.hpp
[3.834s] -- Up-to-date symlink: /home/shelfer/my_ros2_ws/install/controller_interfaces/include/controller_interfaces/controller_interfaces/srv/detail/ultra__builder.hpp
[3.835s] -- Up-to-date symlink: /home/shelfer/my_ros2_ws/install/controller_interfaces/include/controller_interfaces/controller_interfaces/srv/detail/ultra__struct.hpp
[3.836s] -- Up-to-date symlink: /home/shelfer/my_ros2_ws/install/controller_interfaces/include/controller_interfaces/controller_interfaces/srv/detail/ultra__traits.hpp
[3.837s] -- Up-to-date symlink: /home/shelfer/my_ros2_ws/install/controller_interfaces/include/controller_interfaces/controller_interfaces/srv/ultra.hpp
[3.843s] -- Up-to-date symlink: /home/shelfer/my_ros2_ws/install/controller_interfaces/include/controller_interfaces/controller_interfaces/msg/detail/num__rosidl_typesupport_fastrtps_cpp.hpp
[3.844s] -- Up-to-date symlink: /home/shelfer/my_ros2_ws/install/controller_interfaces/include/controller_interfaces/controller_interfaces/msg/rosidl_typesupport_fastrtps_cpp__visibility_control.h
[3.845s] -- Up-to-date symlink: /home/shelfer/my_ros2_ws/install/controller_interfaces/include/controller_interfaces/controller_interfaces/srv/detail/ultra__rosidl_typesupport_fastrtps_cpp.hpp
[3.849s] -- Up-to-date symlink: /home/shelfer/my_ros2_ws/install/controller_interfaces/include/controller_interfaces/controller_interfaces/msg/detail/num__rosidl_typesupport_introspection_cpp.hpp
[3.850s] -- Up-to-date symlink: /home/shelfer/my_ros2_ws/install/controller_interfaces/include/controller_interfaces/controller_interfaces/srv/detail/ultra__rosidl_typesupport_introspection_cpp.hpp
[3.851s] -- Up-to-date symlink: /home/shelfer/my_ros2_ws/install/controller_interfaces/share/controller_interfaces/environment/pythonpath.sh
[3.853s] -- Up-to-date symlink: /home/shelfer/my_ros2_ws/install/controller_interfaces/share/controller_interfaces/environment/pythonpath.dsv
[3.856s] -- Up-to-date symlink: /home/shelfer/my_ros2_ws/install/controller_interfaces/local/lib/python3.10/dist-packages/controller_interfaces-0.0.0-py3.10.egg-info/PKG-INFO
[3.859s] -- Up-to-date symlink: /home/shelfer/my_ros2_ws/install/controller_interfaces/local/lib/python3.10/dist-packages/controller_interfaces-0.0.0-py3.10.egg-info/SOURCES.txt
[3.861s] -- Up-to-date symlink: /home/shelfer/my_ros2_ws/install/controller_interfaces/local/lib/python3.10/dist-packages/controller_interfaces-0.0.0-py3.10.egg-info/dependency_links.txt
[3.864s] -- Up-to-date symlink: /home/shelfer/my_ros2_ws/install/controller_interfaces/local/lib/python3.10/dist-packages/controller_interfaces-0.0.0-py3.10.egg-info/top_level.txt
[3.874s] -- Up-to-date symlink: /home/shelfer/my_ros2_ws/install/controller_interfaces/local/lib/python3.10/dist-packages/controller_interfaces/__init__.py
[3.877s] -- Up-to-date symlink: /home/shelfer/my_ros2_ws/install/controller_interfaces/local/lib/python3.10/dist-packages/controller_interfaces/_controller_interfaces_s.ep.rosidl_typesupport_c.c
[3.880s] -- Up-to-date symlink: /home/shelfer/my_ros2_ws/install/controller_interfaces/local/lib/python3.10/dist-packages/controller_interfaces/_controller_interfaces_s.ep.rosidl_typesupport_fastrtps_c.c
[3.881s] -- Up-to-date symlink: /home/shelfer/my_ros2_ws/install/controller_interfaces/local/lib/python3.10/dist-packages/controller_interfaces/_controller_interfaces_s.ep.rosidl_typesupport_introspection_c.c
[3.882s] -- Up-to-date symlink: /home/shelfer/my_ros2_ws/install/controller_interfaces/local/lib/python3.10/dist-packages/controller_interfaces/controller_interfaces_s__rosidl_typesupport_c.cpython-310-aarch64-linux-gnu.so
[3.886s] -- Up-to-date symlink: /home/shelfer/my_ros2_ws/install/controller_interfaces/local/lib/python3.10/dist-packages/controller_interfaces/controller_interfaces_s__rosidl_typesupport_fastrtps_c.cpython-310-aarch64-linux-gnu.so
[3.888s] -- Up-to-date symlink: /home/shelfer/my_ros2_ws/install/controller_interfaces/local/lib/python3.10/dist-packages/controller_interfaces/controller_interfaces_s__rosidl_typesupport_introspection_c.cpython-310-aarch64-linux-gnu.so
[3.890s] -- Up-to-date symlink: /home/shelfer/my_ros2_ws/install/controller_interfaces/local/lib/python3.10/dist-packages/controller_interfaces/libcontroller_interfaces__rosidl_generator_py.so
[3.892s] -- Up-to-date symlink: /home/shelfer/my_ros2_ws/install/controller_interfaces/local/lib/python3.10/dist-packages/controller_interfaces/msg/__init__.py
[3.894s] -- Up-to-date symlink: /home/shelfer/my_ros2_ws/install/controller_interfaces/local/lib/python3.10/dist-packages/controller_interfaces/msg/_num.py
[3.896s] -- Up-to-date symlink: /home/shelfer/my_ros2_ws/install/controller_interfaces/local/lib/python3.10/dist-packages/controller_interfaces/msg/_num_s.c
[3.898s] -- Up-to-date symlink: /home/shelfer/my_ros2_ws/install/controller_interfaces/local/lib/python3.10/dist-packages/controller_interfaces/srv/__init__.py
[3.900s] -- Up-to-date symlink: /home/shelfer/my_ros2_ws/install/controller_interfaces/local/lib/python3.10/dist-packages/controller_interfaces/srv/_ultra.py
[3.902s] -- Up-to-date symlink: /home/shelfer/my_ros2_ws/install/controller_interfaces/local/lib/python3.10/dist-packages/controller_interfaces/srv/_ultra_s.c
[3.907s] -- Up-to-date symlink: /home/shelfer/my_ros2_ws/install/controller_interfaces/local/lib/python3.10/dist-packages/controller_interfaces/controller_interfaces_s__rosidl_typesupport_fastrtps_c.cpython-310-aarch64-linux-gnu.so
[3.909s] -- Up-to-date symlink: /home/shelfer/my_ros2_ws/install/controller_interfaces/local/lib/python3.10/dist-packages/controller_interfaces/controller_interfaces_s__rosidl_typesupport_introspection_c.cpython-310-aarch64-linux-gnu.so
[3.912s] -- Up-to-date symlink: /home/shelfer/my_ros2_ws/install/controller_interfaces/local/lib/python3.10/dist-packages/controller_interfaces/controller_interfaces_s__rosidl_typesupport_c.cpython-310-aarch64-linux-gnu.so
[3.914s] -- Up-to-date symlink: /home/shelfer/my_ros2_ws/install/controller_interfaces/share/controller_interfaces/msg/Num.idl
[3.917s] -- Up-to-date symlink: /home/shelfer/my_ros2_ws/install/controller_interfaces/share/controller_interfaces/srv/Ultra.idl
[3.922s] -- Up-to-date symlink: /home/shelfer/my_ros2_ws/install/controller_interfaces/share/controller_interfaces/msg/Num.msg
[3.924s] -- Up-to-date symlink: /home/shelfer/my_ros2_ws/install/controller_interfaces/share/controller_interfaces/srv/Ultra.srv
[3.926s] -- Up-to-date symlink: /home/shelfer/my_ros2_ws/install/controller_interfaces/share/controller_interfaces/srv/Ultra_Request.msg
[3.927s] -- Up-to-date symlink: /home/shelfer/my_ros2_ws/install/controller_interfaces/share/controller_interfaces/srv/Ultra_Response.msg
[3.929s] -- Up-to-date symlink: /home/shelfer/my_ros2_ws/install/controller_interfaces/share/ament_index/resource_index/package_run_dependencies/controller_interfaces
[3.931s] -- Up-to-date symlink: /home/shelfer/my_ros2_ws/install/controller_interfaces/share/ament_index/resource_index/parent_prefix_path/controller_interfaces
[3.933s] -- Up-to-date symlink: /home/shelfer/my_ros2_ws/install/controller_interfaces/share/controller_interfaces/environment/ament_prefix_path.sh
[3.934s] -- Up-to-date symlink: /home/shelfer/my_ros2_ws/install/controller_interfaces/share/controller_interfaces/environment/ament_prefix_path.dsv
[3.936s] -- Up-to-date symlink: /home/shelfer/my_ros2_ws/install/controller_interfaces/share/controller_interfaces/environment/path.sh
[3.938s] -- Up-to-date symlink: /home/shelfer/my_ros2_ws/install/controller_interfaces/share/controller_interfaces/environment/path.dsv
[3.939s] -- Up-to-date symlink: /home/shelfer/my_ros2_ws/install/controller_interfaces/share/controller_interfaces/local_setup.bash
[3.940s] -- Up-to-date symlink: /home/shelfer/my_ros2_ws/install/controller_interfaces/share/controller_interfaces/local_setup.sh
[3.941s] -- Up-to-date symlink: /home/shelfer/my_ros2_ws/install/controller_interfaces/share/controller_interfaces/local_setup.zsh
[3.943s] -- Up-to-date symlink: /home/shelfer/my_ros2_ws/install/controller_interfaces/share/controller_interfaces/local_setup.dsv
[3.945s] -- Symlinking: /home/shelfer/my_ros2_ws/install/controller_interfaces/share/controller_interfaces/package.dsv
[3.995s] -- Up-to-date symlink: /home/shelfer/my_ros2_ws/install/controller_interfaces/share/ament_index/resource_index/packages/controller_interfaces
[3.997s] -- Up-to-date symlink: /home/shelfer/my_ros2_ws/install/controller_interfaces/share/controller_interfaces/cmake/rosidl_cmake-extras.cmake
[3.999s] -- Up-to-date symlink: /home/shelfer/my_ros2_ws/install/controller_interfaces/share/controller_interfaces/cmake/ament_cmake_export_include_directories-extras.cmake
[4.001s] -- Up-to-date symlink: /home/shelfer/my_ros2_ws/install/controller_interfaces/share/controller_interfaces/cmake/ament_cmake_export_libraries-extras.cmake
[4.002s] -- Up-to-date symlink: /home/shelfer/my_ros2_ws/install/controller_interfaces/share/controller_interfaces/cmake/ament_cmake_export_targets-extras.cmake
[4.004s] -- Up-to-date symlink: /home/shelfer/my_ros2_ws/install/controller_interfaces/share/controller_interfaces/cmake/rosidl_cmake_export_typesupport_targets-extras.cmake
[4.005s] -- Up-to-date symlink: /home/shelfer/my_ros2_ws/install/controller_interfaces/share/controller_interfaces/cmake/ament_cmake_export_dependencies-extras.cmake
[4.008s] -- Up-to-date symlink: /home/shelfer/my_ros2_ws/install/controller_interfaces/share/controller_interfaces/cmake/rosidl_cmake_export_typesupport_libraries-extras.cmake
[4.010s] -- Up-to-date symlink: /home/shelfer/my_ros2_ws/install/controller_interfaces/share/controller_interfaces/cmake/controller_interfacesConfig.cmake
[4.012s] -- Up-to-date symlink: /home/shelfer/my_ros2_ws/install/controller_interfaces/share/controller_interfaces/cmake/controller_interfacesConfig-version.cmake
[4.014s] -- Up-to-date symlink: /home/shelfer/my_ros2_ws/install/controller_interfaces/share/controller_interfaces/package.xml
[4.015s] -- Up-to-date: /home/shelfer/my_ros2_ws/install/controller_interfaces/lib/libcontroller_interfaces__rosidl_generator_c.so
[4.018s] -- Up-to-date: /home/shelfer/my_ros2_ws/install/controller_interfaces/lib/libcontroller_interfaces__rosidl_typesupport_fastrtps_c.so
[4.021s] -- Up-to-date: /home/shelfer/my_ros2_ws/install/controller_interfaces/lib/libcontroller_interfaces__rosidl_typesupport_introspection_c.so
[4.024s] -- Up-to-date: /home/shelfer/my_ros2_ws/install/controller_interfaces/lib/libcontroller_interfaces__rosidl_typesupport_c.so
[4.026s] -- Up-to-date: /home/shelfer/my_ros2_ws/install/controller_interfaces/lib/libcontroller_interfaces__rosidl_typesupport_fastrtps_cpp.so
[4.029s] -- Up-to-date: /home/shelfer/my_ros2_ws/install/controller_interfaces/lib/libcontroller_interfaces__rosidl_typesupport_introspection_cpp.so
[4.032s] -- Up-to-date: /home/shelfer/my_ros2_ws/install/controller_interfaces/lib/libcontroller_interfaces__rosidl_typesupport_cpp.so
[4.240s] Listing '/home/shelfer/my_ros2_ws/install/controller_interfaces/local/lib/python3.10/dist-packages/controller_interfaces'...
[4.242s] Listing '/home/shelfer/my_ros2_ws/install/controller_interfaces/local/lib/python3.10/dist-packages/controller_interfaces/msg'...
[4.243s] Listing '/home/shelfer/my_ros2_ws/install/controller_interfaces/local/lib/python3.10/dist-packages/controller_interfaces/srv'...
[4.272s] -- Up-to-date: /home/shelfer/my_ros2_ws/install/controller_interfaces/lib/libcontroller_interfaces__rosidl_generator_py.so
[4.287s] -- Up-to-date: /home/shelfer/my_ros2_ws/install/controller_interfaces/share/controller_interfaces/cmake/export_controller_interfaces__rosidl_generator_cExport.cmake
[4.289s] -- Up-to-date: /home/shelfer/my_ros2_ws/install/controller_interfaces/share/controller_interfaces/cmake/export_controller_interfaces__rosidl_generator_cExport-noconfig.cmake
[4.293s] -- Up-to-date: /home/shelfer/my_ros2_ws/install/controller_interfaces/share/controller_interfaces/cmake/export_controller_interfaces__rosidl_typesupport_fastrtps_cExport.cmake
[4.296s] -- Up-to-date: /home/shelfer/my_ros2_ws/install/controller_interfaces/share/controller_interfaces/cmake/export_controller_interfaces__rosidl_typesupport_fastrtps_cExport-noconfig.cmake
[4.298s] -- Up-to-date: /home/shelfer/my_ros2_ws/install/controller_interfaces/share/controller_interfaces/cmake/controller_interfaces__rosidl_typesupport_introspection_cExport.cmake
[4.301s] -- Up-to-date: /home/shelfer/my_ros2_ws/install/controller_interfaces/share/controller_interfaces/cmake/controller_interfaces__rosidl_typesupport_introspection_cExport-noconfig.cmake
[4.304s] -- Up-to-date: /home/shelfer/my_ros2_ws/install/controller_interfaces/share/controller_interfaces/cmake/controller_interfaces__rosidl_typesupport_cExport.cmake
[4.304s] -- Up-to-date: /home/shelfer/my_ros2_ws/install/controller_interfaces/share/controller_interfaces/cmake/controller_interfaces__rosidl_typesupport_cExport-noconfig.cmake
[4.306s] -- Up-to-date: /home/shelfer/my_ros2_ws/install/controller_interfaces/share/controller_interfaces/cmake/export_controller_interfaces__rosidl_generator_cppExport.cmake
[4.307s] -- Up-to-date: /home/shelfer/my_ros2_ws/install/controller_interfaces/share/controller_interfaces/cmake/export_controller_interfaces__rosidl_typesupport_fastrtps_cppExport.cmake
[4.308s] -- Up-to-date: /home/shelfer/my_ros2_ws/install/controller_interfaces/share/controller_interfaces/cmake/export_controller_interfaces__rosidl_typesupport_fastrtps_cppExport-noconfig.cmake
[4.309s] -- Up-to-date: /home/shelfer/my_ros2_ws/install/controller_interfaces/share/controller_interfaces/cmake/controller_interfaces__rosidl_typesupport_introspection_cppExport.cmake
[4.310s] -- Up-to-date: /home/shelfer/my_ros2_ws/install/controller_interfaces/share/controller_interfaces/cmake/controller_interfaces__rosidl_typesupport_introspection_cppExport-noconfig.cmake
[4.312s] -- Up-to-date: /home/shelfer/my_ros2_ws/install/controller_interfaces/share/controller_interfaces/cmake/controller_interfaces__rosidl_typesupport_cppExport.cmake
[4.313s] -- Up-to-date: /home/shelfer/my_ros2_ws/install/controller_interfaces/share/controller_interfaces/cmake/controller_interfaces__rosidl_typesupport_cppExport-noconfig.cmake
[4.314s] -- Up-to-date: /home/shelfer/my_ros2_ws/install/controller_interfaces/share/controller_interfaces/cmake/export_controller_interfaces__rosidl_generator_pyExport.cmake
[4.315s] -- Up-to-date: /home/shelfer/my_ros2_ws/install/controller_interfaces/share/controller_interfaces/cmake/export_controller_interfaces__rosidl_generator_pyExport-noconfig.cmake
[5.450s] Invoked command in '/home/shelfer/my_ros2_ws/build/controller_interfaces' returned '0': CMAKE_PREFIX_PATH=${CMAKE_PREFIX_PATH}:/home/shelfer/my_ros2_ws/install/test_imu:/home/shelfer/my_ros2_ws/install/cugo_controller:/opt/ros/humble /usr/bin/cmake --install /home/shelfer/my_ros2_ws/build/controller_interfaces
