[1.802s] Invoking command in '/home/shelfer/my_ros2_ws/build/ps_ros2_common': CMAKE_PREFIX_PATH=${CMAKE_PREFIX_PATH}:/home/shelfer/my_ros2_ws/install/py_pkg:/home/shelfer/my_ros2_ws/install/cugo_controller:/opt/ros/humble /usr/bin/cmake /home/shelfer/my_ros2_ws/src/ps_ros2_common -DAMENT_CMAKE_SYMLINK_INSTALL=1 -DCMAKE_INSTALL_PREFIX=/home/shelfer/my_ros2_ws/install/ps_ros2_common
[2.242s] -- The C compiler identification is GNU 11.3.0
[2.608s] -- The CXX compiler identification is GNU 11.3.0
[2.651s] -- Detecting C compiler ABI info
[3.153s] -- Detecting C compiler ABI info - done
[3.186s] -- Check for working C compiler: /usr/bin/cc - skipped
[3.188s] -- Detecting C compile features
[3.193s] -- Detecting C compile features - done
[3.210s] -- Detecting CXX compiler ABI info
[3.744s] -- Detecting CXX compiler ABI info - done
[3.785s] -- Check for working CXX compiler: /usr/bin/c++ - skipped
[3.787s] -- Detecting CXX compile features
[3.791s] -- Detecting CXX compile features - done
[3.841s] -- Found ament_cmake: 1.3.3 (/opt/ros/humble/share/ament_cmake/cmake)
[5.361s] -- Found Python3: /usr/bin/python3.10 (found version "3.10.6") found components: Interpreter 
[5.875s] -- Override CMake install command with custom implementation using symlinks instead of copying resources
[6.331s] -- Found rclcpp: 16.0.3 (/opt/ros/humble/share/rclcpp/cmake)
[6.952s] -- Found rosidl_generator_c: 3.1.4 (/opt/ros/humble/share/rosidl_generator_c/cmake)
[7.021s] -- Found rosidl_adapter: 3.1.4 (/opt/ros/humble/share/rosidl_adapter/cmake)
[7.116s] -- Found rosidl_generator_cpp: 3.1.4 (/opt/ros/humble/share/rosidl_generator_cpp/cmake)
[7.249s] -- Using all available rosidl_typesupport_c: rosidl_typesupport_fastrtps_c;rosidl_typesupport_introspection_c
[7.436s] -- Using all available rosidl_typesupport_cpp: rosidl_typesupport_fastrtps_cpp;rosidl_typesupport_introspection_cpp
[7.994s] -- Found rmw_implementation_cmake: 6.1.1 (/opt/ros/humble/share/rmw_implementation_cmake/cmake)
[8.034s] -- Found rmw_fastrtps_cpp: 6.2.2 (/opt/ros/humble/share/rmw_fastrtps_cpp/cmake)
[8.937s] -- Found OpenSSL: /usr/lib/aarch64-linux-gnu/libcrypto.so (found version "3.0.2")  
[9.251s] -- Found FastRTPS: /opt/ros/humble/include  
[9.779s] -- Using RMW implementation 'rmw_fastrtps_cpp' as default
[9.893s] -- Looking for pthread.h
[10.303s] -- Looking for pthread.h - found
[10.305s] -- Performing Test CMAKE_HAVE_LIBC_PTHREAD
[10.701s] -- Performing Test CMAKE_HAVE_LIBC_PTHREAD - Success
[10.706s] -- Found Threads: TRUE  
[12.065s] -- Found sensor_msgs: 4.2.3 (/opt/ros/humble/share/sensor_msgs/cmake)
[12.887s] -- Found rclcpp_components: 16.0.3 (/opt/ros/humble/share/rclcpp_components/cmake)
[13.562s] -- Found ament_lint_auto: 0.12.5 (/opt/ros/humble/share/ament_lint_auto/cmake)
[14.839s] -- Added test 'copyright' to check source files copyright and LICENSE
[14.948s] -- Added test 'cppcheck' to perform static code analysis on C / C++ code
[14.961s] -- Configured cppcheck include dirs: /home/shelfer/my_ros2_ws/src/ps_ros2_common/include/ps_ros2_common;$<BUILD_INTERFACE:/home/shelfer/my_ros2_ws/src/ps_ros2_common/include>
[14.962s] -- Configured cppcheck exclude dirs and/or files: 
[15.062s] -- Added test 'cpplint' to check C / C++ code against the Google style
[15.063s] -- Configured cpplint exclude dirs and/or files: 
[15.079s] -- Added test 'flake8' to check Python code syntax and style conventions
[15.099s] -- Added test 'lint_cmake' to check CMake code style
[15.129s] -- Added test 'pep257' to check Python code against some of the docstring style conventions in PEP 257
[15.219s] -- Added test 'uncrustify' to check C / C++ code style
[15.221s] -- Configured uncrustify additional arguments: 
[15.254s] -- Added test 'xmllint' to check XML markup files
[15.259s] -- Configuring done
[15.456s] -- Generating done
[15.504s] -- Build files have been written to: /home/shelfer/my_ros2_ws/build/ps_ros2_common
[15.659s] Invoked command in '/home/shelfer/my_ros2_ws/build/ps_ros2_common' returned '0': CMAKE_PREFIX_PATH=${CMAKE_PREFIX_PATH}:/home/shelfer/my_ros2_ws/install/py_pkg:/home/shelfer/my_ros2_ws/install/cugo_controller:/opt/ros/humble /usr/bin/cmake /home/shelfer/my_ros2_ws/src/ps_ros2_common -DAMENT_CMAKE_SYMLINK_INSTALL=1 -DCMAKE_INSTALL_PREFIX=/home/shelfer/my_ros2_ws/install/ps_ros2_common
[15.662s] Invoking command in '/home/shelfer/my_ros2_ws/build/ps_ros2_common': CMAKE_PREFIX_PATH=${CMAKE_PREFIX_PATH}:/home/shelfer/my_ros2_ws/install/py_pkg:/home/shelfer/my_ros2_ws/install/cugo_controller:/opt/ros/humble /usr/bin/cmake --build /home/shelfer/my_ros2_ws/build/ps_ros2_common -- -j4 -l4
[16.310s] [ 25%] [32mBuilding CXX object CMakeFiles/ps_ros2_common.dir/src/example_joy.cpp.o[0m
[16.388s] [ 50%] [32mBuilding CXX object CMakeFiles/joy_test.dir/src/example_joy.cpp.o[0m
[74.564s] [ 75%] [32m[1mLinking CXX executable joy_test[0m
[76.687s] [100%] [32m[1mLinking CXX shared library libps_ros2_common.so[0m
[77.480s] [100%] Built target joy_test
[79.521s] [100%] Built target ps_ros2_common
[79.569s] Invoked command in '/home/shelfer/my_ros2_ws/build/ps_ros2_common' returned '0': CMAKE_PREFIX_PATH=${CMAKE_PREFIX_PATH}:/home/shelfer/my_ros2_ws/install/py_pkg:/home/shelfer/my_ros2_ws/install/cugo_controller:/opt/ros/humble /usr/bin/cmake --build /home/shelfer/my_ros2_ws/build/ps_ros2_common -- -j4 -l4
[79.748s] Invoking command in '/home/shelfer/my_ros2_ws/build/ps_ros2_common': CMAKE_PREFIX_PATH=${CMAKE_PREFIX_PATH}:/home/shelfer/my_ros2_ws/install/py_pkg:/home/shelfer/my_ros2_ws/install/cugo_controller:/opt/ros/humble /usr/bin/cmake --install /home/shelfer/my_ros2_ws/build/ps_ros2_common
[79.789s] -- Install configuration: ""
[79.804s] -- Execute custom install script
[79.805s] -- Symlinking: /home/shelfer/my_ros2_ws/install/ps_ros2_common/lib/ps_ros2_common/joy_test
[79.863s] -- Symlinking: /home/shelfer/my_ros2_ws/install/ps_ros2_common/share/ps_ros2_common/launch/test.launch.py
[79.904s] -- Symlinking: /home/shelfer/my_ros2_ws/install/ps_ros2_common/share/ps_ros2_common/launch/test_composable.launch.py
[79.954s] -- Symlinking: /home/shelfer/my_ros2_ws/install/ps_ros2_common/share/ament_index/resource_index/package_run_dependencies/ps_ros2_common
[79.996s] -- Symlinking: /home/shelfer/my_ros2_ws/install/ps_ros2_common/share/ament_index/resource_index/parent_prefix_path/ps_ros2_common
[80.035s] -- Symlinking: /home/shelfer/my_ros2_ws/install/ps_ros2_common/share/ps_ros2_common/environment/ament_prefix_path.sh
[80.071s] -- Symlinking: /home/shelfer/my_ros2_ws/install/ps_ros2_common/share/ps_ros2_common/environment/ament_prefix_path.dsv
[80.111s] -- Symlinking: /home/shelfer/my_ros2_ws/install/ps_ros2_common/share/ps_ros2_common/environment/path.sh
[80.146s] -- Symlinking: /home/shelfer/my_ros2_ws/install/ps_ros2_common/share/ps_ros2_common/environment/path.dsv
[80.190s] -- Symlinking: /home/shelfer/my_ros2_ws/install/ps_ros2_common/share/ps_ros2_common/local_setup.bash
[80.222s] -- Symlinking: /home/shelfer/my_ros2_ws/install/ps_ros2_common/share/ps_ros2_common/local_setup.sh
[80.259s] -- Symlinking: /home/shelfer/my_ros2_ws/install/ps_ros2_common/share/ps_ros2_common/local_setup.zsh
[80.297s] -- Symlinking: /home/shelfer/my_ros2_ws/install/ps_ros2_common/share/ps_ros2_common/local_setup.dsv
[80.335s] -- Symlinking: /home/shelfer/my_ros2_ws/install/ps_ros2_common/share/ps_ros2_common/package.dsv
[80.373s] -- Symlinking: /home/shelfer/my_ros2_ws/install/ps_ros2_common/share/ament_index/resource_index/packages/ps_ros2_common
[80.414s] -- Symlinking: /home/shelfer/my_ros2_ws/install/ps_ros2_common/share/ament_index/resource_index/rclcpp_components/ps_ros2_common
[80.451s] -- Symlinking: /home/shelfer/my_ros2_ws/install/ps_ros2_common/share/ps_ros2_common/cmake/ps_ros2_commonConfig.cmake
[80.488s] -- Symlinking: /home/shelfer/my_ros2_ws/install/ps_ros2_common/share/ps_ros2_common/cmake/ps_ros2_commonConfig-version.cmake
[80.527s] -- Symlinking: /home/shelfer/my_ros2_ws/install/ps_ros2_common/share/ps_ros2_common/package.xml
[80.564s] -- Installing: /home/shelfer/my_ros2_ws/install/ps_ros2_common/lib/libps_ros2_common.so
[80.622s] -- Set runtime path of "/home/shelfer/my_ros2_ws/install/ps_ros2_common/lib/libps_ros2_common.so" to ""
[80.639s] Invoked command in '/home/shelfer/my_ros2_ws/build/ps_ros2_common' returned '0': CMAKE_PREFIX_PATH=${CMAKE_PREFIX_PATH}:/home/shelfer/my_ros2_ws/install/py_pkg:/home/shelfer/my_ros2_ws/install/cugo_controller:/opt/ros/humble /usr/bin/cmake --install /home/shelfer/my_ros2_ws/build/ps_ros2_common
