[0.197s] Invoking command in '/home/shelfer/my_ros2_ws/src/build/controller_interfaces': CMAKE_PREFIX_PATH=${CMAKE_PREFIX_PATH}:/home/shelfer/my_ros2_ws/install/py_pkg:/home/shelfer/my_ros2_ws/install/cugo_controller:/opt/ros/humble /usr/bin/cmake /home/shelfer/my_ros2_ws/src/controller_interfaces -DAMENT_CMAKE_SYMLINK_INSTALL=1 -DCMAKE_INSTALL_PREFIX=/home/shelfer/my_ros2_ws/src/install/controller_interfaces
[1.817s] -- The C compiler identification is GNU 11.3.0
[1.821s] -- The CXX compiler identification is GNU 11.3.0
[1.890s] -- Detecting C compiler ABI info
[2.440s] -- Detecting C compiler ABI info - done
[2.490s] -- Check for working C compiler: /usr/bin/cc - skipped
[2.496s] -- Detecting C compile features
[2.503s] -- Detecting C compile features - done
[2.529s] -- Detecting CXX compiler ABI info
[3.070s] -- Detecting CXX compiler ABI info - done
[3.104s] -- Check for working CXX compiler: /usr/bin/c++ - skipped
[3.105s] -- Detecting CXX compile features
[3.107s] -- Detecting CXX compile features - done
[3.160s] -- Found ament_cmake: 1.3.3 (/opt/ros/humble/share/ament_cmake/cmake)
[4.628s] -- Found Python3: /usr/bin/python3.10 (found version "3.10.6") found components: Interpreter 
[5.279s] -- Override CMake install command with custom implementation using symlinks instead of copying resources
[5.925s] -- Found rosidl_default_generators: 1.2.0 (/opt/ros/humble/share/rosidl_default_generators/cmake)
[5.973s] -- Using all available rosidl_typesupport_c: rosidl_typesupport_fastrtps_c;rosidl_typesupport_introspection_c
[6.086s] -- Found rosidl_adapter: 3.1.4 (/opt/ros/humble/share/rosidl_adapter/cmake)
[6.624s] -- Using all available rosidl_typesupport_cpp: rosidl_typesupport_fastrtps_cpp;rosidl_typesupport_introspection_cpp
[8.628s] -- Found ament_cmake_ros: 0.10.0 (/opt/ros/humble/share/ament_cmake_ros/cmake)
[9.844s] -- Using all available rosidl_typesupport_c: rosidl_typesupport_fastrtps_c;rosidl_typesupport_introspection_c
[11.948s] -- Using all available rosidl_typesupport_cpp: rosidl_typesupport_fastrtps_cpp;rosidl_typesupport_introspection_cpp
[12.096s] -- Found PythonInterp: /usr/bin/python3 (found suitable version "3.10.6", minimum required is "3.6") 
[12.128s] -- Found python_cmake_module: 0.10.0 (/opt/ros/humble/share/python_cmake_module/cmake)
[12.310s] -- Found PythonLibs: /usr/lib/aarch64-linux-gnu/libpython3.10.so (found suitable version "3.10.6", minimum required is "3.5") 
[12.312s] -- Using PYTHON_EXECUTABLE: /usr/bin/python3
[12.313s] -- Using PYTHON_INCLUDE_DIRS: /usr/include/python3.10
[12.313s] -- Using PYTHON_LIBRARIES: /usr/lib/aarch64-linux-gnu/libpython3.10.so
[12.442s] -- Found PythonExtra: .so  
[12.698s] -- Found ament_lint_auto: 0.12.5 (/opt/ros/humble/share/ament_lint_auto/cmake)
[13.027s] -- Added test 'lint_cmake' to check CMake code style
[13.042s] -- Added test 'xmllint' to check XML markup files
[13.074s] -- Configuring done
[13.280s] -- Generating done
[13.292s] -- Build files have been written to: /home/shelfer/my_ros2_ws/src/build/controller_interfaces
[13.314s] Invoked command in '/home/shelfer/my_ros2_ws/src/build/controller_interfaces' returned '0': CMAKE_PREFIX_PATH=${CMAKE_PREFIX_PATH}:/home/shelfer/my_ros2_ws/install/py_pkg:/home/shelfer/my_ros2_ws/install/cugo_controller:/opt/ros/humble /usr/bin/cmake /home/shelfer/my_ros2_ws/src/controller_interfaces -DAMENT_CMAKE_SYMLINK_INSTALL=1 -DCMAKE_INSTALL_PREFIX=/home/shelfer/my_ros2_ws/src/install/controller_interfaces
[13.326s] Invoking command in '/home/shelfer/my_ros2_ws/src/build/controller_interfaces': CMAKE_PREFIX_PATH=${CMAKE_PREFIX_PATH}:/home/shelfer/my_ros2_ws/install/py_pkg:/home/shelfer/my_ros2_ws/install/cugo_controller:/opt/ros/humble /usr/bin/cmake --build /home/shelfer/my_ros2_ws/src/build/controller_interfaces -- -j4 -l4
[13.519s] [  3%] [34m[1mGenerating C code for ROS interfaces[0m
[13.565s] [  6%] [34m[1mGenerating C++ code for ROS interfaces[0m
[13.851s] [  6%] Built target ament_cmake_python_symlink_controller_interfaces
[15.584s] [  6%] Built target controller_interfaces__cpp
[15.628s] [  9%] [32mBuilding C object CMakeFiles/controller_interfaces__rosidl_generator_c.dir/rosidl_generator_c/controller_interfaces/msg/detail/num__functions.c.o[0m
[15.730s] [ 12%] [34m[1mGenerating C++ introspection for ROS interfaces[0m
[15.735s] [ 16%] [34m[1mGenerating C++ type support dispatch for ROS interfaces[0m
[16.274s] [ 19%] [32m[1mLinking C shared library libcontroller_interfaces__rosidl_generator_c.so[0m
[16.705s] [ 19%] Built target controller_interfaces__rosidl_generator_c
[16.760s] [ 22%] [34m[1mGenerating C++ type support for eProsima Fast-RTPS[0m
[17.379s] running egg_info
[17.382s] creating controller_interfaces.egg-info
[17.384s] writing controller_interfaces.egg-info/PKG-INFO
[17.396s] writing dependency_links to controller_interfaces.egg-info/dependency_links.txt
[17.398s] writing top-level names to controller_interfaces.egg-info/top_level.txt
[17.400s] writing manifest file 'controller_interfaces.egg-info/SOURCES.txt'
[17.443s] reading manifest file 'controller_interfaces.egg-info/SOURCES.txt'
[17.451s] writing manifest file 'controller_interfaces.egg-info/SOURCES.txt'
[17.959s] [ 22%] Built target ament_cmake_python_build_controller_interfaces_egg
[18.039s] [ 25%] [34m[1mGenerating C type support for eProsima Fast-RTPS[0m
[18.230s] [ 29%] [32mBuilding CXX object CMakeFiles/controller_interfaces__rosidl_typesupport_introspection_cpp.dir/rosidl_typesupport_introspection_cpp/controller_interfaces/msg/detail/num__type_support.cpp.o[0m
[18.398s] [ 32%] [32mBuilding CXX object CMakeFiles/controller_interfaces__rosidl_typesupport_cpp.dir/rosidl_typesupport_cpp/controller_interfaces/msg/num__type_support.cpp.o[0m
[19.031s] [ 35%] [32mBuilding CXX object CMakeFiles/controller_interfaces__rosidl_typesupport_fastrtps_cpp.dir/rosidl_typesupport_fastrtps_cpp/controller_interfaces/msg/detail/dds_fastrtps/num__type_support.cpp.o[0m
[21.114s] [ 38%] [32mBuilding CXX object CMakeFiles/controller_interfaces__rosidl_typesupport_fastrtps_c.dir/rosidl_typesupport_fastrtps_c/controller_interfaces/msg/detail/num__type_support_c.cpp.o[0m
[22.653s] [ 41%] [32m[1mLinking CXX shared library libcontroller_interfaces__rosidl_typesupport_cpp.so[0m
[23.283s] [ 41%] Built target controller_interfaces__rosidl_typesupport_cpp
[23.347s] [ 45%] [34m[1mGenerating C introspection for ROS interfaces[0m
[23.432s] [ 48%] [32m[1mLinking CXX shared library libcontroller_interfaces__rosidl_typesupport_fastrtps_cpp.so[0m
[23.987s] [ 51%] [32m[1mLinking CXX shared library libcontroller_interfaces__rosidl_typesupport_introspection_cpp.so[0m
[24.561s] [ 51%] Built target controller_interfaces__rosidl_typesupport_introspection_cpp
[24.722s] [ 51%] Built target controller_interfaces__rosidl_typesupport_fastrtps_cpp
[24.749s] [ 54%] [34m[1mGenerating C type support dispatch for ROS interfaces[0m
[25.539s] [ 58%] [32m[1mLinking CXX shared library libcontroller_interfaces__rosidl_typesupport_fastrtps_c.so[0m
[26.698s] [ 58%] Built target controller_interfaces__rosidl_typesupport_fastrtps_c
[26.789s] [ 61%] [32mBuilding C object CMakeFiles/controller_interfaces__rosidl_typesupport_introspection_c.dir/rosidl_typesupport_introspection_c/controller_interfaces/msg/detail/num__type_support.c.o[0m
[27.202s] [ 64%] [32m[1mLinking C shared library libcontroller_interfaces__rosidl_typesupport_introspection_c.so[0m
[27.322s] [ 67%] [32mBuilding CXX object CMakeFiles/controller_interfaces__rosidl_typesupport_c.dir/rosidl_typesupport_c/controller_interfaces/msg/num__type_support.cpp.o[0m
[27.581s] [ 70%] [32m[1mLinking CXX shared library libcontroller_interfaces__rosidl_typesupport_c.so[0m
[27.648s] [ 70%] Built target controller_interfaces__rosidl_typesupport_introspection_c
[27.950s] [ 70%] Built target controller_interfaces__rosidl_typesupport_c
[28.244s] [ 70%] Built target controller_interfaces
[28.545s] [ 74%] [34m[1mGenerating Python code for ROS interfaces[0m
[31.244s] [ 74%] Built target controller_interfaces__py
[31.370s] [ 77%] [32mBuilding C object CMakeFiles/controller_interfaces__rosidl_generator_py.dir/rosidl_generator_py/controller_interfaces/msg/_num_s.c.o[0m
[32.256s] [ 80%] [32m[1mLinking C shared library rosidl_generator_py/controller_interfaces/libcontroller_interfaces__rosidl_generator_py.so[0m
[32.545s] [ 80%] Built target controller_interfaces__rosidl_generator_py
[32.688s] [ 83%] [32mBuilding C object CMakeFiles/controller_interfaces__rosidl_typesupport_fastrtps_c__pyext.dir/rosidl_generator_py/controller_interfaces/_controller_interfaces_s.ep.rosidl_typesupport_fastrtps_c.c.o[0m
[32.833s] [ 87%] [32mBuilding C object CMakeFiles/controller_interfaces__rosidl_typesupport_introspection_c__pyext.dir/rosidl_generator_py/controller_interfaces/_controller_interfaces_s.ep.rosidl_typesupport_introspection_c.c.o[0m
[32.860s] [ 90%] [32mBuilding C object CMakeFiles/controller_interfaces__rosidl_typesupport_c__pyext.dir/rosidl_generator_py/controller_interfaces/_controller_interfaces_s.ep.rosidl_typesupport_c.c.o[0m
[33.618s] [ 93%] [32m[1mLinking C shared library rosidl_generator_py/controller_interfaces/controller_interfaces_s__rosidl_typesupport_fastrtps_c.cpython-310-aarch64-linux-gnu.so[0m
[33.731s] [ 96%] [32m[1mLinking C shared library rosidl_generator_py/controller_interfaces/controller_interfaces_s__rosidl_typesupport_c.cpython-310-aarch64-linux-gnu.so[0m
[33.907s] [100%] [32m[1mLinking C shared library rosidl_generator_py/controller_interfaces/controller_interfaces_s__rosidl_typesupport_introspection_c.cpython-310-aarch64-linux-gnu.so[0m
[34.076s] [100%] Built target controller_interfaces__rosidl_typesupport_fastrtps_c__pyext
[34.127s] [100%] Built target controller_interfaces__rosidl_typesupport_c__pyext
[34.245s] [100%] Built target controller_interfaces__rosidl_typesupport_introspection_c__pyext
[34.321s] Invoked command in '/home/shelfer/my_ros2_ws/src/build/controller_interfaces' returned '0': CMAKE_PREFIX_PATH=${CMAKE_PREFIX_PATH}:/home/shelfer/my_ros2_ws/install/py_pkg:/home/shelfer/my_ros2_ws/install/cugo_controller:/opt/ros/humble /usr/bin/cmake --build /home/shelfer/my_ros2_ws/src/build/controller_interfaces -- -j4 -l4
[34.903s] Invoking command in '/home/shelfer/my_ros2_ws/src/build/controller_interfaces': CMAKE_PREFIX_PATH=${CMAKE_PREFIX_PATH}:/home/shelfer/my_ros2_ws/install/py_pkg:/home/shelfer/my_ros2_ws/install/cugo_controller:/opt/ros/humble /usr/bin/cmake --install /home/shelfer/my_ros2_ws/src/build/controller_interfaces
[34.953s] -- Install configuration: ""
[34.966s] -- Execute custom install script
[34.971s] -- Symlinking: /home/shelfer/my_ros2_ws/src/install/controller_interfaces/share/ament_index/resource_index/rosidl_interfaces/controller_interfaces
[35.025s] -- Symlinking: /home/shelfer/my_ros2_ws/src/install/controller_interfaces/include/controller_interfaces/controller_interfaces/msg/detail/num__functions.h
[35.080s] -- Symlinking: /home/shelfer/my_ros2_ws/src/install/controller_interfaces/include/controller_interfaces/controller_interfaces/msg/detail/num__struct.h
[35.134s] -- Symlinking: /home/shelfer/my_ros2_ws/src/install/controller_interfaces/include/controller_interfaces/controller_interfaces/msg/detail/num__type_support.h
[35.187s] -- Symlinking: /home/shelfer/my_ros2_ws/src/install/controller_interfaces/include/controller_interfaces/controller_interfaces/msg/num.h
[35.242s] -- Symlinking: /home/shelfer/my_ros2_ws/src/install/controller_interfaces/include/controller_interfaces/controller_interfaces/msg/rosidl_generator_c__visibility_control.h
[35.297s] -- Symlinking: /home/shelfer/my_ros2_ws/src/install/controller_interfaces/share/controller_interfaces/environment/library_path.sh
[35.353s] -- Symlinking: /home/shelfer/my_ros2_ws/src/install/controller_interfaces/share/controller_interfaces/environment/library_path.dsv
[35.411s] -- Symlinking: /home/shelfer/my_ros2_ws/src/install/controller_interfaces/include/controller_interfaces/controller_interfaces/msg/detail/num__rosidl_typesupport_fastrtps_c.h
[35.465s] -- Symlinking: /home/shelfer/my_ros2_ws/src/install/controller_interfaces/include/controller_interfaces/controller_interfaces/msg/rosidl_typesupport_fastrtps_c__visibility_control.h
[35.523s] -- Symlinking: /home/shelfer/my_ros2_ws/src/install/controller_interfaces/include/controller_interfaces/controller_interfaces/msg/detail/num__rosidl_typesupport_introspection_c.h
[35.581s] -- Symlinking: /home/shelfer/my_ros2_ws/src/install/controller_interfaces/include/controller_interfaces/controller_interfaces/msg/rosidl_typesupport_introspection_c__visibility_control.h
[35.637s] -- Symlinking: /home/shelfer/my_ros2_ws/src/install/controller_interfaces/include/controller_interfaces/controller_interfaces/msg/detail/num__builder.hpp
[35.694s] -- Symlinking: /home/shelfer/my_ros2_ws/src/install/controller_interfaces/include/controller_interfaces/controller_interfaces/msg/detail/num__struct.hpp
[35.755s] -- Symlinking: /home/shelfer/my_ros2_ws/src/install/controller_interfaces/include/controller_interfaces/controller_interfaces/msg/detail/num__traits.hpp
[35.811s] -- Symlinking: /home/shelfer/my_ros2_ws/src/install/controller_interfaces/include/controller_interfaces/controller_interfaces/msg/num.hpp
[35.867s] -- Symlinking: /home/shelfer/my_ros2_ws/src/install/controller_interfaces/include/controller_interfaces/controller_interfaces/msg/detail/num__rosidl_typesupport_fastrtps_cpp.hpp
[35.919s] -- Symlinking: /home/shelfer/my_ros2_ws/src/install/controller_interfaces/include/controller_interfaces/controller_interfaces/msg/rosidl_typesupport_fastrtps_cpp__visibility_control.h
[35.974s] -- Symlinking: /home/shelfer/my_ros2_ws/src/install/controller_interfaces/include/controller_interfaces/controller_interfaces/msg/detail/num__rosidl_typesupport_introspection_cpp.hpp
[36.026s] -- Symlinking: /home/shelfer/my_ros2_ws/src/install/controller_interfaces/share/controller_interfaces/environment/pythonpath.sh
[36.081s] -- Symlinking: /home/shelfer/my_ros2_ws/src/install/controller_interfaces/share/controller_interfaces/environment/pythonpath.dsv
[36.136s] -- Symlinking: /home/shelfer/my_ros2_ws/src/install/controller_interfaces/local/lib/python3.10/dist-packages/controller_interfaces-0.0.0-py3.10.egg-info/PKG-INFO
[36.200s] -- Symlinking: /home/shelfer/my_ros2_ws/src/install/controller_interfaces/local/lib/python3.10/dist-packages/controller_interfaces-0.0.0-py3.10.egg-info/SOURCES.txt
[36.255s] -- Symlinking: /home/shelfer/my_ros2_ws/src/install/controller_interfaces/local/lib/python3.10/dist-packages/controller_interfaces-0.0.0-py3.10.egg-info/dependency_links.txt
[36.315s] -- Symlinking: /home/shelfer/my_ros2_ws/src/install/controller_interfaces/local/lib/python3.10/dist-packages/controller_interfaces-0.0.0-py3.10.egg-info/top_level.txt
[36.374s] -- Symlinking: /home/shelfer/my_ros2_ws/src/install/controller_interfaces/local/lib/python3.10/dist-packages/controller_interfaces/__init__.py
[36.429s] -- Symlinking: /home/shelfer/my_ros2_ws/src/install/controller_interfaces/local/lib/python3.10/dist-packages/controller_interfaces/_controller_interfaces_s.ep.rosidl_typesupport_c.c
[36.488s] -- Symlinking: /home/shelfer/my_ros2_ws/src/install/controller_interfaces/local/lib/python3.10/dist-packages/controller_interfaces/_controller_interfaces_s.ep.rosidl_typesupport_fastrtps_c.c
[36.544s] -- Symlinking: /home/shelfer/my_ros2_ws/src/install/controller_interfaces/local/lib/python3.10/dist-packages/controller_interfaces/_controller_interfaces_s.ep.rosidl_typesupport_introspection_c.c
[36.602s] -- Symlinking: /home/shelfer/my_ros2_ws/src/install/controller_interfaces/local/lib/python3.10/dist-packages/controller_interfaces/controller_interfaces_s__rosidl_typesupport_c.cpython-310-aarch64-linux-gnu.so
[36.659s] -- Symlinking: /home/shelfer/my_ros2_ws/src/install/controller_interfaces/local/lib/python3.10/dist-packages/controller_interfaces/controller_interfaces_s__rosidl_typesupport_fastrtps_c.cpython-310-aarch64-linux-gnu.so
[36.718s] -- Symlinking: /home/shelfer/my_ros2_ws/src/install/controller_interfaces/local/lib/python3.10/dist-packages/controller_interfaces/controller_interfaces_s__rosidl_typesupport_introspection_c.cpython-310-aarch64-linux-gnu.so
[36.776s] -- Symlinking: /home/shelfer/my_ros2_ws/src/install/controller_interfaces/local/lib/python3.10/dist-packages/controller_interfaces/libcontroller_interfaces__rosidl_generator_py.so
[36.827s] -- Symlinking: /home/shelfer/my_ros2_ws/src/install/controller_interfaces/local/lib/python3.10/dist-packages/controller_interfaces/msg/__init__.py
[36.882s] -- Symlinking: /home/shelfer/my_ros2_ws/src/install/controller_interfaces/local/lib/python3.10/dist-packages/controller_interfaces/msg/_num.py
[36.933s] -- Symlinking: /home/shelfer/my_ros2_ws/src/install/controller_interfaces/local/lib/python3.10/dist-packages/controller_interfaces/msg/_num_s.c
[36.987s] -- Up-to-date symlink: /home/shelfer/my_ros2_ws/src/install/controller_interfaces/local/lib/python3.10/dist-packages/controller_interfaces/controller_interfaces_s__rosidl_typesupport_fastrtps_c.cpython-310-aarch64-linux-gnu.so
[36.993s] -- Up-to-date symlink: /home/shelfer/my_ros2_ws/src/install/controller_interfaces/local/lib/python3.10/dist-packages/controller_interfaces/controller_interfaces_s__rosidl_typesupport_introspection_c.cpython-310-aarch64-linux-gnu.so
[36.998s] -- Up-to-date symlink: /home/shelfer/my_ros2_ws/src/install/controller_interfaces/local/lib/python3.10/dist-packages/controller_interfaces/controller_interfaces_s__rosidl_typesupport_c.cpython-310-aarch64-linux-gnu.so
[37.003s] -- Symlinking: /home/shelfer/my_ros2_ws/src/install/controller_interfaces/share/controller_interfaces/msg/Num.idl
[37.059s] -- Symlinking: /home/shelfer/my_ros2_ws/src/install/controller_interfaces/share/controller_interfaces/msg/Num.msg
[37.119s] -- Symlinking: /home/shelfer/my_ros2_ws/src/install/controller_interfaces/share/ament_index/resource_index/package_run_dependencies/controller_interfaces
[37.183s] -- Symlinking: /home/shelfer/my_ros2_ws/src/install/controller_interfaces/share/ament_index/resource_index/parent_prefix_path/controller_interfaces
[37.242s] -- Symlinking: /home/shelfer/my_ros2_ws/src/install/controller_interfaces/share/controller_interfaces/environment/ament_prefix_path.sh
[37.310s] -- Symlinking: /home/shelfer/my_ros2_ws/src/install/controller_interfaces/share/controller_interfaces/environment/ament_prefix_path.dsv
[37.379s] -- Symlinking: /home/shelfer/my_ros2_ws/src/install/controller_interfaces/share/controller_interfaces/environment/path.sh
[37.446s] -- Symlinking: /home/shelfer/my_ros2_ws/src/install/controller_interfaces/share/controller_interfaces/environment/path.dsv
[37.519s] -- Symlinking: /home/shelfer/my_ros2_ws/src/install/controller_interfaces/share/controller_interfaces/local_setup.bash
[37.596s] -- Symlinking: /home/shelfer/my_ros2_ws/src/install/controller_interfaces/share/controller_interfaces/local_setup.sh
[37.663s] -- Symlinking: /home/shelfer/my_ros2_ws/src/install/controller_interfaces/share/controller_interfaces/local_setup.zsh
[37.734s] -- Symlinking: /home/shelfer/my_ros2_ws/src/install/controller_interfaces/share/controller_interfaces/local_setup.dsv
[37.806s] -- Symlinking: /home/shelfer/my_ros2_ws/src/install/controller_interfaces/share/controller_interfaces/package.dsv
[37.876s] -- Symlinking: /home/shelfer/my_ros2_ws/src/install/controller_interfaces/share/ament_index/resource_index/packages/controller_interfaces
[37.947s] -- Symlinking: /home/shelfer/my_ros2_ws/src/install/controller_interfaces/share/controller_interfaces/cmake/rosidl_cmake-extras.cmake
[38.011s] -- Symlinking: /home/shelfer/my_ros2_ws/src/install/controller_interfaces/share/controller_interfaces/cmake/ament_cmake_export_include_directories-extras.cmake
[38.074s] -- Symlinking: /home/shelfer/my_ros2_ws/src/install/controller_interfaces/share/controller_interfaces/cmake/ament_cmake_export_libraries-extras.cmake
[38.133s] -- Symlinking: /home/shelfer/my_ros2_ws/src/install/controller_interfaces/share/controller_interfaces/cmake/ament_cmake_export_targets-extras.cmake
[38.196s] -- Symlinking: /home/shelfer/my_ros2_ws/src/install/controller_interfaces/share/controller_interfaces/cmake/rosidl_cmake_export_typesupport_targets-extras.cmake
[38.260s] -- Symlinking: /home/shelfer/my_ros2_ws/src/install/controller_interfaces/share/controller_interfaces/cmake/ament_cmake_export_dependencies-extras.cmake
[38.323s] -- Symlinking: /home/shelfer/my_ros2_ws/src/install/controller_interfaces/share/controller_interfaces/cmake/rosidl_cmake_export_typesupport_libraries-extras.cmake
[38.386s] -- Symlinking: /home/shelfer/my_ros2_ws/src/install/controller_interfaces/share/controller_interfaces/cmake/controller_interfacesConfig.cmake
[38.443s] -- Symlinking: /home/shelfer/my_ros2_ws/src/install/controller_interfaces/share/controller_interfaces/cmake/controller_interfacesConfig-version.cmake
[38.507s] -- Symlinking: /home/shelfer/my_ros2_ws/src/install/controller_interfaces/share/controller_interfaces/package.xml
[38.562s] -- Installing: /home/shelfer/my_ros2_ws/src/install/controller_interfaces/lib/libcontroller_interfaces__rosidl_generator_c.so
[38.568s] -- Set runtime path of "/home/shelfer/my_ros2_ws/src/install/controller_interfaces/lib/libcontroller_interfaces__rosidl_generator_c.so" to ""
[38.570s] -- Installing: /home/shelfer/my_ros2_ws/src/install/controller_interfaces/lib/libcontroller_interfaces__rosidl_typesupport_fastrtps_c.so
[38.576s] -- Set runtime path of "/home/shelfer/my_ros2_ws/src/install/controller_interfaces/lib/libcontroller_interfaces__rosidl_typesupport_fastrtps_c.so" to ""
[38.580s] -- Installing: /home/shelfer/my_ros2_ws/src/install/controller_interfaces/lib/libcontroller_interfaces__rosidl_typesupport_introspection_c.so
[38.586s] -- Set runtime path of "/home/shelfer/my_ros2_ws/src/install/controller_interfaces/lib/libcontroller_interfaces__rosidl_typesupport_introspection_c.so" to ""
[38.589s] -- Installing: /home/shelfer/my_ros2_ws/src/install/controller_interfaces/lib/libcontroller_interfaces__rosidl_typesupport_c.so
[38.594s] -- Set runtime path of "/home/shelfer/my_ros2_ws/src/install/controller_interfaces/lib/libcontroller_interfaces__rosidl_typesupport_c.so" to ""
[38.597s] -- Installing: /home/shelfer/my_ros2_ws/src/install/controller_interfaces/lib/libcontroller_interfaces__rosidl_typesupport_fastrtps_cpp.so
[38.602s] -- Set runtime path of "/home/shelfer/my_ros2_ws/src/install/controller_interfaces/lib/libcontroller_interfaces__rosidl_typesupport_fastrtps_cpp.so" to ""
[38.605s] -- Installing: /home/shelfer/my_ros2_ws/src/install/controller_interfaces/lib/libcontroller_interfaces__rosidl_typesupport_introspection_cpp.so
[38.610s] -- Set runtime path of "/home/shelfer/my_ros2_ws/src/install/controller_interfaces/lib/libcontroller_interfaces__rosidl_typesupport_introspection_cpp.so" to ""
[38.613s] -- Installing: /home/shelfer/my_ros2_ws/src/install/controller_interfaces/lib/libcontroller_interfaces__rosidl_typesupport_cpp.so
[38.618s] -- Set runtime path of "/home/shelfer/my_ros2_ws/src/install/controller_interfaces/lib/libcontroller_interfaces__rosidl_typesupport_cpp.so" to ""
[38.900s] Listing '/home/shelfer/my_ros2_ws/src/install/controller_interfaces/local/lib/python3.10/dist-packages/controller_interfaces'...
[38.902s] Compiling '/home/shelfer/my_ros2_ws/src/install/controller_interfaces/local/lib/python3.10/dist-packages/controller_interfaces/__init__.py'...
[38.903s] Listing '/home/shelfer/my_ros2_ws/src/install/controller_interfaces/local/lib/python3.10/dist-packages/controller_interfaces/msg'...
[38.904s] Compiling '/home/shelfer/my_ros2_ws/src/install/controller_interfaces/local/lib/python3.10/dist-packages/controller_interfaces/msg/__init__.py'...
[38.905s] Compiling '/home/shelfer/my_ros2_ws/src/install/controller_interfaces/local/lib/python3.10/dist-packages/controller_interfaces/msg/_num.py'...
[38.947s] -- Installing: /home/shelfer/my_ros2_ws/src/install/controller_interfaces/lib/libcontroller_interfaces__rosidl_generator_py.so
[38.963s] -- Set runtime path of "/home/shelfer/my_ros2_ws/src/install/controller_interfaces/lib/libcontroller_interfaces__rosidl_generator_py.so" to ""
[38.967s] -- Installing: /home/shelfer/my_ros2_ws/src/install/controller_interfaces/share/controller_interfaces/cmake/export_controller_interfaces__rosidl_generator_cExport.cmake
[38.971s] -- Installing: /home/shelfer/my_ros2_ws/src/install/controller_interfaces/share/controller_interfaces/cmake/export_controller_interfaces__rosidl_generator_cExport-noconfig.cmake
[38.976s] -- Installing: /home/shelfer/my_ros2_ws/src/install/controller_interfaces/share/controller_interfaces/cmake/export_controller_interfaces__rosidl_typesupport_fastrtps_cExport.cmake
[38.980s] -- Installing: /home/shelfer/my_ros2_ws/src/install/controller_interfaces/share/controller_interfaces/cmake/export_controller_interfaces__rosidl_typesupport_fastrtps_cExport-noconfig.cmake
[38.986s] -- Installing: /home/shelfer/my_ros2_ws/src/install/controller_interfaces/share/controller_interfaces/cmake/controller_interfaces__rosidl_typesupport_introspection_cExport.cmake
[38.990s] -- Installing: /home/shelfer/my_ros2_ws/src/install/controller_interfaces/share/controller_interfaces/cmake/controller_interfaces__rosidl_typesupport_introspection_cExport-noconfig.cmake
[38.994s] -- Installing: /home/shelfer/my_ros2_ws/src/install/controller_interfaces/share/controller_interfaces/cmake/controller_interfaces__rosidl_typesupport_cExport.cmake
[39.000s] -- Installing: /home/shelfer/my_ros2_ws/src/install/controller_interfaces/share/controller_interfaces/cmake/controller_interfaces__rosidl_typesupport_cExport-noconfig.cmake
[39.004s] -- Installing: /home/shelfer/my_ros2_ws/src/install/controller_interfaces/share/controller_interfaces/cmake/export_controller_interfaces__rosidl_generator_cppExport.cmake
[39.008s] -- Installing: /home/shelfer/my_ros2_ws/src/install/controller_interfaces/share/controller_interfaces/cmake/export_controller_interfaces__rosidl_typesupport_fastrtps_cppExport.cmake
[39.012s] -- Installing: /home/shelfer/my_ros2_ws/src/install/controller_interfaces/share/controller_interfaces/cmake/export_controller_interfaces__rosidl_typesupport_fastrtps_cppExport-noconfig.cmake
[39.017s] -- Installing: /home/shelfer/my_ros2_ws/src/install/controller_interfaces/share/controller_interfaces/cmake/controller_interfaces__rosidl_typesupport_introspection_cppExport.cmake
[39.021s] -- Installing: /home/shelfer/my_ros2_ws/src/install/controller_interfaces/share/controller_interfaces/cmake/controller_interfaces__rosidl_typesupport_introspection_cppExport-noconfig.cmake
[39.025s] -- Installing: /home/shelfer/my_ros2_ws/src/install/controller_interfaces/share/controller_interfaces/cmake/controller_interfaces__rosidl_typesupport_cppExport.cmake
[39.029s] -- Installing: /home/shelfer/my_ros2_ws/src/install/controller_interfaces/share/controller_interfaces/cmake/controller_interfaces__rosidl_typesupport_cppExport-noconfig.cmake
[39.033s] -- Installing: /home/shelfer/my_ros2_ws/src/install/controller_interfaces/share/controller_interfaces/cmake/export_controller_interfaces__rosidl_generator_pyExport.cmake
[39.037s] -- Installing: /home/shelfer/my_ros2_ws/src/install/controller_interfaces/share/controller_interfaces/cmake/export_controller_interfaces__rosidl_generator_pyExport-noconfig.cmake
[39.062s] Invoked command in '/home/shelfer/my_ros2_ws/src/build/controller_interfaces' returned '0': CMAKE_PREFIX_PATH=${CMAKE_PREFIX_PATH}:/home/shelfer/my_ros2_ws/install/py_pkg:/home/shelfer/my_ros2_ws/install/cugo_controller:/opt/ros/humble /usr/bin/cmake --install /home/shelfer/my_ros2_ws/src/build/controller_interfaces
