[2.011s] Invoking command in '/home/shelfer/my_ros2_ws/build/ps_ros2_common': CMAKE_PREFIX_PATH=${CMAKE_PREFIX_PATH}:/home/shelfer/study_ros2_ws/install/trial_topic:/home/shelfer/study_ros2_ws/install/trial_parameter:/home/shelfer/study_ros2_ws/install/test_imu:/opt/ros/humble /usr/bin/cmake --build /home/shelfer/my_ros2_ws/build/ps_ros2_common -- -j4 -l4
[2.401s] [ 50%] Built target joy_test
[2.428s] [100%] Built target ps_ros2_common
[2.490s] Invoked command in '/home/shelfer/my_ros2_ws/build/ps_ros2_common' returned '0': CMAKE_PREFIX_PATH=${CMAKE_PREFIX_PATH}:/home/shelfer/study_ros2_ws/install/trial_topic:/home/shelfer/study_ros2_ws/install/trial_parameter:/home/shelfer/study_ros2_ws/install/test_imu:/opt/ros/humble /usr/bin/cmake --build /home/shelfer/my_ros2_ws/build/ps_ros2_common -- -j4 -l4
[2.786s] Invoking command in '/home/shelfer/my_ros2_ws/build/ps_ros2_common': CMAKE_PREFIX_PATH=${CMAKE_PREFIX_PATH}:/home/shelfer/study_ros2_ws/install/trial_topic:/home/shelfer/study_ros2_ws/install/trial_parameter:/home/shelfer/study_ros2_ws/install/test_imu:/opt/ros/humble /usr/bin/cmake --install /home/shelfer/my_ros2_ws/build/ps_ros2_common
[2.819s] -- Install configuration: ""
[2.822s] -- Execute custom install script
[2.824s] -- Up-to-date symlink: /home/shelfer/my_ros2_ws/install/ps_ros2_common/lib/ps_ros2_common/joy_test
[2.827s] -- Up-to-date symlink: /home/shelfer/my_ros2_ws/install/ps_ros2_common/share/ps_ros2_common/launch/test.launch.py
[2.828s] -- Up-to-date symlink: /home/shelfer/my_ros2_ws/install/ps_ros2_common/share/ps_ros2_common/launch/test_composable.launch.py
[2.830s] -- Up-to-date symlink: /home/shelfer/my_ros2_ws/install/ps_ros2_common/share/ament_index/resource_index/package_run_dependencies/ps_ros2_common
[2.832s] -- Up-to-date symlink: /home/shelfer/my_ros2_ws/install/ps_ros2_common/share/ament_index/resource_index/parent_prefix_path/ps_ros2_common
[2.834s] -- Up-to-date symlink: /home/shelfer/my_ros2_ws/install/ps_ros2_common/share/ps_ros2_common/environment/ament_prefix_path.sh
[2.835s] -- Up-to-date symlink: /home/shelfer/my_ros2_ws/install/ps_ros2_common/share/ps_ros2_common/environment/ament_prefix_path.dsv
[2.836s] -- Up-to-date symlink: /home/shelfer/my_ros2_ws/install/ps_ros2_common/share/ps_ros2_common/environment/path.sh
[2.838s] -- Up-to-date symlink: /home/shelfer/my_ros2_ws/install/ps_ros2_common/share/ps_ros2_common/environment/path.dsv
[2.838s] -- Up-to-date symlink: /home/shelfer/my_ros2_ws/install/ps_ros2_common/share/ps_ros2_common/local_setup.bash
[2.839s] -- Up-to-date symlink: /home/shelfer/my_ros2_ws/install/ps_ros2_common/share/ps_ros2_common/local_setup.sh
[2.841s] -- Up-to-date symlink: /home/shelfer/my_ros2_ws/install/ps_ros2_common/share/ps_ros2_common/local_setup.zsh
[2.842s] -- Up-to-date symlink: /home/shelfer/my_ros2_ws/install/ps_ros2_common/share/ps_ros2_common/local_setup.dsv
[2.843s] -- Symlinking: /home/shelfer/my_ros2_ws/install/ps_ros2_common/share/ps_ros2_common/package.dsv
[2.887s] -- Up-to-date symlink: /home/shelfer/my_ros2_ws/install/ps_ros2_common/share/ament_index/resource_index/packages/ps_ros2_common
[2.889s] -- Up-to-date symlink: /home/shelfer/my_ros2_ws/install/ps_ros2_common/share/ament_index/resource_index/rclcpp_components/ps_ros2_common
[2.890s] -- Up-to-date symlink: /home/shelfer/my_ros2_ws/install/ps_ros2_common/share/ps_ros2_common/cmake/ps_ros2_commonConfig.cmake
[2.891s] -- Up-to-date symlink: /home/shelfer/my_ros2_ws/install/ps_ros2_common/share/ps_ros2_common/cmake/ps_ros2_commonConfig-version.cmake
[2.892s] -- Up-to-date symlink: /home/shelfer/my_ros2_ws/install/ps_ros2_common/share/ps_ros2_common/package.xml
[2.894s] -- Up-to-date: /home/shelfer/my_ros2_ws/install/ps_ros2_common/lib/libps_ros2_common.so
[2.909s] Invoked command in '/home/shelfer/my_ros2_ws/build/ps_ros2_common' returned '0': CMAKE_PREFIX_PATH=${CMAKE_PREFIX_PATH}:/home/shelfer/study_ros2_ws/install/trial_topic:/home/shelfer/study_ros2_ws/install/trial_parameter:/home/shelfer/study_ros2_ws/install/test_imu:/opt/ros/humble /usr/bin/cmake --install /home/shelfer/my_ros2_ws/build/ps_ros2_common
