[2.002s] Invoking command in '/home/shelfer/my_ros2_ws/build/ps_ros2_common': CMAKE_PREFIX_PATH=${CMAKE_PREFIX_PATH}:/home/shelfer/my_ros2_ws/install/test_imu:/home/shelfer/my_ros2_ws/install/cugo_controller:/opt/ros/humble /usr/bin/cmake --build /home/shelfer/my_ros2_ws/build/ps_ros2_common -- -j4 -l4
[2.456s] [ 50%] Built target joy_test
[2.484s] [100%] Built target ps_ros2_common
[2.577s] Invoked command in '/home/shelfer/my_ros2_ws/build/ps_ros2_common' returned '0': CMAKE_PREFIX_PATH=${CMAKE_PREFIX_PATH}:/home/shelfer/my_ros2_ws/install/test_imu:/home/shelfer/my_ros2_ws/install/cugo_controller:/opt/ros/humble /usr/bin/cmake --build /home/shelfer/my_ros2_ws/build/ps_ros2_common -- -j4 -l4
[2.819s] Invoking command in '/home/shelfer/my_ros2_ws/build/ps_ros2_common': CMAKE_PREFIX_PATH=${CMAKE_PREFIX_PATH}:/home/shelfer/my_ros2_ws/install/test_imu:/home/shelfer/my_ros2_ws/install/cugo_controller:/opt/ros/humble /usr/bin/cmake --install /home/shelfer/my_ros2_ws/build/ps_ros2_common
[2.868s] -- Install configuration: ""
[2.872s] -- Execute custom install script
[2.875s] -- Up-to-date symlink: /home/shelfer/my_ros2_ws/install/ps_ros2_common/lib/ps_ros2_common/joy_test
[2.879s] -- Up-to-date symlink: /home/shelfer/my_ros2_ws/install/ps_ros2_common/share/ps_ros2_common/launch/test.launch.py
[2.881s] -- Up-to-date symlink: /home/shelfer/my_ros2_ws/install/ps_ros2_common/share/ps_ros2_common/launch/test_composable.launch.py
[2.884s] -- Up-to-date symlink: /home/shelfer/my_ros2_ws/install/ps_ros2_common/share/ament_index/resource_index/package_run_dependencies/ps_ros2_common
[2.887s] -- Up-to-date symlink: /home/shelfer/my_ros2_ws/install/ps_ros2_common/share/ament_index/resource_index/parent_prefix_path/ps_ros2_common
[2.889s] -- Up-to-date symlink: /home/shelfer/my_ros2_ws/install/ps_ros2_common/share/ps_ros2_common/environment/ament_prefix_path.sh
[2.892s] -- Up-to-date symlink: /home/shelfer/my_ros2_ws/install/ps_ros2_common/share/ps_ros2_common/environment/ament_prefix_path.dsv
[2.894s] -- Up-to-date symlink: /home/shelfer/my_ros2_ws/install/ps_ros2_common/share/ps_ros2_common/environment/path.sh
[2.896s] -- Up-to-date symlink: /home/shelfer/my_ros2_ws/install/ps_ros2_common/share/ps_ros2_common/environment/path.dsv
[2.897s] -- Up-to-date symlink: /home/shelfer/my_ros2_ws/install/ps_ros2_common/share/ps_ros2_common/local_setup.bash
[2.898s] -- Up-to-date symlink: /home/shelfer/my_ros2_ws/install/ps_ros2_common/share/ps_ros2_common/local_setup.sh
[2.900s] -- Up-to-date symlink: /home/shelfer/my_ros2_ws/install/ps_ros2_common/share/ps_ros2_common/local_setup.zsh
[2.900s] -- Up-to-date symlink: /home/shelfer/my_ros2_ws/install/ps_ros2_common/share/ps_ros2_common/local_setup.dsv
[2.902s] -- Symlinking: /home/shelfer/my_ros2_ws/install/ps_ros2_common/share/ps_ros2_common/package.dsv
[2.949s] -- Up-to-date symlink: /home/shelfer/my_ros2_ws/install/ps_ros2_common/share/ament_index/resource_index/packages/ps_ros2_common
[2.953s] -- Up-to-date symlink: /home/shelfer/my_ros2_ws/install/ps_ros2_common/share/ament_index/resource_index/rclcpp_components/ps_ros2_common
[2.958s] -- Up-to-date symlink: /home/shelfer/my_ros2_ws/install/ps_ros2_common/share/ps_ros2_common/cmake/ps_ros2_commonConfig.cmake
[2.960s] -- Up-to-date symlink: /home/shelfer/my_ros2_ws/install/ps_ros2_common/share/ps_ros2_common/cmake/ps_ros2_commonConfig-version.cmake
[2.965s] -- Up-to-date symlink: /home/shelfer/my_ros2_ws/install/ps_ros2_common/share/ps_ros2_common/package.xml
[2.968s] -- Up-to-date: /home/shelfer/my_ros2_ws/install/ps_ros2_common/lib/libps_ros2_common.so
[2.983s] Invoked command in '/home/shelfer/my_ros2_ws/build/ps_ros2_common' returned '0': CMAKE_PREFIX_PATH=${CMAKE_PREFIX_PATH}:/home/shelfer/my_ros2_ws/install/test_imu:/home/shelfer/my_ros2_ws/install/cugo_controller:/opt/ros/humble /usr/bin/cmake --install /home/shelfer/my_ros2_ws/build/ps_ros2_common
