[2.097s] Invoking command in '/home/shelfer/my_ros2_ws/build/rt_usb_9axisimu_driver': CMAKE_PREFIX_PATH=${CMAKE_PREFIX_PATH}:/home/shelfer/my_ros2_ws/install/test_imu:/home/shelfer/my_ros2_ws/install/cugo_controller:/opt/ros/humble /usr/bin/cmake --build /home/shelfer/my_ros2_ws/build/rt_usb_9axisimu_driver -- -j4 -l4
[2.510s] [ 60%] Built target rt_usb_9axisimu_driver_component
[2.698s] [100%] Built target rt_usb_9axisimu_driver
[2.769s] Invoked command in '/home/shelfer/my_ros2_ws/build/rt_usb_9axisimu_driver' returned '0': CMAKE_PREFIX_PATH=${CMAKE_PREFIX_PATH}:/home/shelfer/my_ros2_ws/install/test_imu:/home/shelfer/my_ros2_ws/install/cugo_controller:/opt/ros/humble /usr/bin/cmake --build /home/shelfer/my_ros2_ws/build/rt_usb_9axisimu_driver -- -j4 -l4
[3.117s] Invoking command in '/home/shelfer/my_ros2_ws/build/rt_usb_9axisimu_driver': CMAKE_PREFIX_PATH=${CMAKE_PREFIX_PATH}:/home/shelfer/my_ros2_ws/install/test_imu:/home/shelfer/my_ros2_ws/install/cugo_controller:/opt/ros/humble /usr/bin/cmake --install /home/shelfer/my_ros2_ws/build/rt_usb_9axisimu_driver
[3.175s] -- Install configuration: ""
[3.177s] -- Execute custom install script
[3.179s] -- Up-to-date symlink: /home/shelfer/my_ros2_ws/install/rt_usb_9axisimu_driver/share/rt_usb_9axisimu_driver/environment/library_path.sh
[3.180s] -- Up-to-date symlink: /home/shelfer/my_ros2_ws/install/rt_usb_9axisimu_driver/share/rt_usb_9axisimu_driver/environment/library_path.dsv
[3.183s] -- Up-to-date symlink: /home/shelfer/my_ros2_ws/install/rt_usb_9axisimu_driver/include/rt_usb_9axisimu_driver/rt_usb_9axisimu.hpp
[3.184s] -- Up-to-date symlink: /home/shelfer/my_ros2_ws/install/rt_usb_9axisimu_driver/include/rt_usb_9axisimu_driver/rt_usb_9axisimu_driver.hpp
[3.185s] -- Up-to-date symlink: /home/shelfer/my_ros2_ws/install/rt_usb_9axisimu_driver/include/rt_usb_9axisimu_driver/rt_usb_9axisimu_driver_component.hpp
[3.187s] -- Up-to-date symlink: /home/shelfer/my_ros2_ws/install/rt_usb_9axisimu_driver/include/rt_usb_9axisimu_driver/visibility_control.h
[3.188s] -- Up-to-date symlink: /home/shelfer/my_ros2_ws/install/rt_usb_9axisimu_driver/lib/rt_usb_9axisimu_driver/rt_usb_9axisimu_driver
[3.190s] -- Up-to-date symlink: /home/shelfer/my_ros2_ws/install/rt_usb_9axisimu_driver/share/rt_usb_9axisimu_driver//launch/rt_usb_9axisimu_driver.launch.py
[3.198s] -- Up-to-date symlink: /home/shelfer/my_ros2_ws/install/rt_usb_9axisimu_driver/share/ament_index/resource_index/package_run_dependencies/rt_usb_9axisimu_driver
[3.200s] -- Up-to-date symlink: /home/shelfer/my_ros2_ws/install/rt_usb_9axisimu_driver/share/ament_index/resource_index/parent_prefix_path/rt_usb_9axisimu_driver
[3.201s] -- Up-to-date symlink: /home/shelfer/my_ros2_ws/install/rt_usb_9axisimu_driver/share/rt_usb_9axisimu_driver/environment/ament_prefix_path.sh
[3.203s] -- Up-to-date symlink: /home/shelfer/my_ros2_ws/install/rt_usb_9axisimu_driver/share/rt_usb_9axisimu_driver/environment/ament_prefix_path.dsv
[3.204s] -- Up-to-date symlink: /home/shelfer/my_ros2_ws/install/rt_usb_9axisimu_driver/share/rt_usb_9axisimu_driver/environment/path.sh
[3.206s] -- Up-to-date symlink: /home/shelfer/my_ros2_ws/install/rt_usb_9axisimu_driver/share/rt_usb_9axisimu_driver/environment/path.dsv
[3.207s] -- Up-to-date symlink: /home/shelfer/my_ros2_ws/install/rt_usb_9axisimu_driver/share/rt_usb_9axisimu_driver/local_setup.bash
[3.207s] -- Up-to-date symlink: /home/shelfer/my_ros2_ws/install/rt_usb_9axisimu_driver/share/rt_usb_9axisimu_driver/local_setup.sh
[3.208s] -- Up-to-date symlink: /home/shelfer/my_ros2_ws/install/rt_usb_9axisimu_driver/share/rt_usb_9axisimu_driver/local_setup.zsh
[3.209s] -- Up-to-date symlink: /home/shelfer/my_ros2_ws/install/rt_usb_9axisimu_driver/share/rt_usb_9axisimu_driver/local_setup.dsv
[3.209s] -- Symlinking: /home/shelfer/my_ros2_ws/install/rt_usb_9axisimu_driver/share/rt_usb_9axisimu_driver/package.dsv
[3.252s] -- Up-to-date symlink: /home/shelfer/my_ros2_ws/install/rt_usb_9axisimu_driver/share/ament_index/resource_index/packages/rt_usb_9axisimu_driver
[3.254s] -- Up-to-date symlink: /home/shelfer/my_ros2_ws/install/rt_usb_9axisimu_driver/share/ament_index/resource_index/rclcpp_components/rt_usb_9axisimu_driver
[3.255s] -- Up-to-date symlink: /home/shelfer/my_ros2_ws/install/rt_usb_9axisimu_driver/share/rt_usb_9axisimu_driver/cmake/ament_cmake_export_targets-extras.cmake
[3.256s] -- Up-to-date symlink: /home/shelfer/my_ros2_ws/install/rt_usb_9axisimu_driver/share/rt_usb_9axisimu_driver/cmake/ament_cmake_export_dependencies-extras.cmake
[3.258s] -- Up-to-date symlink: /home/shelfer/my_ros2_ws/install/rt_usb_9axisimu_driver/share/rt_usb_9axisimu_driver/cmake/ament_cmake_export_include_directories-extras.cmake
[3.259s] -- Up-to-date symlink: /home/shelfer/my_ros2_ws/install/rt_usb_9axisimu_driver/share/rt_usb_9axisimu_driver/cmake/ament_cmake_export_libraries-extras.cmake
[3.260s] -- Up-to-date symlink: /home/shelfer/my_ros2_ws/install/rt_usb_9axisimu_driver/share/rt_usb_9axisimu_driver/cmake/rt_usb_9axisimu_driverConfig.cmake
[3.261s] -- Up-to-date symlink: /home/shelfer/my_ros2_ws/install/rt_usb_9axisimu_driver/share/rt_usb_9axisimu_driver/cmake/rt_usb_9axisimu_driverConfig-version.cmake
[3.263s] -- Up-to-date symlink: /home/shelfer/my_ros2_ws/install/rt_usb_9axisimu_driver/share/rt_usb_9axisimu_driver/package.xml
[3.265s] -- Up-to-date: /home/shelfer/my_ros2_ws/install/rt_usb_9axisimu_driver/lib/librt_usb_9axisimu_driver_component.so
[3.267s] -- Up-to-date: /home/shelfer/my_ros2_ws/install/rt_usb_9axisimu_driver/share/rt_usb_9axisimu_driver/cmake/export_rt_usb_9axisimu_driverExport.cmake
[3.267s] -- Up-to-date: /home/shelfer/my_ros2_ws/install/rt_usb_9axisimu_driver/share/rt_usb_9axisimu_driver/cmake/export_rt_usb_9axisimu_driverExport-noconfig.cmake
[3.289s] Invoked command in '/home/shelfer/my_ros2_ws/build/rt_usb_9axisimu_driver' returned '0': CMAKE_PREFIX_PATH=${CMAKE_PREFIX_PATH}:/home/shelfer/my_ros2_ws/install/test_imu:/home/shelfer/my_ros2_ws/install/cugo_controller:/opt/ros/humble /usr/bin/cmake --install /home/shelfer/my_ros2_ws/build/rt_usb_9axisimu_driver
