[5.446s] Invoking command in '/home/shelfer/my_ros2_ws/build/cugo_controller': PYTHONPATH=/home/shelfer/my_ros2_ws/build/cugo_controller/prefix_override:/home/shelfer/my_ros2_ws/install/cugo_controller/lib/python3.10/site-packages:${PYTHONPATH} /usr/bin/python3 setup.py develop --editable --build-directory /home/shelfer/my_ros2_ws/build/cugo_controller/build --no-deps install_data
[7.012s] running develop
[8.200s] running egg_info
[8.201s] writing cugo_controller.egg-info/PKG-INFO
[8.202s] writing dependency_links to cugo_controller.egg-info/dependency_links.txt
[8.203s] writing entry points to cugo_controller.egg-info/entry_points.txt
[8.205s] writing requirements to cugo_controller.egg-info/requires.txt
[8.205s] writing top-level names to cugo_controller.egg-info/top_level.txt
[8.213s] reading manifest file 'cugo_controller.egg-info/SOURCES.txt'
[8.217s] writing manifest file 'cugo_controller.egg-info/SOURCES.txt'
[8.223s] running build_ext
[8.224s] Creating /home/shelfer/my_ros2_ws/install/cugo_controller/lib/python3.10/site-packages/cugo-controller.egg-link (link to .)
[8.228s] Installing cugo_controller script to /home/shelfer/my_ros2_ws/install/cugo_controller/lib/cugo_controller
[8.229s] Installing ps4_publisher script to /home/shelfer/my_ros2_ws/install/cugo_controller/lib/cugo_controller
[8.230s] Installing ultrasonic_client script to /home/shelfer/my_ros2_ws/install/cugo_controller/lib/cugo_controller
[8.232s] 
[8.232s] Installed /home/shelfer/my_ros2_ws/build/cugo_controller
[8.233s] running install_data
[8.234s] copying launch/cugo_launch.py -> /home/shelfer/my_ros2_ws/install/cugo_controller/share/cugo_controller
[8.424s] Invoked command in '/home/shelfer/my_ros2_ws/build/cugo_controller' returned '0': PYTHONPATH=/home/shelfer/my_ros2_ws/build/cugo_controller/prefix_override:/home/shelfer/my_ros2_ws/install/cugo_controller/lib/python3.10/site-packages:${PYTHONPATH} /usr/bin/python3 setup.py develop --editable --build-directory /home/shelfer/my_ros2_ws/build/cugo_controller/build --no-deps install_data
