[0.185s] Invoking command in '/home/shelfer/my_ros2_ws/build/controller_interfaces': CMAKE_PREFIX_PATH=${CMAKE_PREFIX_PATH}:/home/shelfer/my_ros2_ws/install/py_pkg:/home/shelfer/my_ros2_ws/install/cugo_controller:/opt/ros/humble /usr/bin/cmake /home/shelfer/my_ros2_ws/src/controller_interfaces -DAMENT_CMAKE_SYMLINK_INSTALL=1 -DCMAKE_INSTALL_PREFIX=/home/shelfer/my_ros2_ws/install/controller_interfaces
[1.919s] -- The C compiler identification is GNU 11.3.0
[1.921s] -- The CXX compiler identification is GNU 11.3.0
[1.922s] -- Detecting C compiler ABI info
[1.922s] -- Detecting C compiler ABI info - done
[1.923s] -- Check for working C compiler: /usr/bin/cc - skipped
[1.923s] -- Detecting C compile features
[1.924s] -- Detecting C compile features - done
[1.924s] -- Detecting CXX compiler ABI info
[1.924s] -- Detecting CXX compiler ABI info - done
[1.925s] -- Check for working CXX compiler: /usr/bin/c++ - skipped
[1.925s] -- Detecting CXX compile features
[1.925s] -- Detecting CXX compile features - done
[1.926s] -- Found ament_cmake: 1.3.3 (/opt/ros/humble/share/ament_cmake/cmake)
[3.047s] -- Found Python3: /usr/bin/python3.10 (found version "3.10.6") found components: Interpreter 
[3.552s] -- Override CMake install command with custom implementation using symlinks instead of copying resources
[4.042s] -- Found rosidl_default_generators: 1.2.0 (/opt/ros/humble/share/rosidl_default_generators/cmake)
[4.092s] -- Using all available rosidl_typesupport_c: rosidl_typesupport_fastrtps_c;rosidl_typesupport_introspection_c
[4.209s] -- Found rosidl_adapter: 3.1.4 (/opt/ros/humble/share/rosidl_adapter/cmake)
[4.815s] -- Using all available rosidl_typesupport_cpp: rosidl_typesupport_fastrtps_cpp;rosidl_typesupport_introspection_cpp
[6.974s] -- Found ament_cmake_ros: 0.10.0 (/opt/ros/humble/share/ament_cmake_ros/cmake)
[8.175s] -- Using all available rosidl_typesupport_c: rosidl_typesupport_fastrtps_c;rosidl_typesupport_introspection_c
[9.660s] -- Using all available rosidl_typesupport_cpp: rosidl_typesupport_fastrtps_cpp;rosidl_typesupport_introspection_cpp
[9.785s] -- Found PythonInterp: /usr/bin/python3 (found suitable version "3.10.6", minimum required is "3.6") 
[9.811s] -- Found python_cmake_module: 0.10.0 (/opt/ros/humble/share/python_cmake_module/cmake)
[9.967s] -- Found PythonLibs: /usr/lib/aarch64-linux-gnu/libpython3.10.so (found suitable version "3.10.6", minimum required is "3.5") 
[9.968s] -- Using PYTHON_EXECUTABLE: /usr/bin/python3
[9.969s] -- Using PYTHON_INCLUDE_DIRS: /usr/include/python3.10
[9.969s] -- Using PYTHON_LIBRARIES: /usr/lib/aarch64-linux-gnu/libpython3.10.so
[10.097s] -- Found PythonExtra: .so  
[10.343s] -- Found ament_lint_auto: 0.12.5 (/opt/ros/humble/share/ament_lint_auto/cmake)
[10.619s] -- Added test 'lint_cmake' to check CMake code style
[10.632s] -- Added test 'xmllint' to check XML markup files
[10.667s] -- Configuring done
[10.904s] -- Generating done
[10.920s] -- Build files have been written to: /home/shelfer/my_ros2_ws/build/controller_interfaces
[10.953s] Invoked command in '/home/shelfer/my_ros2_ws/build/controller_interfaces' returned '0': CMAKE_PREFIX_PATH=${CMAKE_PREFIX_PATH}:/home/shelfer/my_ros2_ws/install/py_pkg:/home/shelfer/my_ros2_ws/install/cugo_controller:/opt/ros/humble /usr/bin/cmake /home/shelfer/my_ros2_ws/src/controller_interfaces -DAMENT_CMAKE_SYMLINK_INSTALL=1 -DCMAKE_INSTALL_PREFIX=/home/shelfer/my_ros2_ws/install/controller_interfaces
[10.955s] Invoking command in '/home/shelfer/my_ros2_ws/build/controller_interfaces': CMAKE_PREFIX_PATH=${CMAKE_PREFIX_PATH}:/home/shelfer/my_ros2_ws/install/py_pkg:/home/shelfer/my_ros2_ws/install/cugo_controller:/opt/ros/humble /usr/bin/cmake --build /home/shelfer/my_ros2_ws/build/controller_interfaces -- -j4 -l4
[11.187s] [  3%] [34m[1mGenerating C code for ROS interfaces[0m
[11.202s] [  6%] [34m[1mGenerating C++ code for ROS interfaces[0m
[11.376s] [  6%] Built target ament_cmake_python_symlink_controller_interfaces
[13.107s] [  6%] Built target controller_interfaces__cpp
[13.147s] [  9%] [32mBuilding C object CMakeFiles/controller_interfaces__rosidl_generator_c.dir/rosidl_generator_c/controller_interfaces/msg/detail/num__functions.c.o[0m
[13.198s] [ 12%] [34m[1mGenerating C++ type support dispatch for ROS interfaces[0m
[13.247s] [ 16%] [34m[1mGenerating C++ type support for eProsima Fast-RTPS[0m
[13.720s] [ 19%] [32m[1mLinking C shared library libcontroller_interfaces__rosidl_generator_c.so[0m
[14.025s] [ 19%] Built target controller_interfaces__rosidl_generator_c
[14.050s] running egg_info
[14.053s] creating controller_interfaces.egg-info
[14.054s] writing controller_interfaces.egg-info/PKG-INFO
[14.055s] writing dependency_links to controller_interfaces.egg-info/dependency_links.txt
[14.056s] writing top-level names to controller_interfaces.egg-info/top_level.txt
[14.058s] writing manifest file 'controller_interfaces.egg-info/SOURCES.txt'
[14.078s] reading manifest file 'controller_interfaces.egg-info/SOURCES.txt'
[14.088s] writing manifest file 'controller_interfaces.egg-info/SOURCES.txt'
[14.192s] [ 22%] [34m[1mGenerating C++ introspection for ROS interfaces[0m
[14.333s] [ 22%] Built target ament_cmake_python_build_controller_interfaces_egg
[14.403s] [ 25%] [34m[1mGenerating C type support for eProsima Fast-RTPS[0m
[15.784s] [ 29%] [32mBuilding CXX object CMakeFiles/controller_interfaces__rosidl_typesupport_fastrtps_cpp.dir/rosidl_typesupport_fastrtps_cpp/controller_interfaces/msg/detail/dds_fastrtps/num__type_support.cpp.o[0m
[15.910s] [ 32%] [32mBuilding CXX object CMakeFiles/controller_interfaces__rosidl_typesupport_cpp.dir/rosidl_typesupport_cpp/controller_interfaces/msg/num__type_support.cpp.o[0m
[16.038s] [ 35%] [32mBuilding CXX object CMakeFiles/controller_interfaces__rosidl_typesupport_introspection_cpp.dir/rosidl_typesupport_introspection_cpp/controller_interfaces/msg/detail/num__type_support.cpp.o[0m
[16.717s] [ 38%] [32mBuilding CXX object CMakeFiles/controller_interfaces__rosidl_typesupport_fastrtps_c.dir/rosidl_typesupport_fastrtps_c/controller_interfaces/msg/detail/num__type_support_c.cpp.o[0m
[18.783s] [ 41%] [32m[1mLinking CXX shared library libcontroller_interfaces__rosidl_typesupport_cpp.so[0m
[19.068s] [ 41%] Built target controller_interfaces__rosidl_typesupport_cpp
[19.166s] [ 45%] [34m[1mGenerating C introspection for ROS interfaces[0m
[20.382s] [ 48%] [32m[1mLinking CXX shared library libcontroller_interfaces__rosidl_typesupport_introspection_cpp.so[0m
[20.812s] [ 48%] Built target controller_interfaces__rosidl_typesupport_introspection_cpp
[20.996s] [ 51%] [34m[1mGenerating C type support dispatch for ROS interfaces[0m
[21.098s] [ 54%] [32m[1mLinking CXX shared library libcontroller_interfaces__rosidl_typesupport_fastrtps_c.so[0m
[21.377s] [ 58%] [32m[1mLinking CXX shared library libcontroller_interfaces__rosidl_typesupport_fastrtps_cpp.so[0m
[21.889s] [ 58%] Built target controller_interfaces__rosidl_typesupport_fastrtps_c
[22.459s] [ 58%] Built target controller_interfaces__rosidl_typesupport_fastrtps_cpp
[22.557s] [ 61%] [32mBuilding C object CMakeFiles/controller_interfaces__rosidl_typesupport_introspection_c.dir/rosidl_typesupport_introspection_c/controller_interfaces/msg/detail/num__type_support.c.o[0m
[23.008s] [ 64%] [32m[1mLinking C shared library libcontroller_interfaces__rosidl_typesupport_introspection_c.so[0m
[23.217s] [ 64%] Built target controller_interfaces__rosidl_typesupport_introspection_c
[23.488s] [ 67%] [32mBuilding CXX object CMakeFiles/controller_interfaces__rosidl_typesupport_c.dir/rosidl_typesupport_c/controller_interfaces/msg/num__type_support.cpp.o[0m
[23.698s] [ 70%] [32m[1mLinking CXX shared library libcontroller_interfaces__rosidl_typesupport_c.so[0m
[24.175s] [ 70%] Built target controller_interfaces__rosidl_typesupport_c
[24.356s] [ 70%] Built target controller_interfaces
[24.501s] [ 74%] [34m[1mGenerating Python code for ROS interfaces[0m
[27.405s] [ 74%] Built target controller_interfaces__py
[27.648s] [ 77%] [32mBuilding C object CMakeFiles/controller_interfaces__rosidl_generator_py.dir/rosidl_generator_py/controller_interfaces/msg/_num_s.c.o[0m
[28.558s] [ 80%] [32m[1mLinking C shared library rosidl_generator_py/controller_interfaces/libcontroller_interfaces__rosidl_generator_py.so[0m
[28.854s] [ 80%] Built target controller_interfaces__rosidl_generator_py
[29.048s] [ 83%] [32mBuilding C object CMakeFiles/controller_interfaces__rosidl_typesupport_introspection_c__pyext.dir/rosidl_generator_py/controller_interfaces/_controller_interfaces_s.ep.rosidl_typesupport_introspection_c.c.o[0m
[29.107s] [ 87%] [32mBuilding C object CMakeFiles/controller_interfaces__rosidl_typesupport_fastrtps_c__pyext.dir/rosidl_generator_py/controller_interfaces/_controller_interfaces_s.ep.rosidl_typesupport_fastrtps_c.c.o[0m
[29.112s] [ 90%] [32mBuilding C object CMakeFiles/controller_interfaces__rosidl_typesupport_c__pyext.dir/rosidl_generator_py/controller_interfaces/_controller_interfaces_s.ep.rosidl_typesupport_c.c.o[0m
[29.896s] [ 93%] [32m[1mLinking C shared library rosidl_generator_py/controller_interfaces/controller_interfaces_s__rosidl_typesupport_fastrtps_c.cpython-310-aarch64-linux-gnu.so[0m
[30.011s] [ 96%] [32m[1mLinking C shared library rosidl_generator_py/controller_interfaces/controller_interfaces_s__rosidl_typesupport_introspection_c.cpython-310-aarch64-linux-gnu.so[0m
[30.148s] [100%] [32m[1mLinking C shared library rosidl_generator_py/controller_interfaces/controller_interfaces_s__rosidl_typesupport_c.cpython-310-aarch64-linux-gnu.so[0m
[30.383s] [100%] Built target controller_interfaces__rosidl_typesupport_fastrtps_c__pyext
[30.453s] [100%] Built target controller_interfaces__rosidl_typesupport_introspection_c__pyext
[30.481s] [100%] Built target controller_interfaces__rosidl_typesupport_c__pyext
[30.555s] Invoked command in '/home/shelfer/my_ros2_ws/build/controller_interfaces' returned '0': CMAKE_PREFIX_PATH=${CMAKE_PREFIX_PATH}:/home/shelfer/my_ros2_ws/install/py_pkg:/home/shelfer/my_ros2_ws/install/cugo_controller:/opt/ros/humble /usr/bin/cmake --build /home/shelfer/my_ros2_ws/build/controller_interfaces -- -j4 -l4
[31.210s] Invoking command in '/home/shelfer/my_ros2_ws/build/controller_interfaces': CMAKE_PREFIX_PATH=${CMAKE_PREFIX_PATH}:/home/shelfer/my_ros2_ws/install/py_pkg:/home/shelfer/my_ros2_ws/install/cugo_controller:/opt/ros/humble /usr/bin/cmake --install /home/shelfer/my_ros2_ws/build/controller_interfaces
[31.259s] -- Install configuration: ""
[31.265s] -- Execute custom install script
[31.269s] -- Symlinking: /home/shelfer/my_ros2_ws/install/controller_interfaces/share/ament_index/resource_index/rosidl_interfaces/controller_interfaces
[31.337s] -- Symlinking: /home/shelfer/my_ros2_ws/install/controller_interfaces/include/controller_interfaces/controller_interfaces/msg/detail/num__functions.h
[31.403s] -- Symlinking: /home/shelfer/my_ros2_ws/install/controller_interfaces/include/controller_interfaces/controller_interfaces/msg/detail/num__struct.h
[31.452s] -- Symlinking: /home/shelfer/my_ros2_ws/install/controller_interfaces/include/controller_interfaces/controller_interfaces/msg/detail/num__type_support.h
[31.523s] -- Symlinking: /home/shelfer/my_ros2_ws/install/controller_interfaces/include/controller_interfaces/controller_interfaces/msg/num.h
[31.592s] -- Symlinking: /home/shelfer/my_ros2_ws/install/controller_interfaces/include/controller_interfaces/controller_interfaces/msg/rosidl_generator_c__visibility_control.h
[31.645s] -- Symlinking: /home/shelfer/my_ros2_ws/install/controller_interfaces/share/controller_interfaces/environment/library_path.sh
[31.707s] -- Symlinking: /home/shelfer/my_ros2_ws/install/controller_interfaces/share/controller_interfaces/environment/library_path.dsv
[31.763s] -- Symlinking: /home/shelfer/my_ros2_ws/install/controller_interfaces/include/controller_interfaces/controller_interfaces/msg/detail/num__rosidl_typesupport_fastrtps_c.h
[31.824s] -- Symlinking: /home/shelfer/my_ros2_ws/install/controller_interfaces/include/controller_interfaces/controller_interfaces/msg/rosidl_typesupport_fastrtps_c__visibility_control.h
[31.891s] -- Symlinking: /home/shelfer/my_ros2_ws/install/controller_interfaces/include/controller_interfaces/controller_interfaces/msg/detail/num__rosidl_typesupport_introspection_c.h
[31.943s] -- Symlinking: /home/shelfer/my_ros2_ws/install/controller_interfaces/include/controller_interfaces/controller_interfaces/msg/rosidl_typesupport_introspection_c__visibility_control.h
[32.033s] -- Symlinking: /home/shelfer/my_ros2_ws/install/controller_interfaces/include/controller_interfaces/controller_interfaces/msg/detail/num__builder.hpp
[32.095s] -- Symlinking: /home/shelfer/my_ros2_ws/install/controller_interfaces/include/controller_interfaces/controller_interfaces/msg/detail/num__struct.hpp
[32.164s] -- Symlinking: /home/shelfer/my_ros2_ws/install/controller_interfaces/include/controller_interfaces/controller_interfaces/msg/detail/num__traits.hpp
[32.218s] -- Symlinking: /home/shelfer/my_ros2_ws/install/controller_interfaces/include/controller_interfaces/controller_interfaces/msg/num.hpp
[32.273s] -- Symlinking: /home/shelfer/my_ros2_ws/install/controller_interfaces/include/controller_interfaces/controller_interfaces/msg/detail/num__rosidl_typesupport_fastrtps_cpp.hpp
[32.331s] -- Symlinking: /home/shelfer/my_ros2_ws/install/controller_interfaces/include/controller_interfaces/controller_interfaces/msg/rosidl_typesupport_fastrtps_cpp__visibility_control.h
[32.385s] -- Symlinking: /home/shelfer/my_ros2_ws/install/controller_interfaces/include/controller_interfaces/controller_interfaces/msg/detail/num__rosidl_typesupport_introspection_cpp.hpp
[32.437s] -- Symlinking: /home/shelfer/my_ros2_ws/install/controller_interfaces/share/controller_interfaces/environment/pythonpath.sh
[32.489s] -- Symlinking: /home/shelfer/my_ros2_ws/install/controller_interfaces/share/controller_interfaces/environment/pythonpath.dsv
[32.547s] -- Symlinking: /home/shelfer/my_ros2_ws/install/controller_interfaces/local/lib/python3.10/dist-packages/controller_interfaces-0.0.0-py3.10.egg-info/PKG-INFO
[32.607s] -- Symlinking: /home/shelfer/my_ros2_ws/install/controller_interfaces/local/lib/python3.10/dist-packages/controller_interfaces-0.0.0-py3.10.egg-info/SOURCES.txt
[32.663s] -- Symlinking: /home/shelfer/my_ros2_ws/install/controller_interfaces/local/lib/python3.10/dist-packages/controller_interfaces-0.0.0-py3.10.egg-info/dependency_links.txt
[32.734s] -- Symlinking: /home/shelfer/my_ros2_ws/install/controller_interfaces/local/lib/python3.10/dist-packages/controller_interfaces-0.0.0-py3.10.egg-info/top_level.txt
[32.854s] -- Symlinking: /home/shelfer/my_ros2_ws/install/controller_interfaces/local/lib/python3.10/dist-packages/controller_interfaces/__init__.py
[32.931s] -- Symlinking: /home/shelfer/my_ros2_ws/install/controller_interfaces/local/lib/python3.10/dist-packages/controller_interfaces/_controller_interfaces_s.ep.rosidl_typesupport_c.c
[32.998s] -- Symlinking: /home/shelfer/my_ros2_ws/install/controller_interfaces/local/lib/python3.10/dist-packages/controller_interfaces/_controller_interfaces_s.ep.rosidl_typesupport_fastrtps_c.c
[33.101s] -- Symlinking: /home/shelfer/my_ros2_ws/install/controller_interfaces/local/lib/python3.10/dist-packages/controller_interfaces/_controller_interfaces_s.ep.rosidl_typesupport_introspection_c.c
[33.182s] -- Symlinking: /home/shelfer/my_ros2_ws/install/controller_interfaces/local/lib/python3.10/dist-packages/controller_interfaces/controller_interfaces_s__rosidl_typesupport_c.cpython-310-aarch64-linux-gnu.so
[33.250s] -- Symlinking: /home/shelfer/my_ros2_ws/install/controller_interfaces/local/lib/python3.10/dist-packages/controller_interfaces/controller_interfaces_s__rosidl_typesupport_fastrtps_c.cpython-310-aarch64-linux-gnu.so
[33.304s] -- Symlinking: /home/shelfer/my_ros2_ws/install/controller_interfaces/local/lib/python3.10/dist-packages/controller_interfaces/controller_interfaces_s__rosidl_typesupport_introspection_c.cpython-310-aarch64-linux-gnu.so
[33.364s] -- Symlinking: /home/shelfer/my_ros2_ws/install/controller_interfaces/local/lib/python3.10/dist-packages/controller_interfaces/libcontroller_interfaces__rosidl_generator_py.so
[33.424s] -- Symlinking: /home/shelfer/my_ros2_ws/install/controller_interfaces/local/lib/python3.10/dist-packages/controller_interfaces/msg/__init__.py
[33.476s] -- Symlinking: /home/shelfer/my_ros2_ws/install/controller_interfaces/local/lib/python3.10/dist-packages/controller_interfaces/msg/_num.py
[33.526s] -- Symlinking: /home/shelfer/my_ros2_ws/install/controller_interfaces/local/lib/python3.10/dist-packages/controller_interfaces/msg/_num_s.c
[33.578s] -- Up-to-date symlink: /home/shelfer/my_ros2_ws/install/controller_interfaces/local/lib/python3.10/dist-packages/controller_interfaces/controller_interfaces_s__rosidl_typesupport_fastrtps_c.cpython-310-aarch64-linux-gnu.so
[33.582s] -- Up-to-date symlink: /home/shelfer/my_ros2_ws/install/controller_interfaces/local/lib/python3.10/dist-packages/controller_interfaces/controller_interfaces_s__rosidl_typesupport_introspection_c.cpython-310-aarch64-linux-gnu.so
[33.587s] -- Up-to-date symlink: /home/shelfer/my_ros2_ws/install/controller_interfaces/local/lib/python3.10/dist-packages/controller_interfaces/controller_interfaces_s__rosidl_typesupport_c.cpython-310-aarch64-linux-gnu.so
[33.590s] -- Symlinking: /home/shelfer/my_ros2_ws/install/controller_interfaces/share/controller_interfaces/msg/Num.idl
[33.640s] -- Symlinking: /home/shelfer/my_ros2_ws/install/controller_interfaces/share/controller_interfaces/msg/Num.msg
[33.689s] -- Symlinking: /home/shelfer/my_ros2_ws/install/controller_interfaces/share/ament_index/resource_index/package_run_dependencies/controller_interfaces
[33.740s] -- Symlinking: /home/shelfer/my_ros2_ws/install/controller_interfaces/share/ament_index/resource_index/parent_prefix_path/controller_interfaces
[33.789s] -- Symlinking: /home/shelfer/my_ros2_ws/install/controller_interfaces/share/controller_interfaces/environment/ament_prefix_path.sh
[33.841s] -- Symlinking: /home/shelfer/my_ros2_ws/install/controller_interfaces/share/controller_interfaces/environment/ament_prefix_path.dsv
[33.891s] -- Symlinking: /home/shelfer/my_ros2_ws/install/controller_interfaces/share/controller_interfaces/environment/path.sh
[33.943s] -- Symlinking: /home/shelfer/my_ros2_ws/install/controller_interfaces/share/controller_interfaces/environment/path.dsv
[33.994s] -- Symlinking: /home/shelfer/my_ros2_ws/install/controller_interfaces/share/controller_interfaces/local_setup.bash
[34.045s] -- Symlinking: /home/shelfer/my_ros2_ws/install/controller_interfaces/share/controller_interfaces/local_setup.sh
[34.094s] -- Symlinking: /home/shelfer/my_ros2_ws/install/controller_interfaces/share/controller_interfaces/local_setup.zsh
[34.144s] -- Symlinking: /home/shelfer/my_ros2_ws/install/controller_interfaces/share/controller_interfaces/local_setup.dsv
[34.193s] -- Symlinking: /home/shelfer/my_ros2_ws/install/controller_interfaces/share/controller_interfaces/package.dsv
[34.245s] -- Symlinking: /home/shelfer/my_ros2_ws/install/controller_interfaces/share/ament_index/resource_index/packages/controller_interfaces
[34.293s] -- Symlinking: /home/shelfer/my_ros2_ws/install/controller_interfaces/share/controller_interfaces/cmake/rosidl_cmake-extras.cmake
[34.345s] -- Symlinking: /home/shelfer/my_ros2_ws/install/controller_interfaces/share/controller_interfaces/cmake/ament_cmake_export_include_directories-extras.cmake
[34.398s] -- Symlinking: /home/shelfer/my_ros2_ws/install/controller_interfaces/share/controller_interfaces/cmake/ament_cmake_export_libraries-extras.cmake
[34.447s] -- Symlinking: /home/shelfer/my_ros2_ws/install/controller_interfaces/share/controller_interfaces/cmake/ament_cmake_export_targets-extras.cmake
[34.495s] -- Symlinking: /home/shelfer/my_ros2_ws/install/controller_interfaces/share/controller_interfaces/cmake/rosidl_cmake_export_typesupport_targets-extras.cmake
[34.545s] -- Symlinking: /home/shelfer/my_ros2_ws/install/controller_interfaces/share/controller_interfaces/cmake/ament_cmake_export_dependencies-extras.cmake
[34.595s] -- Symlinking: /home/shelfer/my_ros2_ws/install/controller_interfaces/share/controller_interfaces/cmake/rosidl_cmake_export_typesupport_libraries-extras.cmake
[34.645s] -- Symlinking: /home/shelfer/my_ros2_ws/install/controller_interfaces/share/controller_interfaces/cmake/controller_interfacesConfig.cmake
[34.693s] -- Symlinking: /home/shelfer/my_ros2_ws/install/controller_interfaces/share/controller_interfaces/cmake/controller_interfacesConfig-version.cmake
[34.743s] -- Symlinking: /home/shelfer/my_ros2_ws/install/controller_interfaces/share/controller_interfaces/package.xml
[34.793s] -- Installing: /home/shelfer/my_ros2_ws/install/controller_interfaces/lib/libcontroller_interfaces__rosidl_generator_c.so
[34.798s] -- Set runtime path of "/home/shelfer/my_ros2_ws/install/controller_interfaces/lib/libcontroller_interfaces__rosidl_generator_c.so" to ""
[34.801s] -- Installing: /home/shelfer/my_ros2_ws/install/controller_interfaces/lib/libcontroller_interfaces__rosidl_typesupport_fastrtps_c.so
[34.807s] -- Set runtime path of "/home/shelfer/my_ros2_ws/install/controller_interfaces/lib/libcontroller_interfaces__rosidl_typesupport_fastrtps_c.so" to ""
[34.811s] -- Installing: /home/shelfer/my_ros2_ws/install/controller_interfaces/lib/libcontroller_interfaces__rosidl_typesupport_introspection_c.so
[34.816s] -- Set runtime path of "/home/shelfer/my_ros2_ws/install/controller_interfaces/lib/libcontroller_interfaces__rosidl_typesupport_introspection_c.so" to ""
[34.819s] -- Installing: /home/shelfer/my_ros2_ws/install/controller_interfaces/lib/libcontroller_interfaces__rosidl_typesupport_c.so
[34.824s] -- Set runtime path of "/home/shelfer/my_ros2_ws/install/controller_interfaces/lib/libcontroller_interfaces__rosidl_typesupport_c.so" to ""
[34.827s] -- Installing: /home/shelfer/my_ros2_ws/install/controller_interfaces/lib/libcontroller_interfaces__rosidl_typesupport_fastrtps_cpp.so
[34.834s] -- Set runtime path of "/home/shelfer/my_ros2_ws/install/controller_interfaces/lib/libcontroller_interfaces__rosidl_typesupport_fastrtps_cpp.so" to ""
[34.836s] -- Installing: /home/shelfer/my_ros2_ws/install/controller_interfaces/lib/libcontroller_interfaces__rosidl_typesupport_introspection_cpp.so
[34.851s] -- Set runtime path of "/home/shelfer/my_ros2_ws/install/controller_interfaces/lib/libcontroller_interfaces__rosidl_typesupport_introspection_cpp.so" to ""
[34.858s] -- Installing: /home/shelfer/my_ros2_ws/install/controller_interfaces/lib/libcontroller_interfaces__rosidl_typesupport_cpp.so
[34.867s] -- Set runtime path of "/home/shelfer/my_ros2_ws/install/controller_interfaces/lib/libcontroller_interfaces__rosidl_typesupport_cpp.so" to ""
[35.181s] Listing '/home/shelfer/my_ros2_ws/install/controller_interfaces/local/lib/python3.10/dist-packages/controller_interfaces'...
[35.182s] Compiling '/home/shelfer/my_ros2_ws/install/controller_interfaces/local/lib/python3.10/dist-packages/controller_interfaces/__init__.py'...
[35.183s] Listing '/home/shelfer/my_ros2_ws/install/controller_interfaces/local/lib/python3.10/dist-packages/controller_interfaces/msg'...
[35.184s] Compiling '/home/shelfer/my_ros2_ws/install/controller_interfaces/local/lib/python3.10/dist-packages/controller_interfaces/msg/__init__.py'...
[35.184s] Compiling '/home/shelfer/my_ros2_ws/install/controller_interfaces/local/lib/python3.10/dist-packages/controller_interfaces/msg/_num.py'...
[35.235s] -- Installing: /home/shelfer/my_ros2_ws/install/controller_interfaces/lib/libcontroller_interfaces__rosidl_generator_py.so
[35.241s] -- Set runtime path of "/home/shelfer/my_ros2_ws/install/controller_interfaces/lib/libcontroller_interfaces__rosidl_generator_py.so" to ""
[35.244s] -- Installing: /home/shelfer/my_ros2_ws/install/controller_interfaces/share/controller_interfaces/cmake/export_controller_interfaces__rosidl_generator_cExport.cmake
[35.248s] -- Installing: /home/shelfer/my_ros2_ws/install/controller_interfaces/share/controller_interfaces/cmake/export_controller_interfaces__rosidl_generator_cExport-noconfig.cmake
[35.253s] -- Installing: /home/shelfer/my_ros2_ws/install/controller_interfaces/share/controller_interfaces/cmake/export_controller_interfaces__rosidl_typesupport_fastrtps_cExport.cmake
[35.260s] -- Installing: /home/shelfer/my_ros2_ws/install/controller_interfaces/share/controller_interfaces/cmake/export_controller_interfaces__rosidl_typesupport_fastrtps_cExport-noconfig.cmake
[35.264s] -- Installing: /home/shelfer/my_ros2_ws/install/controller_interfaces/share/controller_interfaces/cmake/controller_interfaces__rosidl_typesupport_introspection_cExport.cmake
[35.268s] -- Installing: /home/shelfer/my_ros2_ws/install/controller_interfaces/share/controller_interfaces/cmake/controller_interfaces__rosidl_typesupport_introspection_cExport-noconfig.cmake
[35.273s] -- Installing: /home/shelfer/my_ros2_ws/install/controller_interfaces/share/controller_interfaces/cmake/controller_interfaces__rosidl_typesupport_cExport.cmake
[35.285s] -- Installing: /home/shelfer/my_ros2_ws/install/controller_interfaces/share/controller_interfaces/cmake/controller_interfaces__rosidl_typesupport_cExport-noconfig.cmake
[35.289s] -- Installing: /home/shelfer/my_ros2_ws/install/controller_interfaces/share/controller_interfaces/cmake/export_controller_interfaces__rosidl_generator_cppExport.cmake
[35.293s] -- Installing: /home/shelfer/my_ros2_ws/install/controller_interfaces/share/controller_interfaces/cmake/export_controller_interfaces__rosidl_typesupport_fastrtps_cppExport.cmake
[35.300s] -- Installing: /home/shelfer/my_ros2_ws/install/controller_interfaces/share/controller_interfaces/cmake/export_controller_interfaces__rosidl_typesupport_fastrtps_cppExport-noconfig.cmake
[35.305s] -- Installing: /home/shelfer/my_ros2_ws/install/controller_interfaces/share/controller_interfaces/cmake/controller_interfaces__rosidl_typesupport_introspection_cppExport.cmake
[35.308s] -- Installing: /home/shelfer/my_ros2_ws/install/controller_interfaces/share/controller_interfaces/cmake/controller_interfaces__rosidl_typesupport_introspection_cppExport-noconfig.cmake
[35.319s] -- Installing: /home/shelfer/my_ros2_ws/install/controller_interfaces/share/controller_interfaces/cmake/controller_interfaces__rosidl_typesupport_cppExport.cmake
[35.324s] -- Installing: /home/shelfer/my_ros2_ws/install/controller_interfaces/share/controller_interfaces/cmake/controller_interfaces__rosidl_typesupport_cppExport-noconfig.cmake
[35.329s] -- Installing: /home/shelfer/my_ros2_ws/install/controller_interfaces/share/controller_interfaces/cmake/export_controller_interfaces__rosidl_generator_pyExport.cmake
[35.333s] -- Installing: /home/shelfer/my_ros2_ws/install/controller_interfaces/share/controller_interfaces/cmake/export_controller_interfaces__rosidl_generator_pyExport-noconfig.cmake
[35.360s] Invoked command in '/home/shelfer/my_ros2_ws/build/controller_interfaces' returned '0': CMAKE_PREFIX_PATH=${CMAKE_PREFIX_PATH}:/home/shelfer/my_ros2_ws/install/py_pkg:/home/shelfer/my_ros2_ws/install/cugo_controller:/opt/ros/humble /usr/bin/cmake --install /home/shelfer/my_ros2_ws/build/controller_interfaces
