[1.698s] Invoking command in '/home/shelfer/my_ros2_ws/src/build/ps_ros2_common': CMAKE_PREFIX_PATH=${CMAKE_PREFIX_PATH}:/home/shelfer/my_ros2_ws/install/py_pkg:/home/shelfer/my_ros2_ws/install/cugo_controller:/opt/ros/humble /usr/bin/cmake /home/shelfer/my_ros2_ws/src/ps_ros2_common -DAMENT_CMAKE_SYMLINK_INSTALL=1 -DCMAKE_INSTALL_PREFIX=/home/shelfer/my_ros2_ws/src/install/ps_ros2_common
[2.059s] -- The C compiler identification is GNU 11.3.0
[2.434s] -- The CXX compiler identification is GNU 11.3.0
[2.485s] -- Detecting C compiler ABI info
[2.939s] -- Detecting C compiler ABI info - done
[2.977s] -- Check for working C compiler: /usr/bin/cc - skipped
[2.980s] -- Detecting C compile features
[2.984s] -- Detecting C compile features - done
[3.004s] -- Detecting CXX compiler ABI info
[3.472s] -- Detecting CXX compiler ABI info - done
[3.508s] -- Check for working CXX compiler: /usr/bin/c++ - skipped
[3.511s] -- Detecting CXX compile features
[3.515s] -- Detecting CXX compile features - done
[3.593s] -- Found ament_cmake: 1.3.3 (/opt/ros/humble/share/ament_cmake/cmake)
[5.194s] -- Found Python3: /usr/bin/python3.10 (found version "3.10.6") found components: Interpreter 
[5.692s] -- Override CMake install command with custom implementation using symlinks instead of copying resources
[6.246s] -- Found rclcpp: 16.0.3 (/opt/ros/humble/share/rclcpp/cmake)
[6.943s] -- Found rosidl_generator_c: 3.1.4 (/opt/ros/humble/share/rosidl_generator_c/cmake)
[7.026s] -- Found rosidl_adapter: 3.1.4 (/opt/ros/humble/share/rosidl_adapter/cmake)
[7.125s] -- Found rosidl_generator_cpp: 3.1.4 (/opt/ros/humble/share/rosidl_generator_cpp/cmake)
[7.255s] -- Using all available rosidl_typesupport_c: rosidl_typesupport_fastrtps_c;rosidl_typesupport_introspection_c
[7.444s] -- Using all available rosidl_typesupport_cpp: rosidl_typesupport_fastrtps_cpp;rosidl_typesupport_introspection_cpp
[8.024s] -- Found rmw_implementation_cmake: 6.1.1 (/opt/ros/humble/share/rmw_implementation_cmake/cmake)
[8.074s] -- Found rmw_fastrtps_cpp: 6.2.2 (/opt/ros/humble/share/rmw_fastrtps_cpp/cmake)
[9.037s] -- Found OpenSSL: /usr/lib/aarch64-linux-gnu/libcrypto.so (found version "3.0.2")  
[9.406s] -- Found FastRTPS: /opt/ros/humble/include  
[9.953s] -- Using RMW implementation 'rmw_fastrtps_cpp' as default
[10.756s] -- Looking for pthread.h
[11.215s] -- Looking for pthread.h - found
[11.222s] -- Performing Test CMAKE_HAVE_LIBC_PTHREAD
[11.662s] -- Performing Test CMAKE_HAVE_LIBC_PTHREAD - Success
[11.667s] -- Found Threads: TRUE  
[12.599s] -- Found sensor_msgs: 4.2.3 (/opt/ros/humble/share/sensor_msgs/cmake)
[13.198s] -- Found rclcpp_components: 16.0.3 (/opt/ros/humble/share/rclcpp_components/cmake)
[13.734s] -- Found ament_lint_auto: 0.12.5 (/opt/ros/humble/share/ament_lint_auto/cmake)
[14.705s] -- Added test 'copyright' to check source files copyright and LICENSE
[14.806s] -- Added test 'cppcheck' to perform static code analysis on C / C++ code
[14.807s] -- Configured cppcheck include dirs: /home/shelfer/my_ros2_ws/src/ps_ros2_common/include/ps_ros2_common;$<BUILD_INTERFACE:/home/shelfer/my_ros2_ws/src/ps_ros2_common/include>
[14.808s] -- Configured cppcheck exclude dirs and/or files: 
[14.873s] -- Added test 'cpplint' to check C / C++ code against the Google style
[14.874s] -- Configured cpplint exclude dirs and/or files: 
[14.884s] -- Added test 'flake8' to check Python code syntax and style conventions
[14.900s] -- Added test 'lint_cmake' to check CMake code style
[14.910s] -- Added test 'pep257' to check Python code against some of the docstring style conventions in PEP 257
[14.959s] -- Added test 'uncrustify' to check C / C++ code style
[14.960s] -- Configured uncrustify additional arguments: 
[14.972s] -- Added test 'xmllint' to check XML markup files
[14.996s] -- Configuring done
[15.179s] -- Generating done
[15.202s] -- Build files have been written to: /home/shelfer/my_ros2_ws/src/build/ps_ros2_common
[15.266s] Invoked command in '/home/shelfer/my_ros2_ws/src/build/ps_ros2_common' returned '0': CMAKE_PREFIX_PATH=${CMAKE_PREFIX_PATH}:/home/shelfer/my_ros2_ws/install/py_pkg:/home/shelfer/my_ros2_ws/install/cugo_controller:/opt/ros/humble /usr/bin/cmake /home/shelfer/my_ros2_ws/src/ps_ros2_common -DAMENT_CMAKE_SYMLINK_INSTALL=1 -DCMAKE_INSTALL_PREFIX=/home/shelfer/my_ros2_ws/src/install/ps_ros2_common
[15.284s] Invoking command in '/home/shelfer/my_ros2_ws/src/build/ps_ros2_common': CMAKE_PREFIX_PATH=${CMAKE_PREFIX_PATH}:/home/shelfer/my_ros2_ws/install/py_pkg:/home/shelfer/my_ros2_ws/install/cugo_controller:/opt/ros/humble /usr/bin/cmake --build /home/shelfer/my_ros2_ws/src/build/ps_ros2_common -- -j4 -l4
[15.746s] [ 25%] [32mBuilding CXX object CMakeFiles/joy_test.dir/src/example_joy.cpp.o[0m
[15.754s] [ 50%] [32mBuilding CXX object CMakeFiles/ps_ros2_common.dir/src/example_joy.cpp.o[0m
[75.836s] [ 75%] [32m[1mLinking CXX shared library libps_ros2_common.so[0m
[76.877s] [100%] [32m[1mLinking CXX executable joy_test[0m
[79.028s] [100%] Built target ps_ros2_common
[79.848s] [100%] Built target joy_test
[79.911s] Invoked command in '/home/shelfer/my_ros2_ws/src/build/ps_ros2_common' returned '0': CMAKE_PREFIX_PATH=${CMAKE_PREFIX_PATH}:/home/shelfer/my_ros2_ws/install/py_pkg:/home/shelfer/my_ros2_ws/install/cugo_controller:/opt/ros/humble /usr/bin/cmake --build /home/shelfer/my_ros2_ws/src/build/ps_ros2_common -- -j4 -l4
[80.096s] Invoking command in '/home/shelfer/my_ros2_ws/src/build/ps_ros2_common': CMAKE_PREFIX_PATH=${CMAKE_PREFIX_PATH}:/home/shelfer/my_ros2_ws/install/py_pkg:/home/shelfer/my_ros2_ws/install/cugo_controller:/opt/ros/humble /usr/bin/cmake --install /home/shelfer/my_ros2_ws/src/build/ps_ros2_common
[80.130s] -- Install configuration: ""
[80.132s] -- Execute custom install script
[80.136s] -- Symlinking: /home/shelfer/my_ros2_ws/src/install/ps_ros2_common/lib/ps_ros2_common/joy_test
[80.177s] -- Symlinking: /home/shelfer/my_ros2_ws/src/install/ps_ros2_common/share/ps_ros2_common/launch/test.launch.py
[80.214s] -- Symlinking: /home/shelfer/my_ros2_ws/src/install/ps_ros2_common/share/ps_ros2_common/launch/test_composable.launch.py
[80.262s] -- Symlinking: /home/shelfer/my_ros2_ws/src/install/ps_ros2_common/share/ament_index/resource_index/package_run_dependencies/ps_ros2_common
[80.303s] -- Symlinking: /home/shelfer/my_ros2_ws/src/install/ps_ros2_common/share/ament_index/resource_index/parent_prefix_path/ps_ros2_common
[80.342s] -- Symlinking: /home/shelfer/my_ros2_ws/src/install/ps_ros2_common/share/ps_ros2_common/environment/ament_prefix_path.sh
[80.383s] -- Symlinking: /home/shelfer/my_ros2_ws/src/install/ps_ros2_common/share/ps_ros2_common/environment/ament_prefix_path.dsv
[80.420s] -- Symlinking: /home/shelfer/my_ros2_ws/src/install/ps_ros2_common/share/ps_ros2_common/environment/path.sh
[80.463s] -- Symlinking: /home/shelfer/my_ros2_ws/src/install/ps_ros2_common/share/ps_ros2_common/environment/path.dsv
[80.497s] -- Symlinking: /home/shelfer/my_ros2_ws/src/install/ps_ros2_common/share/ps_ros2_common/local_setup.bash
[80.534s] -- Symlinking: /home/shelfer/my_ros2_ws/src/install/ps_ros2_common/share/ps_ros2_common/local_setup.sh
[80.574s] -- Symlinking: /home/shelfer/my_ros2_ws/src/install/ps_ros2_common/share/ps_ros2_common/local_setup.zsh
[80.609s] -- Symlinking: /home/shelfer/my_ros2_ws/src/install/ps_ros2_common/share/ps_ros2_common/local_setup.dsv
[80.646s] -- Symlinking: /home/shelfer/my_ros2_ws/src/install/ps_ros2_common/share/ps_ros2_common/package.dsv
[80.687s] -- Symlinking: /home/shelfer/my_ros2_ws/src/install/ps_ros2_common/share/ament_index/resource_index/packages/ps_ros2_common
[80.724s] -- Symlinking: /home/shelfer/my_ros2_ws/src/install/ps_ros2_common/share/ament_index/resource_index/rclcpp_components/ps_ros2_common
[80.765s] -- Symlinking: /home/shelfer/my_ros2_ws/src/install/ps_ros2_common/share/ps_ros2_common/cmake/ps_ros2_commonConfig.cmake
[80.802s] -- Symlinking: /home/shelfer/my_ros2_ws/src/install/ps_ros2_common/share/ps_ros2_common/cmake/ps_ros2_commonConfig-version.cmake
[80.841s] -- Symlinking: /home/shelfer/my_ros2_ws/src/install/ps_ros2_common/share/ps_ros2_common/package.xml
[80.883s] -- Installing: /home/shelfer/my_ros2_ws/src/install/ps_ros2_common/lib/libps_ros2_common.so
[80.938s] -- Set runtime path of "/home/shelfer/my_ros2_ws/src/install/ps_ros2_common/lib/libps_ros2_common.so" to ""
[80.954s] Invoked command in '/home/shelfer/my_ros2_ws/src/build/ps_ros2_common' returned '0': CMAKE_PREFIX_PATH=${CMAKE_PREFIX_PATH}:/home/shelfer/my_ros2_ws/install/py_pkg:/home/shelfer/my_ros2_ws/install/cugo_controller:/opt/ros/humble /usr/bin/cmake --install /home/shelfer/my_ros2_ws/src/build/ps_ros2_common
