[5.569s] Invoking command in '/home/shelfer/my_ros2_ws/build/cugo_controller': PYTHONPATH=/home/shelfer/my_ros2_ws/build/cugo_controller/prefix_override:/home/shelfer/my_ros2_ws/install/cugo_controller/lib/python3.10/site-packages:${PYTHONPATH} /usr/bin/python3 setup.py develop --editable --build-directory /home/shelfer/my_ros2_ws/build/cugo_controller/build --no-deps install_data
[7.200s] running develop
[8.398s] running egg_info
[8.399s] writing cugo_controller.egg-info/PKG-INFO
[8.400s] writing dependency_links to cugo_controller.egg-info/dependency_links.txt
[8.401s] writing entry points to cugo_controller.egg-info/entry_points.txt
[8.402s] writing requirements to cugo_controller.egg-info/requires.txt
[8.403s] writing top-level names to cugo_controller.egg-info/top_level.txt
[8.412s] reading manifest file 'cugo_controller.egg-info/SOURCES.txt'
[8.415s] writing manifest file 'cugo_controller.egg-info/SOURCES.txt'
[8.422s] running build_ext
[8.424s] Creating /home/shelfer/my_ros2_ws/install/cugo_controller/lib/python3.10/site-packages/cugo-controller.egg-link (link to .)
[8.427s] Installing cugo_controller script to /home/shelfer/my_ros2_ws/install/cugo_controller/lib/cugo_controller
[8.428s] Installing ps4_publisher script to /home/shelfer/my_ros2_ws/install/cugo_controller/lib/cugo_controller
[8.429s] Installing ultrasonic_client script to /home/shelfer/my_ros2_ws/install/cugo_controller/lib/cugo_controller
[8.430s] 
[8.431s] Installed /home/shelfer/my_ros2_ws/build/cugo_controller
[8.431s] running install_data
[8.432s] copying launch/cugo_launch.py -> /home/shelfer/my_ros2_ws/install/cugo_controller/share/cugo_controller
[8.618s] Invoked command in '/home/shelfer/my_ros2_ws/build/cugo_controller' returned '0': PYTHONPATH=/home/shelfer/my_ros2_ws/build/cugo_controller/prefix_override:/home/shelfer/my_ros2_ws/install/cugo_controller/lib/python3.10/site-packages:${PYTHONPATH} /usr/bin/python3 setup.py develop --editable --build-directory /home/shelfer/my_ros2_ws/build/cugo_controller/build --no-deps install_data
