[1.533s] DEBUG:colcon:Command line arguments: ['/usr/bin/colcon', 'build', '--symlink-install']
[1.534s] DEBUG:colcon:Parsed command line arguments: Namespace(log_base=None, log_level=None, verb_name='build', build_base='build', install_base='install', merge_install=False, symlink_install=True, test_result_base=None, continue_on_error=False, executor='parallel', parallel_workers=4, event_handlers=None, ignore_user_meta=False, metas=['./colcon.meta'], base_paths=['.'], packages_ignore=None, packages_ignore_regex=None, paths=None, packages_up_to=None, packages_up_to_regex=None, packages_above=None, packages_above_and_dependencies=None, packages_above_depth=None, packages_select_by_dep=None, packages_skip_by_dep=None, packages_skip_up_to=None, packages_select_build_failed=False, packages_skip_build_finished=False, packages_select_test_failures=False, packages_skip_test_passed=False, packages_select=None, packages_skip=None, packages_select_regex=None, packages_skip_regex=None, packages_start=None, packages_end=None, allow_overriding=[], cmake_args=None, cmake_target=None, cmake_target_skip_unavailable=False, cmake_clean_cache=False, cmake_clean_first=False, cmake_force_configure=False, ament_cmake_args=None, catkin_cmake_args=None, catkin_skip_building_tests=False, verb_parser=<colcon_defaults.argument_parser.defaults.DefaultArgumentsDecorator object at 0xffffb69c4d90>, verb_extension=<colcon_core.verb.build.BuildVerb object at 0xffffb69c48b0>, main=<bound method BuildVerb.main of <colcon_core.verb.build.BuildVerb object at 0xffffb69c48b0>>)
[1.639s] Level 1:colcon.colcon_core.package_discovery:discover_packages(colcon_meta) check parameters
[1.640s] Level 1:colcon.colcon_core.package_discovery:discover_packages(recursive) check parameters
[1.640s] Level 1:colcon.colcon_core.package_discovery:discover_packages(ignore) check parameters
[1.640s] Level 1:colcon.colcon_core.package_discovery:discover_packages(path) check parameters
[1.640s] Level 1:colcon.colcon_core.package_discovery:discover_packages(colcon_meta) discover
[1.640s] Level 1:colcon.colcon_core.package_discovery:discover_packages(recursive) discover
[1.640s] INFO:colcon.colcon_core.package_discovery:Crawling recursively for packages in '/home/shelfer/my_ros2_ws'
[1.641s] Level 1:colcon.colcon_core.package_identification:_identify(.) by extensions ['ignore', 'ignore_ament_install']
[1.641s] Level 1:colcon.colcon_core.package_identification:_identify(.) by extension 'ignore'
[1.641s] Level 1:colcon.colcon_core.package_identification:_identify(.) by extension 'ignore_ament_install'
[1.642s] Level 1:colcon.colcon_core.package_identification:_identify(.) by extensions ['colcon_pkg']
[1.642s] Level 1:colcon.colcon_core.package_identification:_identify(.) by extension 'colcon_pkg'
[1.642s] Level 1:colcon.colcon_core.package_identification:_identify(.) by extensions ['colcon_meta']
[1.642s] Level 1:colcon.colcon_core.package_identification:_identify(.) by extension 'colcon_meta'
[1.642s] Level 1:colcon.colcon_core.package_identification:_identify(.) by extensions ['ros']
[1.642s] Level 1:colcon.colcon_core.package_identification:_identify(.) by extension 'ros'
[1.687s] Level 1:colcon.colcon_core.package_identification:_identify(.) by extensions ['cmake', 'python']
[1.687s] Level 1:colcon.colcon_core.package_identification:_identify(.) by extension 'cmake'
[1.687s] Level 1:colcon.colcon_core.package_identification:_identify(.) by extension 'python'
[1.688s] Level 1:colcon.colcon_core.package_identification:_identify(.) by extensions ['python_setup_py']
[1.688s] Level 1:colcon.colcon_core.package_identification:_identify(.) by extension 'python_setup_py'
[1.688s] Level 1:colcon.colcon_core.package_identification:_identify(build) by extensions ['ignore', 'ignore_ament_install']
[1.689s] Level 1:colcon.colcon_core.package_identification:_identify(build) by extension 'ignore'
[1.689s] Level 1:colcon.colcon_core.package_identification:_identify(build) ignored
[1.689s] Level 1:colcon.colcon_core.package_identification:_identify(install) by extensions ['ignore', 'ignore_ament_install']
[1.690s] Level 1:colcon.colcon_core.package_identification:_identify(install) by extension 'ignore'
[1.690s] Level 1:colcon.colcon_core.package_identification:_identify(install) ignored
[1.690s] Level 1:colcon.colcon_core.package_identification:_identify(log) by extensions ['ignore', 'ignore_ament_install']
[1.690s] Level 1:colcon.colcon_core.package_identification:_identify(log) by extension 'ignore'
[1.691s] Level 1:colcon.colcon_core.package_identification:_identify(log) ignored
[1.691s] Level 1:colcon.colcon_core.package_identification:_identify(src) by extensions ['ignore', 'ignore_ament_install']
[1.691s] Level 1:colcon.colcon_core.package_identification:_identify(src) by extension 'ignore'
[1.692s] Level 1:colcon.colcon_core.package_identification:_identify(src) by extension 'ignore_ament_install'
[1.692s] Level 1:colcon.colcon_core.package_identification:_identify(src) by extensions ['colcon_pkg']
[1.692s] Level 1:colcon.colcon_core.package_identification:_identify(src) by extension 'colcon_pkg'
[1.692s] Level 1:colcon.colcon_core.package_identification:_identify(src) by extensions ['colcon_meta']
[1.692s] Level 1:colcon.colcon_core.package_identification:_identify(src) by extension 'colcon_meta'
[1.692s] Level 1:colcon.colcon_core.package_identification:_identify(src) by extensions ['ros']
[1.693s] Level 1:colcon.colcon_core.package_identification:_identify(src) by extension 'ros'
[1.693s] Level 1:colcon.colcon_core.package_identification:_identify(src) by extensions ['cmake', 'python']
[1.693s] Level 1:colcon.colcon_core.package_identification:_identify(src) by extension 'cmake'
[1.693s] Level 1:colcon.colcon_core.package_identification:_identify(src) by extension 'python'
[1.693s] Level 1:colcon.colcon_core.package_identification:_identify(src) by extensions ['python_setup_py']
[1.693s] Level 1:colcon.colcon_core.package_identification:_identify(src) by extension 'python_setup_py'
[1.694s] Level 1:colcon.colcon_core.package_identification:_identify(src/build) by extensions ['ignore', 'ignore_ament_install']
[1.694s] Level 1:colcon.colcon_core.package_identification:_identify(src/build) by extension 'ignore'
[1.694s] Level 1:colcon.colcon_core.package_identification:_identify(src/build) ignored
[1.695s] Level 1:colcon.colcon_core.package_identification:_identify(src/controller_interfaces) by extensions ['ignore', 'ignore_ament_install']
[1.695s] Level 1:colcon.colcon_core.package_identification:_identify(src/controller_interfaces) by extension 'ignore'
[1.695s] Level 1:colcon.colcon_core.package_identification:_identify(src/controller_interfaces) by extension 'ignore_ament_install'
[1.696s] Level 1:colcon.colcon_core.package_identification:_identify(src/controller_interfaces) by extensions ['colcon_pkg']
[1.696s] Level 1:colcon.colcon_core.package_identification:_identify(src/controller_interfaces) by extension 'colcon_pkg'
[1.696s] Level 1:colcon.colcon_core.package_identification:_identify(src/controller_interfaces) by extensions ['colcon_meta']
[1.696s] Level 1:colcon.colcon_core.package_identification:_identify(src/controller_interfaces) by extension 'colcon_meta'
[1.696s] Level 1:colcon.colcon_core.package_identification:_identify(src/controller_interfaces) by extensions ['ros']
[1.696s] Level 1:colcon.colcon_core.package_identification:_identify(src/controller_interfaces) by extension 'ros'
[1.705s] DEBUG:colcon.colcon_core.package_identification:Package 'src/controller_interfaces' with type 'ros.ament_cmake' and name 'controller_interfaces'
[1.705s] Level 1:colcon.colcon_core.package_identification:_identify(src/cugo_controller) by extensions ['ignore', 'ignore_ament_install']
[1.706s] Level 1:colcon.colcon_core.package_identification:_identify(src/cugo_controller) by extension 'ignore'
[1.706s] Level 1:colcon.colcon_core.package_identification:_identify(src/cugo_controller) by extension 'ignore_ament_install'
[1.706s] Level 1:colcon.colcon_core.package_identification:_identify(src/cugo_controller) by extensions ['colcon_pkg']
[1.706s] Level 1:colcon.colcon_core.package_identification:_identify(src/cugo_controller) by extension 'colcon_pkg'
[1.706s] Level 1:colcon.colcon_core.package_identification:_identify(src/cugo_controller) by extensions ['colcon_meta']
[1.707s] Level 1:colcon.colcon_core.package_identification:_identify(src/cugo_controller) by extension 'colcon_meta'
[1.707s] Level 1:colcon.colcon_core.package_identification:_identify(src/cugo_controller) by extensions ['ros']
[1.707s] Level 1:colcon.colcon_core.package_identification:_identify(src/cugo_controller) by extension 'ros'
[1.709s] DEBUG:colcon.colcon_core.package_identification:Package 'src/cugo_controller' with type 'ros.ament_python' and name 'cugo_controller'
[1.710s] Level 1:colcon.colcon_core.package_identification:_identify(src/install) by extensions ['ignore', 'ignore_ament_install']
[1.715s] Level 1:colcon.colcon_core.package_identification:_identify(src/install) by extension 'ignore'
[1.715s] Level 1:colcon.colcon_core.package_identification:_identify(src/install) ignored
[1.716s] Level 1:colcon.colcon_core.package_identification:_identify(src/log) by extensions ['ignore', 'ignore_ament_install']
[1.716s] Level 1:colcon.colcon_core.package_identification:_identify(src/log) by extension 'ignore'
[1.716s] Level 1:colcon.colcon_core.package_identification:_identify(src/log) ignored
[1.717s] Level 1:colcon.colcon_core.package_identification:_identify(src/ps_ros2_common) by extensions ['ignore', 'ignore_ament_install']
[1.717s] Level 1:colcon.colcon_core.package_identification:_identify(src/ps_ros2_common) by extension 'ignore'
[1.717s] Level 1:colcon.colcon_core.package_identification:_identify(src/ps_ros2_common) by extension 'ignore_ament_install'
[1.717s] Level 1:colcon.colcon_core.package_identification:_identify(src/ps_ros2_common) by extensions ['colcon_pkg']
[1.718s] Level 1:colcon.colcon_core.package_identification:_identify(src/ps_ros2_common) by extension 'colcon_pkg'
[1.718s] Level 1:colcon.colcon_core.package_identification:_identify(src/ps_ros2_common) by extensions ['colcon_meta']
[1.718s] Level 1:colcon.colcon_core.package_identification:_identify(src/ps_ros2_common) by extension 'colcon_meta'
[1.718s] Level 1:colcon.colcon_core.package_identification:_identify(src/ps_ros2_common) by extensions ['ros']
[1.718s] Level 1:colcon.colcon_core.package_identification:_identify(src/ps_ros2_common) by extension 'ros'
[1.721s] DEBUG:colcon.colcon_core.package_identification:Package 'src/ps_ros2_common' with type 'ros.ament_cmake' and name 'ps_ros2_common'
[1.722s] Level 1:colcon.colcon_core.package_identification:_identify(src/rt_usb_9axisimu_driver) by extensions ['ignore', 'ignore_ament_install']
[1.722s] Level 1:colcon.colcon_core.package_identification:_identify(src/rt_usb_9axisimu_driver) by extension 'ignore'
[1.722s] Level 1:colcon.colcon_core.package_identification:_identify(src/rt_usb_9axisimu_driver) by extension 'ignore_ament_install'
[1.722s] Level 1:colcon.colcon_core.package_identification:_identify(src/rt_usb_9axisimu_driver) by extensions ['colcon_pkg']
[1.723s] Level 1:colcon.colcon_core.package_identification:_identify(src/rt_usb_9axisimu_driver) by extension 'colcon_pkg'
[1.723s] Level 1:colcon.colcon_core.package_identification:_identify(src/rt_usb_9axisimu_driver) by extensions ['colcon_meta']
[1.723s] Level 1:colcon.colcon_core.package_identification:_identify(src/rt_usb_9axisimu_driver) by extension 'colcon_meta'
[1.723s] Level 1:colcon.colcon_core.package_identification:_identify(src/rt_usb_9axisimu_driver) by extensions ['ros']
[1.723s] Level 1:colcon.colcon_core.package_identification:_identify(src/rt_usb_9axisimu_driver) by extension 'ros'
[1.727s] DEBUG:colcon.colcon_core.package_identification:Package 'src/rt_usb_9axisimu_driver' with type 'ros.ament_cmake' and name 'rt_usb_9axisimu_driver'
[1.727s] Level 1:colcon.colcon_core.package_discovery:discover_packages(recursive) using defaults
[1.727s] Level 1:colcon.colcon_core.package_discovery:discover_packages(ignore) discover
[1.728s] Level 1:colcon.colcon_core.package_discovery:discover_packages(ignore) using defaults
[1.728s] Level 1:colcon.colcon_core.package_discovery:discover_packages(path) discover
[1.728s] Level 1:colcon.colcon_core.package_discovery:discover_packages(path) using defaults
[1.818s] Level 1:colcon.colcon_core.package_discovery:discover_packages(prefix_path) check parameters
[1.818s] Level 1:colcon.colcon_core.package_discovery:discover_packages(prefix_path) discover
[1.824s] WARNING:colcon.colcon_ros.prefix_path.ament:The path '/home/shelfer/my_ros2_ws/install/py_pkg' in the environment variable AMENT_PREFIX_PATH doesn't exist
[1.824s] WARNING:colcon.colcon_ros.prefix_path.ament:The path '/home/shelfer/my_ros2_ws/install/ps_ros2_common' in the environment variable AMENT_PREFIX_PATH doesn't exist
[1.825s] WARNING:colcon.colcon_ros.prefix_path.ament:The path '/home/shelfer/my_ros2_ws/install/cugo_controller' in the environment variable AMENT_PREFIX_PATH doesn't exist
[1.825s] WARNING:colcon.colcon_ros.prefix_path.ament:The path '/home/shelfer/my_ros2_ws/install/controller_interfaces' in the environment variable AMENT_PREFIX_PATH doesn't exist
[1.825s] WARNING:colcon.colcon_ros.prefix_path.catkin:The path '/home/shelfer/my_ros2_ws/install/ps_ros2_common' in the environment variable CMAKE_PREFIX_PATH doesn't exist
[1.826s] WARNING:colcon.colcon_ros.prefix_path.catkin:The path '/home/shelfer/my_ros2_ws/install/controller_interfaces' in the environment variable CMAKE_PREFIX_PATH doesn't exist
[1.831s] DEBUG:colcon.colcon_installed_package_information.package_discovery:Found 0 installed packages in /home/shelfer/my_ros2_ws/install
[1.845s] DEBUG:colcon.colcon_installed_package_information.package_discovery:Found 383 installed packages in /opt/ros/humble
[1.854s] Level 1:colcon.colcon_core.package_discovery:discover_packages(prefix_path) using defaults
[2.195s] Level 5:colcon.colcon_core.verb:set package 'controller_interfaces' build argument 'cmake_args' from command line to 'None'
[2.195s] Level 5:colcon.colcon_core.verb:set package 'controller_interfaces' build argument 'cmake_target' from command line to 'None'
[2.195s] Level 5:colcon.colcon_core.verb:set package 'controller_interfaces' build argument 'cmake_target_skip_unavailable' from command line to 'False'
[2.195s] Level 5:colcon.colcon_core.verb:set package 'controller_interfaces' build argument 'cmake_clean_cache' from command line to 'False'
[2.195s] Level 5:colcon.colcon_core.verb:set package 'controller_interfaces' build argument 'cmake_clean_first' from command line to 'False'
[2.196s] Level 5:colcon.colcon_core.verb:set package 'controller_interfaces' build argument 'cmake_force_configure' from command line to 'False'
[2.196s] Level 5:colcon.colcon_core.verb:set package 'controller_interfaces' build argument 'ament_cmake_args' from command line to 'None'
[2.196s] Level 5:colcon.colcon_core.verb:set package 'controller_interfaces' build argument 'catkin_cmake_args' from command line to 'None'
[2.196s] Level 5:colcon.colcon_core.verb:set package 'controller_interfaces' build argument 'catkin_skip_building_tests' from command line to 'False'
[2.196s] DEBUG:colcon.colcon_core.verb:Building package 'controller_interfaces' with the following arguments: {'ament_cmake_args': None, 'build_base': '/home/shelfer/my_ros2_ws/build/controller_interfaces', 'catkin_cmake_args': None, 'catkin_skip_building_tests': False, 'cmake_args': None, 'cmake_clean_cache': False, 'cmake_clean_first': False, 'cmake_force_configure': False, 'cmake_target': None, 'cmake_target_skip_unavailable': False, 'install_base': '/home/shelfer/my_ros2_ws/install/controller_interfaces', 'merge_install': False, 'path': '/home/shelfer/my_ros2_ws/src/controller_interfaces', 'symlink_install': True, 'test_result_base': None}
[2.200s] Level 5:colcon.colcon_core.verb:set package 'cugo_controller' build argument 'cmake_args' from command line to 'None'
[2.200s] Level 5:colcon.colcon_core.verb:set package 'cugo_controller' build argument 'cmake_target' from command line to 'None'
[2.201s] Level 5:colcon.colcon_core.verb:set package 'cugo_controller' build argument 'cmake_target_skip_unavailable' from command line to 'False'
[2.201s] Level 5:colcon.colcon_core.verb:set package 'cugo_controller' build argument 'cmake_clean_cache' from command line to 'False'
[2.201s] Level 5:colcon.colcon_core.verb:set package 'cugo_controller' build argument 'cmake_clean_first' from command line to 'False'
[2.201s] Level 5:colcon.colcon_core.verb:set package 'cugo_controller' build argument 'cmake_force_configure' from command line to 'False'
[2.201s] Level 5:colcon.colcon_core.verb:set package 'cugo_controller' build argument 'ament_cmake_args' from command line to 'None'
[2.201s] Level 5:colcon.colcon_core.verb:set package 'cugo_controller' build argument 'catkin_cmake_args' from command line to 'None'
[2.201s] Level 5:colcon.colcon_core.verb:set package 'cugo_controller' build argument 'catkin_skip_building_tests' from command line to 'False'
[2.201s] DEBUG:colcon.colcon_core.verb:Building package 'cugo_controller' with the following arguments: {'ament_cmake_args': None, 'build_base': '/home/shelfer/my_ros2_ws/build/cugo_controller', 'catkin_cmake_args': None, 'catkin_skip_building_tests': False, 'cmake_args': None, 'cmake_clean_cache': False, 'cmake_clean_first': False, 'cmake_force_configure': False, 'cmake_target': None, 'cmake_target_skip_unavailable': False, 'install_base': '/home/shelfer/my_ros2_ws/install/cugo_controller', 'merge_install': False, 'path': '/home/shelfer/my_ros2_ws/src/cugo_controller', 'symlink_install': True, 'test_result_base': None}
[2.205s] Level 5:colcon.colcon_core.verb:set package 'ps_ros2_common' build argument 'cmake_args' from command line to 'None'
[2.206s] Level 5:colcon.colcon_core.verb:set package 'ps_ros2_common' build argument 'cmake_target' from command line to 'None'
[2.206s] Level 5:colcon.colcon_core.verb:set package 'ps_ros2_common' build argument 'cmake_target_skip_unavailable' from command line to 'False'
[2.206s] Level 5:colcon.colcon_core.verb:set package 'ps_ros2_common' build argument 'cmake_clean_cache' from command line to 'False'
[2.206s] Level 5:colcon.colcon_core.verb:set package 'ps_ros2_common' build argument 'cmake_clean_first' from command line to 'False'
[2.206s] Level 5:colcon.colcon_core.verb:set package 'ps_ros2_common' build argument 'cmake_force_configure' from command line to 'False'
[2.206s] Level 5:colcon.colcon_core.verb:set package 'ps_ros2_common' build argument 'ament_cmake_args' from command line to 'None'
[2.206s] Level 5:colcon.colcon_core.verb:set package 'ps_ros2_common' build argument 'catkin_cmake_args' from command line to 'None'
[2.206s] Level 5:colcon.colcon_core.verb:set package 'ps_ros2_common' build argument 'catkin_skip_building_tests' from command line to 'False'
[2.206s] DEBUG:colcon.colcon_core.verb:Building package 'ps_ros2_common' with the following arguments: {'ament_cmake_args': None, 'build_base': '/home/shelfer/my_ros2_ws/build/ps_ros2_common', 'catkin_cmake_args': None, 'catkin_skip_building_tests': False, 'cmake_args': None, 'cmake_clean_cache': False, 'cmake_clean_first': False, 'cmake_force_configure': False, 'cmake_target': None, 'cmake_target_skip_unavailable': False, 'install_base': '/home/shelfer/my_ros2_ws/install/ps_ros2_common', 'merge_install': False, 'path': '/home/shelfer/my_ros2_ws/src/ps_ros2_common', 'symlink_install': True, 'test_result_base': None}
[2.211s] Level 5:colcon.colcon_core.verb:set package 'rt_usb_9axisimu_driver' build argument 'cmake_args' from command line to 'None'
[2.211s] Level 5:colcon.colcon_core.verb:set package 'rt_usb_9axisimu_driver' build argument 'cmake_target' from command line to 'None'
[2.211s] Level 5:colcon.colcon_core.verb:set package 'rt_usb_9axisimu_driver' build argument 'cmake_target_skip_unavailable' from command line to 'False'
[2.211s] Level 5:colcon.colcon_core.verb:set package 'rt_usb_9axisimu_driver' build argument 'cmake_clean_cache' from command line to 'False'
[2.211s] Level 5:colcon.colcon_core.verb:set package 'rt_usb_9axisimu_driver' build argument 'cmake_clean_first' from command line to 'False'
[2.211s] Level 5:colcon.colcon_core.verb:set package 'rt_usb_9axisimu_driver' build argument 'cmake_force_configure' from command line to 'False'
[2.211s] Level 5:colcon.colcon_core.verb:set package 'rt_usb_9axisimu_driver' build argument 'ament_cmake_args' from command line to 'None'
[2.212s] Level 5:colcon.colcon_core.verb:set package 'rt_usb_9axisimu_driver' build argument 'catkin_cmake_args' from command line to 'None'
[2.212s] Level 5:colcon.colcon_core.verb:set package 'rt_usb_9axisimu_driver' build argument 'catkin_skip_building_tests' from command line to 'False'
[2.212s] DEBUG:colcon.colcon_core.verb:Building package 'rt_usb_9axisimu_driver' with the following arguments: {'ament_cmake_args': None, 'build_base': '/home/shelfer/my_ros2_ws/build/rt_usb_9axisimu_driver', 'catkin_cmake_args': None, 'catkin_skip_building_tests': False, 'cmake_args': None, 'cmake_clean_cache': False, 'cmake_clean_first': False, 'cmake_force_configure': False, 'cmake_target': None, 'cmake_target_skip_unavailable': False, 'install_base': '/home/shelfer/my_ros2_ws/install/rt_usb_9axisimu_driver', 'merge_install': False, 'path': '/home/shelfer/my_ros2_ws/src/rt_usb_9axisimu_driver', 'symlink_install': True, 'test_result_base': None}
[2.215s] INFO:colcon.colcon_core.executor:Executing jobs using 'parallel' executor
[2.227s] DEBUG:colcon.colcon_parallel_executor.executor.parallel:run_until_complete
[2.228s] INFO:colcon.colcon_ros.task.ament_cmake.build:Building ROS package in '/home/shelfer/my_ros2_ws/src/controller_interfaces' with build type 'ament_cmake'
[2.229s] INFO:colcon.colcon_cmake.task.cmake.build:Building CMake package in '/home/shelfer/my_ros2_ws/src/controller_interfaces'
[2.248s] INFO:colcon.colcon_core.plugin_system:Skipping extension 'colcon_core.shell.bat': Not used on non-Windows systems
[2.249s] INFO:colcon.colcon_core.shell:Skip shell extension 'powershell' for command environment: Not usable outside of PowerShell
[2.249s] DEBUG:colcon.colcon_core.shell:Skip shell extension 'dsv' for command environment
[2.277s] INFO:colcon.colcon_ros.task.ament_python.build:Building ROS package in '/home/shelfer/my_ros2_ws/src/cugo_controller' with build type 'ament_python'
[2.278s] Level 1:colcon.colcon_core.shell:create_environment_hook('cugo_controller', 'ament_prefix_path')
[2.285s] INFO:colcon.colcon_core.shell:Creating environment hook '/home/shelfer/my_ros2_ws/install/cugo_controller/share/cugo_controller/hook/ament_prefix_path.ps1'
[2.288s] INFO:colcon.colcon_core.shell:Creating environment descriptor '/home/shelfer/my_ros2_ws/install/cugo_controller/share/cugo_controller/hook/ament_prefix_path.dsv'
[2.291s] INFO:colcon.colcon_core.shell:Creating environment hook '/home/shelfer/my_ros2_ws/install/cugo_controller/share/cugo_controller/hook/ament_prefix_path.sh'
[2.301s] INFO:colcon.colcon_core.shell:Skip shell extension 'powershell' for command environment: Not usable outside of PowerShell
[2.301s] DEBUG:colcon.colcon_core.shell:Skip shell extension 'dsv' for command environment
[2.327s] INFO:colcon.colcon_ros.task.ament_cmake.build:Building ROS package in '/home/shelfer/my_ros2_ws/src/ps_ros2_common' with build type 'ament_cmake'
[2.328s] INFO:colcon.colcon_cmake.task.cmake.build:Building CMake package in '/home/shelfer/my_ros2_ws/src/ps_ros2_common'
[2.335s] INFO:colcon.colcon_core.shell:Skip shell extension 'powershell' for command environment: Not usable outside of PowerShell
[2.336s] DEBUG:colcon.colcon_core.shell:Skip shell extension 'dsv' for command environment
[2.365s] INFO:colcon.colcon_ros.task.ament_cmake.build:Building ROS package in '/home/shelfer/my_ros2_ws/src/rt_usb_9axisimu_driver' with build type 'ament_cmake'
[2.366s] INFO:colcon.colcon_cmake.task.cmake.build:Building CMake package in '/home/shelfer/my_ros2_ws/src/rt_usb_9axisimu_driver'
[2.373s] INFO:colcon.colcon_core.shell:Skip shell extension 'powershell' for command environment: Not usable outside of PowerShell
[2.373s] DEBUG:colcon.colcon_core.shell:Skip shell extension 'dsv' for command environment
[2.415s] DEBUG:colcon.colcon_core.event_handler.log_command:Invoking command in '/home/shelfer/my_ros2_ws/build/controller_interfaces': CMAKE_PREFIX_PATH=${CMAKE_PREFIX_PATH}:/home/shelfer/my_ros2_ws/install/py_pkg:/home/shelfer/my_ros2_ws/install/cugo_controller:/opt/ros/humble /usr/bin/cmake /home/shelfer/my_ros2_ws/src/controller_interfaces -DAMENT_CMAKE_SYMLINK_INSTALL=1 -DCMAKE_INSTALL_PREFIX=/home/shelfer/my_ros2_ws/install/controller_interfaces
[4.084s] INFO:colcon.colcon_core.task.python.build:Building Python package in '/home/shelfer/my_ros2_ws/src/cugo_controller'
[4.091s] INFO:colcon.colcon_core.shell:Skip shell extension 'powershell' for command environment: Not usable outside of PowerShell
[4.092s] DEBUG:colcon.colcon_core.shell:Skip shell extension 'dsv' for command environment
[4.131s] DEBUG:colcon.colcon_core.event_handler.log_command:Invoking command in '/home/shelfer/my_ros2_ws/build/ps_ros2_common': CMAKE_PREFIX_PATH=${CMAKE_PREFIX_PATH}:/home/shelfer/my_ros2_ws/install/py_pkg:/home/shelfer/my_ros2_ws/install/cugo_controller:/opt/ros/humble /usr/bin/cmake /home/shelfer/my_ros2_ws/src/ps_ros2_common -DAMENT_CMAKE_SYMLINK_INSTALL=1 -DCMAKE_INSTALL_PREFIX=/home/shelfer/my_ros2_ws/install/ps_ros2_common
[4.172s] DEBUG:colcon.colcon_core.event_handler.log_command:Invoking command in '/home/shelfer/my_ros2_ws/build/rt_usb_9axisimu_driver': CMAKE_PREFIX_PATH=${CMAKE_PREFIX_PATH}:/home/shelfer/my_ros2_ws/install/py_pkg:/home/shelfer/my_ros2_ws/install/cugo_controller:/opt/ros/humble /usr/bin/cmake /home/shelfer/my_ros2_ws/src/rt_usb_9axisimu_driver -DAMENT_CMAKE_SYMLINK_INSTALL=1 -DCMAKE_INSTALL_PREFIX=/home/shelfer/my_ros2_ws/install/rt_usb_9axisimu_driver
[7.088s] DEBUG:colcon.colcon_core.event_handler.log_command:Invoking command in '/home/shelfer/my_ros2_ws/build/cugo_controller': PYTHONPATH=/home/shelfer/my_ros2_ws/build/cugo_controller/prefix_override:/home/shelfer/my_ros2_ws/install/cugo_controller/lib/python3.10/site-packages:${PYTHONPATH} /usr/bin/python3 setup.py develop --editable --build-directory /home/shelfer/my_ros2_ws/build/cugo_controller/build --no-deps install_data
[11.001s] Level 1:colcon.colcon_core.shell:create_environment_hook('cugo_controller', 'pythonpath_develop')
[11.010s] DEBUG:colcon.colcon_core.event_handler.log_command:Invoked command in '/home/shelfer/my_ros2_ws/build/cugo_controller' returned '0': PYTHONPATH=/home/shelfer/my_ros2_ws/build/cugo_controller/prefix_override:/home/shelfer/my_ros2_ws/install/cugo_controller/lib/python3.10/site-packages:${PYTHONPATH} /usr/bin/python3 setup.py develop --editable --build-directory /home/shelfer/my_ros2_ws/build/cugo_controller/build --no-deps install_data
[11.013s] INFO:colcon.colcon_core.shell:Creating environment hook '/home/shelfer/my_ros2_ws/build/cugo_controller/share/cugo_controller/hook/pythonpath_develop.ps1'
[11.017s] INFO:colcon.colcon_core.shell:Creating environment descriptor '/home/shelfer/my_ros2_ws/build/cugo_controller/share/cugo_controller/hook/pythonpath_develop.dsv'
[11.019s] INFO:colcon.colcon_core.shell:Creating environment hook '/home/shelfer/my_ros2_ws/build/cugo_controller/share/cugo_controller/hook/pythonpath_develop.sh'
[11.067s] Level 1:colcon.colcon_core.environment:checking '/home/shelfer/my_ros2_ws/install/cugo_controller' for CMake module files
[11.072s] Level 1:colcon.colcon_core.environment:checking '/home/shelfer/my_ros2_ws/install/cugo_controller' for CMake config files
[11.079s] Level 1:colcon.colcon_core.environment:checking '/home/shelfer/my_ros2_ws/install/cugo_controller/lib'
[11.082s] Level 1:colcon.colcon_core.environment:checking '/home/shelfer/my_ros2_ws/install/cugo_controller/bin'
[11.083s] Level 1:colcon.colcon_core.environment:checking '/home/shelfer/my_ros2_ws/install/cugo_controller/lib/pkgconfig/cugo_controller.pc'
[11.085s] Level 1:colcon.colcon_core.environment:checking '/home/shelfer/my_ros2_ws/install/cugo_controller/lib/python3.10/site-packages'
[11.086s] Level 1:colcon.colcon_core.shell:create_environment_hook('cugo_controller', 'pythonpath')
[11.094s] INFO:colcon.colcon_core.shell:Creating environment hook '/home/shelfer/my_ros2_ws/install/cugo_controller/share/cugo_controller/hook/pythonpath.ps1'
[11.097s] INFO:colcon.colcon_core.shell:Creating environment descriptor '/home/shelfer/my_ros2_ws/install/cugo_controller/share/cugo_controller/hook/pythonpath.dsv'
[11.100s] INFO:colcon.colcon_core.shell:Creating environment hook '/home/shelfer/my_ros2_ws/install/cugo_controller/share/cugo_controller/hook/pythonpath.sh'
[11.104s] Level 1:colcon.colcon_core.environment:checking '/home/shelfer/my_ros2_ws/install/cugo_controller/bin'
[11.105s] Level 1:colcon.colcon_core.environment:create_environment_scripts_only(cugo_controller)
[11.114s] INFO:colcon.colcon_core.shell:Creating package script '/home/shelfer/my_ros2_ws/install/cugo_controller/share/cugo_controller/package.ps1'
[11.120s] INFO:colcon.colcon_core.shell:Creating package descriptor '/home/shelfer/my_ros2_ws/install/cugo_controller/share/cugo_controller/package.dsv'
[11.124s] INFO:colcon.colcon_core.shell:Creating package script '/home/shelfer/my_ros2_ws/install/cugo_controller/share/cugo_controller/package.sh'
[11.128s] INFO:colcon.colcon_core.shell:Creating package script '/home/shelfer/my_ros2_ws/install/cugo_controller/share/cugo_controller/package.bash'
[11.131s] INFO:colcon.colcon_core.shell:Creating package script '/home/shelfer/my_ros2_ws/install/cugo_controller/share/cugo_controller/package.zsh'
[11.135s] Level 1:colcon.colcon_core.environment:create_file_with_runtime_dependencies(/home/shelfer/my_ros2_ws/install/cugo_controller/share/colcon-core/packages/cugo_controller)
[13.182s] DEBUG:colcon.colcon_core.event_handler.log_command:Invoked command in '/home/shelfer/my_ros2_ws/build/controller_interfaces' returned '0': CMAKE_PREFIX_PATH=${CMAKE_PREFIX_PATH}:/home/shelfer/my_ros2_ws/install/py_pkg:/home/shelfer/my_ros2_ws/install/cugo_controller:/opt/ros/humble /usr/bin/cmake /home/shelfer/my_ros2_ws/src/controller_interfaces -DAMENT_CMAKE_SYMLINK_INSTALL=1 -DCMAKE_INSTALL_PREFIX=/home/shelfer/my_ros2_ws/install/controller_interfaces
[13.185s] DEBUG:colcon.colcon_core.event_handler.log_command:Invoking command in '/home/shelfer/my_ros2_ws/build/controller_interfaces': CMAKE_PREFIX_PATH=${CMAKE_PREFIX_PATH}:/home/shelfer/my_ros2_ws/install/py_pkg:/home/shelfer/my_ros2_ws/install/cugo_controller:/opt/ros/humble /usr/bin/cmake --build /home/shelfer/my_ros2_ws/build/controller_interfaces -- -j4 -l4
[17.557s] DEBUG:colcon.colcon_core.event_handler.log_command:Invoked command in '/home/shelfer/my_ros2_ws/build/rt_usb_9axisimu_driver' returned '0': CMAKE_PREFIX_PATH=${CMAKE_PREFIX_PATH}:/home/shelfer/my_ros2_ws/install/py_pkg:/home/shelfer/my_ros2_ws/install/cugo_controller:/opt/ros/humble /usr/bin/cmake /home/shelfer/my_ros2_ws/src/rt_usb_9axisimu_driver -DAMENT_CMAKE_SYMLINK_INSTALL=1 -DCMAKE_INSTALL_PREFIX=/home/shelfer/my_ros2_ws/install/rt_usb_9axisimu_driver
[17.580s] DEBUG:colcon.colcon_core.event_handler.log_command:Invoking command in '/home/shelfer/my_ros2_ws/build/rt_usb_9axisimu_driver': CMAKE_PREFIX_PATH=${CMAKE_PREFIX_PATH}:/home/shelfer/my_ros2_ws/install/py_pkg:/home/shelfer/my_ros2_ws/install/cugo_controller:/opt/ros/humble /usr/bin/cmake --build /home/shelfer/my_ros2_ws/build/rt_usb_9axisimu_driver -- -j4 -l4
[17.988s] DEBUG:colcon.colcon_core.event_handler.log_command:Invoked command in '/home/shelfer/my_ros2_ws/build/ps_ros2_common' returned '0': CMAKE_PREFIX_PATH=${CMAKE_PREFIX_PATH}:/home/shelfer/my_ros2_ws/install/py_pkg:/home/shelfer/my_ros2_ws/install/cugo_controller:/opt/ros/humble /usr/bin/cmake /home/shelfer/my_ros2_ws/src/ps_ros2_common -DAMENT_CMAKE_SYMLINK_INSTALL=1 -DCMAKE_INSTALL_PREFIX=/home/shelfer/my_ros2_ws/install/ps_ros2_common
[17.990s] DEBUG:colcon.colcon_core.event_handler.log_command:Invoking command in '/home/shelfer/my_ros2_ws/build/ps_ros2_common': CMAKE_PREFIX_PATH=${CMAKE_PREFIX_PATH}:/home/shelfer/my_ros2_ws/install/py_pkg:/home/shelfer/my_ros2_ws/install/cugo_controller:/opt/ros/humble /usr/bin/cmake --build /home/shelfer/my_ros2_ws/build/ps_ros2_common -- -j4 -l4
[32.785s] DEBUG:colcon.colcon_core.event_handler.log_command:Invoked command in '/home/shelfer/my_ros2_ws/build/controller_interfaces' returned '0': CMAKE_PREFIX_PATH=${CMAKE_PREFIX_PATH}:/home/shelfer/my_ros2_ws/install/py_pkg:/home/shelfer/my_ros2_ws/install/cugo_controller:/opt/ros/humble /usr/bin/cmake --build /home/shelfer/my_ros2_ws/build/controller_interfaces -- -j4 -l4
[33.440s] DEBUG:colcon.colcon_core.event_handler.log_command:Invoking command in '/home/shelfer/my_ros2_ws/build/controller_interfaces': CMAKE_PREFIX_PATH=${CMAKE_PREFIX_PATH}:/home/shelfer/my_ros2_ws/install/py_pkg:/home/shelfer/my_ros2_ws/install/cugo_controller:/opt/ros/humble /usr/bin/cmake --install /home/shelfer/my_ros2_ws/build/controller_interfaces
[37.575s] Level 1:colcon.colcon_core.environment:create_environment_scripts_only(controller_interfaces)
[37.590s] DEBUG:colcon.colcon_core.event_handler.log_command:Invoked command in '/home/shelfer/my_ros2_ws/build/controller_interfaces' returned '0': CMAKE_PREFIX_PATH=${CMAKE_PREFIX_PATH}:/home/shelfer/my_ros2_ws/install/py_pkg:/home/shelfer/my_ros2_ws/install/cugo_controller:/opt/ros/humble /usr/bin/cmake --install /home/shelfer/my_ros2_ws/build/controller_interfaces
[37.595s] Level 1:colcon.colcon_core.environment:checking '/home/shelfer/my_ros2_ws/install/controller_interfaces' for CMake module files
[37.603s] Level 1:colcon.colcon_core.environment:checking '/home/shelfer/my_ros2_ws/install/controller_interfaces' for CMake config files
[37.609s] Level 1:colcon.colcon_core.shell:create_environment_hook('controller_interfaces', 'cmake_prefix_path')
[37.622s] INFO:colcon.colcon_core.shell:Creating environment hook '/home/shelfer/my_ros2_ws/install/controller_interfaces/share/controller_interfaces/hook/cmake_prefix_path.ps1'
[37.626s] INFO:colcon.colcon_core.shell:Creating environment descriptor '/home/shelfer/my_ros2_ws/install/controller_interfaces/share/controller_interfaces/hook/cmake_prefix_path.dsv'
[37.629s] INFO:colcon.colcon_core.shell:Creating environment hook '/home/shelfer/my_ros2_ws/install/controller_interfaces/share/controller_interfaces/hook/cmake_prefix_path.sh'
[37.636s] Level 1:colcon.colcon_core.environment:checking '/home/shelfer/my_ros2_ws/install/controller_interfaces/lib'
[37.637s] Level 1:colcon.colcon_core.shell:create_environment_hook('controller_interfaces', 'ld_library_path_lib')
[37.652s] INFO:colcon.colcon_core.shell:Creating environment hook '/home/shelfer/my_ros2_ws/install/controller_interfaces/share/controller_interfaces/hook/ld_library_path_lib.ps1'
[37.656s] INFO:colcon.colcon_core.shell:Creating environment descriptor '/home/shelfer/my_ros2_ws/install/controller_interfaces/share/controller_interfaces/hook/ld_library_path_lib.dsv'
[37.660s] INFO:colcon.colcon_core.shell:Creating environment hook '/home/shelfer/my_ros2_ws/install/controller_interfaces/share/controller_interfaces/hook/ld_library_path_lib.sh'
[37.664s] Level 1:colcon.colcon_core.environment:checking '/home/shelfer/my_ros2_ws/install/controller_interfaces/bin'
[37.665s] Level 1:colcon.colcon_core.environment:checking '/home/shelfer/my_ros2_ws/install/controller_interfaces/lib/pkgconfig/controller_interfaces.pc'
[37.668s] Level 1:colcon.colcon_core.environment:checking '/home/shelfer/my_ros2_ws/install/controller_interfaces/lib/python3.10/site-packages'
[37.670s] Level 1:colcon.colcon_core.environment:checking '/home/shelfer/my_ros2_ws/install/controller_interfaces/bin'
[37.684s] INFO:colcon.colcon_core.shell:Creating package script '/home/shelfer/my_ros2_ws/install/controller_interfaces/share/controller_interfaces/package.ps1'
[37.688s] INFO:colcon.colcon_core.shell:Creating package descriptor '/home/shelfer/my_ros2_ws/install/controller_interfaces/share/controller_interfaces/package.dsv'
[37.692s] INFO:colcon.colcon_core.shell:Creating package script '/home/shelfer/my_ros2_ws/install/controller_interfaces/share/controller_interfaces/package.sh'
[37.695s] INFO:colcon.colcon_core.shell:Creating package script '/home/shelfer/my_ros2_ws/install/controller_interfaces/share/controller_interfaces/package.bash'
[37.698s] INFO:colcon.colcon_core.shell:Creating package script '/home/shelfer/my_ros2_ws/install/controller_interfaces/share/controller_interfaces/package.zsh'
[37.702s] Level 1:colcon.colcon_core.environment:create_file_with_runtime_dependencies(/home/shelfer/my_ros2_ws/install/controller_interfaces/share/colcon-core/packages/controller_interfaces)
[38.262s] Level 1:colcon.colcon_core.environment:create_environment_scripts_only(controller_interfaces)
[38.279s] Level 1:colcon.colcon_core.environment:checking '/home/shelfer/my_ros2_ws/install/controller_interfaces' for CMake module files
[38.286s] Level 1:colcon.colcon_core.environment:checking '/home/shelfer/my_ros2_ws/install/controller_interfaces' for CMake config files
[38.291s] Level 1:colcon.colcon_core.shell:create_environment_hook('controller_interfaces', 'cmake_prefix_path')
[38.302s] INFO:colcon.colcon_core.shell:Creating environment hook '/home/shelfer/my_ros2_ws/install/controller_interfaces/share/controller_interfaces/hook/cmake_prefix_path.ps1'
[38.305s] INFO:colcon.colcon_core.shell:Creating environment descriptor '/home/shelfer/my_ros2_ws/install/controller_interfaces/share/controller_interfaces/hook/cmake_prefix_path.dsv'
[38.309s] INFO:colcon.colcon_core.shell:Creating environment hook '/home/shelfer/my_ros2_ws/install/controller_interfaces/share/controller_interfaces/hook/cmake_prefix_path.sh'
[38.314s] Level 1:colcon.colcon_core.environment:checking '/home/shelfer/my_ros2_ws/install/controller_interfaces/lib'
[38.315s] Level 1:colcon.colcon_core.shell:create_environment_hook('controller_interfaces', 'ld_library_path_lib')
[38.327s] INFO:colcon.colcon_core.shell:Creating environment hook '/home/shelfer/my_ros2_ws/install/controller_interfaces/share/controller_interfaces/hook/ld_library_path_lib.ps1'
[38.331s] INFO:colcon.colcon_core.shell:Creating environment descriptor '/home/shelfer/my_ros2_ws/install/controller_interfaces/share/controller_interfaces/hook/ld_library_path_lib.dsv'
[38.335s] INFO:colcon.colcon_core.shell:Creating environment hook '/home/shelfer/my_ros2_ws/install/controller_interfaces/share/controller_interfaces/hook/ld_library_path_lib.sh'
[38.339s] Level 1:colcon.colcon_core.environment:checking '/home/shelfer/my_ros2_ws/install/controller_interfaces/bin'
[38.340s] Level 1:colcon.colcon_core.environment:checking '/home/shelfer/my_ros2_ws/install/controller_interfaces/lib/pkgconfig/controller_interfaces.pc'
[38.341s] Level 1:colcon.colcon_core.environment:checking '/home/shelfer/my_ros2_ws/install/controller_interfaces/lib/python3.10/site-packages'
[38.343s] Level 1:colcon.colcon_core.environment:checking '/home/shelfer/my_ros2_ws/install/controller_interfaces/bin'
[38.355s] INFO:colcon.colcon_core.shell:Creating package script '/home/shelfer/my_ros2_ws/install/controller_interfaces/share/controller_interfaces/package.ps1'
[38.360s] INFO:colcon.colcon_core.shell:Creating package descriptor '/home/shelfer/my_ros2_ws/install/controller_interfaces/share/controller_interfaces/package.dsv'
[38.365s] INFO:colcon.colcon_core.shell:Creating package script '/home/shelfer/my_ros2_ws/install/controller_interfaces/share/controller_interfaces/package.sh'
[38.371s] INFO:colcon.colcon_core.shell:Creating package script '/home/shelfer/my_ros2_ws/install/controller_interfaces/share/controller_interfaces/package.bash'
[38.376s] INFO:colcon.colcon_core.shell:Creating package script '/home/shelfer/my_ros2_ws/install/controller_interfaces/share/controller_interfaces/package.zsh'
[38.380s] Level 1:colcon.colcon_core.environment:create_file_with_runtime_dependencies(/home/shelfer/my_ros2_ws/install/controller_interfaces/share/colcon-core/packages/controller_interfaces)
[81.898s] DEBUG:colcon.colcon_core.event_handler.log_command:Invoked command in '/home/shelfer/my_ros2_ws/build/ps_ros2_common' returned '0': CMAKE_PREFIX_PATH=${CMAKE_PREFIX_PATH}:/home/shelfer/my_ros2_ws/install/py_pkg:/home/shelfer/my_ros2_ws/install/cugo_controller:/opt/ros/humble /usr/bin/cmake --build /home/shelfer/my_ros2_ws/build/ps_ros2_common -- -j4 -l4
[82.079s] DEBUG:colcon.colcon_core.event_handler.log_command:Invoking command in '/home/shelfer/my_ros2_ws/build/ps_ros2_common': CMAKE_PREFIX_PATH=${CMAKE_PREFIX_PATH}:/home/shelfer/my_ros2_ws/install/py_pkg:/home/shelfer/my_ros2_ws/install/cugo_controller:/opt/ros/humble /usr/bin/cmake --install /home/shelfer/my_ros2_ws/build/ps_ros2_common
[82.332s] DEBUG:colcon.colcon_core.event_handler.log_command:Invoked command in '/home/shelfer/my_ros2_ws/build/rt_usb_9axisimu_driver' returned '0': CMAKE_PREFIX_PATH=${CMAKE_PREFIX_PATH}:/home/shelfer/my_ros2_ws/install/py_pkg:/home/shelfer/my_ros2_ws/install/cugo_controller:/opt/ros/humble /usr/bin/cmake --build /home/shelfer/my_ros2_ws/build/rt_usb_9axisimu_driver -- -j4 -l4
[82.516s] DEBUG:colcon.colcon_core.event_handler.log_command:Invoking command in '/home/shelfer/my_ros2_ws/build/rt_usb_9axisimu_driver': CMAKE_PREFIX_PATH=${CMAKE_PREFIX_PATH}:/home/shelfer/my_ros2_ws/install/py_pkg:/home/shelfer/my_ros2_ws/install/cugo_controller:/opt/ros/humble /usr/bin/cmake --install /home/shelfer/my_ros2_ws/build/rt_usb_9axisimu_driver
[82.956s] Level 1:colcon.colcon_core.environment:create_environment_scripts_only(ps_ros2_common)
[82.966s] Level 1:colcon.colcon_core.environment:checking '/home/shelfer/my_ros2_ws/install/ps_ros2_common' for CMake module files
[82.968s] DEBUG:colcon.colcon_core.event_handler.log_command:Invoked command in '/home/shelfer/my_ros2_ws/build/ps_ros2_common' returned '0': CMAKE_PREFIX_PATH=${CMAKE_PREFIX_PATH}:/home/shelfer/my_ros2_ws/install/py_pkg:/home/shelfer/my_ros2_ws/install/cugo_controller:/opt/ros/humble /usr/bin/cmake --install /home/shelfer/my_ros2_ws/build/ps_ros2_common
[82.970s] Level 1:colcon.colcon_core.environment:checking '/home/shelfer/my_ros2_ws/install/ps_ros2_common' for CMake config files
[82.973s] Level 1:colcon.colcon_core.shell:create_environment_hook('ps_ros2_common', 'cmake_prefix_path')
[82.980s] INFO:colcon.colcon_core.shell:Creating environment hook '/home/shelfer/my_ros2_ws/install/ps_ros2_common/share/ps_ros2_common/hook/cmake_prefix_path.ps1'
[82.982s] INFO:colcon.colcon_core.shell:Creating environment descriptor '/home/shelfer/my_ros2_ws/install/ps_ros2_common/share/ps_ros2_common/hook/cmake_prefix_path.dsv'
[82.984s] INFO:colcon.colcon_core.shell:Creating environment hook '/home/shelfer/my_ros2_ws/install/ps_ros2_common/share/ps_ros2_common/hook/cmake_prefix_path.sh'
[82.987s] Level 1:colcon.colcon_core.environment:checking '/home/shelfer/my_ros2_ws/install/ps_ros2_common/lib'
[82.987s] Level 1:colcon.colcon_core.shell:create_environment_hook('ps_ros2_common', 'ld_library_path_lib')
[82.993s] INFO:colcon.colcon_core.shell:Creating environment hook '/home/shelfer/my_ros2_ws/install/ps_ros2_common/share/ps_ros2_common/hook/ld_library_path_lib.ps1'
[82.996s] INFO:colcon.colcon_core.shell:Creating environment descriptor '/home/shelfer/my_ros2_ws/install/ps_ros2_common/share/ps_ros2_common/hook/ld_library_path_lib.dsv'
[82.998s] INFO:colcon.colcon_core.shell:Creating environment hook '/home/shelfer/my_ros2_ws/install/ps_ros2_common/share/ps_ros2_common/hook/ld_library_path_lib.sh'
[83.001s] Level 1:colcon.colcon_core.environment:checking '/home/shelfer/my_ros2_ws/install/ps_ros2_common/bin'
[83.001s] Level 1:colcon.colcon_core.environment:checking '/home/shelfer/my_ros2_ws/install/ps_ros2_common/lib/pkgconfig/ps_ros2_common.pc'
[83.002s] Level 1:colcon.colcon_core.environment:checking '/home/shelfer/my_ros2_ws/install/ps_ros2_common/lib/python3.10/site-packages'
[83.004s] Level 1:colcon.colcon_core.environment:checking '/home/shelfer/my_ros2_ws/install/ps_ros2_common/bin'
[83.011s] INFO:colcon.colcon_core.shell:Creating package script '/home/shelfer/my_ros2_ws/install/ps_ros2_common/share/ps_ros2_common/package.ps1'
[83.014s] INFO:colcon.colcon_core.shell:Creating package descriptor '/home/shelfer/my_ros2_ws/install/ps_ros2_common/share/ps_ros2_common/package.dsv'
[83.016s] INFO:colcon.colcon_core.shell:Creating package script '/home/shelfer/my_ros2_ws/install/ps_ros2_common/share/ps_ros2_common/package.sh'
[83.018s] INFO:colcon.colcon_core.shell:Creating package script '/home/shelfer/my_ros2_ws/install/ps_ros2_common/share/ps_ros2_common/package.bash'
[83.020s] INFO:colcon.colcon_core.shell:Creating package script '/home/shelfer/my_ros2_ws/install/ps_ros2_common/share/ps_ros2_common/package.zsh'
[83.022s] Level 1:colcon.colcon_core.environment:create_file_with_runtime_dependencies(/home/shelfer/my_ros2_ws/install/ps_ros2_common/share/colcon-core/packages/ps_ros2_common)
[83.177s] Level 1:colcon.colcon_core.environment:create_environment_scripts_only(ps_ros2_common)
[83.186s] Level 1:colcon.colcon_core.environment:checking '/home/shelfer/my_ros2_ws/install/ps_ros2_common' for CMake module files
[83.189s] Level 1:colcon.colcon_core.environment:checking '/home/shelfer/my_ros2_ws/install/ps_ros2_common' for CMake config files
[83.192s] Level 1:colcon.colcon_core.shell:create_environment_hook('ps_ros2_common', 'cmake_prefix_path')
[83.198s] INFO:colcon.colcon_core.shell:Creating environment hook '/home/shelfer/my_ros2_ws/install/ps_ros2_common/share/ps_ros2_common/hook/cmake_prefix_path.ps1'
[83.201s] INFO:colcon.colcon_core.shell:Creating environment descriptor '/home/shelfer/my_ros2_ws/install/ps_ros2_common/share/ps_ros2_common/hook/cmake_prefix_path.dsv'
[83.204s] INFO:colcon.colcon_core.shell:Creating environment hook '/home/shelfer/my_ros2_ws/install/ps_ros2_common/share/ps_ros2_common/hook/cmake_prefix_path.sh'
[83.207s] Level 1:colcon.colcon_core.environment:checking '/home/shelfer/my_ros2_ws/install/ps_ros2_common/lib'
[83.208s] Level 1:colcon.colcon_core.shell:create_environment_hook('ps_ros2_common', 'ld_library_path_lib')
[83.214s] INFO:colcon.colcon_core.shell:Creating environment hook '/home/shelfer/my_ros2_ws/install/ps_ros2_common/share/ps_ros2_common/hook/ld_library_path_lib.ps1'
[83.216s] INFO:colcon.colcon_core.shell:Creating environment descriptor '/home/shelfer/my_ros2_ws/install/ps_ros2_common/share/ps_ros2_common/hook/ld_library_path_lib.dsv'
[83.218s] INFO:colcon.colcon_core.shell:Creating environment hook '/home/shelfer/my_ros2_ws/install/ps_ros2_common/share/ps_ros2_common/hook/ld_library_path_lib.sh'
[83.221s] Level 1:colcon.colcon_core.environment:checking '/home/shelfer/my_ros2_ws/install/ps_ros2_common/bin'
[83.222s] Level 1:colcon.colcon_core.environment:checking '/home/shelfer/my_ros2_ws/install/ps_ros2_common/lib/pkgconfig/ps_ros2_common.pc'
[83.223s] Level 1:colcon.colcon_core.environment:checking '/home/shelfer/my_ros2_ws/install/ps_ros2_common/lib/python3.10/site-packages'
[83.224s] Level 1:colcon.colcon_core.environment:checking '/home/shelfer/my_ros2_ws/install/ps_ros2_common/bin'
[83.237s] INFO:colcon.colcon_core.shell:Creating package script '/home/shelfer/my_ros2_ws/install/ps_ros2_common/share/ps_ros2_common/package.ps1'
[83.241s] INFO:colcon.colcon_core.shell:Creating package descriptor '/home/shelfer/my_ros2_ws/install/ps_ros2_common/share/ps_ros2_common/package.dsv'
[83.245s] INFO:colcon.colcon_core.shell:Creating package script '/home/shelfer/my_ros2_ws/install/ps_ros2_common/share/ps_ros2_common/package.sh'
[83.247s] INFO:colcon.colcon_core.shell:Creating package script '/home/shelfer/my_ros2_ws/install/ps_ros2_common/share/ps_ros2_common/package.bash'
[83.250s] INFO:colcon.colcon_core.shell:Creating package script '/home/shelfer/my_ros2_ws/install/ps_ros2_common/share/ps_ros2_common/package.zsh'
[83.252s] Level 1:colcon.colcon_core.environment:create_file_with_runtime_dependencies(/home/shelfer/my_ros2_ws/install/ps_ros2_common/share/colcon-core/packages/ps_ros2_common)
[83.646s] Level 1:colcon.colcon_core.environment:create_environment_scripts_only(rt_usb_9axisimu_driver)
[83.655s] Level 1:colcon.colcon_core.environment:checking '/home/shelfer/my_ros2_ws/install/rt_usb_9axisimu_driver' for CMake module files
[83.657s] DEBUG:colcon.colcon_core.event_handler.log_command:Invoked command in '/home/shelfer/my_ros2_ws/build/rt_usb_9axisimu_driver' returned '0': CMAKE_PREFIX_PATH=${CMAKE_PREFIX_PATH}:/home/shelfer/my_ros2_ws/install/py_pkg:/home/shelfer/my_ros2_ws/install/cugo_controller:/opt/ros/humble /usr/bin/cmake --install /home/shelfer/my_ros2_ws/build/rt_usb_9axisimu_driver
[83.659s] Level 1:colcon.colcon_core.environment:checking '/home/shelfer/my_ros2_ws/install/rt_usb_9axisimu_driver' for CMake config files
[83.663s] Level 1:colcon.colcon_core.shell:create_environment_hook('rt_usb_9axisimu_driver', 'cmake_prefix_path')
[83.669s] INFO:colcon.colcon_core.shell:Creating environment hook '/home/shelfer/my_ros2_ws/install/rt_usb_9axisimu_driver/share/rt_usb_9axisimu_driver/hook/cmake_prefix_path.ps1'
[83.671s] INFO:colcon.colcon_core.shell:Creating environment descriptor '/home/shelfer/my_ros2_ws/install/rt_usb_9axisimu_driver/share/rt_usb_9axisimu_driver/hook/cmake_prefix_path.dsv'
[83.672s] INFO:colcon.colcon_core.shell:Creating environment hook '/home/shelfer/my_ros2_ws/install/rt_usb_9axisimu_driver/share/rt_usb_9axisimu_driver/hook/cmake_prefix_path.sh'
[83.674s] Level 1:colcon.colcon_core.environment:checking '/home/shelfer/my_ros2_ws/install/rt_usb_9axisimu_driver/lib'
[83.675s] Level 1:colcon.colcon_core.shell:create_environment_hook('rt_usb_9axisimu_driver', 'ld_library_path_lib')
[83.680s] INFO:colcon.colcon_core.shell:Creating environment hook '/home/shelfer/my_ros2_ws/install/rt_usb_9axisimu_driver/share/rt_usb_9axisimu_driver/hook/ld_library_path_lib.ps1'
[83.682s] INFO:colcon.colcon_core.shell:Creating environment descriptor '/home/shelfer/my_ros2_ws/install/rt_usb_9axisimu_driver/share/rt_usb_9axisimu_driver/hook/ld_library_path_lib.dsv'
[83.683s] INFO:colcon.colcon_core.shell:Creating environment hook '/home/shelfer/my_ros2_ws/install/rt_usb_9axisimu_driver/share/rt_usb_9axisimu_driver/hook/ld_library_path_lib.sh'
[83.684s] Level 1:colcon.colcon_core.environment:checking '/home/shelfer/my_ros2_ws/install/rt_usb_9axisimu_driver/bin'
[83.685s] Level 1:colcon.colcon_core.environment:checking '/home/shelfer/my_ros2_ws/install/rt_usb_9axisimu_driver/lib/pkgconfig/rt_usb_9axisimu_driver.pc'
[83.686s] Level 1:colcon.colcon_core.environment:checking '/home/shelfer/my_ros2_ws/install/rt_usb_9axisimu_driver/lib/python3.10/site-packages'
[83.686s] Level 1:colcon.colcon_core.environment:checking '/home/shelfer/my_ros2_ws/install/rt_usb_9axisimu_driver/bin'
[83.692s] INFO:colcon.colcon_core.shell:Creating package script '/home/shelfer/my_ros2_ws/install/rt_usb_9axisimu_driver/share/rt_usb_9axisimu_driver/package.ps1'
[83.694s] INFO:colcon.colcon_core.shell:Creating package descriptor '/home/shelfer/my_ros2_ws/install/rt_usb_9axisimu_driver/share/rt_usb_9axisimu_driver/package.dsv'
[83.696s] INFO:colcon.colcon_core.shell:Creating package script '/home/shelfer/my_ros2_ws/install/rt_usb_9axisimu_driver/share/rt_usb_9axisimu_driver/package.sh'
[83.698s] INFO:colcon.colcon_core.shell:Creating package script '/home/shelfer/my_ros2_ws/install/rt_usb_9axisimu_driver/share/rt_usb_9axisimu_driver/package.bash'
[83.699s] INFO:colcon.colcon_core.shell:Creating package script '/home/shelfer/my_ros2_ws/install/rt_usb_9axisimu_driver/share/rt_usb_9axisimu_driver/package.zsh'
[83.701s] Level 1:colcon.colcon_core.environment:create_file_with_runtime_dependencies(/home/shelfer/my_ros2_ws/install/rt_usb_9axisimu_driver/share/colcon-core/packages/rt_usb_9axisimu_driver)
[83.883s] Level 1:colcon.colcon_core.environment:create_environment_scripts_only(rt_usb_9axisimu_driver)
[83.892s] Level 1:colcon.colcon_core.environment:checking '/home/shelfer/my_ros2_ws/install/rt_usb_9axisimu_driver' for CMake module files
[83.896s] Level 1:colcon.colcon_core.environment:checking '/home/shelfer/my_ros2_ws/install/rt_usb_9axisimu_driver' for CMake config files
[83.899s] Level 1:colcon.colcon_core.shell:create_environment_hook('rt_usb_9axisimu_driver', 'cmake_prefix_path')
[83.904s] INFO:colcon.colcon_core.shell:Creating environment hook '/home/shelfer/my_ros2_ws/install/rt_usb_9axisimu_driver/share/rt_usb_9axisimu_driver/hook/cmake_prefix_path.ps1'
[83.907s] INFO:colcon.colcon_core.shell:Creating environment descriptor '/home/shelfer/my_ros2_ws/install/rt_usb_9axisimu_driver/share/rt_usb_9axisimu_driver/hook/cmake_prefix_path.dsv'
[83.909s] INFO:colcon.colcon_core.shell:Creating environment hook '/home/shelfer/my_ros2_ws/install/rt_usb_9axisimu_driver/share/rt_usb_9axisimu_driver/hook/cmake_prefix_path.sh'
[83.912s] Level 1:colcon.colcon_core.environment:checking '/home/shelfer/my_ros2_ws/install/rt_usb_9axisimu_driver/lib'
[83.912s] Level 1:colcon.colcon_core.shell:create_environment_hook('rt_usb_9axisimu_driver', 'ld_library_path_lib')
[83.917s] INFO:colcon.colcon_core.shell:Creating environment hook '/home/shelfer/my_ros2_ws/install/rt_usb_9axisimu_driver/share/rt_usb_9axisimu_driver/hook/ld_library_path_lib.ps1'
[83.919s] INFO:colcon.colcon_core.shell:Creating environment descriptor '/home/shelfer/my_ros2_ws/install/rt_usb_9axisimu_driver/share/rt_usb_9axisimu_driver/hook/ld_library_path_lib.dsv'
[83.921s] INFO:colcon.colcon_core.shell:Creating environment hook '/home/shelfer/my_ros2_ws/install/rt_usb_9axisimu_driver/share/rt_usb_9axisimu_driver/hook/ld_library_path_lib.sh'
[83.923s] Level 1:colcon.colcon_core.environment:checking '/home/shelfer/my_ros2_ws/install/rt_usb_9axisimu_driver/bin'
[83.923s] Level 1:colcon.colcon_core.environment:checking '/home/shelfer/my_ros2_ws/install/rt_usb_9axisimu_driver/lib/pkgconfig/rt_usb_9axisimu_driver.pc'
[83.924s] Level 1:colcon.colcon_core.environment:checking '/home/shelfer/my_ros2_ws/install/rt_usb_9axisimu_driver/lib/python3.10/site-packages'
[83.925s] Level 1:colcon.colcon_core.environment:checking '/home/shelfer/my_ros2_ws/install/rt_usb_9axisimu_driver/bin'
[83.931s] INFO:colcon.colcon_core.shell:Creating package script '/home/shelfer/my_ros2_ws/install/rt_usb_9axisimu_driver/share/rt_usb_9axisimu_driver/package.ps1'
[83.934s] INFO:colcon.colcon_core.shell:Creating package descriptor '/home/shelfer/my_ros2_ws/install/rt_usb_9axisimu_driver/share/rt_usb_9axisimu_driver/package.dsv'
[83.937s] INFO:colcon.colcon_core.shell:Creating package script '/home/shelfer/my_ros2_ws/install/rt_usb_9axisimu_driver/share/rt_usb_9axisimu_driver/package.sh'
[83.941s] INFO:colcon.colcon_core.shell:Creating package script '/home/shelfer/my_ros2_ws/install/rt_usb_9axisimu_driver/share/rt_usb_9axisimu_driver/package.bash'
[83.943s] INFO:colcon.colcon_core.shell:Creating package script '/home/shelfer/my_ros2_ws/install/rt_usb_9axisimu_driver/share/rt_usb_9axisimu_driver/package.zsh'
[83.945s] Level 1:colcon.colcon_core.environment:create_file_with_runtime_dependencies(/home/shelfer/my_ros2_ws/install/rt_usb_9axisimu_driver/share/colcon-core/packages/rt_usb_9axisimu_driver)
[83.946s] DEBUG:colcon.colcon_parallel_executor.executor.parallel:closing loop
[83.948s] DEBUG:colcon.colcon_parallel_executor.executor.parallel:loop closed
[83.948s] DEBUG:colcon.colcon_parallel_executor.executor.parallel:run_until_complete finished with '0'
[83.949s] DEBUG:colcon.colcon_core.event_reactor:joining thread
[83.976s] INFO:colcon.colcon_core.plugin_system:Skipping extension 'colcon_notification.desktop_notification.terminal_notifier': Not used on non-Darwin systems
[83.977s] INFO:colcon.colcon_core.plugin_system:Skipping extension 'colcon_notification.desktop_notification.win32': Not used on non-Windows systems
[83.977s] INFO:colcon.colcon_notification.desktop_notification:Sending desktop notification using 'notify2'
[84.031s] DEBUG:colcon.colcon_core.event_reactor:joined thread
[84.037s] INFO:colcon.colcon_core.shell:Creating prefix script '/home/shelfer/my_ros2_ws/install/local_setup.ps1'
[84.042s] INFO:colcon.colcon_core.shell:Creating prefix util module '/home/shelfer/my_ros2_ws/install/_local_setup_util_ps1.py'
[84.049s] INFO:colcon.colcon_core.shell:Creating prefix chain script '/home/shelfer/my_ros2_ws/install/setup.ps1'
[84.059s] INFO:colcon.colcon_core.shell:Creating prefix script '/home/shelfer/my_ros2_ws/install/local_setup.sh'
[84.064s] INFO:colcon.colcon_core.shell:Creating prefix util module '/home/shelfer/my_ros2_ws/install/_local_setup_util_sh.py'
[84.067s] INFO:colcon.colcon_core.shell:Creating prefix chain script '/home/shelfer/my_ros2_ws/install/setup.sh'
[84.075s] INFO:colcon.colcon_core.shell:Creating prefix script '/home/shelfer/my_ros2_ws/install/local_setup.bash'
[84.078s] INFO:colcon.colcon_core.shell:Creating prefix chain script '/home/shelfer/my_ros2_ws/install/setup.bash'
[84.086s] INFO:colcon.colcon_core.shell:Creating prefix script '/home/shelfer/my_ros2_ws/install/local_setup.zsh'
[84.090s] INFO:colcon.colcon_core.shell:Creating prefix chain script '/home/shelfer/my_ros2_ws/install/setup.zsh'
