[0.223s] Invoking command in '/home/shelfer/my_ros2_ws/build/controller_interfaces': CMAKE_PREFIX_PATH=${CMAKE_PREFIX_PATH}:/home/shelfer/my_ros2_ws/install/test_imu:/home/shelfer/my_ros2_ws/install/cugo_controller:/opt/ros/humble /usr/bin/cmake --build /home/shelfer/my_ros2_ws/build/controller_interfaces -- -j4 -l4
[2.230s] [  2%] Built target controller_interfaces__cpp
[2.231s] [ 12%] Built target controller_interfaces__rosidl_generator_c
[2.231s] [ 12%] Built target ament_cmake_python_symlink_controller_interfaces
[2.232s] [ 23%] Built target controller_interfaces__rosidl_typesupport_introspection_cpp
[2.232s] [ 33%] Built target controller_interfaces__rosidl_typesupport_fastrtps_c
[2.233s] [ 43%] Built target controller_interfaces__rosidl_typesupport_cpp
[2.233s] [ 53%] Built target controller_interfaces__rosidl_typesupport_fastrtps_cpp
[2.234s] [ 64%] Built target controller_interfaces__rosidl_typesupport_introspection_c
[2.235s] [ 74%] Built target controller_interfaces__rosidl_typesupport_c
[2.239s] [ 74%] Built target controller_interfaces
[2.240s] [ 76%] Built target controller_interfaces__py
[2.241s] [ 84%] Built target controller_interfaces__rosidl_generator_py
[2.242s] [ 89%] Built target controller_interfaces__rosidl_typesupport_c__pyext
[2.244s] [ 94%] Built target controller_interfaces__rosidl_typesupport_introspection_c__pyext
[2.245s] [100%] Built target controller_interfaces__rosidl_typesupport_fastrtps_c__pyext
[2.524s] running egg_info
[2.527s] writing controller_interfaces.egg-info/PKG-INFO
[2.529s] writing dependency_links to controller_interfaces.egg-info/dependency_links.txt
[2.531s] writing top-level names to controller_interfaces.egg-info/top_level.txt
[2.550s] reading manifest file 'controller_interfaces.egg-info/SOURCES.txt'
[2.575s] writing manifest file 'controller_interfaces.egg-info/SOURCES.txt'
[2.751s] [100%] Built target ament_cmake_python_build_controller_interfaces_egg
[2.830s] Invoked command in '/home/shelfer/my_ros2_ws/build/controller_interfaces' returned '0': CMAKE_PREFIX_PATH=${CMAKE_PREFIX_PATH}:/home/shelfer/my_ros2_ws/install/test_imu:/home/shelfer/my_ros2_ws/install/cugo_controller:/opt/ros/humble /usr/bin/cmake --build /home/shelfer/my_ros2_ws/build/controller_interfaces -- -j4 -l4
[3.528s] Invoking command in '/home/shelfer/my_ros2_ws/build/controller_interfaces': CMAKE_PREFIX_PATH=${CMAKE_PREFIX_PATH}:/home/shelfer/my_ros2_ws/install/test_imu:/home/shelfer/my_ros2_ws/install/cugo_controller:/opt/ros/humble /usr/bin/cmake --install /home/shelfer/my_ros2_ws/build/controller_interfaces
[3.580s] -- Install configuration: ""
[3.581s] -- Execute custom install script
[3.582s] -- Up-to-date symlink: /home/shelfer/my_ros2_ws/install/controller_interfaces/share/ament_index/resource_index/rosidl_interfaces/controller_interfaces
[3.587s] -- Up-to-date symlink: /home/shelfer/my_ros2_ws/install/controller_interfaces/include/controller_interfaces/controller_interfaces/msg/detail/num__functions.h
[3.588s] -- Up-to-date symlink: /home/shelfer/my_ros2_ws/install/controller_interfaces/include/controller_interfaces/controller_interfaces/msg/detail/num__struct.h
[3.589s] -- Up-to-date symlink: /home/shelfer/my_ros2_ws/install/controller_interfaces/include/controller_interfaces/controller_interfaces/msg/detail/num__type_support.h
[3.589s] -- Up-to-date symlink: /home/shelfer/my_ros2_ws/install/controller_interfaces/include/controller_interfaces/controller_interfaces/msg/num.h
[3.591s] -- Up-to-date symlink: /home/shelfer/my_ros2_ws/install/controller_interfaces/include/controller_interfaces/controller_interfaces/msg/rosidl_generator_c__visibility_control.h
[3.593s] -- Up-to-date symlink: /home/shelfer/my_ros2_ws/install/controller_interfaces/include/controller_interfaces/controller_interfaces/srv/detail/ultra__functions.h
[3.594s] -- Up-to-date symlink: /home/shelfer/my_ros2_ws/install/controller_interfaces/include/controller_interfaces/controller_interfaces/srv/detail/ultra__struct.h
[3.597s] -- Up-to-date symlink: /home/shelfer/my_ros2_ws/install/controller_interfaces/include/controller_interfaces/controller_interfaces/srv/detail/ultra__type_support.h
[3.597s] -- Up-to-date symlink: /home/shelfer/my_ros2_ws/install/controller_interfaces/include/controller_interfaces/controller_interfaces/srv/ultra.h
[3.599s] -- Up-to-date symlink: /home/shelfer/my_ros2_ws/install/controller_interfaces/share/controller_interfaces/environment/library_path.sh
[3.601s] -- Up-to-date symlink: /home/shelfer/my_ros2_ws/install/controller_interfaces/share/controller_interfaces/environment/library_path.dsv
[3.622s] -- Up-to-date symlink: /home/shelfer/my_ros2_ws/install/controller_interfaces/include/controller_interfaces/controller_interfaces/msg/detail/num__rosidl_typesupport_fastrtps_c.h
[3.622s] -- Up-to-date symlink: /home/shelfer/my_ros2_ws/install/controller_interfaces/include/controller_interfaces/controller_interfaces/msg/rosidl_typesupport_fastrtps_c__visibility_control.h
[3.623s] -- Up-to-date symlink: /home/shelfer/my_ros2_ws/install/controller_interfaces/include/controller_interfaces/controller_interfaces/srv/detail/ultra__rosidl_typesupport_fastrtps_c.h
[3.623s] -- Up-to-date symlink: /home/shelfer/my_ros2_ws/install/controller_interfaces/include/controller_interfaces/controller_interfaces/msg/detail/num__rosidl_typesupport_introspection_c.h
[3.631s] -- Up-to-date symlink: /home/shelfer/my_ros2_ws/install/controller_interfaces/include/controller_interfaces/controller_interfaces/msg/rosidl_typesupport_introspection_c__visibility_control.h
[3.634s] -- Up-to-date symlink: /home/shelfer/my_ros2_ws/install/controller_interfaces/include/controller_interfaces/controller_interfaces/srv/detail/ultra__rosidl_typesupport_introspection_c.h
[3.640s] -- Up-to-date symlink: /home/shelfer/my_ros2_ws/install/controller_interfaces/include/controller_interfaces/controller_interfaces/msg/detail/num__builder.hpp
[3.640s] -- Up-to-date symlink: /home/shelfer/my_ros2_ws/install/controller_interfaces/include/controller_interfaces/controller_interfaces/msg/detail/num__struct.hpp
[3.641s] -- Up-to-date symlink: /home/shelfer/my_ros2_ws/install/controller_interfaces/include/controller_interfaces/controller_interfaces/msg/detail/num__traits.hpp
[3.642s] -- Up-to-date symlink: /home/shelfer/my_ros2_ws/install/controller_interfaces/include/controller_interfaces/controller_interfaces/msg/num.hpp
[3.644s] -- Up-to-date symlink: /home/shelfer/my_ros2_ws/install/controller_interfaces/include/controller_interfaces/controller_interfaces/srv/detail/ultra__builder.hpp
[3.645s] -- Up-to-date symlink: /home/shelfer/my_ros2_ws/install/controller_interfaces/include/controller_interfaces/controller_interfaces/srv/detail/ultra__struct.hpp
[3.646s] -- Up-to-date symlink: /home/shelfer/my_ros2_ws/install/controller_interfaces/include/controller_interfaces/controller_interfaces/srv/detail/ultra__traits.hpp
[3.648s] -- Up-to-date symlink: /home/shelfer/my_ros2_ws/install/controller_interfaces/include/controller_interfaces/controller_interfaces/srv/ultra.hpp
[3.654s] -- Up-to-date symlink: /home/shelfer/my_ros2_ws/install/controller_interfaces/include/controller_interfaces/controller_interfaces/msg/detail/num__rosidl_typesupport_fastrtps_cpp.hpp
[3.660s] -- Up-to-date symlink: /home/shelfer/my_ros2_ws/install/controller_interfaces/include/controller_interfaces/controller_interfaces/msg/rosidl_typesupport_fastrtps_cpp__visibility_control.h
[3.661s] -- Up-to-date symlink: /home/shelfer/my_ros2_ws/install/controller_interfaces/include/controller_interfaces/controller_interfaces/srv/detail/ultra__rosidl_typesupport_fastrtps_cpp.hpp
[3.662s] -- Up-to-date symlink: /home/shelfer/my_ros2_ws/install/controller_interfaces/include/controller_interfaces/controller_interfaces/msg/detail/num__rosidl_typesupport_introspection_cpp.hpp
[3.663s] -- Up-to-date symlink: /home/shelfer/my_ros2_ws/install/controller_interfaces/include/controller_interfaces/controller_interfaces/srv/detail/ultra__rosidl_typesupport_introspection_cpp.hpp
[3.664s] -- Up-to-date symlink: /home/shelfer/my_ros2_ws/install/controller_interfaces/share/controller_interfaces/environment/pythonpath.sh
[3.665s] -- Up-to-date symlink: /home/shelfer/my_ros2_ws/install/controller_interfaces/share/controller_interfaces/environment/pythonpath.dsv
[3.669s] -- Up-to-date symlink: /home/shelfer/my_ros2_ws/install/controller_interfaces/local/lib/python3.10/dist-packages/controller_interfaces-0.0.0-py3.10.egg-info/PKG-INFO
[3.670s] -- Up-to-date symlink: /home/shelfer/my_ros2_ws/install/controller_interfaces/local/lib/python3.10/dist-packages/controller_interfaces-0.0.0-py3.10.egg-info/SOURCES.txt
[3.671s] -- Up-to-date symlink: /home/shelfer/my_ros2_ws/install/controller_interfaces/local/lib/python3.10/dist-packages/controller_interfaces-0.0.0-py3.10.egg-info/dependency_links.txt
[3.673s] -- Up-to-date symlink: /home/shelfer/my_ros2_ws/install/controller_interfaces/local/lib/python3.10/dist-packages/controller_interfaces-0.0.0-py3.10.egg-info/top_level.txt
[3.680s] -- Up-to-date symlink: /home/shelfer/my_ros2_ws/install/controller_interfaces/local/lib/python3.10/dist-packages/controller_interfaces/__init__.py
[3.686s] -- Up-to-date symlink: /home/shelfer/my_ros2_ws/install/controller_interfaces/local/lib/python3.10/dist-packages/controller_interfaces/_controller_interfaces_s.ep.rosidl_typesupport_c.c
[3.687s] -- Up-to-date symlink: /home/shelfer/my_ros2_ws/install/controller_interfaces/local/lib/python3.10/dist-packages/controller_interfaces/_controller_interfaces_s.ep.rosidl_typesupport_fastrtps_c.c
[3.689s] -- Up-to-date symlink: /home/shelfer/my_ros2_ws/install/controller_interfaces/local/lib/python3.10/dist-packages/controller_interfaces/_controller_interfaces_s.ep.rosidl_typesupport_introspection_c.c
[3.691s] -- Up-to-date symlink: /home/shelfer/my_ros2_ws/install/controller_interfaces/local/lib/python3.10/dist-packages/controller_interfaces/controller_interfaces_s__rosidl_typesupport_c.cpython-310-aarch64-linux-gnu.so
[3.692s] -- Up-to-date symlink: /home/shelfer/my_ros2_ws/install/controller_interfaces/local/lib/python3.10/dist-packages/controller_interfaces/controller_interfaces_s__rosidl_typesupport_fastrtps_c.cpython-310-aarch64-linux-gnu.so
[3.694s] -- Up-to-date symlink: /home/shelfer/my_ros2_ws/install/controller_interfaces/local/lib/python3.10/dist-packages/controller_interfaces/controller_interfaces_s__rosidl_typesupport_introspection_c.cpython-310-aarch64-linux-gnu.so
[3.695s] -- Up-to-date symlink: /home/shelfer/my_ros2_ws/install/controller_interfaces/local/lib/python3.10/dist-packages/controller_interfaces/libcontroller_interfaces__rosidl_generator_py.so
[3.698s] -- Up-to-date symlink: /home/shelfer/my_ros2_ws/install/controller_interfaces/local/lib/python3.10/dist-packages/controller_interfaces/msg/__init__.py
[3.700s] -- Up-to-date symlink: /home/shelfer/my_ros2_ws/install/controller_interfaces/local/lib/python3.10/dist-packages/controller_interfaces/msg/_num.py
[3.702s] -- Up-to-date symlink: /home/shelfer/my_ros2_ws/install/controller_interfaces/local/lib/python3.10/dist-packages/controller_interfaces/msg/_num_s.c
[3.710s] -- Up-to-date symlink: /home/shelfer/my_ros2_ws/install/controller_interfaces/local/lib/python3.10/dist-packages/controller_interfaces/srv/__init__.py
[3.712s] -- Up-to-date symlink: /home/shelfer/my_ros2_ws/install/controller_interfaces/local/lib/python3.10/dist-packages/controller_interfaces/srv/_ultra.py
[3.713s] -- Up-to-date symlink: /home/shelfer/my_ros2_ws/install/controller_interfaces/local/lib/python3.10/dist-packages/controller_interfaces/srv/_ultra_s.c
[3.714s] -- Up-to-date symlink: /home/shelfer/my_ros2_ws/install/controller_interfaces/local/lib/python3.10/dist-packages/controller_interfaces/controller_interfaces_s__rosidl_typesupport_fastrtps_c.cpython-310-aarch64-linux-gnu.so
[3.721s] -- Up-to-date symlink: /home/shelfer/my_ros2_ws/install/controller_interfaces/local/lib/python3.10/dist-packages/controller_interfaces/controller_interfaces_s__rosidl_typesupport_introspection_c.cpython-310-aarch64-linux-gnu.so
[3.755s] -- Up-to-date symlink: /home/shelfer/my_ros2_ws/install/controller_interfaces/local/lib/python3.10/dist-packages/controller_interfaces/controller_interfaces_s__rosidl_typesupport_c.cpython-310-aarch64-linux-gnu.so
[3.756s] -- Up-to-date symlink: /home/shelfer/my_ros2_ws/install/controller_interfaces/share/controller_interfaces/msg/Num.idl
[3.756s] -- Up-to-date symlink: /home/shelfer/my_ros2_ws/install/controller_interfaces/share/controller_interfaces/srv/Ultra.idl
[3.757s] -- Up-to-date symlink: /home/shelfer/my_ros2_ws/install/controller_interfaces/share/controller_interfaces/msg/Num.msg
[3.757s] -- Up-to-date symlink: /home/shelfer/my_ros2_ws/install/controller_interfaces/share/controller_interfaces/srv/Ultra.srv
[3.758s] -- Up-to-date symlink: /home/shelfer/my_ros2_ws/install/controller_interfaces/share/controller_interfaces/srv/Ultra_Request.msg
[3.759s] -- Up-to-date symlink: /home/shelfer/my_ros2_ws/install/controller_interfaces/share/controller_interfaces/srv/Ultra_Response.msg
[3.759s] -- Up-to-date symlink: /home/shelfer/my_ros2_ws/install/controller_interfaces/share/ament_index/resource_index/package_run_dependencies/controller_interfaces
[3.760s] -- Up-to-date symlink: /home/shelfer/my_ros2_ws/install/controller_interfaces/share/ament_index/resource_index/parent_prefix_path/controller_interfaces
[3.761s] -- Up-to-date symlink: /home/shelfer/my_ros2_ws/install/controller_interfaces/share/controller_interfaces/environment/ament_prefix_path.sh
[3.765s] -- Up-to-date symlink: /home/shelfer/my_ros2_ws/install/controller_interfaces/share/controller_interfaces/environment/ament_prefix_path.dsv
[3.767s] -- Up-to-date symlink: /home/shelfer/my_ros2_ws/install/controller_interfaces/share/controller_interfaces/environment/path.sh
[3.767s] -- Up-to-date symlink: /home/shelfer/my_ros2_ws/install/controller_interfaces/share/controller_interfaces/environment/path.dsv
[3.770s] -- Up-to-date symlink: /home/shelfer/my_ros2_ws/install/controller_interfaces/share/controller_interfaces/local_setup.bash
[3.771s] -- Up-to-date symlink: /home/shelfer/my_ros2_ws/install/controller_interfaces/share/controller_interfaces/local_setup.sh
[3.772s] -- Up-to-date symlink: /home/shelfer/my_ros2_ws/install/controller_interfaces/share/controller_interfaces/local_setup.zsh
[3.775s] -- Up-to-date symlink: /home/shelfer/my_ros2_ws/install/controller_interfaces/share/controller_interfaces/local_setup.dsv
[3.776s] -- Symlinking: /home/shelfer/my_ros2_ws/install/controller_interfaces/share/controller_interfaces/package.dsv
[3.789s] -- Up-to-date symlink: /home/shelfer/my_ros2_ws/install/controller_interfaces/share/ament_index/resource_index/packages/controller_interfaces
[3.790s] -- Up-to-date symlink: /home/shelfer/my_ros2_ws/install/controller_interfaces/share/controller_interfaces/cmake/rosidl_cmake-extras.cmake
[3.791s] -- Up-to-date symlink: /home/shelfer/my_ros2_ws/install/controller_interfaces/share/controller_interfaces/cmake/ament_cmake_export_include_directories-extras.cmake
[3.792s] -- Up-to-date symlink: /home/shelfer/my_ros2_ws/install/controller_interfaces/share/controller_interfaces/cmake/ament_cmake_export_libraries-extras.cmake
[3.793s] -- Up-to-date symlink: /home/shelfer/my_ros2_ws/install/controller_interfaces/share/controller_interfaces/cmake/ament_cmake_export_targets-extras.cmake
[3.794s] -- Up-to-date symlink: /home/shelfer/my_ros2_ws/install/controller_interfaces/share/controller_interfaces/cmake/rosidl_cmake_export_typesupport_targets-extras.cmake
[3.795s] -- Up-to-date symlink: /home/shelfer/my_ros2_ws/install/controller_interfaces/share/controller_interfaces/cmake/ament_cmake_export_dependencies-extras.cmake
[3.796s] -- Up-to-date symlink: /home/shelfer/my_ros2_ws/install/controller_interfaces/share/controller_interfaces/cmake/rosidl_cmake_export_typesupport_libraries-extras.cmake
[3.802s] -- Up-to-date symlink: /home/shelfer/my_ros2_ws/install/controller_interfaces/share/controller_interfaces/cmake/controller_interfacesConfig.cmake
[3.804s] -- Up-to-date symlink: /home/shelfer/my_ros2_ws/install/controller_interfaces/share/controller_interfaces/cmake/controller_interfacesConfig-version.cmake
[3.804s] -- Up-to-date symlink: /home/shelfer/my_ros2_ws/install/controller_interfaces/share/controller_interfaces/package.xml
[3.805s] -- Up-to-date: /home/shelfer/my_ros2_ws/install/controller_interfaces/lib/libcontroller_interfaces__rosidl_generator_c.so
[3.806s] -- Up-to-date: /home/shelfer/my_ros2_ws/install/controller_interfaces/lib/libcontroller_interfaces__rosidl_typesupport_fastrtps_c.so
[3.806s] -- Up-to-date: /home/shelfer/my_ros2_ws/install/controller_interfaces/lib/libcontroller_interfaces__rosidl_typesupport_introspection_c.so
[3.815s] -- Up-to-date: /home/shelfer/my_ros2_ws/install/controller_interfaces/lib/libcontroller_interfaces__rosidl_typesupport_c.so
[3.816s] -- Up-to-date: /home/shelfer/my_ros2_ws/install/controller_interfaces/lib/libcontroller_interfaces__rosidl_typesupport_fastrtps_cpp.so
[3.816s] -- Up-to-date: /home/shelfer/my_ros2_ws/install/controller_interfaces/lib/libcontroller_interfaces__rosidl_typesupport_introspection_cpp.so
[3.817s] -- Up-to-date: /home/shelfer/my_ros2_ws/install/controller_interfaces/lib/libcontroller_interfaces__rosidl_typesupport_cpp.so
[4.034s] Listing '/home/shelfer/my_ros2_ws/install/controller_interfaces/local/lib/python3.10/dist-packages/controller_interfaces'...
[4.035s] Listing '/home/shelfer/my_ros2_ws/install/controller_interfaces/local/lib/python3.10/dist-packages/controller_interfaces/msg'...
[4.036s] Listing '/home/shelfer/my_ros2_ws/install/controller_interfaces/local/lib/python3.10/dist-packages/controller_interfaces/srv'...
[4.075s] -- Up-to-date: /home/shelfer/my_ros2_ws/install/controller_interfaces/lib/libcontroller_interfaces__rosidl_generator_py.so
[4.075s] -- Up-to-date: /home/shelfer/my_ros2_ws/install/controller_interfaces/share/controller_interfaces/cmake/export_controller_interfaces__rosidl_generator_cExport.cmake
[4.076s] -- Up-to-date: /home/shelfer/my_ros2_ws/install/controller_interfaces/share/controller_interfaces/cmake/export_controller_interfaces__rosidl_generator_cExport-noconfig.cmake
[4.077s] -- Up-to-date: /home/shelfer/my_ros2_ws/install/controller_interfaces/share/controller_interfaces/cmake/export_controller_interfaces__rosidl_typesupport_fastrtps_cExport.cmake
[4.077s] -- Up-to-date: /home/shelfer/my_ros2_ws/install/controller_interfaces/share/controller_interfaces/cmake/export_controller_interfaces__rosidl_typesupport_fastrtps_cExport-noconfig.cmake
[4.078s] -- Up-to-date: /home/shelfer/my_ros2_ws/install/controller_interfaces/share/controller_interfaces/cmake/controller_interfaces__rosidl_typesupport_introspection_cExport.cmake
[4.080s] -- Up-to-date: /home/shelfer/my_ros2_ws/install/controller_interfaces/share/controller_interfaces/cmake/controller_interfaces__rosidl_typesupport_introspection_cExport-noconfig.cmake
[4.085s] -- Up-to-date: /home/shelfer/my_ros2_ws/install/controller_interfaces/share/controller_interfaces/cmake/controller_interfaces__rosidl_typesupport_cExport.cmake
[4.086s] -- Up-to-date: /home/shelfer/my_ros2_ws/install/controller_interfaces/share/controller_interfaces/cmake/controller_interfaces__rosidl_typesupport_cExport-noconfig.cmake
[4.086s] -- Up-to-date: /home/shelfer/my_ros2_ws/install/controller_interfaces/share/controller_interfaces/cmake/export_controller_interfaces__rosidl_generator_cppExport.cmake
[4.087s] -- Up-to-date: /home/shelfer/my_ros2_ws/install/controller_interfaces/share/controller_interfaces/cmake/export_controller_interfaces__rosidl_typesupport_fastrtps_cppExport.cmake
[4.090s] -- Up-to-date: /home/shelfer/my_ros2_ws/install/controller_interfaces/share/controller_interfaces/cmake/export_controller_interfaces__rosidl_typesupport_fastrtps_cppExport-noconfig.cmake
[4.091s] -- Up-to-date: /home/shelfer/my_ros2_ws/install/controller_interfaces/share/controller_interfaces/cmake/controller_interfaces__rosidl_typesupport_introspection_cppExport.cmake
[4.091s] -- Up-to-date: /home/shelfer/my_ros2_ws/install/controller_interfaces/share/controller_interfaces/cmake/controller_interfaces__rosidl_typesupport_introspection_cppExport-noconfig.cmake
[4.094s] -- Up-to-date: /home/shelfer/my_ros2_ws/install/controller_interfaces/share/controller_interfaces/cmake/controller_interfaces__rosidl_typesupport_cppExport.cmake
[4.095s] -- Up-to-date: /home/shelfer/my_ros2_ws/install/controller_interfaces/share/controller_interfaces/cmake/controller_interfaces__rosidl_typesupport_cppExport-noconfig.cmake
[4.097s] -- Up-to-date: /home/shelfer/my_ros2_ws/install/controller_interfaces/share/controller_interfaces/cmake/export_controller_interfaces__rosidl_generator_pyExport.cmake
[4.099s] -- Up-to-date: /home/shelfer/my_ros2_ws/install/controller_interfaces/share/controller_interfaces/cmake/export_controller_interfaces__rosidl_generator_pyExport-noconfig.cmake
[5.518s] Invoked command in '/home/shelfer/my_ros2_ws/build/controller_interfaces' returned '0': CMAKE_PREFIX_PATH=${CMAKE_PREFIX_PATH}:/home/shelfer/my_ros2_ws/install/test_imu:/home/shelfer/my_ros2_ws/install/cugo_controller:/opt/ros/humble /usr/bin/cmake --install /home/shelfer/my_ros2_ws/build/controller_interfaces
