[1.572s] DEBUG:colcon:Command line arguments: ['/usr/bin/colcon', 'build', '--symlink-install']
[1.572s] DEBUG:colcon:Parsed command line arguments: Namespace(log_base=None, log_level=None, verb_name='build', build_base='build', install_base='install', merge_install=False, symlink_install=True, test_result_base=None, continue_on_error=False, executor='parallel', parallel_workers=4, event_handlers=None, ignore_user_meta=False, metas=['./colcon.meta'], base_paths=['.'], packages_ignore=None, packages_ignore_regex=None, paths=None, packages_up_to=None, packages_up_to_regex=None, packages_above=None, packages_above_and_dependencies=None, packages_above_depth=None, packages_select_by_dep=None, packages_skip_by_dep=None, packages_skip_up_to=None, packages_select_build_failed=False, packages_skip_build_finished=False, packages_select_test_failures=False, packages_skip_test_passed=False, packages_select=None, packages_skip=None, packages_select_regex=None, packages_skip_regex=None, packages_start=None, packages_end=None, allow_overriding=[], cmake_args=None, cmake_target=None, cmake_target_skip_unavailable=False, cmake_clean_cache=False, cmake_clean_first=False, cmake_force_configure=False, ament_cmake_args=None, catkin_cmake_args=None, catkin_skip_building_tests=False, verb_parser=<colcon_defaults.argument_parser.defaults.DefaultArgumentsDecorator object at 0xffff9e0e0df0>, verb_extension=<colcon_core.verb.build.BuildVerb object at 0xffff9e0e0910>, main=<bound method BuildVerb.main of <colcon_core.verb.build.BuildVerb object at 0xffff9e0e0910>>)
[1.676s] Level 1:colcon.colcon_core.package_discovery:discover_packages(colcon_meta) check parameters
[1.676s] Level 1:colcon.colcon_core.package_discovery:discover_packages(recursive) check parameters
[1.677s] Level 1:colcon.colcon_core.package_discovery:discover_packages(ignore) check parameters
[1.677s] Level 1:colcon.colcon_core.package_discovery:discover_packages(path) check parameters
[1.677s] Level 1:colcon.colcon_core.package_discovery:discover_packages(colcon_meta) discover
[1.677s] Level 1:colcon.colcon_core.package_discovery:discover_packages(recursive) discover
[1.677s] INFO:colcon.colcon_core.package_discovery:Crawling recursively for packages in '/home/shelfer/my_ros2_ws'
[1.678s] Level 1:colcon.colcon_core.package_identification:_identify(.) by extensions ['ignore', 'ignore_ament_install']
[1.678s] Level 1:colcon.colcon_core.package_identification:_identify(.) by extension 'ignore'
[1.678s] Level 1:colcon.colcon_core.package_identification:_identify(.) by extension 'ignore_ament_install'
[1.679s] Level 1:colcon.colcon_core.package_identification:_identify(.) by extensions ['colcon_pkg']
[1.679s] Level 1:colcon.colcon_core.package_identification:_identify(.) by extension 'colcon_pkg'
[1.679s] Level 1:colcon.colcon_core.package_identification:_identify(.) by extensions ['colcon_meta']
[1.679s] Level 1:colcon.colcon_core.package_identification:_identify(.) by extension 'colcon_meta'
[1.679s] Level 1:colcon.colcon_core.package_identification:_identify(.) by extensions ['ros']
[1.679s] Level 1:colcon.colcon_core.package_identification:_identify(.) by extension 'ros'
[1.728s] Level 1:colcon.colcon_core.package_identification:_identify(.) by extensions ['cmake', 'python']
[1.728s] Level 1:colcon.colcon_core.package_identification:_identify(.) by extension 'cmake'
[1.728s] Level 1:colcon.colcon_core.package_identification:_identify(.) by extension 'python'
[1.729s] Level 1:colcon.colcon_core.package_identification:_identify(.) by extensions ['python_setup_py']
[1.729s] Level 1:colcon.colcon_core.package_identification:_identify(.) by extension 'python_setup_py'
[1.729s] Level 1:colcon.colcon_core.package_identification:_identify(build) by extensions ['ignore', 'ignore_ament_install']
[1.730s] Level 1:colcon.colcon_core.package_identification:_identify(build) by extension 'ignore'
[1.730s] Level 1:colcon.colcon_core.package_identification:_identify(build) ignored
[1.731s] Level 1:colcon.colcon_core.package_identification:_identify(install) by extensions ['ignore', 'ignore_ament_install']
[1.731s] Level 1:colcon.colcon_core.package_identification:_identify(install) by extension 'ignore'
[1.731s] Level 1:colcon.colcon_core.package_identification:_identify(install) ignored
[1.732s] Level 1:colcon.colcon_core.package_identification:_identify(log) by extensions ['ignore', 'ignore_ament_install']
[1.732s] Level 1:colcon.colcon_core.package_identification:_identify(log) by extension 'ignore'
[1.732s] Level 1:colcon.colcon_core.package_identification:_identify(log) ignored
[1.732s] Level 1:colcon.colcon_core.package_identification:_identify(src) by extensions ['ignore', 'ignore_ament_install']
[1.733s] Level 1:colcon.colcon_core.package_identification:_identify(src) by extension 'ignore'
[1.733s] Level 1:colcon.colcon_core.package_identification:_identify(src) by extension 'ignore_ament_install'
[1.733s] Level 1:colcon.colcon_core.package_identification:_identify(src) by extensions ['colcon_pkg']
[1.733s] Level 1:colcon.colcon_core.package_identification:_identify(src) by extension 'colcon_pkg'
[1.733s] Level 1:colcon.colcon_core.package_identification:_identify(src) by extensions ['colcon_meta']
[1.733s] Level 1:colcon.colcon_core.package_identification:_identify(src) by extension 'colcon_meta'
[1.734s] Level 1:colcon.colcon_core.package_identification:_identify(src) by extensions ['ros']
[1.734s] Level 1:colcon.colcon_core.package_identification:_identify(src) by extension 'ros'
[1.734s] Level 1:colcon.colcon_core.package_identification:_identify(src) by extensions ['cmake', 'python']
[1.734s] Level 1:colcon.colcon_core.package_identification:_identify(src) by extension 'cmake'
[1.734s] Level 1:colcon.colcon_core.package_identification:_identify(src) by extension 'python'
[1.735s] Level 1:colcon.colcon_core.package_identification:_identify(src) by extensions ['python_setup_py']
[1.735s] Level 1:colcon.colcon_core.package_identification:_identify(src) by extension 'python_setup_py'
[1.735s] Level 1:colcon.colcon_core.package_identification:_identify(src/controller_interfaces) by extensions ['ignore', 'ignore_ament_install']
[1.735s] Level 1:colcon.colcon_core.package_identification:_identify(src/controller_interfaces) by extension 'ignore'
[1.736s] Level 1:colcon.colcon_core.package_identification:_identify(src/controller_interfaces) by extension 'ignore_ament_install'
[1.736s] Level 1:colcon.colcon_core.package_identification:_identify(src/controller_interfaces) by extensions ['colcon_pkg']
[1.736s] Level 1:colcon.colcon_core.package_identification:_identify(src/controller_interfaces) by extension 'colcon_pkg'
[1.736s] Level 1:colcon.colcon_core.package_identification:_identify(src/controller_interfaces) by extensions ['colcon_meta']
[1.736s] Level 1:colcon.colcon_core.package_identification:_identify(src/controller_interfaces) by extension 'colcon_meta'
[1.736s] Level 1:colcon.colcon_core.package_identification:_identify(src/controller_interfaces) by extensions ['ros']
[1.736s] Level 1:colcon.colcon_core.package_identification:_identify(src/controller_interfaces) by extension 'ros'
[1.746s] DEBUG:colcon.colcon_core.package_identification:Package 'src/controller_interfaces' with type 'ros.ament_cmake' and name 'controller_interfaces'
[1.747s] Level 1:colcon.colcon_core.package_identification:_identify(src/cugo_controller) by extensions ['ignore', 'ignore_ament_install']
[1.747s] Level 1:colcon.colcon_core.package_identification:_identify(src/cugo_controller) by extension 'ignore'
[1.747s] Level 1:colcon.colcon_core.package_identification:_identify(src/cugo_controller) by extension 'ignore_ament_install'
[1.748s] Level 1:colcon.colcon_core.package_identification:_identify(src/cugo_controller) by extensions ['colcon_pkg']
[1.748s] Level 1:colcon.colcon_core.package_identification:_identify(src/cugo_controller) by extension 'colcon_pkg'
[1.748s] Level 1:colcon.colcon_core.package_identification:_identify(src/cugo_controller) by extensions ['colcon_meta']
[1.748s] Level 1:colcon.colcon_core.package_identification:_identify(src/cugo_controller) by extension 'colcon_meta'
[1.748s] Level 1:colcon.colcon_core.package_identification:_identify(src/cugo_controller) by extensions ['ros']
[1.748s] Level 1:colcon.colcon_core.package_identification:_identify(src/cugo_controller) by extension 'ros'
[1.750s] DEBUG:colcon.colcon_core.package_identification:Package 'src/cugo_controller' with type 'ros.ament_python' and name 'cugo_controller'
[1.751s] Level 1:colcon.colcon_core.package_identification:_identify(src/ps_ros2_common) by extensions ['ignore', 'ignore_ament_install']
[1.751s] Level 1:colcon.colcon_core.package_identification:_identify(src/ps_ros2_common) by extension 'ignore'
[1.752s] Level 1:colcon.colcon_core.package_identification:_identify(src/ps_ros2_common) by extension 'ignore_ament_install'
[1.752s] Level 1:colcon.colcon_core.package_identification:_identify(src/ps_ros2_common) by extensions ['colcon_pkg']
[1.752s] Level 1:colcon.colcon_core.package_identification:_identify(src/ps_ros2_common) by extension 'colcon_pkg'
[1.752s] Level 1:colcon.colcon_core.package_identification:_identify(src/ps_ros2_common) by extensions ['colcon_meta']
[1.752s] Level 1:colcon.colcon_core.package_identification:_identify(src/ps_ros2_common) by extension 'colcon_meta'
[1.752s] Level 1:colcon.colcon_core.package_identification:_identify(src/ps_ros2_common) by extensions ['ros']
[1.752s] Level 1:colcon.colcon_core.package_identification:_identify(src/ps_ros2_common) by extension 'ros'
[1.755s] DEBUG:colcon.colcon_core.package_identification:Package 'src/ps_ros2_common' with type 'ros.ament_cmake' and name 'ps_ros2_common'
[1.756s] Level 1:colcon.colcon_core.package_identification:_identify(src/rt_usb_9axisimu_driver) by extensions ['ignore', 'ignore_ament_install']
[1.756s] Level 1:colcon.colcon_core.package_identification:_identify(src/rt_usb_9axisimu_driver) by extension 'ignore'
[1.757s] Level 1:colcon.colcon_core.package_identification:_identify(src/rt_usb_9axisimu_driver) by extension 'ignore_ament_install'
[1.757s] Level 1:colcon.colcon_core.package_identification:_identify(src/rt_usb_9axisimu_driver) by extensions ['colcon_pkg']
[1.757s] Level 1:colcon.colcon_core.package_identification:_identify(src/rt_usb_9axisimu_driver) by extension 'colcon_pkg'
[1.757s] Level 1:colcon.colcon_core.package_identification:_identify(src/rt_usb_9axisimu_driver) by extensions ['colcon_meta']
[1.757s] Level 1:colcon.colcon_core.package_identification:_identify(src/rt_usb_9axisimu_driver) by extension 'colcon_meta'
[1.757s] Level 1:colcon.colcon_core.package_identification:_identify(src/rt_usb_9axisimu_driver) by extensions ['ros']
[1.758s] Level 1:colcon.colcon_core.package_identification:_identify(src/rt_usb_9axisimu_driver) by extension 'ros'
[1.761s] DEBUG:colcon.colcon_core.package_identification:Package 'src/rt_usb_9axisimu_driver' with type 'ros.ament_cmake' and name 'rt_usb_9axisimu_driver'
[1.762s] Level 1:colcon.colcon_core.package_identification:_identify(src/test_imu) by extensions ['ignore', 'ignore_ament_install']
[1.762s] Level 1:colcon.colcon_core.package_identification:_identify(src/test_imu) by extension 'ignore'
[1.762s] Level 1:colcon.colcon_core.package_identification:_identify(src/test_imu) by extension 'ignore_ament_install'
[1.763s] Level 1:colcon.colcon_core.package_identification:_identify(src/test_imu) by extensions ['colcon_pkg']
[1.763s] Level 1:colcon.colcon_core.package_identification:_identify(src/test_imu) by extension 'colcon_pkg'
[1.763s] Level 1:colcon.colcon_core.package_identification:_identify(src/test_imu) by extensions ['colcon_meta']
[1.763s] Level 1:colcon.colcon_core.package_identification:_identify(src/test_imu) by extension 'colcon_meta'
[1.763s] Level 1:colcon.colcon_core.package_identification:_identify(src/test_imu) by extensions ['ros']
[1.763s] Level 1:colcon.colcon_core.package_identification:_identify(src/test_imu) by extension 'ros'
[1.766s] DEBUG:colcon.colcon_core.package_identification:Package 'src/test_imu' with type 'ros.ament_python' and name 'test_imu'
[1.766s] Level 1:colcon.colcon_core.package_discovery:discover_packages(recursive) using defaults
[1.766s] Level 1:colcon.colcon_core.package_discovery:discover_packages(ignore) discover
[1.766s] Level 1:colcon.colcon_core.package_discovery:discover_packages(ignore) using defaults
[1.766s] Level 1:colcon.colcon_core.package_discovery:discover_packages(path) discover
[1.766s] Level 1:colcon.colcon_core.package_discovery:discover_packages(path) using defaults
[1.860s] Level 1:colcon.colcon_core.package_discovery:discover_packages(prefix_path) check parameters
[1.861s] Level 1:colcon.colcon_core.package_discovery:discover_packages(prefix_path) discover
[1.874s] DEBUG:colcon.colcon_installed_package_information.package_discovery:Found 5 installed packages in /home/shelfer/my_ros2_ws/install
[1.888s] DEBUG:colcon.colcon_installed_package_information.package_discovery:Found 388 installed packages in /opt/ros/humble
[1.901s] Level 1:colcon.colcon_core.package_discovery:discover_packages(prefix_path) using defaults
[2.241s] Level 5:colcon.colcon_core.verb:set package 'controller_interfaces' build argument 'cmake_args' from command line to 'None'
[2.241s] Level 5:colcon.colcon_core.verb:set package 'controller_interfaces' build argument 'cmake_target' from command line to 'None'
[2.241s] Level 5:colcon.colcon_core.verb:set package 'controller_interfaces' build argument 'cmake_target_skip_unavailable' from command line to 'False'
[2.242s] Level 5:colcon.colcon_core.verb:set package 'controller_interfaces' build argument 'cmake_clean_cache' from command line to 'False'
[2.242s] Level 5:colcon.colcon_core.verb:set package 'controller_interfaces' build argument 'cmake_clean_first' from command line to 'False'
[2.242s] Level 5:colcon.colcon_core.verb:set package 'controller_interfaces' build argument 'cmake_force_configure' from command line to 'False'
[2.242s] Level 5:colcon.colcon_core.verb:set package 'controller_interfaces' build argument 'ament_cmake_args' from command line to 'None'
[2.242s] Level 5:colcon.colcon_core.verb:set package 'controller_interfaces' build argument 'catkin_cmake_args' from command line to 'None'
[2.242s] Level 5:colcon.colcon_core.verb:set package 'controller_interfaces' build argument 'catkin_skip_building_tests' from command line to 'False'
[2.242s] DEBUG:colcon.colcon_core.verb:Building package 'controller_interfaces' with the following arguments: {'ament_cmake_args': None, 'build_base': '/home/shelfer/my_ros2_ws/build/controller_interfaces', 'catkin_cmake_args': None, 'catkin_skip_building_tests': False, 'cmake_args': None, 'cmake_clean_cache': False, 'cmake_clean_first': False, 'cmake_force_configure': False, 'cmake_target': None, 'cmake_target_skip_unavailable': False, 'install_base': '/home/shelfer/my_ros2_ws/install/controller_interfaces', 'merge_install': False, 'path': '/home/shelfer/my_ros2_ws/src/controller_interfaces', 'symlink_install': True, 'test_result_base': None}
[2.246s] Level 5:colcon.colcon_core.verb:set package 'cugo_controller' build argument 'cmake_args' from command line to 'None'
[2.247s] Level 5:colcon.colcon_core.verb:set package 'cugo_controller' build argument 'cmake_target' from command line to 'None'
[2.247s] Level 5:colcon.colcon_core.verb:set package 'cugo_controller' build argument 'cmake_target_skip_unavailable' from command line to 'False'
[2.247s] Level 5:colcon.colcon_core.verb:set package 'cugo_controller' build argument 'cmake_clean_cache' from command line to 'False'
[2.247s] Level 5:colcon.colcon_core.verb:set package 'cugo_controller' build argument 'cmake_clean_first' from command line to 'False'
[2.247s] Level 5:colcon.colcon_core.verb:set package 'cugo_controller' build argument 'cmake_force_configure' from command line to 'False'
[2.247s] Level 5:colcon.colcon_core.verb:set package 'cugo_controller' build argument 'ament_cmake_args' from command line to 'None'
[2.247s] Level 5:colcon.colcon_core.verb:set package 'cugo_controller' build argument 'catkin_cmake_args' from command line to 'None'
[2.247s] Level 5:colcon.colcon_core.verb:set package 'cugo_controller' build argument 'catkin_skip_building_tests' from command line to 'False'
[2.247s] DEBUG:colcon.colcon_core.verb:Building package 'cugo_controller' with the following arguments: {'ament_cmake_args': None, 'build_base': '/home/shelfer/my_ros2_ws/build/cugo_controller', 'catkin_cmake_args': None, 'catkin_skip_building_tests': False, 'cmake_args': None, 'cmake_clean_cache': False, 'cmake_clean_first': False, 'cmake_force_configure': False, 'cmake_target': None, 'cmake_target_skip_unavailable': False, 'install_base': '/home/shelfer/my_ros2_ws/install/cugo_controller', 'merge_install': False, 'path': '/home/shelfer/my_ros2_ws/src/cugo_controller', 'symlink_install': True, 'test_result_base': None}
[2.252s] Level 5:colcon.colcon_core.verb:set package 'ps_ros2_common' build argument 'cmake_args' from command line to 'None'
[2.252s] Level 5:colcon.colcon_core.verb:set package 'ps_ros2_common' build argument 'cmake_target' from command line to 'None'
[2.252s] Level 5:colcon.colcon_core.verb:set package 'ps_ros2_common' build argument 'cmake_target_skip_unavailable' from command line to 'False'
[2.252s] Level 5:colcon.colcon_core.verb:set package 'ps_ros2_common' build argument 'cmake_clean_cache' from command line to 'False'
[2.252s] Level 5:colcon.colcon_core.verb:set package 'ps_ros2_common' build argument 'cmake_clean_first' from command line to 'False'
[2.252s] Level 5:colcon.colcon_core.verb:set package 'ps_ros2_common' build argument 'cmake_force_configure' from command line to 'False'
[2.252s] Level 5:colcon.colcon_core.verb:set package 'ps_ros2_common' build argument 'ament_cmake_args' from command line to 'None'
[2.253s] Level 5:colcon.colcon_core.verb:set package 'ps_ros2_common' build argument 'catkin_cmake_args' from command line to 'None'
[2.253s] Level 5:colcon.colcon_core.verb:set package 'ps_ros2_common' build argument 'catkin_skip_building_tests' from command line to 'False'
[2.253s] DEBUG:colcon.colcon_core.verb:Building package 'ps_ros2_common' with the following arguments: {'ament_cmake_args': None, 'build_base': '/home/shelfer/my_ros2_ws/build/ps_ros2_common', 'catkin_cmake_args': None, 'catkin_skip_building_tests': False, 'cmake_args': None, 'cmake_clean_cache': False, 'cmake_clean_first': False, 'cmake_force_configure': False, 'cmake_target': None, 'cmake_target_skip_unavailable': False, 'install_base': '/home/shelfer/my_ros2_ws/install/ps_ros2_common', 'merge_install': False, 'path': '/home/shelfer/my_ros2_ws/src/ps_ros2_common', 'symlink_install': True, 'test_result_base': None}
[2.257s] Level 5:colcon.colcon_core.verb:set package 'rt_usb_9axisimu_driver' build argument 'cmake_args' from command line to 'None'
[2.257s] Level 5:colcon.colcon_core.verb:set package 'rt_usb_9axisimu_driver' build argument 'cmake_target' from command line to 'None'
[2.257s] Level 5:colcon.colcon_core.verb:set package 'rt_usb_9axisimu_driver' build argument 'cmake_target_skip_unavailable' from command line to 'False'
[2.257s] Level 5:colcon.colcon_core.verb:set package 'rt_usb_9axisimu_driver' build argument 'cmake_clean_cache' from command line to 'False'
[2.258s] Level 5:colcon.colcon_core.verb:set package 'rt_usb_9axisimu_driver' build argument 'cmake_clean_first' from command line to 'False'
[2.258s] Level 5:colcon.colcon_core.verb:set package 'rt_usb_9axisimu_driver' build argument 'cmake_force_configure' from command line to 'False'
[2.258s] Level 5:colcon.colcon_core.verb:set package 'rt_usb_9axisimu_driver' build argument 'ament_cmake_args' from command line to 'None'
[2.258s] Level 5:colcon.colcon_core.verb:set package 'rt_usb_9axisimu_driver' build argument 'catkin_cmake_args' from command line to 'None'
[2.258s] Level 5:colcon.colcon_core.verb:set package 'rt_usb_9axisimu_driver' build argument 'catkin_skip_building_tests' from command line to 'False'
[2.258s] DEBUG:colcon.colcon_core.verb:Building package 'rt_usb_9axisimu_driver' with the following arguments: {'ament_cmake_args': None, 'build_base': '/home/shelfer/my_ros2_ws/build/rt_usb_9axisimu_driver', 'catkin_cmake_args': None, 'catkin_skip_building_tests': False, 'cmake_args': None, 'cmake_clean_cache': False, 'cmake_clean_first': False, 'cmake_force_configure': False, 'cmake_target': None, 'cmake_target_skip_unavailable': False, 'install_base': '/home/shelfer/my_ros2_ws/install/rt_usb_9axisimu_driver', 'merge_install': False, 'path': '/home/shelfer/my_ros2_ws/src/rt_usb_9axisimu_driver', 'symlink_install': True, 'test_result_base': None}
[2.262s] Level 5:colcon.colcon_core.verb:set package 'test_imu' build argument 'cmake_args' from command line to 'None'
[2.262s] Level 5:colcon.colcon_core.verb:set package 'test_imu' build argument 'cmake_target' from command line to 'None'
[2.263s] Level 5:colcon.colcon_core.verb:set package 'test_imu' build argument 'cmake_target_skip_unavailable' from command line to 'False'
[2.263s] Level 5:colcon.colcon_core.verb:set package 'test_imu' build argument 'cmake_clean_cache' from command line to 'False'
[2.263s] Level 5:colcon.colcon_core.verb:set package 'test_imu' build argument 'cmake_clean_first' from command line to 'False'
[2.263s] Level 5:colcon.colcon_core.verb:set package 'test_imu' build argument 'cmake_force_configure' from command line to 'False'
[2.263s] Level 5:colcon.colcon_core.verb:set package 'test_imu' build argument 'ament_cmake_args' from command line to 'None'
[2.263s] Level 5:colcon.colcon_core.verb:set package 'test_imu' build argument 'catkin_cmake_args' from command line to 'None'
[2.263s] Level 5:colcon.colcon_core.verb:set package 'test_imu' build argument 'catkin_skip_building_tests' from command line to 'False'
[2.263s] DEBUG:colcon.colcon_core.verb:Building package 'test_imu' with the following arguments: {'ament_cmake_args': None, 'build_base': '/home/shelfer/my_ros2_ws/build/test_imu', 'catkin_cmake_args': None, 'catkin_skip_building_tests': False, 'cmake_args': None, 'cmake_clean_cache': False, 'cmake_clean_first': False, 'cmake_force_configure': False, 'cmake_target': None, 'cmake_target_skip_unavailable': False, 'install_base': '/home/shelfer/my_ros2_ws/install/test_imu', 'merge_install': False, 'path': '/home/shelfer/my_ros2_ws/src/test_imu', 'symlink_install': True, 'test_result_base': None}
[2.266s] INFO:colcon.colcon_core.executor:Executing jobs using 'parallel' executor
[2.278s] DEBUG:colcon.colcon_parallel_executor.executor.parallel:run_until_complete
[2.280s] INFO:colcon.colcon_ros.task.ament_cmake.build:Building ROS package in '/home/shelfer/my_ros2_ws/src/controller_interfaces' with build type 'ament_cmake'
[2.281s] INFO:colcon.colcon_cmake.task.cmake.build:Building CMake package in '/home/shelfer/my_ros2_ws/src/controller_interfaces'
[2.300s] INFO:colcon.colcon_core.plugin_system:Skipping extension 'colcon_core.shell.bat': Not used on non-Windows systems
[2.301s] INFO:colcon.colcon_core.shell:Skip shell extension 'powershell' for command environment: Not usable outside of PowerShell
[2.301s] DEBUG:colcon.colcon_core.shell:Skip shell extension 'dsv' for command environment
[2.333s] INFO:colcon.colcon_ros.task.ament_python.build:Building ROS package in '/home/shelfer/my_ros2_ws/src/cugo_controller' with build type 'ament_python'
[2.334s] Level 1:colcon.colcon_core.shell:create_environment_hook('cugo_controller', 'ament_prefix_path')
[2.341s] INFO:colcon.colcon_core.shell:Creating environment hook '/home/shelfer/my_ros2_ws/install/cugo_controller/share/cugo_controller/hook/ament_prefix_path.ps1'
[2.344s] INFO:colcon.colcon_core.shell:Creating environment descriptor '/home/shelfer/my_ros2_ws/install/cugo_controller/share/cugo_controller/hook/ament_prefix_path.dsv'
[2.347s] INFO:colcon.colcon_core.shell:Creating environment hook '/home/shelfer/my_ros2_ws/install/cugo_controller/share/cugo_controller/hook/ament_prefix_path.sh'
[2.357s] INFO:colcon.colcon_core.shell:Skip shell extension 'powershell' for command environment: Not usable outside of PowerShell
[2.358s] DEBUG:colcon.colcon_core.shell:Skip shell extension 'dsv' for command environment
[2.385s] INFO:colcon.colcon_ros.task.ament_cmake.build:Building ROS package in '/home/shelfer/my_ros2_ws/src/ps_ros2_common' with build type 'ament_cmake'
[2.386s] INFO:colcon.colcon_cmake.task.cmake.build:Building CMake package in '/home/shelfer/my_ros2_ws/src/ps_ros2_common'
[2.393s] INFO:colcon.colcon_core.shell:Skip shell extension 'powershell' for command environment: Not usable outside of PowerShell
[2.393s] DEBUG:colcon.colcon_core.shell:Skip shell extension 'dsv' for command environment
[2.424s] INFO:colcon.colcon_ros.task.ament_cmake.build:Building ROS package in '/home/shelfer/my_ros2_ws/src/rt_usb_9axisimu_driver' with build type 'ament_cmake'
[2.425s] INFO:colcon.colcon_cmake.task.cmake.build:Building CMake package in '/home/shelfer/my_ros2_ws/src/rt_usb_9axisimu_driver'
[2.432s] INFO:colcon.colcon_core.shell:Skip shell extension 'powershell' for command environment: Not usable outside of PowerShell
[2.432s] DEBUG:colcon.colcon_core.shell:Skip shell extension 'dsv' for command environment
[2.480s] DEBUG:colcon.colcon_core.event_handler.log_command:Invoking command in '/home/shelfer/my_ros2_ws/build/controller_interfaces': CMAKE_PREFIX_PATH=${CMAKE_PREFIX_PATH}:/home/shelfer/my_ros2_ws/install/test_imu:/home/shelfer/my_ros2_ws/install/cugo_controller:/opt/ros/humble /usr/bin/cmake --build /home/shelfer/my_ros2_ws/build/controller_interfaces -- -j4 -l4
[4.323s] INFO:colcon.colcon_core.task.python.build:Building Python package in '/home/shelfer/my_ros2_ws/src/cugo_controller'
[4.329s] INFO:colcon.colcon_core.shell:Skip shell extension 'powershell' for command environment: Not usable outside of PowerShell
[4.330s] DEBUG:colcon.colcon_core.shell:Skip shell extension 'dsv' for command environment
[4.383s] DEBUG:colcon.colcon_core.event_handler.log_command:Invoking command in '/home/shelfer/my_ros2_ws/build/ps_ros2_common': CMAKE_PREFIX_PATH=${CMAKE_PREFIX_PATH}:/home/shelfer/my_ros2_ws/install/test_imu:/home/shelfer/my_ros2_ws/install/cugo_controller:/opt/ros/humble /usr/bin/cmake --build /home/shelfer/my_ros2_ws/build/ps_ros2_common -- -j4 -l4
[4.415s] DEBUG:colcon.colcon_core.event_handler.log_command:Invoking command in '/home/shelfer/my_ros2_ws/build/rt_usb_9axisimu_driver': CMAKE_PREFIX_PATH=${CMAKE_PREFIX_PATH}:/home/shelfer/my_ros2_ws/install/test_imu:/home/shelfer/my_ros2_ws/install/cugo_controller:/opt/ros/humble /usr/bin/cmake --build /home/shelfer/my_ros2_ws/build/rt_usb_9axisimu_driver -- -j4 -l4
[4.895s] DEBUG:colcon.colcon_core.event_handler.log_command:Invoked command in '/home/shelfer/my_ros2_ws/build/ps_ros2_common' returned '0': CMAKE_PREFIX_PATH=${CMAKE_PREFIX_PATH}:/home/shelfer/my_ros2_ws/install/test_imu:/home/shelfer/my_ros2_ws/install/cugo_controller:/opt/ros/humble /usr/bin/cmake --build /home/shelfer/my_ros2_ws/build/ps_ros2_common -- -j4 -l4
[4.976s] DEBUG:colcon.colcon_core.event_handler.log_command:Invoked command in '/home/shelfer/my_ros2_ws/build/controller_interfaces' returned '0': CMAKE_PREFIX_PATH=${CMAKE_PREFIX_PATH}:/home/shelfer/my_ros2_ws/install/test_imu:/home/shelfer/my_ros2_ws/install/cugo_controller:/opt/ros/humble /usr/bin/cmake --build /home/shelfer/my_ros2_ws/build/controller_interfaces -- -j4 -l4
[5.055s] DEBUG:colcon.colcon_core.event_handler.log_command:Invoked command in '/home/shelfer/my_ros2_ws/build/rt_usb_9axisimu_driver' returned '0': CMAKE_PREFIX_PATH=${CMAKE_PREFIX_PATH}:/home/shelfer/my_ros2_ws/install/test_imu:/home/shelfer/my_ros2_ws/install/cugo_controller:/opt/ros/humble /usr/bin/cmake --build /home/shelfer/my_ros2_ws/build/rt_usb_9axisimu_driver -- -j4 -l4
[5.127s] DEBUG:colcon.colcon_core.event_handler.log_command:Invoking command in '/home/shelfer/my_ros2_ws/build/ps_ros2_common': CMAKE_PREFIX_PATH=${CMAKE_PREFIX_PATH}:/home/shelfer/my_ros2_ws/install/test_imu:/home/shelfer/my_ros2_ws/install/cugo_controller:/opt/ros/humble /usr/bin/cmake --install /home/shelfer/my_ros2_ws/build/ps_ros2_common
[5.257s] Level 1:colcon.colcon_core.environment:create_environment_scripts_only(ps_ros2_common)
[5.260s] DEBUG:colcon.colcon_core.event_handler.log_command:Invoked command in '/home/shelfer/my_ros2_ws/build/ps_ros2_common' returned '0': CMAKE_PREFIX_PATH=${CMAKE_PREFIX_PATH}:/home/shelfer/my_ros2_ws/install/test_imu:/home/shelfer/my_ros2_ws/install/cugo_controller:/opt/ros/humble /usr/bin/cmake --install /home/shelfer/my_ros2_ws/build/ps_ros2_common
[5.285s] Level 1:colcon.colcon_core.environment:checking '/home/shelfer/my_ros2_ws/install/ps_ros2_common' for CMake module files
[5.288s] Level 1:colcon.colcon_core.environment:checking '/home/shelfer/my_ros2_ws/install/ps_ros2_common' for CMake config files
[5.290s] Level 1:colcon.colcon_core.shell:create_environment_hook('ps_ros2_common', 'cmake_prefix_path')
[5.296s] INFO:colcon.colcon_core.shell:Creating environment hook '/home/shelfer/my_ros2_ws/install/ps_ros2_common/share/ps_ros2_common/hook/cmake_prefix_path.ps1'
[5.298s] INFO:colcon.colcon_core.shell:Creating environment descriptor '/home/shelfer/my_ros2_ws/install/ps_ros2_common/share/ps_ros2_common/hook/cmake_prefix_path.dsv'
[5.300s] INFO:colcon.colcon_core.shell:Creating environment hook '/home/shelfer/my_ros2_ws/install/ps_ros2_common/share/ps_ros2_common/hook/cmake_prefix_path.sh'
[5.304s] Level 1:colcon.colcon_core.environment:checking '/home/shelfer/my_ros2_ws/install/ps_ros2_common/lib'
[5.306s] Level 1:colcon.colcon_core.shell:create_environment_hook('ps_ros2_common', 'ld_library_path_lib')
[5.313s] INFO:colcon.colcon_core.shell:Creating environment hook '/home/shelfer/my_ros2_ws/install/ps_ros2_common/share/ps_ros2_common/hook/ld_library_path_lib.ps1'
[5.315s] INFO:colcon.colcon_core.shell:Creating environment descriptor '/home/shelfer/my_ros2_ws/install/ps_ros2_common/share/ps_ros2_common/hook/ld_library_path_lib.dsv'
[5.317s] INFO:colcon.colcon_core.shell:Creating environment hook '/home/shelfer/my_ros2_ws/install/ps_ros2_common/share/ps_ros2_common/hook/ld_library_path_lib.sh'
[5.320s] Level 1:colcon.colcon_core.environment:checking '/home/shelfer/my_ros2_ws/install/ps_ros2_common/bin'
[5.320s] Level 1:colcon.colcon_core.environment:checking '/home/shelfer/my_ros2_ws/install/ps_ros2_common/lib/pkgconfig/ps_ros2_common.pc'
[5.321s] Level 1:colcon.colcon_core.environment:checking '/home/shelfer/my_ros2_ws/install/ps_ros2_common/lib/python3.10/site-packages'
[5.322s] Level 1:colcon.colcon_core.environment:checking '/home/shelfer/my_ros2_ws/install/ps_ros2_common/bin'
[5.329s] INFO:colcon.colcon_core.shell:Creating package script '/home/shelfer/my_ros2_ws/install/ps_ros2_common/share/ps_ros2_common/package.ps1'
[5.333s] INFO:colcon.colcon_core.shell:Creating package descriptor '/home/shelfer/my_ros2_ws/install/ps_ros2_common/share/ps_ros2_common/package.dsv'
[5.336s] INFO:colcon.colcon_core.shell:Creating package script '/home/shelfer/my_ros2_ws/install/ps_ros2_common/share/ps_ros2_common/package.sh'
[5.342s] INFO:colcon.colcon_core.shell:Creating package script '/home/shelfer/my_ros2_ws/install/ps_ros2_common/share/ps_ros2_common/package.bash'
[5.345s] INFO:colcon.colcon_core.shell:Creating package script '/home/shelfer/my_ros2_ws/install/ps_ros2_common/share/ps_ros2_common/package.zsh'
[5.348s] Level 1:colcon.colcon_core.environment:create_file_with_runtime_dependencies(/home/shelfer/my_ros2_ws/install/ps_ros2_common/share/colcon-core/packages/ps_ros2_common)
[5.372s] DEBUG:colcon.colcon_core.event_handler.log_command:Invoking command in '/home/shelfer/my_ros2_ws/build/rt_usb_9axisimu_driver': CMAKE_PREFIX_PATH=${CMAKE_PREFIX_PATH}:/home/shelfer/my_ros2_ws/install/test_imu:/home/shelfer/my_ros2_ws/install/cugo_controller:/opt/ros/humble /usr/bin/cmake --install /home/shelfer/my_ros2_ws/build/rt_usb_9axisimu_driver
[5.553s] Level 1:colcon.colcon_core.environment:create_environment_scripts_only(ps_ros2_common)
[5.562s] Level 1:colcon.colcon_core.environment:checking '/home/shelfer/my_ros2_ws/install/ps_ros2_common' for CMake module files
[5.566s] Level 1:colcon.colcon_core.environment:checking '/home/shelfer/my_ros2_ws/install/ps_ros2_common' for CMake config files
[5.568s] Level 1:colcon.colcon_core.shell:create_environment_hook('ps_ros2_common', 'cmake_prefix_path')
[5.575s] INFO:colcon.colcon_core.shell:Creating environment hook '/home/shelfer/my_ros2_ws/install/ps_ros2_common/share/ps_ros2_common/hook/cmake_prefix_path.ps1'
[5.577s] INFO:colcon.colcon_core.shell:Creating environment descriptor '/home/shelfer/my_ros2_ws/install/ps_ros2_common/share/ps_ros2_common/hook/cmake_prefix_path.dsv'
[5.579s] INFO:colcon.colcon_core.shell:Creating environment hook '/home/shelfer/my_ros2_ws/install/ps_ros2_common/share/ps_ros2_common/hook/cmake_prefix_path.sh'
[5.582s] Level 1:colcon.colcon_core.environment:checking '/home/shelfer/my_ros2_ws/install/ps_ros2_common/lib'
[5.583s] Level 1:colcon.colcon_core.shell:create_environment_hook('ps_ros2_common', 'ld_library_path_lib')
[5.589s] INFO:colcon.colcon_core.shell:Creating environment hook '/home/shelfer/my_ros2_ws/install/ps_ros2_common/share/ps_ros2_common/hook/ld_library_path_lib.ps1'
[5.591s] INFO:colcon.colcon_core.shell:Creating environment descriptor '/home/shelfer/my_ros2_ws/install/ps_ros2_common/share/ps_ros2_common/hook/ld_library_path_lib.dsv'
[5.593s] INFO:colcon.colcon_core.shell:Creating environment hook '/home/shelfer/my_ros2_ws/install/ps_ros2_common/share/ps_ros2_common/hook/ld_library_path_lib.sh'
[5.595s] Level 1:colcon.colcon_core.environment:checking '/home/shelfer/my_ros2_ws/install/ps_ros2_common/bin'
[5.595s] Level 1:colcon.colcon_core.environment:checking '/home/shelfer/my_ros2_ws/install/ps_ros2_common/lib/pkgconfig/ps_ros2_common.pc'
[5.597s] Level 1:colcon.colcon_core.environment:checking '/home/shelfer/my_ros2_ws/install/ps_ros2_common/lib/python3.10/site-packages'
[5.598s] Level 1:colcon.colcon_core.environment:checking '/home/shelfer/my_ros2_ws/install/ps_ros2_common/bin'
[5.604s] INFO:colcon.colcon_core.shell:Creating package script '/home/shelfer/my_ros2_ws/install/ps_ros2_common/share/ps_ros2_common/package.ps1'
[5.608s] INFO:colcon.colcon_core.shell:Creating package descriptor '/home/shelfer/my_ros2_ws/install/ps_ros2_common/share/ps_ros2_common/package.dsv'
[5.611s] INFO:colcon.colcon_core.shell:Creating package script '/home/shelfer/my_ros2_ws/install/ps_ros2_common/share/ps_ros2_common/package.sh'
[5.614s] INFO:colcon.colcon_core.shell:Creating package script '/home/shelfer/my_ros2_ws/install/ps_ros2_common/share/ps_ros2_common/package.bash'
[5.616s] INFO:colcon.colcon_core.shell:Creating package script '/home/shelfer/my_ros2_ws/install/ps_ros2_common/share/ps_ros2_common/package.zsh'
[5.619s] Level 1:colcon.colcon_core.environment:create_file_with_runtime_dependencies(/home/shelfer/my_ros2_ws/install/ps_ros2_common/share/colcon-core/packages/ps_ros2_common)
[5.622s] INFO:colcon.colcon_ros.task.ament_python.build:Building ROS package in '/home/shelfer/my_ros2_ws/src/test_imu' with build type 'ament_python'
[5.623s] Level 1:colcon.colcon_core.shell:create_environment_hook('test_imu', 'ament_prefix_path')
[5.628s] INFO:colcon.colcon_core.shell:Creating environment hook '/home/shelfer/my_ros2_ws/install/test_imu/share/test_imu/hook/ament_prefix_path.ps1'
[5.630s] INFO:colcon.colcon_core.shell:Creating environment descriptor '/home/shelfer/my_ros2_ws/install/test_imu/share/test_imu/hook/ament_prefix_path.dsv'
[5.633s] INFO:colcon.colcon_core.shell:Creating environment hook '/home/shelfer/my_ros2_ws/install/test_imu/share/test_imu/hook/ament_prefix_path.sh'
[5.641s] INFO:colcon.colcon_core.shell:Skip shell extension 'powershell' for command environment: Not usable outside of PowerShell
[5.641s] DEBUG:colcon.colcon_core.shell:Skip shell extension 'dsv' for command environment
[5.672s] Level 1:colcon.colcon_core.environment:create_environment_scripts_only(rt_usb_9axisimu_driver)
[5.682s] Level 1:colcon.colcon_core.environment:checking '/home/shelfer/my_ros2_ws/install/rt_usb_9axisimu_driver' for CMake module files
[5.684s] DEBUG:colcon.colcon_core.event_handler.log_command:Invoked command in '/home/shelfer/my_ros2_ws/build/rt_usb_9axisimu_driver' returned '0': CMAKE_PREFIX_PATH=${CMAKE_PREFIX_PATH}:/home/shelfer/my_ros2_ws/install/test_imu:/home/shelfer/my_ros2_ws/install/cugo_controller:/opt/ros/humble /usr/bin/cmake --install /home/shelfer/my_ros2_ws/build/rt_usb_9axisimu_driver
[5.687s] Level 1:colcon.colcon_core.environment:checking '/home/shelfer/my_ros2_ws/install/rt_usb_9axisimu_driver' for CMake config files
[5.690s] Level 1:colcon.colcon_core.shell:create_environment_hook('rt_usb_9axisimu_driver', 'cmake_prefix_path')
[5.696s] INFO:colcon.colcon_core.shell:Creating environment hook '/home/shelfer/my_ros2_ws/install/rt_usb_9axisimu_driver/share/rt_usb_9axisimu_driver/hook/cmake_prefix_path.ps1'
[5.698s] INFO:colcon.colcon_core.shell:Creating environment descriptor '/home/shelfer/my_ros2_ws/install/rt_usb_9axisimu_driver/share/rt_usb_9axisimu_driver/hook/cmake_prefix_path.dsv'
[5.700s] INFO:colcon.colcon_core.shell:Creating environment hook '/home/shelfer/my_ros2_ws/install/rt_usb_9axisimu_driver/share/rt_usb_9axisimu_driver/hook/cmake_prefix_path.sh'
[5.702s] Level 1:colcon.colcon_core.environment:checking '/home/shelfer/my_ros2_ws/install/rt_usb_9axisimu_driver/lib'
[5.703s] Level 1:colcon.colcon_core.shell:create_environment_hook('rt_usb_9axisimu_driver', 'ld_library_path_lib')
[5.709s] INFO:colcon.colcon_core.shell:Creating environment hook '/home/shelfer/my_ros2_ws/install/rt_usb_9axisimu_driver/share/rt_usb_9axisimu_driver/hook/ld_library_path_lib.ps1'
[5.712s] INFO:colcon.colcon_core.shell:Creating environment descriptor '/home/shelfer/my_ros2_ws/install/rt_usb_9axisimu_driver/share/rt_usb_9axisimu_driver/hook/ld_library_path_lib.dsv'
[5.714s] INFO:colcon.colcon_core.shell:Creating environment hook '/home/shelfer/my_ros2_ws/install/rt_usb_9axisimu_driver/share/rt_usb_9axisimu_driver/hook/ld_library_path_lib.sh'
[5.716s] Level 1:colcon.colcon_core.environment:checking '/home/shelfer/my_ros2_ws/install/rt_usb_9axisimu_driver/bin'
[5.716s] Level 1:colcon.colcon_core.environment:checking '/home/shelfer/my_ros2_ws/install/rt_usb_9axisimu_driver/lib/pkgconfig/rt_usb_9axisimu_driver.pc'
[5.718s] Level 1:colcon.colcon_core.environment:checking '/home/shelfer/my_ros2_ws/install/rt_usb_9axisimu_driver/lib/python3.10/site-packages'
[5.720s] Level 1:colcon.colcon_core.environment:checking '/home/shelfer/my_ros2_ws/install/rt_usb_9axisimu_driver/bin'
[5.727s] INFO:colcon.colcon_core.shell:Creating package script '/home/shelfer/my_ros2_ws/install/rt_usb_9axisimu_driver/share/rt_usb_9axisimu_driver/package.ps1'
[5.731s] INFO:colcon.colcon_core.shell:Creating package descriptor '/home/shelfer/my_ros2_ws/install/rt_usb_9axisimu_driver/share/rt_usb_9axisimu_driver/package.dsv'
[5.733s] INFO:colcon.colcon_core.shell:Creating package script '/home/shelfer/my_ros2_ws/install/rt_usb_9axisimu_driver/share/rt_usb_9axisimu_driver/package.sh'
[5.737s] INFO:colcon.colcon_core.shell:Creating package script '/home/shelfer/my_ros2_ws/install/rt_usb_9axisimu_driver/share/rt_usb_9axisimu_driver/package.bash'
[5.739s] INFO:colcon.colcon_core.shell:Creating package script '/home/shelfer/my_ros2_ws/install/rt_usb_9axisimu_driver/share/rt_usb_9axisimu_driver/package.zsh'
[5.742s] Level 1:colcon.colcon_core.environment:create_file_with_runtime_dependencies(/home/shelfer/my_ros2_ws/install/rt_usb_9axisimu_driver/share/colcon-core/packages/rt_usb_9axisimu_driver)
[5.761s] DEBUG:colcon.colcon_core.event_handler.log_command:Invoking command in '/home/shelfer/my_ros2_ws/build/controller_interfaces': CMAKE_PREFIX_PATH=${CMAKE_PREFIX_PATH}:/home/shelfer/my_ros2_ws/install/test_imu:/home/shelfer/my_ros2_ws/install/cugo_controller:/opt/ros/humble /usr/bin/cmake --install /home/shelfer/my_ros2_ws/build/controller_interfaces
[7.610s] INFO:colcon.colcon_core.task.python.build:Building Python package in '/home/shelfer/my_ros2_ws/src/test_imu'
[7.615s] INFO:colcon.colcon_core.shell:Skip shell extension 'powershell' for command environment: Not usable outside of PowerShell
[7.615s] DEBUG:colcon.colcon_core.shell:Skip shell extension 'dsv' for command environment
[7.648s] Level 1:colcon.colcon_core.environment:create_environment_scripts_only(controller_interfaces)
[7.660s] Level 1:colcon.colcon_core.environment:checking '/home/shelfer/my_ros2_ws/install/controller_interfaces' for CMake module files
[7.661s] DEBUG:colcon.colcon_core.event_handler.log_command:Invoked command in '/home/shelfer/my_ros2_ws/build/controller_interfaces' returned '0': CMAKE_PREFIX_PATH=${CMAKE_PREFIX_PATH}:/home/shelfer/my_ros2_ws/install/test_imu:/home/shelfer/my_ros2_ws/install/cugo_controller:/opt/ros/humble /usr/bin/cmake --install /home/shelfer/my_ros2_ws/build/controller_interfaces
[7.666s] Level 1:colcon.colcon_core.environment:checking '/home/shelfer/my_ros2_ws/install/controller_interfaces' for CMake config files
[7.670s] Level 1:colcon.colcon_core.shell:create_environment_hook('controller_interfaces', 'cmake_prefix_path')
[7.676s] INFO:colcon.colcon_core.shell:Creating environment hook '/home/shelfer/my_ros2_ws/install/controller_interfaces/share/controller_interfaces/hook/cmake_prefix_path.ps1'
[7.678s] INFO:colcon.colcon_core.shell:Creating environment descriptor '/home/shelfer/my_ros2_ws/install/controller_interfaces/share/controller_interfaces/hook/cmake_prefix_path.dsv'
[7.680s] INFO:colcon.colcon_core.shell:Creating environment hook '/home/shelfer/my_ros2_ws/install/controller_interfaces/share/controller_interfaces/hook/cmake_prefix_path.sh'
[7.683s] Level 1:colcon.colcon_core.environment:checking '/home/shelfer/my_ros2_ws/install/controller_interfaces/lib'
[7.683s] Level 1:colcon.colcon_core.shell:create_environment_hook('controller_interfaces', 'ld_library_path_lib')
[7.688s] INFO:colcon.colcon_core.shell:Creating environment hook '/home/shelfer/my_ros2_ws/install/controller_interfaces/share/controller_interfaces/hook/ld_library_path_lib.ps1'
[7.690s] INFO:colcon.colcon_core.shell:Creating environment descriptor '/home/shelfer/my_ros2_ws/install/controller_interfaces/share/controller_interfaces/hook/ld_library_path_lib.dsv'
[7.692s] INFO:colcon.colcon_core.shell:Creating environment hook '/home/shelfer/my_ros2_ws/install/controller_interfaces/share/controller_interfaces/hook/ld_library_path_lib.sh'
[7.694s] Level 1:colcon.colcon_core.environment:checking '/home/shelfer/my_ros2_ws/install/controller_interfaces/bin'
[7.694s] Level 1:colcon.colcon_core.environment:checking '/home/shelfer/my_ros2_ws/install/controller_interfaces/lib/pkgconfig/controller_interfaces.pc'
[7.695s] Level 1:colcon.colcon_core.environment:checking '/home/shelfer/my_ros2_ws/install/controller_interfaces/lib/python3.10/site-packages'
[7.695s] Level 1:colcon.colcon_core.environment:checking '/home/shelfer/my_ros2_ws/install/controller_interfaces/bin'
[7.701s] INFO:colcon.colcon_core.shell:Creating package script '/home/shelfer/my_ros2_ws/install/controller_interfaces/share/controller_interfaces/package.ps1'
[7.703s] INFO:colcon.colcon_core.shell:Creating package descriptor '/home/shelfer/my_ros2_ws/install/controller_interfaces/share/controller_interfaces/package.dsv'
[7.705s] INFO:colcon.colcon_core.shell:Creating package script '/home/shelfer/my_ros2_ws/install/controller_interfaces/share/controller_interfaces/package.sh'
[7.707s] INFO:colcon.colcon_core.shell:Creating package script '/home/shelfer/my_ros2_ws/install/controller_interfaces/share/controller_interfaces/package.bash'
[7.709s] INFO:colcon.colcon_core.shell:Creating package script '/home/shelfer/my_ros2_ws/install/controller_interfaces/share/controller_interfaces/package.zsh'
[7.711s] Level 1:colcon.colcon_core.environment:create_file_with_runtime_dependencies(/home/shelfer/my_ros2_ws/install/controller_interfaces/share/colcon-core/packages/controller_interfaces)
[7.721s] Level 1:colcon.colcon_core.environment:create_environment_scripts_only(rt_usb_9axisimu_driver)
[7.730s] Level 1:colcon.colcon_core.environment:checking '/home/shelfer/my_ros2_ws/install/rt_usb_9axisimu_driver' for CMake module files
[7.734s] Level 1:colcon.colcon_core.environment:checking '/home/shelfer/my_ros2_ws/install/rt_usb_9axisimu_driver' for CMake config files
[7.739s] Level 1:colcon.colcon_core.shell:create_environment_hook('rt_usb_9axisimu_driver', 'cmake_prefix_path')
[7.745s] INFO:colcon.colcon_core.shell:Creating environment hook '/home/shelfer/my_ros2_ws/install/rt_usb_9axisimu_driver/share/rt_usb_9axisimu_driver/hook/cmake_prefix_path.ps1'
[7.747s] INFO:colcon.colcon_core.shell:Creating environment descriptor '/home/shelfer/my_ros2_ws/install/rt_usb_9axisimu_driver/share/rt_usb_9axisimu_driver/hook/cmake_prefix_path.dsv'
[7.749s] INFO:colcon.colcon_core.shell:Creating environment hook '/home/shelfer/my_ros2_ws/install/rt_usb_9axisimu_driver/share/rt_usb_9axisimu_driver/hook/cmake_prefix_path.sh'
[7.752s] Level 1:colcon.colcon_core.environment:checking '/home/shelfer/my_ros2_ws/install/rt_usb_9axisimu_driver/lib'
[7.753s] Level 1:colcon.colcon_core.shell:create_environment_hook('rt_usb_9axisimu_driver', 'ld_library_path_lib')
[7.759s] INFO:colcon.colcon_core.shell:Creating environment hook '/home/shelfer/my_ros2_ws/install/rt_usb_9axisimu_driver/share/rt_usb_9axisimu_driver/hook/ld_library_path_lib.ps1'
[7.761s] INFO:colcon.colcon_core.shell:Creating environment descriptor '/home/shelfer/my_ros2_ws/install/rt_usb_9axisimu_driver/share/rt_usb_9axisimu_driver/hook/ld_library_path_lib.dsv'
[7.764s] INFO:colcon.colcon_core.shell:Creating environment hook '/home/shelfer/my_ros2_ws/install/rt_usb_9axisimu_driver/share/rt_usb_9axisimu_driver/hook/ld_library_path_lib.sh'
[7.767s] Level 1:colcon.colcon_core.environment:checking '/home/shelfer/my_ros2_ws/install/rt_usb_9axisimu_driver/bin'
[7.767s] Level 1:colcon.colcon_core.environment:checking '/home/shelfer/my_ros2_ws/install/rt_usb_9axisimu_driver/lib/pkgconfig/rt_usb_9axisimu_driver.pc'
[7.768s] Level 1:colcon.colcon_core.environment:checking '/home/shelfer/my_ros2_ws/install/rt_usb_9axisimu_driver/lib/python3.10/site-packages'
[7.769s] Level 1:colcon.colcon_core.environment:checking '/home/shelfer/my_ros2_ws/install/rt_usb_9axisimu_driver/bin'
[7.775s] INFO:colcon.colcon_core.shell:Creating package script '/home/shelfer/my_ros2_ws/install/rt_usb_9axisimu_driver/share/rt_usb_9axisimu_driver/package.ps1'
[7.778s] INFO:colcon.colcon_core.shell:Creating package descriptor '/home/shelfer/my_ros2_ws/install/rt_usb_9axisimu_driver/share/rt_usb_9axisimu_driver/package.dsv'
[7.781s] INFO:colcon.colcon_core.shell:Creating package script '/home/shelfer/my_ros2_ws/install/rt_usb_9axisimu_driver/share/rt_usb_9axisimu_driver/package.sh'
[7.783s] INFO:colcon.colcon_core.shell:Creating package script '/home/shelfer/my_ros2_ws/install/rt_usb_9axisimu_driver/share/rt_usb_9axisimu_driver/package.bash'
[7.785s] INFO:colcon.colcon_core.shell:Creating package script '/home/shelfer/my_ros2_ws/install/rt_usb_9axisimu_driver/share/rt_usb_9axisimu_driver/package.zsh'
[7.787s] Level 1:colcon.colcon_core.environment:create_file_with_runtime_dependencies(/home/shelfer/my_ros2_ws/install/rt_usb_9axisimu_driver/share/colcon-core/packages/rt_usb_9axisimu_driver)
[7.809s] DEBUG:colcon.colcon_core.event_handler.log_command:Invoking command in '/home/shelfer/my_ros2_ws/build/cugo_controller': PYTHONPATH=/home/shelfer/my_ros2_ws/build/cugo_controller/prefix_override:/home/shelfer/my_ros2_ws/install/cugo_controller/lib/python3.10/site-packages:${PYTHONPATH} /usr/bin/python3 setup.py develop --editable --build-directory /home/shelfer/my_ros2_ws/build/cugo_controller/build --no-deps install_data
[8.376s] Level 1:colcon.colcon_core.environment:create_environment_scripts_only(controller_interfaces)
[8.386s] Level 1:colcon.colcon_core.environment:checking '/home/shelfer/my_ros2_ws/install/controller_interfaces' for CMake module files
[8.390s] Level 1:colcon.colcon_core.environment:checking '/home/shelfer/my_ros2_ws/install/controller_interfaces' for CMake config files
[8.394s] Level 1:colcon.colcon_core.shell:create_environment_hook('controller_interfaces', 'cmake_prefix_path')
[8.400s] INFO:colcon.colcon_core.shell:Creating environment hook '/home/shelfer/my_ros2_ws/install/controller_interfaces/share/controller_interfaces/hook/cmake_prefix_path.ps1'
[8.402s] INFO:colcon.colcon_core.shell:Creating environment descriptor '/home/shelfer/my_ros2_ws/install/controller_interfaces/share/controller_interfaces/hook/cmake_prefix_path.dsv'
[8.405s] INFO:colcon.colcon_core.shell:Creating environment hook '/home/shelfer/my_ros2_ws/install/controller_interfaces/share/controller_interfaces/hook/cmake_prefix_path.sh'
[8.408s] Level 1:colcon.colcon_core.environment:checking '/home/shelfer/my_ros2_ws/install/controller_interfaces/lib'
[8.408s] Level 1:colcon.colcon_core.shell:create_environment_hook('controller_interfaces', 'ld_library_path_lib')
[8.414s] INFO:colcon.colcon_core.shell:Creating environment hook '/home/shelfer/my_ros2_ws/install/controller_interfaces/share/controller_interfaces/hook/ld_library_path_lib.ps1'
[8.416s] INFO:colcon.colcon_core.shell:Creating environment descriptor '/home/shelfer/my_ros2_ws/install/controller_interfaces/share/controller_interfaces/hook/ld_library_path_lib.dsv'
[8.418s] INFO:colcon.colcon_core.shell:Creating environment hook '/home/shelfer/my_ros2_ws/install/controller_interfaces/share/controller_interfaces/hook/ld_library_path_lib.sh'
[8.421s] Level 1:colcon.colcon_core.environment:checking '/home/shelfer/my_ros2_ws/install/controller_interfaces/bin'
[8.421s] Level 1:colcon.colcon_core.environment:checking '/home/shelfer/my_ros2_ws/install/controller_interfaces/lib/pkgconfig/controller_interfaces.pc'
[8.422s] Level 1:colcon.colcon_core.environment:checking '/home/shelfer/my_ros2_ws/install/controller_interfaces/lib/python3.10/site-packages'
[8.423s] Level 1:colcon.colcon_core.environment:checking '/home/shelfer/my_ros2_ws/install/controller_interfaces/bin'
[8.430s] INFO:colcon.colcon_core.shell:Creating package script '/home/shelfer/my_ros2_ws/install/controller_interfaces/share/controller_interfaces/package.ps1'
[8.433s] INFO:colcon.colcon_core.shell:Creating package descriptor '/home/shelfer/my_ros2_ws/install/controller_interfaces/share/controller_interfaces/package.dsv'
[8.436s] INFO:colcon.colcon_core.shell:Creating package script '/home/shelfer/my_ros2_ws/install/controller_interfaces/share/controller_interfaces/package.sh'
[8.440s] INFO:colcon.colcon_core.shell:Creating package script '/home/shelfer/my_ros2_ws/install/controller_interfaces/share/controller_interfaces/package.bash'
[8.443s] INFO:colcon.colcon_core.shell:Creating package script '/home/shelfer/my_ros2_ws/install/controller_interfaces/share/controller_interfaces/package.zsh'
[8.445s] Level 1:colcon.colcon_core.environment:create_file_with_runtime_dependencies(/home/shelfer/my_ros2_ws/install/controller_interfaces/share/colcon-core/packages/controller_interfaces)
[9.978s] DEBUG:colcon.colcon_core.event_handler.log_command:Invoking command in '/home/shelfer/my_ros2_ws/build/test_imu': PYTHONPATH=/home/shelfer/my_ros2_ws/build/test_imu/prefix_override:/home/shelfer/my_ros2_ws/install/test_imu/lib/python3.10/site-packages:${PYTHONPATH} /usr/bin/python3 setup.py develop --editable --build-directory /home/shelfer/my_ros2_ws/build/test_imu/build --no-deps install_data
[10.950s] Level 1:colcon.colcon_core.shell:create_environment_hook('cugo_controller', 'pythonpath_develop')
[10.956s] INFO:colcon.colcon_core.shell:Creating environment hook '/home/shelfer/my_ros2_ws/build/cugo_controller/share/cugo_controller/hook/pythonpath_develop.ps1'
[10.957s] DEBUG:colcon.colcon_core.event_handler.log_command:Invoked command in '/home/shelfer/my_ros2_ws/build/cugo_controller' returned '0': PYTHONPATH=/home/shelfer/my_ros2_ws/build/cugo_controller/prefix_override:/home/shelfer/my_ros2_ws/install/cugo_controller/lib/python3.10/site-packages:${PYTHONPATH} /usr/bin/python3 setup.py develop --editable --build-directory /home/shelfer/my_ros2_ws/build/cugo_controller/build --no-deps install_data
[10.959s] INFO:colcon.colcon_core.shell:Creating environment descriptor '/home/shelfer/my_ros2_ws/build/cugo_controller/share/cugo_controller/hook/pythonpath_develop.dsv'
[10.961s] INFO:colcon.colcon_core.shell:Creating environment hook '/home/shelfer/my_ros2_ws/build/cugo_controller/share/cugo_controller/hook/pythonpath_develop.sh'
[10.971s] Level 1:colcon.colcon_core.environment:checking '/home/shelfer/my_ros2_ws/install/cugo_controller' for CMake module files
[10.973s] Level 1:colcon.colcon_core.environment:checking '/home/shelfer/my_ros2_ws/install/cugo_controller' for CMake config files
[10.976s] Level 1:colcon.colcon_core.environment:checking '/home/shelfer/my_ros2_ws/install/cugo_controller/lib'
[10.977s] Level 1:colcon.colcon_core.environment:checking '/home/shelfer/my_ros2_ws/install/cugo_controller/bin'
[10.977s] Level 1:colcon.colcon_core.environment:checking '/home/shelfer/my_ros2_ws/install/cugo_controller/lib/pkgconfig/cugo_controller.pc'
[10.978s] Level 1:colcon.colcon_core.environment:checking '/home/shelfer/my_ros2_ws/install/cugo_controller/lib/python3.10/site-packages'
[10.978s] Level 1:colcon.colcon_core.shell:create_environment_hook('cugo_controller', 'pythonpath')
[10.984s] INFO:colcon.colcon_core.shell:Creating environment hook '/home/shelfer/my_ros2_ws/install/cugo_controller/share/cugo_controller/hook/pythonpath.ps1'
[10.986s] INFO:colcon.colcon_core.shell:Creating environment descriptor '/home/shelfer/my_ros2_ws/install/cugo_controller/share/cugo_controller/hook/pythonpath.dsv'
[10.988s] INFO:colcon.colcon_core.shell:Creating environment hook '/home/shelfer/my_ros2_ws/install/cugo_controller/share/cugo_controller/hook/pythonpath.sh'
[10.991s] Level 1:colcon.colcon_core.environment:checking '/home/shelfer/my_ros2_ws/install/cugo_controller/bin'
[10.992s] Level 1:colcon.colcon_core.environment:create_environment_scripts_only(cugo_controller)
[11.000s] INFO:colcon.colcon_core.shell:Creating package script '/home/shelfer/my_ros2_ws/install/cugo_controller/share/cugo_controller/package.ps1'
[11.002s] INFO:colcon.colcon_core.shell:Creating package descriptor '/home/shelfer/my_ros2_ws/install/cugo_controller/share/cugo_controller/package.dsv'
[11.005s] INFO:colcon.colcon_core.shell:Creating package script '/home/shelfer/my_ros2_ws/install/cugo_controller/share/cugo_controller/package.sh'
[11.007s] INFO:colcon.colcon_core.shell:Creating package script '/home/shelfer/my_ros2_ws/install/cugo_controller/share/cugo_controller/package.bash'
[11.009s] INFO:colcon.colcon_core.shell:Creating package script '/home/shelfer/my_ros2_ws/install/cugo_controller/share/cugo_controller/package.zsh'
[11.011s] Level 1:colcon.colcon_core.environment:create_file_with_runtime_dependencies(/home/shelfer/my_ros2_ws/install/cugo_controller/share/colcon-core/packages/cugo_controller)
[12.558s] Level 1:colcon.colcon_core.shell:create_environment_hook('test_imu', 'pythonpath_develop')
[12.564s] INFO:colcon.colcon_core.shell:Creating environment hook '/home/shelfer/my_ros2_ws/build/test_imu/share/test_imu/hook/pythonpath_develop.ps1'
[12.565s] DEBUG:colcon.colcon_core.event_handler.log_command:Invoked command in '/home/shelfer/my_ros2_ws/build/test_imu' returned '0': PYTHONPATH=/home/shelfer/my_ros2_ws/build/test_imu/prefix_override:/home/shelfer/my_ros2_ws/install/test_imu/lib/python3.10/site-packages:${PYTHONPATH} /usr/bin/python3 setup.py develop --editable --build-directory /home/shelfer/my_ros2_ws/build/test_imu/build --no-deps install_data
[12.567s] INFO:colcon.colcon_core.shell:Creating environment descriptor '/home/shelfer/my_ros2_ws/build/test_imu/share/test_imu/hook/pythonpath_develop.dsv'
[12.570s] INFO:colcon.colcon_core.shell:Creating environment hook '/home/shelfer/my_ros2_ws/build/test_imu/share/test_imu/hook/pythonpath_develop.sh'
[12.580s] Level 1:colcon.colcon_core.environment:checking '/home/shelfer/my_ros2_ws/install/test_imu' for CMake module files
[12.583s] Level 1:colcon.colcon_core.environment:checking '/home/shelfer/my_ros2_ws/install/test_imu' for CMake config files
[12.586s] Level 1:colcon.colcon_core.environment:checking '/home/shelfer/my_ros2_ws/install/test_imu/lib'
[12.586s] Level 1:colcon.colcon_core.environment:checking '/home/shelfer/my_ros2_ws/install/test_imu/bin'
[12.587s] Level 1:colcon.colcon_core.environment:checking '/home/shelfer/my_ros2_ws/install/test_imu/lib/pkgconfig/test_imu.pc'
[12.587s] Level 1:colcon.colcon_core.environment:checking '/home/shelfer/my_ros2_ws/install/test_imu/lib/python3.10/site-packages'
[12.588s] Level 1:colcon.colcon_core.shell:create_environment_hook('test_imu', 'pythonpath')
[12.593s] INFO:colcon.colcon_core.shell:Creating environment hook '/home/shelfer/my_ros2_ws/install/test_imu/share/test_imu/hook/pythonpath.ps1'
[12.595s] INFO:colcon.colcon_core.shell:Creating environment descriptor '/home/shelfer/my_ros2_ws/install/test_imu/share/test_imu/hook/pythonpath.dsv'
[12.596s] INFO:colcon.colcon_core.shell:Creating environment hook '/home/shelfer/my_ros2_ws/install/test_imu/share/test_imu/hook/pythonpath.sh'
[12.599s] Level 1:colcon.colcon_core.environment:checking '/home/shelfer/my_ros2_ws/install/test_imu/bin'
[12.600s] Level 1:colcon.colcon_core.environment:create_environment_scripts_only(test_imu)
[12.607s] INFO:colcon.colcon_core.shell:Creating package script '/home/shelfer/my_ros2_ws/install/test_imu/share/test_imu/package.ps1'
[12.609s] INFO:colcon.colcon_core.shell:Creating package descriptor '/home/shelfer/my_ros2_ws/install/test_imu/share/test_imu/package.dsv'
[12.611s] INFO:colcon.colcon_core.shell:Creating package script '/home/shelfer/my_ros2_ws/install/test_imu/share/test_imu/package.sh'
[12.614s] INFO:colcon.colcon_core.shell:Creating package script '/home/shelfer/my_ros2_ws/install/test_imu/share/test_imu/package.bash'
[12.616s] INFO:colcon.colcon_core.shell:Creating package script '/home/shelfer/my_ros2_ws/install/test_imu/share/test_imu/package.zsh'
[12.618s] Level 1:colcon.colcon_core.environment:create_file_with_runtime_dependencies(/home/shelfer/my_ros2_ws/install/test_imu/share/colcon-core/packages/test_imu)
[12.619s] DEBUG:colcon.colcon_parallel_executor.executor.parallel:closing loop
[12.620s] DEBUG:colcon.colcon_parallel_executor.executor.parallel:loop closed
[12.621s] DEBUG:colcon.colcon_parallel_executor.executor.parallel:run_until_complete finished with '0'
[12.621s] DEBUG:colcon.colcon_core.event_reactor:joining thread
[12.649s] INFO:colcon.colcon_core.plugin_system:Skipping extension 'colcon_notification.desktop_notification.terminal_notifier': Not used on non-Darwin systems
[12.649s] INFO:colcon.colcon_core.plugin_system:Skipping extension 'colcon_notification.desktop_notification.win32': Not used on non-Windows systems
[12.650s] INFO:colcon.colcon_notification.desktop_notification:Sending desktop notification using 'notify2'
[12.696s] DEBUG:colcon.colcon_core.event_reactor:joined thread
[12.703s] INFO:colcon.colcon_core.shell:Creating prefix script '/home/shelfer/my_ros2_ws/install/local_setup.ps1'
[12.708s] INFO:colcon.colcon_core.shell:Creating prefix util module '/home/shelfer/my_ros2_ws/install/_local_setup_util_ps1.py'
[12.714s] INFO:colcon.colcon_core.shell:Creating prefix chain script '/home/shelfer/my_ros2_ws/install/setup.ps1'
[12.722s] INFO:colcon.colcon_core.shell:Creating prefix script '/home/shelfer/my_ros2_ws/install/local_setup.sh'
[12.725s] INFO:colcon.colcon_core.shell:Creating prefix util module '/home/shelfer/my_ros2_ws/install/_local_setup_util_sh.py'
[12.728s] INFO:colcon.colcon_core.shell:Creating prefix chain script '/home/shelfer/my_ros2_ws/install/setup.sh'
[12.738s] INFO:colcon.colcon_core.shell:Creating prefix script '/home/shelfer/my_ros2_ws/install/local_setup.bash'
[12.741s] INFO:colcon.colcon_core.shell:Creating prefix chain script '/home/shelfer/my_ros2_ws/install/setup.bash'
[12.749s] INFO:colcon.colcon_core.shell:Creating prefix script '/home/shelfer/my_ros2_ws/install/local_setup.zsh'
[12.752s] INFO:colcon.colcon_core.shell:Creating prefix chain script '/home/shelfer/my_ros2_ws/install/setup.zsh'
