[1.599s] DEBUG:colcon:Command line arguments: ['/usr/bin/colcon', 'build', '--packages-select', 'rt_usb_9axisimu_driver-2.0.2', '--symlink-install']
[1.600s] DEBUG:colcon:Parsed command line arguments: Namespace(log_base=None, log_level=None, verb_name='build', build_base='build', install_base='install', merge_install=False, symlink_install=True, test_result_base=None, continue_on_error=False, executor='parallel', parallel_workers=4, event_handlers=None, ignore_user_meta=False, metas=['./colcon.meta'], base_paths=['.'], packages_ignore=None, packages_ignore_regex=None, paths=None, packages_up_to=None, packages_up_to_regex=None, packages_above=None, packages_above_and_dependencies=None, packages_above_depth=None, packages_select_by_dep=None, packages_skip_by_dep=None, packages_skip_up_to=None, packages_select_build_failed=False, packages_skip_build_finished=False, packages_select_test_failures=False, packages_skip_test_passed=False, packages_select=['rt_usb_9axisimu_driver-2.0.2'], packages_skip=None, packages_select_regex=None, packages_skip_regex=None, packages_start=None, packages_end=None, allow_overriding=[], cmake_args=None, cmake_target=None, cmake_target_skip_unavailable=False, cmake_clean_cache=False, cmake_clean_first=False, cmake_force_configure=False, ament_cmake_args=None, catkin_cmake_args=None, catkin_skip_building_tests=False, verb_parser=<colcon_defaults.argument_parser.defaults.DefaultArgumentsDecorator object at 0xffff9aaa0730>, verb_extension=<colcon_core.verb.build.BuildVerb object at 0xffff9aaa01f0>, main=<bound method BuildVerb.main of <colcon_core.verb.build.BuildVerb object at 0xffff9aaa01f0>>)
[1.710s] Level 1:colcon.colcon_core.package_discovery:discover_packages(colcon_meta) check parameters
[1.711s] Level 1:colcon.colcon_core.package_discovery:discover_packages(recursive) check parameters
[1.711s] Level 1:colcon.colcon_core.package_discovery:discover_packages(ignore) check parameters
[1.711s] Level 1:colcon.colcon_core.package_discovery:discover_packages(path) check parameters
[1.711s] Level 1:colcon.colcon_core.package_discovery:discover_packages(colcon_meta) discover
[1.711s] Level 1:colcon.colcon_core.package_discovery:discover_packages(recursive) discover
[1.711s] INFO:colcon.colcon_core.package_discovery:Crawling recursively for packages in '/home/shelfer/my_ros2_ws/src'
[1.712s] Level 1:colcon.colcon_core.package_identification:_identify(.) by extensions ['ignore', 'ignore_ament_install']
[1.712s] Level 1:colcon.colcon_core.package_identification:_identify(.) by extension 'ignore'
[1.712s] Level 1:colcon.colcon_core.package_identification:_identify(.) by extension 'ignore_ament_install'
[1.713s] Level 1:colcon.colcon_core.package_identification:_identify(.) by extensions ['colcon_pkg']
[1.713s] Level 1:colcon.colcon_core.package_identification:_identify(.) by extension 'colcon_pkg'
[1.713s] Level 1:colcon.colcon_core.package_identification:_identify(.) by extensions ['colcon_meta']
[1.713s] Level 1:colcon.colcon_core.package_identification:_identify(.) by extension 'colcon_meta'
[1.713s] Level 1:colcon.colcon_core.package_identification:_identify(.) by extensions ['ros']
[1.713s] Level 1:colcon.colcon_core.package_identification:_identify(.) by extension 'ros'
[1.760s] Level 1:colcon.colcon_core.package_identification:_identify(.) by extensions ['cmake', 'python']
[1.760s] Level 1:colcon.colcon_core.package_identification:_identify(.) by extension 'cmake'
[1.760s] Level 1:colcon.colcon_core.package_identification:_identify(.) by extension 'python'
[1.760s] Level 1:colcon.colcon_core.package_identification:_identify(.) by extensions ['python_setup_py']
[1.760s] Level 1:colcon.colcon_core.package_identification:_identify(.) by extension 'python_setup_py'
[1.761s] Level 1:colcon.colcon_core.package_identification:_identify(build) by extensions ['ignore', 'ignore_ament_install']
[1.761s] Level 1:colcon.colcon_core.package_identification:_identify(build) by extension 'ignore'
[1.761s] Level 1:colcon.colcon_core.package_identification:_identify(build) ignored
[1.762s] Level 1:colcon.colcon_core.package_identification:_identify(controller_interfaces) by extensions ['ignore', 'ignore_ament_install']
[1.762s] Level 1:colcon.colcon_core.package_identification:_identify(controller_interfaces) by extension 'ignore'
[1.763s] Level 1:colcon.colcon_core.package_identification:_identify(controller_interfaces) by extension 'ignore_ament_install'
[1.763s] Level 1:colcon.colcon_core.package_identification:_identify(controller_interfaces) by extensions ['colcon_pkg']
[1.763s] Level 1:colcon.colcon_core.package_identification:_identify(controller_interfaces) by extension 'colcon_pkg'
[1.763s] Level 1:colcon.colcon_core.package_identification:_identify(controller_interfaces) by extensions ['colcon_meta']
[1.763s] Level 1:colcon.colcon_core.package_identification:_identify(controller_interfaces) by extension 'colcon_meta'
[1.764s] Level 1:colcon.colcon_core.package_identification:_identify(controller_interfaces) by extensions ['ros']
[1.764s] Level 1:colcon.colcon_core.package_identification:_identify(controller_interfaces) by extension 'ros'
[1.772s] DEBUG:colcon.colcon_core.package_identification:Package 'controller_interfaces' with type 'ros.ament_cmake' and name 'controller_interfaces'
[1.773s] Level 1:colcon.colcon_core.package_identification:_identify(cugo_controller) by extensions ['ignore', 'ignore_ament_install']
[1.773s] Level 1:colcon.colcon_core.package_identification:_identify(cugo_controller) by extension 'ignore'
[1.773s] Level 1:colcon.colcon_core.package_identification:_identify(cugo_controller) by extension 'ignore_ament_install'
[1.774s] Level 1:colcon.colcon_core.package_identification:_identify(cugo_controller) by extensions ['colcon_pkg']
[1.774s] Level 1:colcon.colcon_core.package_identification:_identify(cugo_controller) by extension 'colcon_pkg'
[1.774s] Level 1:colcon.colcon_core.package_identification:_identify(cugo_controller) by extensions ['colcon_meta']
[1.774s] Level 1:colcon.colcon_core.package_identification:_identify(cugo_controller) by extension 'colcon_meta'
[1.774s] Level 1:colcon.colcon_core.package_identification:_identify(cugo_controller) by extensions ['ros']
[1.774s] Level 1:colcon.colcon_core.package_identification:_identify(cugo_controller) by extension 'ros'
[1.776s] DEBUG:colcon.colcon_core.package_identification:Package 'cugo_controller' with type 'ros.ament_python' and name 'cugo_controller'
[1.777s] Level 1:colcon.colcon_core.package_identification:_identify(install) by extensions ['ignore', 'ignore_ament_install']
[1.782s] Level 1:colcon.colcon_core.package_identification:_identify(install) by extension 'ignore'
[1.783s] Level 1:colcon.colcon_core.package_identification:_identify(install) ignored
[1.802s] Level 1:colcon.colcon_core.package_identification:_identify(log) by extensions ['ignore', 'ignore_ament_install']
[1.803s] Level 1:colcon.colcon_core.package_identification:_identify(log) by extension 'ignore'
[1.803s] Level 1:colcon.colcon_core.package_identification:_identify(log) ignored
[1.805s] Level 1:colcon.colcon_core.package_identification:_identify(ps_ros2_common) by extensions ['ignore', 'ignore_ament_install']
[1.806s] Level 1:colcon.colcon_core.package_identification:_identify(ps_ros2_common) by extension 'ignore'
[1.806s] Level 1:colcon.colcon_core.package_identification:_identify(ps_ros2_common) by extension 'ignore_ament_install'
[1.807s] Level 1:colcon.colcon_core.package_identification:_identify(ps_ros2_common) by extensions ['colcon_pkg']
[1.807s] Level 1:colcon.colcon_core.package_identification:_identify(ps_ros2_common) by extension 'colcon_pkg'
[1.808s] Level 1:colcon.colcon_core.package_identification:_identify(ps_ros2_common) by extensions ['colcon_meta']
[1.808s] Level 1:colcon.colcon_core.package_identification:_identify(ps_ros2_common) by extension 'colcon_meta'
[1.809s] Level 1:colcon.colcon_core.package_identification:_identify(ps_ros2_common) by extensions ['ros']
[1.809s] Level 1:colcon.colcon_core.package_identification:_identify(ps_ros2_common) by extension 'ros'
[1.816s] DEBUG:colcon.colcon_core.package_identification:Package 'ps_ros2_common' with type 'ros.ament_cmake' and name 'ps_ros2_common'
[1.817s] Level 1:colcon.colcon_core.package_identification:_identify(rt_usb_9axisimu_driver-2.0.2) by extensions ['ignore', 'ignore_ament_install']
[1.817s] Level 1:colcon.colcon_core.package_identification:_identify(rt_usb_9axisimu_driver-2.0.2) by extension 'ignore'
[1.817s] Level 1:colcon.colcon_core.package_identification:_identify(rt_usb_9axisimu_driver-2.0.2) by extension 'ignore_ament_install'
[1.818s] Level 1:colcon.colcon_core.package_identification:_identify(rt_usb_9axisimu_driver-2.0.2) by extensions ['colcon_pkg']
[1.818s] Level 1:colcon.colcon_core.package_identification:_identify(rt_usb_9axisimu_driver-2.0.2) by extension 'colcon_pkg'
[1.818s] Level 1:colcon.colcon_core.package_identification:_identify(rt_usb_9axisimu_driver-2.0.2) by extensions ['colcon_meta']
[1.818s] Level 1:colcon.colcon_core.package_identification:_identify(rt_usb_9axisimu_driver-2.0.2) by extension 'colcon_meta'
[1.818s] Level 1:colcon.colcon_core.package_identification:_identify(rt_usb_9axisimu_driver-2.0.2) by extensions ['ros']
[1.818s] Level 1:colcon.colcon_core.package_identification:_identify(rt_usb_9axisimu_driver-2.0.2) by extension 'ros'
[1.822s] DEBUG:colcon.colcon_core.package_identification:Package 'rt_usb_9axisimu_driver-2.0.2' with type 'ros.ament_cmake' and name 'rt_usb_9axisimu_driver'
[1.822s] Level 1:colcon.colcon_core.package_discovery:discover_packages(recursive) using defaults
[1.823s] Level 1:colcon.colcon_core.package_discovery:discover_packages(ignore) discover
[1.823s] Level 1:colcon.colcon_core.package_discovery:discover_packages(ignore) using defaults
[1.823s] Level 1:colcon.colcon_core.package_discovery:discover_packages(path) discover
[1.823s] Level 1:colcon.colcon_core.package_discovery:discover_packages(path) using defaults
[1.828s] WARNING:colcon.colcon_core.package_selection:ignoring unknown package 'rt_usb_9axisimu_driver-2.0.2' in --packages-select
[1.924s] INFO:colcon.colcon_core.package_selection:Skipping not selected package 'controller_interfaces' in 'controller_interfaces'
[1.924s] INFO:colcon.colcon_core.package_selection:Skipping not selected package 'cugo_controller' in 'cugo_controller'
[1.924s] INFO:colcon.colcon_core.package_selection:Skipping not selected package 'ps_ros2_common' in 'ps_ros2_common'
[1.924s] INFO:colcon.colcon_core.package_selection:Skipping not selected package 'rt_usb_9axisimu_driver' in 'rt_usb_9axisimu_driver-2.0.2'
[1.928s] Level 1:colcon.colcon_core.package_discovery:discover_packages(prefix_path) check parameters
[1.928s] Level 1:colcon.colcon_core.package_discovery:discover_packages(prefix_path) discover
[1.942s] DEBUG:colcon.colcon_installed_package_information.package_discovery:Found 4 installed packages in /home/shelfer/my_ros2_ws/install
[1.956s] DEBUG:colcon.colcon_installed_package_information.package_discovery:Found 383 installed packages in /opt/ros/humble
[1.964s] Level 1:colcon.colcon_core.package_discovery:discover_packages(prefix_path) using defaults
[2.304s] INFO:colcon.colcon_core.executor:Executing jobs using 'parallel' executor
[2.317s] DEBUG:colcon.colcon_parallel_executor.executor.parallel:run_until_complete
[2.317s] DEBUG:colcon.colcon_parallel_executor.executor.parallel:closing loop
[2.318s] DEBUG:colcon.colcon_parallel_executor.executor.parallel:loop closed
[2.318s] DEBUG:colcon.colcon_parallel_executor.executor.parallel:run_until_complete finished with '0'
[2.318s] DEBUG:colcon.colcon_core.event_reactor:joining thread
[2.342s] INFO:colcon.colcon_core.plugin_system:Skipping extension 'colcon_notification.desktop_notification.terminal_notifier': Not used on non-Darwin systems
[2.342s] INFO:colcon.colcon_core.plugin_system:Skipping extension 'colcon_notification.desktop_notification.win32': Not used on non-Windows systems
[2.343s] INFO:colcon.colcon_notification.desktop_notification:Sending desktop notification using 'notify2'
[2.398s] DEBUG:colcon.colcon_core.event_reactor:joined thread
[2.428s] INFO:colcon.colcon_core.plugin_system:Skipping extension 'colcon_core.shell.bat': Not used on non-Windows systems
[2.429s] INFO:colcon.colcon_core.shell:Creating prefix script '/home/shelfer/my_ros2_ws/src/install/local_setup.ps1'
[2.434s] INFO:colcon.colcon_core.shell:Creating prefix util module '/home/shelfer/my_ros2_ws/src/install/_local_setup_util_ps1.py'
[2.441s] INFO:colcon.colcon_core.shell:Creating prefix chain script '/home/shelfer/my_ros2_ws/src/install/setup.ps1'
[2.450s] INFO:colcon.colcon_core.shell:Creating prefix script '/home/shelfer/my_ros2_ws/src/install/local_setup.sh'
[2.454s] INFO:colcon.colcon_core.shell:Creating prefix util module '/home/shelfer/my_ros2_ws/src/install/_local_setup_util_sh.py'
[2.456s] INFO:colcon.colcon_core.shell:Creating prefix chain script '/home/shelfer/my_ros2_ws/src/install/setup.sh'
[2.465s] INFO:colcon.colcon_core.shell:Creating prefix script '/home/shelfer/my_ros2_ws/src/install/local_setup.bash'
[2.468s] INFO:colcon.colcon_core.shell:Creating prefix chain script '/home/shelfer/my_ros2_ws/src/install/setup.bash'
[2.476s] INFO:colcon.colcon_core.shell:Creating prefix script '/home/shelfer/my_ros2_ws/src/install/local_setup.zsh'
[2.479s] INFO:colcon.colcon_core.shell:Creating prefix chain script '/home/shelfer/my_ros2_ws/src/install/setup.zsh'
