[5.312s] Invoking command in '/home/shelfer/my_ros2_ws/build/cugo_controller': PYTHONPATH=/home/shelfer/my_ros2_ws/build/cugo_controller/prefix_override:/home/shelfer/my_ros2_ws/install/cugo_controller/lib/python3.10/site-packages:${PYTHONPATH} /usr/bin/python3 setup.py develop --editable --build-directory /home/shelfer/my_ros2_ws/build/cugo_controller/build --no-deps install_data
[6.896s] running develop
[8.104s] running egg_info
[8.105s] writing cugo_controller.egg-info/PKG-INFO
[8.106s] writing dependency_links to cugo_controller.egg-info/dependency_links.txt
[8.107s] writing entry points to cugo_controller.egg-info/entry_points.txt
[8.108s] writing requirements to cugo_controller.egg-info/requires.txt
[8.109s] writing top-level names to cugo_controller.egg-info/top_level.txt
[8.118s] reading manifest file 'cugo_controller.egg-info/SOURCES.txt'
[8.121s] writing manifest file 'cugo_controller.egg-info/SOURCES.txt'
[8.128s] running build_ext
[8.129s] Creating /home/shelfer/my_ros2_ws/install/cugo_controller/lib/python3.10/site-packages/cugo-controller.egg-link (link to .)
[8.133s] Installing cugo_controller script to /home/shelfer/my_ros2_ws/install/cugo_controller/lib/cugo_controller
[8.133s] Installing ps4_publisher script to /home/shelfer/my_ros2_ws/install/cugo_controller/lib/cugo_controller
[8.134s] Installing ultrasonic_client script to /home/shelfer/my_ros2_ws/install/cugo_controller/lib/cugo_controller
[8.136s] 
[8.136s] Installed /home/shelfer/my_ros2_ws/build/cugo_controller
[8.137s] running install_data
[8.137s] copying package.xml -> /home/shelfer/my_ros2_ws/install/cugo_controller/share/cugo_controller
[8.325s] Invoked command in '/home/shelfer/my_ros2_ws/build/cugo_controller' returned '0': PYTHONPATH=/home/shelfer/my_ros2_ws/build/cugo_controller/prefix_override:/home/shelfer/my_ros2_ws/install/cugo_controller/lib/python3.10/site-packages:${PYTHONPATH} /usr/bin/python3 setup.py develop --editable --build-directory /home/shelfer/my_ros2_ws/build/cugo_controller/build --no-deps install_data
