-- The C compiler identification is GNU 11.3.0
-- The CXX compiler identification is GNU 11.3.0
-- Detecting C compiler ABI info
-- Detecting C compiler ABI info - done
-- Check for working C compiler: /usr/bin/cc - skipped
-- Detecting C compile features
-- Detecting C compile features - done
-- Detecting CXX compiler ABI info
-- Detecting CXX compiler ABI info - done
-- Check for working CXX compiler: /usr/bin/c++ - skipped
-- Detecting CXX compile features
-- Detecting CXX compile features - done
-- Found ament_cmake: 1.3.3 (/opt/ros/humble/share/ament_cmake/cmake)
-- Found Python3: /usr/bin/python3.10 (found version "3.10.6") found components: Interpreter 
-- Override CMake install command with custom implementation using symlinks instead of copying resources
-- Found rclcpp: 16.0.3 (/opt/ros/humble/share/rclcpp/cmake)
-- Found rosidl_generator_c: 3.1.4 (/opt/ros/humble/share/rosidl_generator_c/cmake)
-- Found rosidl_adapter: 3.1.4 (/opt/ros/humble/share/rosidl_adapter/cmake)
-- Found rosidl_generator_cpp: 3.1.4 (/opt/ros/humble/share/rosidl_generator_cpp/cmake)
-- Using all available rosidl_typesupport_c: rosidl_typesupport_fastrtps_c;rosidl_typesupport_introspection_c
-- Using all available rosidl_typesupport_cpp: rosidl_typesupport_fastrtps_cpp;rosidl_typesupport_introspection_cpp
-- Found rmw_implementation_cmake: 6.1.1 (/opt/ros/humble/share/rmw_implementation_cmake/cmake)
-- Found rmw_fastrtps_cpp: 6.2.2 (/opt/ros/humble/share/rmw_fastrtps_cpp/cmake)
-- Found OpenSSL: /usr/lib/aarch64-linux-gnu/libcrypto.so (found version "3.0.2")  
-- Found FastRTPS: /opt/ros/humble/include  
-- Using RMW implementation 'rmw_fastrtps_cpp' as default
-- Looking for pthread.h
-- Looking for pthread.h - found
-- Performing Test CMAKE_HAVE_LIBC_PTHREAD
-- Performing Test CMAKE_HAVE_LIBC_PTHREAD - Success
-- Found Threads: TRUE  
-- Found rclcpp_components: 16.0.3 (/opt/ros/humble/share/rclcpp_components/cmake)
-- Found rclcpp_lifecycle: 16.0.3 (/opt/ros/humble/share/rclcpp_lifecycle/cmake)
-- Found sensor_msgs: 4.2.3 (/opt/ros/humble/share/sensor_msgs/cmake)
-- Found std_srvs: 4.2.3 (/opt/ros/humble/share/std_srvs/cmake)
-- Configuring done
-- Generating done
-- Build files have been written to: /home/shelfer/my_ros2_ws/build/rt_usb_9axisimu_driver
[ 20%] [32mBuilding CXX object CMakeFiles/rt_usb_9axisimu_driver_component.dir/src/rt_usb_9axisimu_driver_component.cpp.o[0m
[ 40%] [32mBuilding CXX object CMakeFiles/rt_usb_9axisimu_driver_component.dir/src/rt_usb_9axisimu_driver.cpp.o[0m
[ 60%] [32m[1mLinking CXX shared library librt_usb_9axisimu_driver_component.so[0m
[ 60%] Built target rt_usb_9axisimu_driver_component
[ 80%] [32mBuilding CXX object CMakeFiles/rt_usb_9axisimu_driver.dir/src/rt_usb_9axisimu_driver_node.cpp.o[0m
[100%] [32m[1mLinking CXX executable rt_usb_9axisimu_driver[0m
[100%] Built target rt_usb_9axisimu_driver
-- Install configuration: ""
-- Execute custom install script
-- Symlinking: /home/shelfer/my_ros2_ws/install/rt_usb_9axisimu_driver/share/rt_usb_9axisimu_driver/environment/library_path.sh
-- Symlinking: /home/shelfer/my_ros2_ws/install/rt_usb_9axisimu_driver/share/rt_usb_9axisimu_driver/environment/library_path.dsv
-- Symlinking: /home/shelfer/my_ros2_ws/install/rt_usb_9axisimu_driver/include/rt_usb_9axisimu_driver/rt_usb_9axisimu.hpp
-- Symlinking: /home/shelfer/my_ros2_ws/install/rt_usb_9axisimu_driver/include/rt_usb_9axisimu_driver/rt_usb_9axisimu_driver.hpp
-- Symlinking: /home/shelfer/my_ros2_ws/install/rt_usb_9axisimu_driver/include/rt_usb_9axisimu_driver/rt_usb_9axisimu_driver_component.hpp
-- Symlinking: /home/shelfer/my_ros2_ws/install/rt_usb_9axisimu_driver/include/rt_usb_9axisimu_driver/visibility_control.h
-- Symlinking: /home/shelfer/my_ros2_ws/install/rt_usb_9axisimu_driver/lib/rt_usb_9axisimu_driver/rt_usb_9axisimu_driver
-- Symlinking: /home/shelfer/my_ros2_ws/install/rt_usb_9axisimu_driver/share/rt_usb_9axisimu_driver//launch/rt_usb_9axisimu_driver.launch.py
-- Symlinking: /home/shelfer/my_ros2_ws/install/rt_usb_9axisimu_driver/share/ament_index/resource_index/package_run_dependencies/rt_usb_9axisimu_driver
-- Symlinking: /home/shelfer/my_ros2_ws/install/rt_usb_9axisimu_driver/share/ament_index/resource_index/parent_prefix_path/rt_usb_9axisimu_driver
-- Symlinking: /home/shelfer/my_ros2_ws/install/rt_usb_9axisimu_driver/share/rt_usb_9axisimu_driver/environment/ament_prefix_path.sh
-- Symlinking: /home/shelfer/my_ros2_ws/install/rt_usb_9axisimu_driver/share/rt_usb_9axisimu_driver/environment/ament_prefix_path.dsv
-- Symlinking: /home/shelfer/my_ros2_ws/install/rt_usb_9axisimu_driver/share/rt_usb_9axisimu_driver/environment/path.sh
-- Symlinking: /home/shelfer/my_ros2_ws/install/rt_usb_9axisimu_driver/share/rt_usb_9axisimu_driver/environment/path.dsv
-- Symlinking: /home/shelfer/my_ros2_ws/install/rt_usb_9axisimu_driver/share/rt_usb_9axisimu_driver/local_setup.bash
-- Symlinking: /home/shelfer/my_ros2_ws/install/rt_usb_9axisimu_driver/share/rt_usb_9axisimu_driver/local_setup.sh
-- Symlinking: /home/shelfer/my_ros2_ws/install/rt_usb_9axisimu_driver/share/rt_usb_9axisimu_driver/local_setup.zsh
-- Symlinking: /home/shelfer/my_ros2_ws/install/rt_usb_9axisimu_driver/share/rt_usb_9axisimu_driver/local_setup.dsv
-- Symlinking: /home/shelfer/my_ros2_ws/install/rt_usb_9axisimu_driver/share/rt_usb_9axisimu_driver/package.dsv
-- Symlinking: /home/shelfer/my_ros2_ws/install/rt_usb_9axisimu_driver/share/ament_index/resource_index/packages/rt_usb_9axisimu_driver
-- Symlinking: /home/shelfer/my_ros2_ws/install/rt_usb_9axisimu_driver/share/ament_index/resource_index/rclcpp_components/rt_usb_9axisimu_driver
-- Symlinking: /home/shelfer/my_ros2_ws/install/rt_usb_9axisimu_driver/share/rt_usb_9axisimu_driver/cmake/ament_cmake_export_targets-extras.cmake
-- Symlinking: /home/shelfer/my_ros2_ws/install/rt_usb_9axisimu_driver/share/rt_usb_9axisimu_driver/cmake/ament_cmake_export_dependencies-extras.cmake
-- Symlinking: /home/shelfer/my_ros2_ws/install/rt_usb_9axisimu_driver/share/rt_usb_9axisimu_driver/cmake/ament_cmake_export_include_directories-extras.cmake
-- Symlinking: /home/shelfer/my_ros2_ws/install/rt_usb_9axisimu_driver/share/rt_usb_9axisimu_driver/cmake/ament_cmake_export_libraries-extras.cmake
-- Symlinking: /home/shelfer/my_ros2_ws/install/rt_usb_9axisimu_driver/share/rt_usb_9axisimu_driver/cmake/rt_usb_9axisimu_driverConfig.cmake
-- Symlinking: /home/shelfer/my_ros2_ws/install/rt_usb_9axisimu_driver/share/rt_usb_9axisimu_driver/cmake/rt_usb_9axisimu_driverConfig-version.cmake
-- Symlinking: /home/shelfer/my_ros2_ws/install/rt_usb_9axisimu_driver/share/rt_usb_9axisimu_driver/package.xml
-- Installing: /home/shelfer/my_ros2_ws/install/rt_usb_9axisimu_driver/lib/librt_usb_9axisimu_driver_component.so
-- Set runtime path of "/home/shelfer/my_ros2_ws/install/rt_usb_9axisimu_driver/lib/librt_usb_9axisimu_driver_component.so" to ""
-- Installing: /home/shelfer/my_ros2_ws/install/rt_usb_9axisimu_driver/share/rt_usb_9axisimu_driver/cmake/export_rt_usb_9axisimu_driverExport.cmake
-- Installing: /home/shelfer/my_ros2_ws/install/rt_usb_9axisimu_driver/share/rt_usb_9axisimu_driver/cmake/export_rt_usb_9axisimu_driverExport-noconfig.cmake
