[4.809s] Invoking command in '/home/shelfer/my_ros2_ws/build/cugo_controller': PYTHONPATH=/home/shelfer/my_ros2_ws/build/cugo_controller/prefix_override:/home/shelfer/my_ros2_ws/install/cugo_controller/lib/python3.10/site-packages:${PYTHONPATH} /usr/bin/python3 setup.py develop --editable --build-directory /home/shelfer/my_ros2_ws/build/cugo_controller/build --no-deps install_data
[6.982s] running develop
[8.464s] running egg_info
[8.465s] creating cugo_controller.egg-info
[8.466s] writing cugo_controller.egg-info/PKG-INFO
[8.469s] writing dependency_links to cugo_controller.egg-info/dependency_links.txt
[8.470s] writing entry points to cugo_controller.egg-info/entry_points.txt
[8.471s] writing requirements to cugo_controller.egg-info/requires.txt
[8.472s] writing top-level names to cugo_controller.egg-info/top_level.txt
[8.474s] writing manifest file 'cugo_controller.egg-info/SOURCES.txt'
[8.483s] reading manifest file 'cugo_controller.egg-info/SOURCES.txt'
[8.486s] writing manifest file 'cugo_controller.egg-info/SOURCES.txt'
[8.497s] running build_ext
[8.499s] Creating /home/shelfer/my_ros2_ws/install/cugo_controller/lib/python3.10/site-packages/cugo-controller.egg-link (link to .)
[8.505s] Installing ps_publisher script to /home/shelfer/my_ros2_ws/install/cugo_controller/lib/cugo_controller
[8.506s] Installing ps_subscriber script to /home/shelfer/my_ros2_ws/install/cugo_controller/lib/cugo_controller
[8.509s] 
[8.509s] Installed /home/shelfer/my_ros2_ws/build/cugo_controller
[8.509s] running install_data
[8.510s] creating /home/shelfer/my_ros2_ws/install/cugo_controller/share/ament_index
[8.510s] creating /home/shelfer/my_ros2_ws/install/cugo_controller/share/ament_index/resource_index
[8.511s] creating /home/shelfer/my_ros2_ws/install/cugo_controller/share/ament_index/resource_index/packages
[8.511s] copying resource/cugo_controller -> /home/shelfer/my_ros2_ws/install/cugo_controller/share/ament_index/resource_index/packages
[8.513s] copying package.xml -> /home/shelfer/my_ros2_ws/install/cugo_controller/share/cugo_controller
[8.731s] Invoked command in '/home/shelfer/my_ros2_ws/build/cugo_controller' returned '0': PYTHONPATH=/home/shelfer/my_ros2_ws/build/cugo_controller/prefix_override:/home/shelfer/my_ros2_ws/install/cugo_controller/lib/python3.10/site-packages:${PYTHONPATH} /usr/bin/python3 setup.py develop --editable --build-directory /home/shelfer/my_ros2_ws/build/cugo_controller/build --no-deps install_data
