[1.561s] DEBUG:colcon:Command line arguments: ['/usr/bin/colcon', 'build', '--symlink-install']
[1.561s] DEBUG:colcon:Parsed command line arguments: Namespace(log_base=None, log_level=None, verb_name='build', build_base='build', install_base='install', merge_install=False, symlink_install=True, test_result_base=None, continue_on_error=False, executor='parallel', parallel_workers=4, event_handlers=None, ignore_user_meta=False, metas=['./colcon.meta'], base_paths=['.'], packages_ignore=None, packages_ignore_regex=None, paths=None, packages_up_to=None, packages_up_to_regex=None, packages_above=None, packages_above_and_dependencies=None, packages_above_depth=None, packages_select_by_dep=None, packages_skip_by_dep=None, packages_skip_up_to=None, packages_select_build_failed=False, packages_skip_build_finished=False, packages_select_test_failures=False, packages_skip_test_passed=False, packages_select=None, packages_skip=None, packages_select_regex=None, packages_skip_regex=None, packages_start=None, packages_end=None, allow_overriding=[], cmake_args=None, cmake_target=None, cmake_target_skip_unavailable=False, cmake_clean_cache=False, cmake_clean_first=False, cmake_force_configure=False, ament_cmake_args=None, catkin_cmake_args=None, catkin_skip_building_tests=False, verb_parser=<colcon_defaults.argument_parser.defaults.DefaultArgumentsDecorator object at 0xffffb847ceb0>, verb_extension=<colcon_core.verb.build.BuildVerb object at 0xffffb847c9d0>, main=<bound method BuildVerb.main of <colcon_core.verb.build.BuildVerb object at 0xffffb847c9d0>>)
[1.665s] Level 1:colcon.colcon_core.package_discovery:discover_packages(colcon_meta) check parameters
[1.665s] Level 1:colcon.colcon_core.package_discovery:discover_packages(recursive) check parameters
[1.666s] Level 1:colcon.colcon_core.package_discovery:discover_packages(ignore) check parameters
[1.666s] Level 1:colcon.colcon_core.package_discovery:discover_packages(path) check parameters
[1.666s] Level 1:colcon.colcon_core.package_discovery:discover_packages(colcon_meta) discover
[1.666s] Level 1:colcon.colcon_core.package_discovery:discover_packages(recursive) discover
[1.666s] INFO:colcon.colcon_core.package_discovery:Crawling recursively for packages in '/home/shelfer/my_ros2_ws'
[1.667s] Level 1:colcon.colcon_core.package_identification:_identify(.) by extensions ['ignore', 'ignore_ament_install']
[1.667s] Level 1:colcon.colcon_core.package_identification:_identify(.) by extension 'ignore'
[1.667s] Level 1:colcon.colcon_core.package_identification:_identify(.) by extension 'ignore_ament_install'
[1.667s] Level 1:colcon.colcon_core.package_identification:_identify(.) by extensions ['colcon_pkg']
[1.668s] Level 1:colcon.colcon_core.package_identification:_identify(.) by extension 'colcon_pkg'
[1.668s] Level 1:colcon.colcon_core.package_identification:_identify(.) by extensions ['colcon_meta']
[1.668s] Level 1:colcon.colcon_core.package_identification:_identify(.) by extension 'colcon_meta'
[1.668s] Level 1:colcon.colcon_core.package_identification:_identify(.) by extensions ['ros']
[1.668s] Level 1:colcon.colcon_core.package_identification:_identify(.) by extension 'ros'
[1.717s] Level 1:colcon.colcon_core.package_identification:_identify(.) by extensions ['cmake', 'python']
[1.717s] Level 1:colcon.colcon_core.package_identification:_identify(.) by extension 'cmake'
[1.718s] Level 1:colcon.colcon_core.package_identification:_identify(.) by extension 'python'
[1.718s] Level 1:colcon.colcon_core.package_identification:_identify(.) by extensions ['python_setup_py']
[1.718s] Level 1:colcon.colcon_core.package_identification:_identify(.) by extension 'python_setup_py'
[1.718s] Level 1:colcon.colcon_core.package_identification:_identify(build) by extensions ['ignore', 'ignore_ament_install']
[1.719s] Level 1:colcon.colcon_core.package_identification:_identify(build) by extension 'ignore'
[1.719s] Level 1:colcon.colcon_core.package_identification:_identify(build) ignored
[1.720s] Level 1:colcon.colcon_core.package_identification:_identify(install) by extensions ['ignore', 'ignore_ament_install']
[1.720s] Level 1:colcon.colcon_core.package_identification:_identify(install) by extension 'ignore'
[1.720s] Level 1:colcon.colcon_core.package_identification:_identify(install) ignored
[1.721s] Level 1:colcon.colcon_core.package_identification:_identify(log) by extensions ['ignore', 'ignore_ament_install']
[1.721s] Level 1:colcon.colcon_core.package_identification:_identify(log) by extension 'ignore'
[1.721s] Level 1:colcon.colcon_core.package_identification:_identify(log) ignored
[1.722s] Level 1:colcon.colcon_core.package_identification:_identify(src) by extensions ['ignore', 'ignore_ament_install']
[1.722s] Level 1:colcon.colcon_core.package_identification:_identify(src) by extension 'ignore'
[1.722s] Level 1:colcon.colcon_core.package_identification:_identify(src) by extension 'ignore_ament_install'
[1.722s] Level 1:colcon.colcon_core.package_identification:_identify(src) by extensions ['colcon_pkg']
[1.722s] Level 1:colcon.colcon_core.package_identification:_identify(src) by extension 'colcon_pkg'
[1.723s] Level 1:colcon.colcon_core.package_identification:_identify(src) by extensions ['colcon_meta']
[1.723s] Level 1:colcon.colcon_core.package_identification:_identify(src) by extension 'colcon_meta'
[1.723s] Level 1:colcon.colcon_core.package_identification:_identify(src) by extensions ['ros']
[1.723s] Level 1:colcon.colcon_core.package_identification:_identify(src) by extension 'ros'
[1.723s] Level 1:colcon.colcon_core.package_identification:_identify(src) by extensions ['cmake', 'python']
[1.723s] Level 1:colcon.colcon_core.package_identification:_identify(src) by extension 'cmake'
[1.724s] Level 1:colcon.colcon_core.package_identification:_identify(src) by extension 'python'
[1.724s] Level 1:colcon.colcon_core.package_identification:_identify(src) by extensions ['python_setup_py']
[1.724s] Level 1:colcon.colcon_core.package_identification:_identify(src) by extension 'python_setup_py'
[1.724s] Level 1:colcon.colcon_core.package_identification:_identify(src/controller_interfaces) by extensions ['ignore', 'ignore_ament_install']
[1.725s] Level 1:colcon.colcon_core.package_identification:_identify(src/controller_interfaces) by extension 'ignore'
[1.725s] Level 1:colcon.colcon_core.package_identification:_identify(src/controller_interfaces) by extension 'ignore_ament_install'
[1.725s] Level 1:colcon.colcon_core.package_identification:_identify(src/controller_interfaces) by extensions ['colcon_pkg']
[1.725s] Level 1:colcon.colcon_core.package_identification:_identify(src/controller_interfaces) by extension 'colcon_pkg'
[1.725s] Level 1:colcon.colcon_core.package_identification:_identify(src/controller_interfaces) by extensions ['colcon_meta']
[1.725s] Level 1:colcon.colcon_core.package_identification:_identify(src/controller_interfaces) by extension 'colcon_meta'
[1.726s] Level 1:colcon.colcon_core.package_identification:_identify(src/controller_interfaces) by extensions ['ros']
[1.726s] Level 1:colcon.colcon_core.package_identification:_identify(src/controller_interfaces) by extension 'ros'
[1.735s] DEBUG:colcon.colcon_core.package_identification:Package 'src/controller_interfaces' with type 'ros.ament_cmake' and name 'controller_interfaces'
[1.735s] Level 1:colcon.colcon_core.package_identification:_identify(src/cugo_controller) by extensions ['ignore', 'ignore_ament_install']
[1.736s] Level 1:colcon.colcon_core.package_identification:_identify(src/cugo_controller) by extension 'ignore'
[1.736s] Level 1:colcon.colcon_core.package_identification:_identify(src/cugo_controller) by extension 'ignore_ament_install'
[1.736s] Level 1:colcon.colcon_core.package_identification:_identify(src/cugo_controller) by extensions ['colcon_pkg']
[1.736s] Level 1:colcon.colcon_core.package_identification:_identify(src/cugo_controller) by extension 'colcon_pkg'
[1.737s] Level 1:colcon.colcon_core.package_identification:_identify(src/cugo_controller) by extensions ['colcon_meta']
[1.737s] Level 1:colcon.colcon_core.package_identification:_identify(src/cugo_controller) by extension 'colcon_meta'
[1.737s] Level 1:colcon.colcon_core.package_identification:_identify(src/cugo_controller) by extensions ['ros']
[1.737s] Level 1:colcon.colcon_core.package_identification:_identify(src/cugo_controller) by extension 'ros'
[1.739s] DEBUG:colcon.colcon_core.package_identification:Package 'src/cugo_controller' with type 'ros.ament_python' and name 'cugo_controller'
[1.740s] Level 1:colcon.colcon_core.package_identification:_identify(src/ps_ros2_common) by extensions ['ignore', 'ignore_ament_install']
[1.740s] Level 1:colcon.colcon_core.package_identification:_identify(src/ps_ros2_common) by extension 'ignore'
[1.740s] Level 1:colcon.colcon_core.package_identification:_identify(src/ps_ros2_common) by extension 'ignore_ament_install'
[1.740s] Level 1:colcon.colcon_core.package_identification:_identify(src/ps_ros2_common) by extensions ['colcon_pkg']
[1.740s] Level 1:colcon.colcon_core.package_identification:_identify(src/ps_ros2_common) by extension 'colcon_pkg'
[1.741s] Level 1:colcon.colcon_core.package_identification:_identify(src/ps_ros2_common) by extensions ['colcon_meta']
[1.741s] Level 1:colcon.colcon_core.package_identification:_identify(src/ps_ros2_common) by extension 'colcon_meta'
[1.741s] Level 1:colcon.colcon_core.package_identification:_identify(src/ps_ros2_common) by extensions ['ros']
[1.741s] Level 1:colcon.colcon_core.package_identification:_identify(src/ps_ros2_common) by extension 'ros'
[1.744s] DEBUG:colcon.colcon_core.package_identification:Package 'src/ps_ros2_common' with type 'ros.ament_cmake' and name 'ps_ros2_common'
[1.745s] Level 1:colcon.colcon_core.package_identification:_identify(src/rt_usb_9axisimu_driver) by extensions ['ignore', 'ignore_ament_install']
[1.745s] Level 1:colcon.colcon_core.package_identification:_identify(src/rt_usb_9axisimu_driver) by extension 'ignore'
[1.745s] Level 1:colcon.colcon_core.package_identification:_identify(src/rt_usb_9axisimu_driver) by extension 'ignore_ament_install'
[1.745s] Level 1:colcon.colcon_core.package_identification:_identify(src/rt_usb_9axisimu_driver) by extensions ['colcon_pkg']
[1.745s] Level 1:colcon.colcon_core.package_identification:_identify(src/rt_usb_9axisimu_driver) by extension 'colcon_pkg'
[1.746s] Level 1:colcon.colcon_core.package_identification:_identify(src/rt_usb_9axisimu_driver) by extensions ['colcon_meta']
[1.746s] Level 1:colcon.colcon_core.package_identification:_identify(src/rt_usb_9axisimu_driver) by extension 'colcon_meta'
[1.746s] Level 1:colcon.colcon_core.package_identification:_identify(src/rt_usb_9axisimu_driver) by extensions ['ros']
[1.746s] Level 1:colcon.colcon_core.package_identification:_identify(src/rt_usb_9axisimu_driver) by extension 'ros'
[1.750s] DEBUG:colcon.colcon_core.package_identification:Package 'src/rt_usb_9axisimu_driver' with type 'ros.ament_cmake' and name 'rt_usb_9axisimu_driver'
[1.750s] Level 1:colcon.colcon_core.package_identification:_identify(src/test_imu) by extensions ['ignore', 'ignore_ament_install']
[1.751s] Level 1:colcon.colcon_core.package_identification:_identify(src/test_imu) by extension 'ignore'
[1.751s] Level 1:colcon.colcon_core.package_identification:_identify(src/test_imu) by extension 'ignore_ament_install'
[1.751s] Level 1:colcon.colcon_core.package_identification:_identify(src/test_imu) by extensions ['colcon_pkg']
[1.751s] Level 1:colcon.colcon_core.package_identification:_identify(src/test_imu) by extension 'colcon_pkg'
[1.751s] Level 1:colcon.colcon_core.package_identification:_identify(src/test_imu) by extensions ['colcon_meta']
[1.751s] Level 1:colcon.colcon_core.package_identification:_identify(src/test_imu) by extension 'colcon_meta'
[1.752s] Level 1:colcon.colcon_core.package_identification:_identify(src/test_imu) by extensions ['ros']
[1.752s] Level 1:colcon.colcon_core.package_identification:_identify(src/test_imu) by extension 'ros'
[1.754s] DEBUG:colcon.colcon_core.package_identification:Package 'src/test_imu' with type 'ros.ament_python' and name 'test_imu'
[1.754s] Level 1:colcon.colcon_core.package_discovery:discover_packages(recursive) using defaults
[1.754s] Level 1:colcon.colcon_core.package_discovery:discover_packages(ignore) discover
[1.755s] Level 1:colcon.colcon_core.package_discovery:discover_packages(ignore) using defaults
[1.755s] Level 1:colcon.colcon_core.package_discovery:discover_packages(path) discover
[1.755s] Level 1:colcon.colcon_core.package_discovery:discover_packages(path) using defaults
[1.848s] Level 1:colcon.colcon_core.package_discovery:discover_packages(prefix_path) check parameters
[1.848s] Level 1:colcon.colcon_core.package_discovery:discover_packages(prefix_path) discover
[1.862s] DEBUG:colcon.colcon_installed_package_information.package_discovery:Found 5 installed packages in /home/shelfer/my_ros2_ws/install
[1.876s] DEBUG:colcon.colcon_installed_package_information.package_discovery:Found 388 installed packages in /opt/ros/humble
[1.888s] Level 1:colcon.colcon_core.package_discovery:discover_packages(prefix_path) using defaults
[2.217s] Level 5:colcon.colcon_core.verb:set package 'controller_interfaces' build argument 'cmake_args' from command line to 'None'
[2.217s] Level 5:colcon.colcon_core.verb:set package 'controller_interfaces' build argument 'cmake_target' from command line to 'None'
[2.218s] Level 5:colcon.colcon_core.verb:set package 'controller_interfaces' build argument 'cmake_target_skip_unavailable' from command line to 'False'
[2.218s] Level 5:colcon.colcon_core.verb:set package 'controller_interfaces' build argument 'cmake_clean_cache' from command line to 'False'
[2.218s] Level 5:colcon.colcon_core.verb:set package 'controller_interfaces' build argument 'cmake_clean_first' from command line to 'False'
[2.218s] Level 5:colcon.colcon_core.verb:set package 'controller_interfaces' build argument 'cmake_force_configure' from command line to 'False'
[2.218s] Level 5:colcon.colcon_core.verb:set package 'controller_interfaces' build argument 'ament_cmake_args' from command line to 'None'
[2.218s] Level 5:colcon.colcon_core.verb:set package 'controller_interfaces' build argument 'catkin_cmake_args' from command line to 'None'
[2.218s] Level 5:colcon.colcon_core.verb:set package 'controller_interfaces' build argument 'catkin_skip_building_tests' from command line to 'False'
[2.218s] DEBUG:colcon.colcon_core.verb:Building package 'controller_interfaces' with the following arguments: {'ament_cmake_args': None, 'build_base': '/home/shelfer/my_ros2_ws/build/controller_interfaces', 'catkin_cmake_args': None, 'catkin_skip_building_tests': False, 'cmake_args': None, 'cmake_clean_cache': False, 'cmake_clean_first': False, 'cmake_force_configure': False, 'cmake_target': None, 'cmake_target_skip_unavailable': False, 'install_base': '/home/shelfer/my_ros2_ws/install/controller_interfaces', 'merge_install': False, 'path': '/home/shelfer/my_ros2_ws/src/controller_interfaces', 'symlink_install': True, 'test_result_base': None}
[2.223s] Level 5:colcon.colcon_core.verb:set package 'cugo_controller' build argument 'cmake_args' from command line to 'None'
[2.223s] Level 5:colcon.colcon_core.verb:set package 'cugo_controller' build argument 'cmake_target' from command line to 'None'
[2.223s] Level 5:colcon.colcon_core.verb:set package 'cugo_controller' build argument 'cmake_target_skip_unavailable' from command line to 'False'
[2.223s] Level 5:colcon.colcon_core.verb:set package 'cugo_controller' build argument 'cmake_clean_cache' from command line to 'False'
[2.223s] Level 5:colcon.colcon_core.verb:set package 'cugo_controller' build argument 'cmake_clean_first' from command line to 'False'
[2.223s] Level 5:colcon.colcon_core.verb:set package 'cugo_controller' build argument 'cmake_force_configure' from command line to 'False'
[2.223s] Level 5:colcon.colcon_core.verb:set package 'cugo_controller' build argument 'ament_cmake_args' from command line to 'None'
[2.223s] Level 5:colcon.colcon_core.verb:set package 'cugo_controller' build argument 'catkin_cmake_args' from command line to 'None'
[2.223s] Level 5:colcon.colcon_core.verb:set package 'cugo_controller' build argument 'catkin_skip_building_tests' from command line to 'False'
[2.224s] DEBUG:colcon.colcon_core.verb:Building package 'cugo_controller' with the following arguments: {'ament_cmake_args': None, 'build_base': '/home/shelfer/my_ros2_ws/build/cugo_controller', 'catkin_cmake_args': None, 'catkin_skip_building_tests': False, 'cmake_args': None, 'cmake_clean_cache': False, 'cmake_clean_first': False, 'cmake_force_configure': False, 'cmake_target': None, 'cmake_target_skip_unavailable': False, 'install_base': '/home/shelfer/my_ros2_ws/install/cugo_controller', 'merge_install': False, 'path': '/home/shelfer/my_ros2_ws/src/cugo_controller', 'symlink_install': True, 'test_result_base': None}
[2.228s] Level 5:colcon.colcon_core.verb:set package 'ps_ros2_common' build argument 'cmake_args' from command line to 'None'
[2.228s] Level 5:colcon.colcon_core.verb:set package 'ps_ros2_common' build argument 'cmake_target' from command line to 'None'
[2.228s] Level 5:colcon.colcon_core.verb:set package 'ps_ros2_common' build argument 'cmake_target_skip_unavailable' from command line to 'False'
[2.228s] Level 5:colcon.colcon_core.verb:set package 'ps_ros2_common' build argument 'cmake_clean_cache' from command line to 'False'
[2.228s] Level 5:colcon.colcon_core.verb:set package 'ps_ros2_common' build argument 'cmake_clean_first' from command line to 'False'
[2.229s] Level 5:colcon.colcon_core.verb:set package 'ps_ros2_common' build argument 'cmake_force_configure' from command line to 'False'
[2.229s] Level 5:colcon.colcon_core.verb:set package 'ps_ros2_common' build argument 'ament_cmake_args' from command line to 'None'
[2.229s] Level 5:colcon.colcon_core.verb:set package 'ps_ros2_common' build argument 'catkin_cmake_args' from command line to 'None'
[2.229s] Level 5:colcon.colcon_core.verb:set package 'ps_ros2_common' build argument 'catkin_skip_building_tests' from command line to 'False'
[2.229s] DEBUG:colcon.colcon_core.verb:Building package 'ps_ros2_common' with the following arguments: {'ament_cmake_args': None, 'build_base': '/home/shelfer/my_ros2_ws/build/ps_ros2_common', 'catkin_cmake_args': None, 'catkin_skip_building_tests': False, 'cmake_args': None, 'cmake_clean_cache': False, 'cmake_clean_first': False, 'cmake_force_configure': False, 'cmake_target': None, 'cmake_target_skip_unavailable': False, 'install_base': '/home/shelfer/my_ros2_ws/install/ps_ros2_common', 'merge_install': False, 'path': '/home/shelfer/my_ros2_ws/src/ps_ros2_common', 'symlink_install': True, 'test_result_base': None}
[2.233s] Level 5:colcon.colcon_core.verb:set package 'rt_usb_9axisimu_driver' build argument 'cmake_args' from command line to 'None'
[2.233s] Level 5:colcon.colcon_core.verb:set package 'rt_usb_9axisimu_driver' build argument 'cmake_target' from command line to 'None'
[2.233s] Level 5:colcon.colcon_core.verb:set package 'rt_usb_9axisimu_driver' build argument 'cmake_target_skip_unavailable' from command line to 'False'
[2.234s] Level 5:colcon.colcon_core.verb:set package 'rt_usb_9axisimu_driver' build argument 'cmake_clean_cache' from command line to 'False'
[2.234s] Level 5:colcon.colcon_core.verb:set package 'rt_usb_9axisimu_driver' build argument 'cmake_clean_first' from command line to 'False'
[2.234s] Level 5:colcon.colcon_core.verb:set package 'rt_usb_9axisimu_driver' build argument 'cmake_force_configure' from command line to 'False'
[2.234s] Level 5:colcon.colcon_core.verb:set package 'rt_usb_9axisimu_driver' build argument 'ament_cmake_args' from command line to 'None'
[2.234s] Level 5:colcon.colcon_core.verb:set package 'rt_usb_9axisimu_driver' build argument 'catkin_cmake_args' from command line to 'None'
[2.234s] Level 5:colcon.colcon_core.verb:set package 'rt_usb_9axisimu_driver' build argument 'catkin_skip_building_tests' from command line to 'False'
[2.234s] DEBUG:colcon.colcon_core.verb:Building package 'rt_usb_9axisimu_driver' with the following arguments: {'ament_cmake_args': None, 'build_base': '/home/shelfer/my_ros2_ws/build/rt_usb_9axisimu_driver', 'catkin_cmake_args': None, 'catkin_skip_building_tests': False, 'cmake_args': None, 'cmake_clean_cache': False, 'cmake_clean_first': False, 'cmake_force_configure': False, 'cmake_target': None, 'cmake_target_skip_unavailable': False, 'install_base': '/home/shelfer/my_ros2_ws/install/rt_usb_9axisimu_driver', 'merge_install': False, 'path': '/home/shelfer/my_ros2_ws/src/rt_usb_9axisimu_driver', 'symlink_install': True, 'test_result_base': None}
[2.238s] Level 5:colcon.colcon_core.verb:set package 'test_imu' build argument 'cmake_args' from command line to 'None'
[2.238s] Level 5:colcon.colcon_core.verb:set package 'test_imu' build argument 'cmake_target' from command line to 'None'
[2.239s] Level 5:colcon.colcon_core.verb:set package 'test_imu' build argument 'cmake_target_skip_unavailable' from command line to 'False'
[2.239s] Level 5:colcon.colcon_core.verb:set package 'test_imu' build argument 'cmake_clean_cache' from command line to 'False'
[2.239s] Level 5:colcon.colcon_core.verb:set package 'test_imu' build argument 'cmake_clean_first' from command line to 'False'
[2.239s] Level 5:colcon.colcon_core.verb:set package 'test_imu' build argument 'cmake_force_configure' from command line to 'False'
[2.239s] Level 5:colcon.colcon_core.verb:set package 'test_imu' build argument 'ament_cmake_args' from command line to 'None'
[2.239s] Level 5:colcon.colcon_core.verb:set package 'test_imu' build argument 'catkin_cmake_args' from command line to 'None'
[2.239s] Level 5:colcon.colcon_core.verb:set package 'test_imu' build argument 'catkin_skip_building_tests' from command line to 'False'
[2.239s] DEBUG:colcon.colcon_core.verb:Building package 'test_imu' with the following arguments: {'ament_cmake_args': None, 'build_base': '/home/shelfer/my_ros2_ws/build/test_imu', 'catkin_cmake_args': None, 'catkin_skip_building_tests': False, 'cmake_args': None, 'cmake_clean_cache': False, 'cmake_clean_first': False, 'cmake_force_configure': False, 'cmake_target': None, 'cmake_target_skip_unavailable': False, 'install_base': '/home/shelfer/my_ros2_ws/install/test_imu', 'merge_install': False, 'path': '/home/shelfer/my_ros2_ws/src/test_imu', 'symlink_install': True, 'test_result_base': None}
[2.242s] INFO:colcon.colcon_core.executor:Executing jobs using 'parallel' executor
[2.254s] DEBUG:colcon.colcon_parallel_executor.executor.parallel:run_until_complete
[2.256s] INFO:colcon.colcon_ros.task.ament_cmake.build:Building ROS package in '/home/shelfer/my_ros2_ws/src/controller_interfaces' with build type 'ament_cmake'
[2.257s] INFO:colcon.colcon_cmake.task.cmake.build:Building CMake package in '/home/shelfer/my_ros2_ws/src/controller_interfaces'
[2.278s] INFO:colcon.colcon_core.plugin_system:Skipping extension 'colcon_core.shell.bat': Not used on non-Windows systems
[2.279s] INFO:colcon.colcon_core.shell:Skip shell extension 'powershell' for command environment: Not usable outside of PowerShell
[2.279s] DEBUG:colcon.colcon_core.shell:Skip shell extension 'dsv' for command environment
[2.311s] INFO:colcon.colcon_ros.task.ament_python.build:Building ROS package in '/home/shelfer/my_ros2_ws/src/cugo_controller' with build type 'ament_python'
[2.311s] Level 1:colcon.colcon_core.shell:create_environment_hook('cugo_controller', 'ament_prefix_path')
[2.319s] INFO:colcon.colcon_core.shell:Creating environment hook '/home/shelfer/my_ros2_ws/install/cugo_controller/share/cugo_controller/hook/ament_prefix_path.ps1'
[2.326s] INFO:colcon.colcon_core.shell:Creating environment descriptor '/home/shelfer/my_ros2_ws/install/cugo_controller/share/cugo_controller/hook/ament_prefix_path.dsv'
[2.329s] INFO:colcon.colcon_core.shell:Creating environment hook '/home/shelfer/my_ros2_ws/install/cugo_controller/share/cugo_controller/hook/ament_prefix_path.sh'
[2.337s] INFO:colcon.colcon_core.shell:Skip shell extension 'powershell' for command environment: Not usable outside of PowerShell
[2.337s] DEBUG:colcon.colcon_core.shell:Skip shell extension 'dsv' for command environment
[2.367s] INFO:colcon.colcon_ros.task.ament_cmake.build:Building ROS package in '/home/shelfer/my_ros2_ws/src/ps_ros2_common' with build type 'ament_cmake'
[2.368s] INFO:colcon.colcon_cmake.task.cmake.build:Building CMake package in '/home/shelfer/my_ros2_ws/src/ps_ros2_common'
[2.376s] INFO:colcon.colcon_core.shell:Skip shell extension 'powershell' for command environment: Not usable outside of PowerShell
[2.376s] DEBUG:colcon.colcon_core.shell:Skip shell extension 'dsv' for command environment
[2.407s] INFO:colcon.colcon_ros.task.ament_cmake.build:Building ROS package in '/home/shelfer/my_ros2_ws/src/rt_usb_9axisimu_driver' with build type 'ament_cmake'
[2.407s] INFO:colcon.colcon_cmake.task.cmake.build:Building CMake package in '/home/shelfer/my_ros2_ws/src/rt_usb_9axisimu_driver'
[2.415s] INFO:colcon.colcon_core.shell:Skip shell extension 'powershell' for command environment: Not usable outside of PowerShell
[2.415s] DEBUG:colcon.colcon_core.shell:Skip shell extension 'dsv' for command environment
[2.466s] DEBUG:colcon.colcon_core.event_handler.log_command:Invoking command in '/home/shelfer/my_ros2_ws/build/controller_interfaces': CMAKE_PREFIX_PATH=${CMAKE_PREFIX_PATH}:/home/shelfer/my_ros2_ws/install/test_imu:/home/shelfer/my_ros2_ws/install/cugo_controller:/opt/ros/humble /usr/bin/cmake --build /home/shelfer/my_ros2_ws/build/controller_interfaces -- -j4 -l4
[4.296s] INFO:colcon.colcon_core.task.python.build:Building Python package in '/home/shelfer/my_ros2_ws/src/cugo_controller'
[4.302s] INFO:colcon.colcon_core.shell:Skip shell extension 'powershell' for command environment: Not usable outside of PowerShell
[4.302s] DEBUG:colcon.colcon_core.shell:Skip shell extension 'dsv' for command environment
[4.349s] DEBUG:colcon.colcon_core.event_handler.log_command:Invoking command in '/home/shelfer/my_ros2_ws/build/ps_ros2_common': CMAKE_PREFIX_PATH=${CMAKE_PREFIX_PATH}:/home/shelfer/my_ros2_ws/install/test_imu:/home/shelfer/my_ros2_ws/install/cugo_controller:/opt/ros/humble /usr/bin/cmake --build /home/shelfer/my_ros2_ws/build/ps_ros2_common -- -j4 -l4
[4.380s] DEBUG:colcon.colcon_core.event_handler.log_command:Invoking command in '/home/shelfer/my_ros2_ws/build/rt_usb_9axisimu_driver': CMAKE_PREFIX_PATH=${CMAKE_PREFIX_PATH}:/home/shelfer/my_ros2_ws/install/test_imu:/home/shelfer/my_ros2_ws/install/cugo_controller:/opt/ros/humble /usr/bin/cmake --build /home/shelfer/my_ros2_ws/build/rt_usb_9axisimu_driver -- -j4 -l4
[4.850s] DEBUG:colcon.colcon_core.event_handler.log_command:Invoked command in '/home/shelfer/my_ros2_ws/build/ps_ros2_common' returned '0': CMAKE_PREFIX_PATH=${CMAKE_PREFIX_PATH}:/home/shelfer/my_ros2_ws/install/test_imu:/home/shelfer/my_ros2_ws/install/cugo_controller:/opt/ros/humble /usr/bin/cmake --build /home/shelfer/my_ros2_ws/build/ps_ros2_common -- -j4 -l4
[5.079s] DEBUG:colcon.colcon_core.event_handler.log_command:Invoked command in '/home/shelfer/my_ros2_ws/build/controller_interfaces' returned '0': CMAKE_PREFIX_PATH=${CMAKE_PREFIX_PATH}:/home/shelfer/my_ros2_ws/install/test_imu:/home/shelfer/my_ros2_ws/install/cugo_controller:/opt/ros/humble /usr/bin/cmake --build /home/shelfer/my_ros2_ws/build/controller_interfaces -- -j4 -l4
[5.153s] DEBUG:colcon.colcon_core.event_handler.log_command:Invoking command in '/home/shelfer/my_ros2_ws/build/ps_ros2_common': CMAKE_PREFIX_PATH=${CMAKE_PREFIX_PATH}:/home/shelfer/my_ros2_ws/install/test_imu:/home/shelfer/my_ros2_ws/install/cugo_controller:/opt/ros/humble /usr/bin/cmake --install /home/shelfer/my_ros2_ws/build/ps_ros2_common
[5.169s] DEBUG:colcon.colcon_core.event_handler.log_command:Invoked command in '/home/shelfer/my_ros2_ws/build/rt_usb_9axisimu_driver' returned '0': CMAKE_PREFIX_PATH=${CMAKE_PREFIX_PATH}:/home/shelfer/my_ros2_ws/install/test_imu:/home/shelfer/my_ros2_ws/install/cugo_controller:/opt/ros/humble /usr/bin/cmake --build /home/shelfer/my_ros2_ws/build/rt_usb_9axisimu_driver -- -j4 -l4
[5.288s] Level 1:colcon.colcon_core.environment:create_environment_scripts_only(ps_ros2_common)
[5.293s] DEBUG:colcon.colcon_core.event_handler.log_command:Invoked command in '/home/shelfer/my_ros2_ws/build/ps_ros2_common' returned '0': CMAKE_PREFIX_PATH=${CMAKE_PREFIX_PATH}:/home/shelfer/my_ros2_ws/install/test_imu:/home/shelfer/my_ros2_ws/install/cugo_controller:/opt/ros/humble /usr/bin/cmake --install /home/shelfer/my_ros2_ws/build/ps_ros2_common
[5.326s] Level 1:colcon.colcon_core.environment:checking '/home/shelfer/my_ros2_ws/install/ps_ros2_common' for CMake module files
[5.329s] Level 1:colcon.colcon_core.environment:checking '/home/shelfer/my_ros2_ws/install/ps_ros2_common' for CMake config files
[5.332s] Level 1:colcon.colcon_core.shell:create_environment_hook('ps_ros2_common', 'cmake_prefix_path')
[5.339s] INFO:colcon.colcon_core.shell:Creating environment hook '/home/shelfer/my_ros2_ws/install/ps_ros2_common/share/ps_ros2_common/hook/cmake_prefix_path.ps1'
[5.341s] INFO:colcon.colcon_core.shell:Creating environment descriptor '/home/shelfer/my_ros2_ws/install/ps_ros2_common/share/ps_ros2_common/hook/cmake_prefix_path.dsv'
[5.344s] INFO:colcon.colcon_core.shell:Creating environment hook '/home/shelfer/my_ros2_ws/install/ps_ros2_common/share/ps_ros2_common/hook/cmake_prefix_path.sh'
[5.347s] Level 1:colcon.colcon_core.environment:checking '/home/shelfer/my_ros2_ws/install/ps_ros2_common/lib'
[5.349s] Level 1:colcon.colcon_core.shell:create_environment_hook('ps_ros2_common', 'ld_library_path_lib')
[5.356s] INFO:colcon.colcon_core.shell:Creating environment hook '/home/shelfer/my_ros2_ws/install/ps_ros2_common/share/ps_ros2_common/hook/ld_library_path_lib.ps1'
[5.359s] INFO:colcon.colcon_core.shell:Creating environment descriptor '/home/shelfer/my_ros2_ws/install/ps_ros2_common/share/ps_ros2_common/hook/ld_library_path_lib.dsv'
[5.361s] INFO:colcon.colcon_core.shell:Creating environment hook '/home/shelfer/my_ros2_ws/install/ps_ros2_common/share/ps_ros2_common/hook/ld_library_path_lib.sh'
[5.363s] Level 1:colcon.colcon_core.environment:checking '/home/shelfer/my_ros2_ws/install/ps_ros2_common/bin'
[5.364s] Level 1:colcon.colcon_core.environment:checking '/home/shelfer/my_ros2_ws/install/ps_ros2_common/lib/pkgconfig/ps_ros2_common.pc'
[5.365s] Level 1:colcon.colcon_core.environment:checking '/home/shelfer/my_ros2_ws/install/ps_ros2_common/lib/python3.10/site-packages'
[5.367s] Level 1:colcon.colcon_core.environment:checking '/home/shelfer/my_ros2_ws/install/ps_ros2_common/bin'
[5.374s] INFO:colcon.colcon_core.shell:Creating package script '/home/shelfer/my_ros2_ws/install/ps_ros2_common/share/ps_ros2_common/package.ps1'
[5.378s] INFO:colcon.colcon_core.shell:Creating package descriptor '/home/shelfer/my_ros2_ws/install/ps_ros2_common/share/ps_ros2_common/package.dsv'
[5.382s] INFO:colcon.colcon_core.shell:Creating package script '/home/shelfer/my_ros2_ws/install/ps_ros2_common/share/ps_ros2_common/package.sh'
[5.386s] INFO:colcon.colcon_core.shell:Creating package script '/home/shelfer/my_ros2_ws/install/ps_ros2_common/share/ps_ros2_common/package.bash'
[5.390s] INFO:colcon.colcon_core.shell:Creating package script '/home/shelfer/my_ros2_ws/install/ps_ros2_common/share/ps_ros2_common/package.zsh'
[5.394s] Level 1:colcon.colcon_core.environment:create_file_with_runtime_dependencies(/home/shelfer/my_ros2_ws/install/ps_ros2_common/share/colcon-core/packages/ps_ros2_common)
[5.421s] DEBUG:colcon.colcon_core.event_handler.log_command:Invoking command in '/home/shelfer/my_ros2_ws/build/rt_usb_9axisimu_driver': CMAKE_PREFIX_PATH=${CMAKE_PREFIX_PATH}:/home/shelfer/my_ros2_ws/install/test_imu:/home/shelfer/my_ros2_ws/install/cugo_controller:/opt/ros/humble /usr/bin/cmake --install /home/shelfer/my_ros2_ws/build/rt_usb_9axisimu_driver
[5.558s] Level 1:colcon.colcon_core.environment:create_environment_scripts_only(rt_usb_9axisimu_driver)
[5.569s] Level 1:colcon.colcon_core.environment:checking '/home/shelfer/my_ros2_ws/install/rt_usb_9axisimu_driver' for CMake module files
[5.572s] DEBUG:colcon.colcon_core.event_handler.log_command:Invoked command in '/home/shelfer/my_ros2_ws/build/rt_usb_9axisimu_driver' returned '0': CMAKE_PREFIX_PATH=${CMAKE_PREFIX_PATH}:/home/shelfer/my_ros2_ws/install/test_imu:/home/shelfer/my_ros2_ws/install/cugo_controller:/opt/ros/humble /usr/bin/cmake --install /home/shelfer/my_ros2_ws/build/rt_usb_9axisimu_driver
[5.575s] Level 1:colcon.colcon_core.environment:checking '/home/shelfer/my_ros2_ws/install/rt_usb_9axisimu_driver' for CMake config files
[5.580s] Level 1:colcon.colcon_core.shell:create_environment_hook('rt_usb_9axisimu_driver', 'cmake_prefix_path')
[5.589s] INFO:colcon.colcon_core.shell:Creating environment hook '/home/shelfer/my_ros2_ws/install/rt_usb_9axisimu_driver/share/rt_usb_9axisimu_driver/hook/cmake_prefix_path.ps1'
[5.593s] INFO:colcon.colcon_core.shell:Creating environment descriptor '/home/shelfer/my_ros2_ws/install/rt_usb_9axisimu_driver/share/rt_usb_9axisimu_driver/hook/cmake_prefix_path.dsv'
[5.596s] INFO:colcon.colcon_core.shell:Creating environment hook '/home/shelfer/my_ros2_ws/install/rt_usb_9axisimu_driver/share/rt_usb_9axisimu_driver/hook/cmake_prefix_path.sh'
[5.599s] Level 1:colcon.colcon_core.environment:checking '/home/shelfer/my_ros2_ws/install/rt_usb_9axisimu_driver/lib'
[5.600s] Level 1:colcon.colcon_core.shell:create_environment_hook('rt_usb_9axisimu_driver', 'ld_library_path_lib')
[5.608s] INFO:colcon.colcon_core.shell:Creating environment hook '/home/shelfer/my_ros2_ws/install/rt_usb_9axisimu_driver/share/rt_usb_9axisimu_driver/hook/ld_library_path_lib.ps1'
[5.611s] INFO:colcon.colcon_core.shell:Creating environment descriptor '/home/shelfer/my_ros2_ws/install/rt_usb_9axisimu_driver/share/rt_usb_9axisimu_driver/hook/ld_library_path_lib.dsv'
[5.618s] INFO:colcon.colcon_core.shell:Creating environment hook '/home/shelfer/my_ros2_ws/install/rt_usb_9axisimu_driver/share/rt_usb_9axisimu_driver/hook/ld_library_path_lib.sh'
[5.621s] Level 1:colcon.colcon_core.environment:checking '/home/shelfer/my_ros2_ws/install/rt_usb_9axisimu_driver/bin'
[5.621s] Level 1:colcon.colcon_core.environment:checking '/home/shelfer/my_ros2_ws/install/rt_usb_9axisimu_driver/lib/pkgconfig/rt_usb_9axisimu_driver.pc'
[5.622s] Level 1:colcon.colcon_core.environment:checking '/home/shelfer/my_ros2_ws/install/rt_usb_9axisimu_driver/lib/python3.10/site-packages'
[5.624s] Level 1:colcon.colcon_core.environment:checking '/home/shelfer/my_ros2_ws/install/rt_usb_9axisimu_driver/bin'
[5.632s] INFO:colcon.colcon_core.shell:Creating package script '/home/shelfer/my_ros2_ws/install/rt_usb_9axisimu_driver/share/rt_usb_9axisimu_driver/package.ps1'
[5.634s] INFO:colcon.colcon_core.shell:Creating package descriptor '/home/shelfer/my_ros2_ws/install/rt_usb_9axisimu_driver/share/rt_usb_9axisimu_driver/package.dsv'
[5.637s] INFO:colcon.colcon_core.shell:Creating package script '/home/shelfer/my_ros2_ws/install/rt_usb_9axisimu_driver/share/rt_usb_9axisimu_driver/package.sh'
[5.641s] INFO:colcon.colcon_core.shell:Creating package script '/home/shelfer/my_ros2_ws/install/rt_usb_9axisimu_driver/share/rt_usb_9axisimu_driver/package.bash'
[5.643s] INFO:colcon.colcon_core.shell:Creating package script '/home/shelfer/my_ros2_ws/install/rt_usb_9axisimu_driver/share/rt_usb_9axisimu_driver/package.zsh'
[5.645s] Level 1:colcon.colcon_core.environment:create_file_with_runtime_dependencies(/home/shelfer/my_ros2_ws/install/rt_usb_9axisimu_driver/share/colcon-core/packages/rt_usb_9axisimu_driver)
[5.660s] Level 1:colcon.colcon_core.environment:create_environment_scripts_only(ps_ros2_common)
[5.670s] Level 1:colcon.colcon_core.environment:checking '/home/shelfer/my_ros2_ws/install/ps_ros2_common' for CMake module files
[5.674s] Level 1:colcon.colcon_core.environment:checking '/home/shelfer/my_ros2_ws/install/ps_ros2_common' for CMake config files
[5.677s] Level 1:colcon.colcon_core.shell:create_environment_hook('ps_ros2_common', 'cmake_prefix_path')
[5.684s] INFO:colcon.colcon_core.shell:Creating environment hook '/home/shelfer/my_ros2_ws/install/ps_ros2_common/share/ps_ros2_common/hook/cmake_prefix_path.ps1'
[5.687s] INFO:colcon.colcon_core.shell:Creating environment descriptor '/home/shelfer/my_ros2_ws/install/ps_ros2_common/share/ps_ros2_common/hook/cmake_prefix_path.dsv'
[5.689s] INFO:colcon.colcon_core.shell:Creating environment hook '/home/shelfer/my_ros2_ws/install/ps_ros2_common/share/ps_ros2_common/hook/cmake_prefix_path.sh'
[5.694s] Level 1:colcon.colcon_core.environment:checking '/home/shelfer/my_ros2_ws/install/ps_ros2_common/lib'
[5.695s] Level 1:colcon.colcon_core.shell:create_environment_hook('ps_ros2_common', 'ld_library_path_lib')
[5.703s] INFO:colcon.colcon_core.shell:Creating environment hook '/home/shelfer/my_ros2_ws/install/ps_ros2_common/share/ps_ros2_common/hook/ld_library_path_lib.ps1'
[5.706s] INFO:colcon.colcon_core.shell:Creating environment descriptor '/home/shelfer/my_ros2_ws/install/ps_ros2_common/share/ps_ros2_common/hook/ld_library_path_lib.dsv'
[5.708s] INFO:colcon.colcon_core.shell:Creating environment hook '/home/shelfer/my_ros2_ws/install/ps_ros2_common/share/ps_ros2_common/hook/ld_library_path_lib.sh'
[5.710s] Level 1:colcon.colcon_core.environment:checking '/home/shelfer/my_ros2_ws/install/ps_ros2_common/bin'
[5.711s] Level 1:colcon.colcon_core.environment:checking '/home/shelfer/my_ros2_ws/install/ps_ros2_common/lib/pkgconfig/ps_ros2_common.pc'
[5.712s] Level 1:colcon.colcon_core.environment:checking '/home/shelfer/my_ros2_ws/install/ps_ros2_common/lib/python3.10/site-packages'
[5.714s] Level 1:colcon.colcon_core.environment:checking '/home/shelfer/my_ros2_ws/install/ps_ros2_common/bin'
[5.724s] INFO:colcon.colcon_core.shell:Creating package script '/home/shelfer/my_ros2_ws/install/ps_ros2_common/share/ps_ros2_common/package.ps1'
[5.729s] INFO:colcon.colcon_core.shell:Creating package descriptor '/home/shelfer/my_ros2_ws/install/ps_ros2_common/share/ps_ros2_common/package.dsv'
[5.732s] INFO:colcon.colcon_core.shell:Creating package script '/home/shelfer/my_ros2_ws/install/ps_ros2_common/share/ps_ros2_common/package.sh'
[5.735s] INFO:colcon.colcon_core.shell:Creating package script '/home/shelfer/my_ros2_ws/install/ps_ros2_common/share/ps_ros2_common/package.bash'
[5.739s] INFO:colcon.colcon_core.shell:Creating package script '/home/shelfer/my_ros2_ws/install/ps_ros2_common/share/ps_ros2_common/package.zsh'
[5.742s] Level 1:colcon.colcon_core.environment:create_file_with_runtime_dependencies(/home/shelfer/my_ros2_ws/install/ps_ros2_common/share/colcon-core/packages/ps_ros2_common)
[5.745s] INFO:colcon.colcon_ros.task.ament_python.build:Building ROS package in '/home/shelfer/my_ros2_ws/src/test_imu' with build type 'ament_python'
[5.746s] Level 1:colcon.colcon_core.shell:create_environment_hook('test_imu', 'ament_prefix_path')
[5.764s] INFO:colcon.colcon_core.shell:Creating environment hook '/home/shelfer/my_ros2_ws/install/test_imu/share/test_imu/hook/ament_prefix_path.ps1'
[5.768s] INFO:colcon.colcon_core.shell:Creating environment descriptor '/home/shelfer/my_ros2_ws/install/test_imu/share/test_imu/hook/ament_prefix_path.dsv'
[5.774s] INFO:colcon.colcon_core.shell:Creating environment hook '/home/shelfer/my_ros2_ws/install/test_imu/share/test_imu/hook/ament_prefix_path.sh'
[5.785s] INFO:colcon.colcon_core.shell:Skip shell extension 'powershell' for command environment: Not usable outside of PowerShell
[5.785s] DEBUG:colcon.colcon_core.shell:Skip shell extension 'dsv' for command environment
[5.836s] DEBUG:colcon.colcon_core.event_handler.log_command:Invoking command in '/home/shelfer/my_ros2_ws/build/controller_interfaces': CMAKE_PREFIX_PATH=${CMAKE_PREFIX_PATH}:/home/shelfer/my_ros2_ws/install/test_imu:/home/shelfer/my_ros2_ws/install/cugo_controller:/opt/ros/humble /usr/bin/cmake --install /home/shelfer/my_ros2_ws/build/controller_interfaces
[7.543s] INFO:colcon.colcon_core.task.python.build:Building Python package in '/home/shelfer/my_ros2_ws/src/test_imu'
[7.548s] INFO:colcon.colcon_core.shell:Skip shell extension 'powershell' for command environment: Not usable outside of PowerShell
[7.548s] DEBUG:colcon.colcon_core.shell:Skip shell extension 'dsv' for command environment
[7.580s] Level 1:colcon.colcon_core.environment:create_environment_scripts_only(controller_interfaces)
[7.590s] Level 1:colcon.colcon_core.environment:checking '/home/shelfer/my_ros2_ws/install/controller_interfaces' for CMake module files
[7.591s] DEBUG:colcon.colcon_core.event_handler.log_command:Invoked command in '/home/shelfer/my_ros2_ws/build/controller_interfaces' returned '0': CMAKE_PREFIX_PATH=${CMAKE_PREFIX_PATH}:/home/shelfer/my_ros2_ws/install/test_imu:/home/shelfer/my_ros2_ws/install/cugo_controller:/opt/ros/humble /usr/bin/cmake --install /home/shelfer/my_ros2_ws/build/controller_interfaces
[7.596s] Level 1:colcon.colcon_core.environment:checking '/home/shelfer/my_ros2_ws/install/controller_interfaces' for CMake config files
[7.600s] Level 1:colcon.colcon_core.shell:create_environment_hook('controller_interfaces', 'cmake_prefix_path')
[7.605s] INFO:colcon.colcon_core.shell:Creating environment hook '/home/shelfer/my_ros2_ws/install/controller_interfaces/share/controller_interfaces/hook/cmake_prefix_path.ps1'
[7.608s] INFO:colcon.colcon_core.shell:Creating environment descriptor '/home/shelfer/my_ros2_ws/install/controller_interfaces/share/controller_interfaces/hook/cmake_prefix_path.dsv'
[7.610s] INFO:colcon.colcon_core.shell:Creating environment hook '/home/shelfer/my_ros2_ws/install/controller_interfaces/share/controller_interfaces/hook/cmake_prefix_path.sh'
[7.612s] Level 1:colcon.colcon_core.environment:checking '/home/shelfer/my_ros2_ws/install/controller_interfaces/lib'
[7.613s] Level 1:colcon.colcon_core.shell:create_environment_hook('controller_interfaces', 'ld_library_path_lib')
[7.618s] INFO:colcon.colcon_core.shell:Creating environment hook '/home/shelfer/my_ros2_ws/install/controller_interfaces/share/controller_interfaces/hook/ld_library_path_lib.ps1'
[7.620s] INFO:colcon.colcon_core.shell:Creating environment descriptor '/home/shelfer/my_ros2_ws/install/controller_interfaces/share/controller_interfaces/hook/ld_library_path_lib.dsv'
[7.622s] INFO:colcon.colcon_core.shell:Creating environment hook '/home/shelfer/my_ros2_ws/install/controller_interfaces/share/controller_interfaces/hook/ld_library_path_lib.sh'
[7.624s] Level 1:colcon.colcon_core.environment:checking '/home/shelfer/my_ros2_ws/install/controller_interfaces/bin'
[7.624s] Level 1:colcon.colcon_core.environment:checking '/home/shelfer/my_ros2_ws/install/controller_interfaces/lib/pkgconfig/controller_interfaces.pc'
[7.625s] Level 1:colcon.colcon_core.environment:checking '/home/shelfer/my_ros2_ws/install/controller_interfaces/lib/python3.10/site-packages'
[7.626s] Level 1:colcon.colcon_core.environment:checking '/home/shelfer/my_ros2_ws/install/controller_interfaces/bin'
[7.631s] INFO:colcon.colcon_core.shell:Creating package script '/home/shelfer/my_ros2_ws/install/controller_interfaces/share/controller_interfaces/package.ps1'
[7.634s] INFO:colcon.colcon_core.shell:Creating package descriptor '/home/shelfer/my_ros2_ws/install/controller_interfaces/share/controller_interfaces/package.dsv'
[7.636s] INFO:colcon.colcon_core.shell:Creating package script '/home/shelfer/my_ros2_ws/install/controller_interfaces/share/controller_interfaces/package.sh'
[7.639s] INFO:colcon.colcon_core.shell:Creating package script '/home/shelfer/my_ros2_ws/install/controller_interfaces/share/controller_interfaces/package.bash'
[7.642s] INFO:colcon.colcon_core.shell:Creating package script '/home/shelfer/my_ros2_ws/install/controller_interfaces/share/controller_interfaces/package.zsh'
[7.645s] Level 1:colcon.colcon_core.environment:create_file_with_runtime_dependencies(/home/shelfer/my_ros2_ws/install/controller_interfaces/share/colcon-core/packages/controller_interfaces)
[7.657s] Level 1:colcon.colcon_core.environment:create_environment_scripts_only(rt_usb_9axisimu_driver)
[7.666s] Level 1:colcon.colcon_core.environment:checking '/home/shelfer/my_ros2_ws/install/rt_usb_9axisimu_driver' for CMake module files
[7.670s] Level 1:colcon.colcon_core.environment:checking '/home/shelfer/my_ros2_ws/install/rt_usb_9axisimu_driver' for CMake config files
[7.674s] Level 1:colcon.colcon_core.shell:create_environment_hook('rt_usb_9axisimu_driver', 'cmake_prefix_path')
[7.680s] INFO:colcon.colcon_core.shell:Creating environment hook '/home/shelfer/my_ros2_ws/install/rt_usb_9axisimu_driver/share/rt_usb_9axisimu_driver/hook/cmake_prefix_path.ps1'
[7.682s] INFO:colcon.colcon_core.shell:Creating environment descriptor '/home/shelfer/my_ros2_ws/install/rt_usb_9axisimu_driver/share/rt_usb_9axisimu_driver/hook/cmake_prefix_path.dsv'
[7.684s] INFO:colcon.colcon_core.shell:Creating environment hook '/home/shelfer/my_ros2_ws/install/rt_usb_9axisimu_driver/share/rt_usb_9axisimu_driver/hook/cmake_prefix_path.sh'
[7.687s] Level 1:colcon.colcon_core.environment:checking '/home/shelfer/my_ros2_ws/install/rt_usb_9axisimu_driver/lib'
[7.688s] Level 1:colcon.colcon_core.shell:create_environment_hook('rt_usb_9axisimu_driver', 'ld_library_path_lib')
[7.694s] INFO:colcon.colcon_core.shell:Creating environment hook '/home/shelfer/my_ros2_ws/install/rt_usb_9axisimu_driver/share/rt_usb_9axisimu_driver/hook/ld_library_path_lib.ps1'
[7.696s] INFO:colcon.colcon_core.shell:Creating environment descriptor '/home/shelfer/my_ros2_ws/install/rt_usb_9axisimu_driver/share/rt_usb_9axisimu_driver/hook/ld_library_path_lib.dsv'
[7.698s] INFO:colcon.colcon_core.shell:Creating environment hook '/home/shelfer/my_ros2_ws/install/rt_usb_9axisimu_driver/share/rt_usb_9axisimu_driver/hook/ld_library_path_lib.sh'
[7.700s] Level 1:colcon.colcon_core.environment:checking '/home/shelfer/my_ros2_ws/install/rt_usb_9axisimu_driver/bin'
[7.700s] Level 1:colcon.colcon_core.environment:checking '/home/shelfer/my_ros2_ws/install/rt_usb_9axisimu_driver/lib/pkgconfig/rt_usb_9axisimu_driver.pc'
[7.701s] Level 1:colcon.colcon_core.environment:checking '/home/shelfer/my_ros2_ws/install/rt_usb_9axisimu_driver/lib/python3.10/site-packages'
[7.702s] Level 1:colcon.colcon_core.environment:checking '/home/shelfer/my_ros2_ws/install/rt_usb_9axisimu_driver/bin'
[7.708s] INFO:colcon.colcon_core.shell:Creating package script '/home/shelfer/my_ros2_ws/install/rt_usb_9axisimu_driver/share/rt_usb_9axisimu_driver/package.ps1'
[7.712s] INFO:colcon.colcon_core.shell:Creating package descriptor '/home/shelfer/my_ros2_ws/install/rt_usb_9axisimu_driver/share/rt_usb_9axisimu_driver/package.dsv'
[7.714s] INFO:colcon.colcon_core.shell:Creating package script '/home/shelfer/my_ros2_ws/install/rt_usb_9axisimu_driver/share/rt_usb_9axisimu_driver/package.sh'
[7.717s] INFO:colcon.colcon_core.shell:Creating package script '/home/shelfer/my_ros2_ws/install/rt_usb_9axisimu_driver/share/rt_usb_9axisimu_driver/package.bash'
[7.719s] INFO:colcon.colcon_core.shell:Creating package script '/home/shelfer/my_ros2_ws/install/rt_usb_9axisimu_driver/share/rt_usb_9axisimu_driver/package.zsh'
[7.722s] Level 1:colcon.colcon_core.environment:create_file_with_runtime_dependencies(/home/shelfer/my_ros2_ws/install/rt_usb_9axisimu_driver/share/colcon-core/packages/rt_usb_9axisimu_driver)
[7.758s] DEBUG:colcon.colcon_core.event_handler.log_command:Invoking command in '/home/shelfer/my_ros2_ws/build/cugo_controller': PYTHONPATH=/home/shelfer/my_ros2_ws/build/cugo_controller/prefix_override:/home/shelfer/my_ros2_ws/install/cugo_controller/lib/python3.10/site-packages:${PYTHONPATH} /usr/bin/python3 setup.py develop --editable --build-directory /home/shelfer/my_ros2_ws/build/cugo_controller/build --no-deps install_data
[8.284s] Level 1:colcon.colcon_core.environment:create_environment_scripts_only(controller_interfaces)
[8.294s] Level 1:colcon.colcon_core.environment:checking '/home/shelfer/my_ros2_ws/install/controller_interfaces' for CMake module files
[8.299s] Level 1:colcon.colcon_core.environment:checking '/home/shelfer/my_ros2_ws/install/controller_interfaces' for CMake config files
[8.302s] Level 1:colcon.colcon_core.shell:create_environment_hook('controller_interfaces', 'cmake_prefix_path')
[8.309s] INFO:colcon.colcon_core.shell:Creating environment hook '/home/shelfer/my_ros2_ws/install/controller_interfaces/share/controller_interfaces/hook/cmake_prefix_path.ps1'
[8.311s] INFO:colcon.colcon_core.shell:Creating environment descriptor '/home/shelfer/my_ros2_ws/install/controller_interfaces/share/controller_interfaces/hook/cmake_prefix_path.dsv'
[8.313s] INFO:colcon.colcon_core.shell:Creating environment hook '/home/shelfer/my_ros2_ws/install/controller_interfaces/share/controller_interfaces/hook/cmake_prefix_path.sh'
[8.318s] Level 1:colcon.colcon_core.environment:checking '/home/shelfer/my_ros2_ws/install/controller_interfaces/lib'
[8.318s] Level 1:colcon.colcon_core.shell:create_environment_hook('controller_interfaces', 'ld_library_path_lib')
[8.325s] INFO:colcon.colcon_core.shell:Creating environment hook '/home/shelfer/my_ros2_ws/install/controller_interfaces/share/controller_interfaces/hook/ld_library_path_lib.ps1'
[8.328s] INFO:colcon.colcon_core.shell:Creating environment descriptor '/home/shelfer/my_ros2_ws/install/controller_interfaces/share/controller_interfaces/hook/ld_library_path_lib.dsv'
[8.330s] INFO:colcon.colcon_core.shell:Creating environment hook '/home/shelfer/my_ros2_ws/install/controller_interfaces/share/controller_interfaces/hook/ld_library_path_lib.sh'
[8.332s] Level 1:colcon.colcon_core.environment:checking '/home/shelfer/my_ros2_ws/install/controller_interfaces/bin'
[8.333s] Level 1:colcon.colcon_core.environment:checking '/home/shelfer/my_ros2_ws/install/controller_interfaces/lib/pkgconfig/controller_interfaces.pc'
[8.334s] Level 1:colcon.colcon_core.environment:checking '/home/shelfer/my_ros2_ws/install/controller_interfaces/lib/python3.10/site-packages'
[8.335s] Level 1:colcon.colcon_core.environment:checking '/home/shelfer/my_ros2_ws/install/controller_interfaces/bin'
[8.342s] INFO:colcon.colcon_core.shell:Creating package script '/home/shelfer/my_ros2_ws/install/controller_interfaces/share/controller_interfaces/package.ps1'
[8.345s] INFO:colcon.colcon_core.shell:Creating package descriptor '/home/shelfer/my_ros2_ws/install/controller_interfaces/share/controller_interfaces/package.dsv'
[8.349s] INFO:colcon.colcon_core.shell:Creating package script '/home/shelfer/my_ros2_ws/install/controller_interfaces/share/controller_interfaces/package.sh'
[8.354s] INFO:colcon.colcon_core.shell:Creating package script '/home/shelfer/my_ros2_ws/install/controller_interfaces/share/controller_interfaces/package.bash'
[8.357s] INFO:colcon.colcon_core.shell:Creating package script '/home/shelfer/my_ros2_ws/install/controller_interfaces/share/controller_interfaces/package.zsh'
[8.360s] Level 1:colcon.colcon_core.environment:create_file_with_runtime_dependencies(/home/shelfer/my_ros2_ws/install/controller_interfaces/share/colcon-core/packages/controller_interfaces)
[9.713s] DEBUG:colcon.colcon_core.event_handler.log_command:Invoking command in '/home/shelfer/my_ros2_ws/build/test_imu': PYTHONPATH=/home/shelfer/my_ros2_ws/build/test_imu/prefix_override:/home/shelfer/my_ros2_ws/install/test_imu/lib/python3.10/site-packages:${PYTHONPATH} /usr/bin/python3 setup.py develop --editable --build-directory /home/shelfer/my_ros2_ws/build/test_imu/build --no-deps install_data
[10.728s] Level 1:colcon.colcon_core.shell:create_environment_hook('cugo_controller', 'pythonpath_develop')
[10.734s] INFO:colcon.colcon_core.shell:Creating environment hook '/home/shelfer/my_ros2_ws/build/cugo_controller/share/cugo_controller/hook/pythonpath_develop.ps1'
[10.736s] DEBUG:colcon.colcon_core.event_handler.log_command:Invoked command in '/home/shelfer/my_ros2_ws/build/cugo_controller' returned '0': PYTHONPATH=/home/shelfer/my_ros2_ws/build/cugo_controller/prefix_override:/home/shelfer/my_ros2_ws/install/cugo_controller/lib/python3.10/site-packages:${PYTHONPATH} /usr/bin/python3 setup.py develop --editable --build-directory /home/shelfer/my_ros2_ws/build/cugo_controller/build --no-deps install_data
[10.738s] INFO:colcon.colcon_core.shell:Creating environment descriptor '/home/shelfer/my_ros2_ws/build/cugo_controller/share/cugo_controller/hook/pythonpath_develop.dsv'
[10.740s] INFO:colcon.colcon_core.shell:Creating environment hook '/home/shelfer/my_ros2_ws/build/cugo_controller/share/cugo_controller/hook/pythonpath_develop.sh'
[10.750s] Level 1:colcon.colcon_core.environment:checking '/home/shelfer/my_ros2_ws/install/cugo_controller' for CMake module files
[10.752s] Level 1:colcon.colcon_core.environment:checking '/home/shelfer/my_ros2_ws/install/cugo_controller' for CMake config files
[10.755s] Level 1:colcon.colcon_core.environment:checking '/home/shelfer/my_ros2_ws/install/cugo_controller/lib'
[10.756s] Level 1:colcon.colcon_core.environment:checking '/home/shelfer/my_ros2_ws/install/cugo_controller/bin'
[10.756s] Level 1:colcon.colcon_core.environment:checking '/home/shelfer/my_ros2_ws/install/cugo_controller/lib/pkgconfig/cugo_controller.pc'
[10.757s] Level 1:colcon.colcon_core.environment:checking '/home/shelfer/my_ros2_ws/install/cugo_controller/lib/python3.10/site-packages'
[10.758s] Level 1:colcon.colcon_core.shell:create_environment_hook('cugo_controller', 'pythonpath')
[10.763s] INFO:colcon.colcon_core.shell:Creating environment hook '/home/shelfer/my_ros2_ws/install/cugo_controller/share/cugo_controller/hook/pythonpath.ps1'
[10.766s] INFO:colcon.colcon_core.shell:Creating environment descriptor '/home/shelfer/my_ros2_ws/install/cugo_controller/share/cugo_controller/hook/pythonpath.dsv'
[10.768s] INFO:colcon.colcon_core.shell:Creating environment hook '/home/shelfer/my_ros2_ws/install/cugo_controller/share/cugo_controller/hook/pythonpath.sh'
[10.772s] Level 1:colcon.colcon_core.environment:checking '/home/shelfer/my_ros2_ws/install/cugo_controller/bin'
[10.773s] Level 1:colcon.colcon_core.environment:create_environment_scripts_only(cugo_controller)
[10.781s] INFO:colcon.colcon_core.shell:Creating package script '/home/shelfer/my_ros2_ws/install/cugo_controller/share/cugo_controller/package.ps1'
[10.783s] INFO:colcon.colcon_core.shell:Creating package descriptor '/home/shelfer/my_ros2_ws/install/cugo_controller/share/cugo_controller/package.dsv'
[10.786s] INFO:colcon.colcon_core.shell:Creating package script '/home/shelfer/my_ros2_ws/install/cugo_controller/share/cugo_controller/package.sh'
[10.788s] INFO:colcon.colcon_core.shell:Creating package script '/home/shelfer/my_ros2_ws/install/cugo_controller/share/cugo_controller/package.bash'
[10.790s] INFO:colcon.colcon_core.shell:Creating package script '/home/shelfer/my_ros2_ws/install/cugo_controller/share/cugo_controller/package.zsh'
[10.792s] Level 1:colcon.colcon_core.environment:create_file_with_runtime_dependencies(/home/shelfer/my_ros2_ws/install/cugo_controller/share/colcon-core/packages/cugo_controller)
[12.315s] Level 1:colcon.colcon_core.shell:create_environment_hook('test_imu', 'pythonpath_develop')
[12.320s] INFO:colcon.colcon_core.shell:Creating environment hook '/home/shelfer/my_ros2_ws/build/test_imu/share/test_imu/hook/pythonpath_develop.ps1'
[12.321s] DEBUG:colcon.colcon_core.event_handler.log_command:Invoked command in '/home/shelfer/my_ros2_ws/build/test_imu' returned '0': PYTHONPATH=/home/shelfer/my_ros2_ws/build/test_imu/prefix_override:/home/shelfer/my_ros2_ws/install/test_imu/lib/python3.10/site-packages:${PYTHONPATH} /usr/bin/python3 setup.py develop --editable --build-directory /home/shelfer/my_ros2_ws/build/test_imu/build --no-deps install_data
[12.323s] INFO:colcon.colcon_core.shell:Creating environment descriptor '/home/shelfer/my_ros2_ws/build/test_imu/share/test_imu/hook/pythonpath_develop.dsv'
[12.326s] INFO:colcon.colcon_core.shell:Creating environment hook '/home/shelfer/my_ros2_ws/build/test_imu/share/test_imu/hook/pythonpath_develop.sh'
[12.337s] Level 1:colcon.colcon_core.environment:checking '/home/shelfer/my_ros2_ws/install/test_imu' for CMake module files
[12.339s] Level 1:colcon.colcon_core.environment:checking '/home/shelfer/my_ros2_ws/install/test_imu' for CMake config files
[12.342s] Level 1:colcon.colcon_core.environment:checking '/home/shelfer/my_ros2_ws/install/test_imu/lib'
[12.343s] Level 1:colcon.colcon_core.environment:checking '/home/shelfer/my_ros2_ws/install/test_imu/bin'
[12.343s] Level 1:colcon.colcon_core.environment:checking '/home/shelfer/my_ros2_ws/install/test_imu/lib/pkgconfig/test_imu.pc'
[12.344s] Level 1:colcon.colcon_core.environment:checking '/home/shelfer/my_ros2_ws/install/test_imu/lib/python3.10/site-packages'
[12.344s] Level 1:colcon.colcon_core.shell:create_environment_hook('test_imu', 'pythonpath')
[12.349s] INFO:colcon.colcon_core.shell:Creating environment hook '/home/shelfer/my_ros2_ws/install/test_imu/share/test_imu/hook/pythonpath.ps1'
[12.352s] INFO:colcon.colcon_core.shell:Creating environment descriptor '/home/shelfer/my_ros2_ws/install/test_imu/share/test_imu/hook/pythonpath.dsv'
[12.353s] INFO:colcon.colcon_core.shell:Creating environment hook '/home/shelfer/my_ros2_ws/install/test_imu/share/test_imu/hook/pythonpath.sh'
[12.356s] Level 1:colcon.colcon_core.environment:checking '/home/shelfer/my_ros2_ws/install/test_imu/bin'
[12.356s] Level 1:colcon.colcon_core.environment:create_environment_scripts_only(test_imu)
[12.362s] INFO:colcon.colcon_core.shell:Creating package script '/home/shelfer/my_ros2_ws/install/test_imu/share/test_imu/package.ps1'
[12.365s] INFO:colcon.colcon_core.shell:Creating package descriptor '/home/shelfer/my_ros2_ws/install/test_imu/share/test_imu/package.dsv'
[12.367s] INFO:colcon.colcon_core.shell:Creating package script '/home/shelfer/my_ros2_ws/install/test_imu/share/test_imu/package.sh'
[12.369s] INFO:colcon.colcon_core.shell:Creating package script '/home/shelfer/my_ros2_ws/install/test_imu/share/test_imu/package.bash'
[12.371s] INFO:colcon.colcon_core.shell:Creating package script '/home/shelfer/my_ros2_ws/install/test_imu/share/test_imu/package.zsh'
[12.372s] Level 1:colcon.colcon_core.environment:create_file_with_runtime_dependencies(/home/shelfer/my_ros2_ws/install/test_imu/share/colcon-core/packages/test_imu)
[12.373s] DEBUG:colcon.colcon_parallel_executor.executor.parallel:closing loop
[12.375s] DEBUG:colcon.colcon_parallel_executor.executor.parallel:loop closed
[12.375s] DEBUG:colcon.colcon_parallel_executor.executor.parallel:run_until_complete finished with '0'
[12.376s] DEBUG:colcon.colcon_core.event_reactor:joining thread
[12.403s] INFO:colcon.colcon_core.plugin_system:Skipping extension 'colcon_notification.desktop_notification.terminal_notifier': Not used on non-Darwin systems
[12.404s] INFO:colcon.colcon_core.plugin_system:Skipping extension 'colcon_notification.desktop_notification.win32': Not used on non-Windows systems
[12.405s] INFO:colcon.colcon_notification.desktop_notification:Sending desktop notification using 'notify2'
[12.459s] DEBUG:colcon.colcon_core.event_reactor:joined thread
[12.466s] INFO:colcon.colcon_core.shell:Creating prefix script '/home/shelfer/my_ros2_ws/install/local_setup.ps1'
[12.471s] INFO:colcon.colcon_core.shell:Creating prefix util module '/home/shelfer/my_ros2_ws/install/_local_setup_util_ps1.py'
[12.478s] INFO:colcon.colcon_core.shell:Creating prefix chain script '/home/shelfer/my_ros2_ws/install/setup.ps1'
[12.486s] INFO:colcon.colcon_core.shell:Creating prefix script '/home/shelfer/my_ros2_ws/install/local_setup.sh'
[12.489s] INFO:colcon.colcon_core.shell:Creating prefix util module '/home/shelfer/my_ros2_ws/install/_local_setup_util_sh.py'
[12.492s] INFO:colcon.colcon_core.shell:Creating prefix chain script '/home/shelfer/my_ros2_ws/install/setup.sh'
[12.500s] INFO:colcon.colcon_core.shell:Creating prefix script '/home/shelfer/my_ros2_ws/install/local_setup.bash'
[12.503s] INFO:colcon.colcon_core.shell:Creating prefix chain script '/home/shelfer/my_ros2_ws/install/setup.bash'
[12.511s] INFO:colcon.colcon_core.shell:Creating prefix script '/home/shelfer/my_ros2_ws/install/local_setup.zsh'
[12.514s] INFO:colcon.colcon_core.shell:Creating prefix chain script '/home/shelfer/my_ros2_ws/install/setup.zsh'
