[0.216s] Invoking command in '/home/shelfer/my_ros2_ws/build/controller_interfaces': CMAKE_PREFIX_PATH=${CMAKE_PREFIX_PATH}:/home/shelfer/my_ros2_ws/install/test_imu:/home/shelfer/my_ros2_ws/install/cugo_controller:/opt/ros/humble /usr/bin/cmake --build /home/shelfer/my_ros2_ws/build/controller_interfaces -- -j4 -l4
[2.177s] [ 10%] Built target controller_interfaces__rosidl_generator_c
[2.179s] [ 12%] Built target controller_interfaces__cpp
[2.180s] [ 12%] Built target ament_cmake_python_symlink_controller_interfaces
[2.180s] [ 23%] Built target controller_interfaces__rosidl_typesupport_introspection_c
[2.181s] [ 33%] Built target controller_interfaces__rosidl_typesupport_c
[2.181s] [ 43%] Built target controller_interfaces__rosidl_typesupport_fastrtps_cpp
[2.182s] [ 53%] Built target controller_interfaces__rosidl_typesupport_fastrtps_c
[2.182s] [ 64%] Built target controller_interfaces__rosidl_typesupport_introspection_cpp
[2.185s] [ 74%] Built target controller_interfaces__rosidl_typesupport_cpp
[2.186s] [ 74%] Built target controller_interfaces
[2.187s] [ 76%] Built target controller_interfaces__py
[2.188s] [ 84%] Built target controller_interfaces__rosidl_generator_py
[2.188s] [ 89%] Built target controller_interfaces__rosidl_typesupport_introspection_c__pyext
[2.189s] [ 94%] Built target controller_interfaces__rosidl_typesupport_c__pyext
[2.189s] [100%] Built target controller_interfaces__rosidl_typesupport_fastrtps_c__pyext
[2.612s] running egg_info
[2.617s] writing controller_interfaces.egg-info/PKG-INFO
[2.620s] writing dependency_links to controller_interfaces.egg-info/dependency_links.txt
[2.624s] writing top-level names to controller_interfaces.egg-info/top_level.txt
[2.650s] reading manifest file 'controller_interfaces.egg-info/SOURCES.txt'
[2.672s] writing manifest file 'controller_interfaces.egg-info/SOURCES.txt'
[2.852s] [100%] Built target ament_cmake_python_build_controller_interfaces_egg
[2.930s] Invoked command in '/home/shelfer/my_ros2_ws/build/controller_interfaces' returned '0': CMAKE_PREFIX_PATH=${CMAKE_PREFIX_PATH}:/home/shelfer/my_ros2_ws/install/test_imu:/home/shelfer/my_ros2_ws/install/cugo_controller:/opt/ros/humble /usr/bin/cmake --build /home/shelfer/my_ros2_ws/build/controller_interfaces -- -j4 -l4
[3.674s] Invoking command in '/home/shelfer/my_ros2_ws/build/controller_interfaces': CMAKE_PREFIX_PATH=${CMAKE_PREFIX_PATH}:/home/shelfer/my_ros2_ws/install/test_imu:/home/shelfer/my_ros2_ws/install/cugo_controller:/opt/ros/humble /usr/bin/cmake --install /home/shelfer/my_ros2_ws/build/controller_interfaces
[3.726s] -- Install configuration: ""
[3.728s] -- Execute custom install script
[3.730s] -- Up-to-date symlink: /home/shelfer/my_ros2_ws/install/controller_interfaces/share/ament_index/resource_index/rosidl_interfaces/controller_interfaces
[3.734s] -- Up-to-date symlink: /home/shelfer/my_ros2_ws/install/controller_interfaces/include/controller_interfaces/controller_interfaces/msg/detail/num__functions.h
[3.735s] -- Up-to-date symlink: /home/shelfer/my_ros2_ws/install/controller_interfaces/include/controller_interfaces/controller_interfaces/msg/detail/num__struct.h
[3.736s] -- Up-to-date symlink: /home/shelfer/my_ros2_ws/install/controller_interfaces/include/controller_interfaces/controller_interfaces/msg/detail/num__type_support.h
[3.737s] -- Up-to-date symlink: /home/shelfer/my_ros2_ws/install/controller_interfaces/include/controller_interfaces/controller_interfaces/msg/num.h
[3.738s] -- Up-to-date symlink: /home/shelfer/my_ros2_ws/install/controller_interfaces/include/controller_interfaces/controller_interfaces/msg/rosidl_generator_c__visibility_control.h
[3.740s] -- Up-to-date symlink: /home/shelfer/my_ros2_ws/install/controller_interfaces/include/controller_interfaces/controller_interfaces/srv/detail/ultra__functions.h
[3.741s] -- Up-to-date symlink: /home/shelfer/my_ros2_ws/install/controller_interfaces/include/controller_interfaces/controller_interfaces/srv/detail/ultra__struct.h
[3.742s] -- Up-to-date symlink: /home/shelfer/my_ros2_ws/install/controller_interfaces/include/controller_interfaces/controller_interfaces/srv/detail/ultra__type_support.h
[3.743s] -- Up-to-date symlink: /home/shelfer/my_ros2_ws/install/controller_interfaces/include/controller_interfaces/controller_interfaces/srv/ultra.h
[3.745s] -- Up-to-date symlink: /home/shelfer/my_ros2_ws/install/controller_interfaces/share/controller_interfaces/environment/library_path.sh
[3.746s] -- Up-to-date symlink: /home/shelfer/my_ros2_ws/install/controller_interfaces/share/controller_interfaces/environment/library_path.dsv
[3.751s] -- Up-to-date symlink: /home/shelfer/my_ros2_ws/install/controller_interfaces/include/controller_interfaces/controller_interfaces/msg/detail/num__rosidl_typesupport_fastrtps_c.h
[3.752s] -- Up-to-date symlink: /home/shelfer/my_ros2_ws/install/controller_interfaces/include/controller_interfaces/controller_interfaces/msg/rosidl_typesupport_fastrtps_c__visibility_control.h
[3.754s] -- Up-to-date symlink: /home/shelfer/my_ros2_ws/install/controller_interfaces/include/controller_interfaces/controller_interfaces/srv/detail/ultra__rosidl_typesupport_fastrtps_c.h
[3.757s] -- Up-to-date symlink: /home/shelfer/my_ros2_ws/install/controller_interfaces/include/controller_interfaces/controller_interfaces/msg/detail/num__rosidl_typesupport_introspection_c.h
[3.758s] -- Up-to-date symlink: /home/shelfer/my_ros2_ws/install/controller_interfaces/include/controller_interfaces/controller_interfaces/msg/rosidl_typesupport_introspection_c__visibility_control.h
[3.760s] -- Up-to-date symlink: /home/shelfer/my_ros2_ws/install/controller_interfaces/include/controller_interfaces/controller_interfaces/srv/detail/ultra__rosidl_typesupport_introspection_c.h
[3.763s] -- Up-to-date symlink: /home/shelfer/my_ros2_ws/install/controller_interfaces/include/controller_interfaces/controller_interfaces/msg/detail/num__builder.hpp
[3.765s] -- Up-to-date symlink: /home/shelfer/my_ros2_ws/install/controller_interfaces/include/controller_interfaces/controller_interfaces/msg/detail/num__struct.hpp
[3.766s] -- Up-to-date symlink: /home/shelfer/my_ros2_ws/install/controller_interfaces/include/controller_interfaces/controller_interfaces/msg/detail/num__traits.hpp
[3.767s] -- Up-to-date symlink: /home/shelfer/my_ros2_ws/install/controller_interfaces/include/controller_interfaces/controller_interfaces/msg/num.hpp
[3.768s] -- Up-to-date symlink: /home/shelfer/my_ros2_ws/install/controller_interfaces/include/controller_interfaces/controller_interfaces/srv/detail/ultra__builder.hpp
[3.769s] -- Up-to-date symlink: /home/shelfer/my_ros2_ws/install/controller_interfaces/include/controller_interfaces/controller_interfaces/srv/detail/ultra__struct.hpp
[3.770s] -- Up-to-date symlink: /home/shelfer/my_ros2_ws/install/controller_interfaces/include/controller_interfaces/controller_interfaces/srv/detail/ultra__traits.hpp
[3.772s] -- Up-to-date symlink: /home/shelfer/my_ros2_ws/install/controller_interfaces/include/controller_interfaces/controller_interfaces/srv/ultra.hpp
[3.783s] -- Up-to-date symlink: /home/shelfer/my_ros2_ws/install/controller_interfaces/include/controller_interfaces/controller_interfaces/msg/detail/num__rosidl_typesupport_fastrtps_cpp.hpp
[3.784s] -- Up-to-date symlink: /home/shelfer/my_ros2_ws/install/controller_interfaces/include/controller_interfaces/controller_interfaces/msg/rosidl_typesupport_fastrtps_cpp__visibility_control.h
[3.785s] -- Up-to-date symlink: /home/shelfer/my_ros2_ws/install/controller_interfaces/include/controller_interfaces/controller_interfaces/srv/detail/ultra__rosidl_typesupport_fastrtps_cpp.hpp
[3.788s] -- Up-to-date symlink: /home/shelfer/my_ros2_ws/install/controller_interfaces/include/controller_interfaces/controller_interfaces/msg/detail/num__rosidl_typesupport_introspection_cpp.hpp
[3.791s] -- Up-to-date symlink: /home/shelfer/my_ros2_ws/install/controller_interfaces/include/controller_interfaces/controller_interfaces/srv/detail/ultra__rosidl_typesupport_introspection_cpp.hpp
[3.792s] -- Up-to-date symlink: /home/shelfer/my_ros2_ws/install/controller_interfaces/share/controller_interfaces/environment/pythonpath.sh
[3.793s] -- Up-to-date symlink: /home/shelfer/my_ros2_ws/install/controller_interfaces/share/controller_interfaces/environment/pythonpath.dsv
[3.794s] -- Up-to-date symlink: /home/shelfer/my_ros2_ws/install/controller_interfaces/local/lib/python3.10/dist-packages/controller_interfaces-0.0.0-py3.10.egg-info/PKG-INFO
[3.796s] -- Up-to-date symlink: /home/shelfer/my_ros2_ws/install/controller_interfaces/local/lib/python3.10/dist-packages/controller_interfaces-0.0.0-py3.10.egg-info/SOURCES.txt
[3.796s] -- Up-to-date symlink: /home/shelfer/my_ros2_ws/install/controller_interfaces/local/lib/python3.10/dist-packages/controller_interfaces-0.0.0-py3.10.egg-info/dependency_links.txt
[3.798s] -- Up-to-date symlink: /home/shelfer/my_ros2_ws/install/controller_interfaces/local/lib/python3.10/dist-packages/controller_interfaces-0.0.0-py3.10.egg-info/top_level.txt
[3.805s] -- Up-to-date symlink: /home/shelfer/my_ros2_ws/install/controller_interfaces/local/lib/python3.10/dist-packages/controller_interfaces/__init__.py
[3.806s] -- Up-to-date symlink: /home/shelfer/my_ros2_ws/install/controller_interfaces/local/lib/python3.10/dist-packages/controller_interfaces/_controller_interfaces_s.ep.rosidl_typesupport_c.c
[3.807s] -- Up-to-date symlink: /home/shelfer/my_ros2_ws/install/controller_interfaces/local/lib/python3.10/dist-packages/controller_interfaces/_controller_interfaces_s.ep.rosidl_typesupport_fastrtps_c.c
[3.808s] -- Up-to-date symlink: /home/shelfer/my_ros2_ws/install/controller_interfaces/local/lib/python3.10/dist-packages/controller_interfaces/_controller_interfaces_s.ep.rosidl_typesupport_introspection_c.c
[3.809s] -- Up-to-date symlink: /home/shelfer/my_ros2_ws/install/controller_interfaces/local/lib/python3.10/dist-packages/controller_interfaces/controller_interfaces_s__rosidl_typesupport_c.cpython-310-aarch64-linux-gnu.so
[3.811s] -- Up-to-date symlink: /home/shelfer/my_ros2_ws/install/controller_interfaces/local/lib/python3.10/dist-packages/controller_interfaces/controller_interfaces_s__rosidl_typesupport_fastrtps_c.cpython-310-aarch64-linux-gnu.so
[3.812s] -- Up-to-date symlink: /home/shelfer/my_ros2_ws/install/controller_interfaces/local/lib/python3.10/dist-packages/controller_interfaces/controller_interfaces_s__rosidl_typesupport_introspection_c.cpython-310-aarch64-linux-gnu.so
[3.813s] -- Up-to-date symlink: /home/shelfer/my_ros2_ws/install/controller_interfaces/local/lib/python3.10/dist-packages/controller_interfaces/libcontroller_interfaces__rosidl_generator_py.so
[3.814s] -- Up-to-date symlink: /home/shelfer/my_ros2_ws/install/controller_interfaces/local/lib/python3.10/dist-packages/controller_interfaces/msg/__init__.py
[3.815s] -- Up-to-date symlink: /home/shelfer/my_ros2_ws/install/controller_interfaces/local/lib/python3.10/dist-packages/controller_interfaces/msg/_num.py
[3.816s] -- Up-to-date symlink: /home/shelfer/my_ros2_ws/install/controller_interfaces/local/lib/python3.10/dist-packages/controller_interfaces/msg/_num_s.c
[3.818s] -- Up-to-date symlink: /home/shelfer/my_ros2_ws/install/controller_interfaces/local/lib/python3.10/dist-packages/controller_interfaces/srv/__init__.py
[3.819s] -- Up-to-date symlink: /home/shelfer/my_ros2_ws/install/controller_interfaces/local/lib/python3.10/dist-packages/controller_interfaces/srv/_ultra.py
[3.820s] -- Up-to-date symlink: /home/shelfer/my_ros2_ws/install/controller_interfaces/local/lib/python3.10/dist-packages/controller_interfaces/srv/_ultra_s.c
[3.822s] -- Up-to-date symlink: /home/shelfer/my_ros2_ws/install/controller_interfaces/local/lib/python3.10/dist-packages/controller_interfaces/controller_interfaces_s__rosidl_typesupport_fastrtps_c.cpython-310-aarch64-linux-gnu.so
[3.825s] -- Up-to-date symlink: /home/shelfer/my_ros2_ws/install/controller_interfaces/local/lib/python3.10/dist-packages/controller_interfaces/controller_interfaces_s__rosidl_typesupport_introspection_c.cpython-310-aarch64-linux-gnu.so
[3.827s] -- Up-to-date symlink: /home/shelfer/my_ros2_ws/install/controller_interfaces/local/lib/python3.10/dist-packages/controller_interfaces/controller_interfaces_s__rosidl_typesupport_c.cpython-310-aarch64-linux-gnu.so
[3.828s] -- Up-to-date symlink: /home/shelfer/my_ros2_ws/install/controller_interfaces/share/controller_interfaces/msg/Num.idl
[3.830s] -- Up-to-date symlink: /home/shelfer/my_ros2_ws/install/controller_interfaces/share/controller_interfaces/srv/Ultra.idl
[3.831s] -- Up-to-date symlink: /home/shelfer/my_ros2_ws/install/controller_interfaces/share/controller_interfaces/msg/Num.msg
[3.832s] -- Up-to-date symlink: /home/shelfer/my_ros2_ws/install/controller_interfaces/share/controller_interfaces/srv/Ultra.srv
[3.834s] -- Up-to-date symlink: /home/shelfer/my_ros2_ws/install/controller_interfaces/share/controller_interfaces/srv/Ultra_Request.msg
[3.835s] -- Up-to-date symlink: /home/shelfer/my_ros2_ws/install/controller_interfaces/share/controller_interfaces/srv/Ultra_Response.msg
[3.837s] -- Up-to-date symlink: /home/shelfer/my_ros2_ws/install/controller_interfaces/share/ament_index/resource_index/package_run_dependencies/controller_interfaces
[3.838s] -- Up-to-date symlink: /home/shelfer/my_ros2_ws/install/controller_interfaces/share/ament_index/resource_index/parent_prefix_path/controller_interfaces
[3.840s] -- Up-to-date symlink: /home/shelfer/my_ros2_ws/install/controller_interfaces/share/controller_interfaces/environment/ament_prefix_path.sh
[3.841s] -- Up-to-date symlink: /home/shelfer/my_ros2_ws/install/controller_interfaces/share/controller_interfaces/environment/ament_prefix_path.dsv
[3.843s] -- Up-to-date symlink: /home/shelfer/my_ros2_ws/install/controller_interfaces/share/controller_interfaces/environment/path.sh
[3.844s] -- Up-to-date symlink: /home/shelfer/my_ros2_ws/install/controller_interfaces/share/controller_interfaces/environment/path.dsv
[3.845s] -- Up-to-date symlink: /home/shelfer/my_ros2_ws/install/controller_interfaces/share/controller_interfaces/local_setup.bash
[3.846s] -- Up-to-date symlink: /home/shelfer/my_ros2_ws/install/controller_interfaces/share/controller_interfaces/local_setup.sh
[3.849s] -- Up-to-date symlink: /home/shelfer/my_ros2_ws/install/controller_interfaces/share/controller_interfaces/local_setup.zsh
[3.850s] -- Up-to-date symlink: /home/shelfer/my_ros2_ws/install/controller_interfaces/share/controller_interfaces/local_setup.dsv
[3.851s] -- Symlinking: /home/shelfer/my_ros2_ws/install/controller_interfaces/share/controller_interfaces/package.dsv
[3.903s] -- Up-to-date symlink: /home/shelfer/my_ros2_ws/install/controller_interfaces/share/ament_index/resource_index/packages/controller_interfaces
[3.904s] -- Up-to-date symlink: /home/shelfer/my_ros2_ws/install/controller_interfaces/share/controller_interfaces/cmake/rosidl_cmake-extras.cmake
[3.906s] -- Up-to-date symlink: /home/shelfer/my_ros2_ws/install/controller_interfaces/share/controller_interfaces/cmake/ament_cmake_export_include_directories-extras.cmake
[3.908s] -- Up-to-date symlink: /home/shelfer/my_ros2_ws/install/controller_interfaces/share/controller_interfaces/cmake/ament_cmake_export_libraries-extras.cmake
[3.909s] -- Up-to-date symlink: /home/shelfer/my_ros2_ws/install/controller_interfaces/share/controller_interfaces/cmake/ament_cmake_export_targets-extras.cmake
[3.910s] -- Up-to-date symlink: /home/shelfer/my_ros2_ws/install/controller_interfaces/share/controller_interfaces/cmake/rosidl_cmake_export_typesupport_targets-extras.cmake
[3.911s] -- Up-to-date symlink: /home/shelfer/my_ros2_ws/install/controller_interfaces/share/controller_interfaces/cmake/ament_cmake_export_dependencies-extras.cmake
[3.913s] -- Up-to-date symlink: /home/shelfer/my_ros2_ws/install/controller_interfaces/share/controller_interfaces/cmake/rosidl_cmake_export_typesupport_libraries-extras.cmake
[3.914s] -- Up-to-date symlink: /home/shelfer/my_ros2_ws/install/controller_interfaces/share/controller_interfaces/cmake/controller_interfacesConfig.cmake
[3.915s] -- Up-to-date symlink: /home/shelfer/my_ros2_ws/install/controller_interfaces/share/controller_interfaces/cmake/controller_interfacesConfig-version.cmake
[3.917s] -- Up-to-date symlink: /home/shelfer/my_ros2_ws/install/controller_interfaces/share/controller_interfaces/package.xml
[3.919s] -- Up-to-date: /home/shelfer/my_ros2_ws/install/controller_interfaces/lib/libcontroller_interfaces__rosidl_generator_c.so
[3.921s] -- Up-to-date: /home/shelfer/my_ros2_ws/install/controller_interfaces/lib/libcontroller_interfaces__rosidl_typesupport_fastrtps_c.so
[3.924s] -- Up-to-date: /home/shelfer/my_ros2_ws/install/controller_interfaces/lib/libcontroller_interfaces__rosidl_typesupport_introspection_c.so
[3.926s] -- Up-to-date: /home/shelfer/my_ros2_ws/install/controller_interfaces/lib/libcontroller_interfaces__rosidl_typesupport_c.so
[3.929s] -- Up-to-date: /home/shelfer/my_ros2_ws/install/controller_interfaces/lib/libcontroller_interfaces__rosidl_typesupport_fastrtps_cpp.so
[3.931s] -- Up-to-date: /home/shelfer/my_ros2_ws/install/controller_interfaces/lib/libcontroller_interfaces__rosidl_typesupport_introspection_cpp.so
[3.935s] -- Up-to-date: /home/shelfer/my_ros2_ws/install/controller_interfaces/lib/libcontroller_interfaces__rosidl_typesupport_cpp.so
[4.156s] Listing '/home/shelfer/my_ros2_ws/install/controller_interfaces/local/lib/python3.10/dist-packages/controller_interfaces'...
[4.157s] Listing '/home/shelfer/my_ros2_ws/install/controller_interfaces/local/lib/python3.10/dist-packages/controller_interfaces/msg'...
[4.159s] Listing '/home/shelfer/my_ros2_ws/install/controller_interfaces/local/lib/python3.10/dist-packages/controller_interfaces/srv'...
[4.192s] -- Up-to-date: /home/shelfer/my_ros2_ws/install/controller_interfaces/lib/libcontroller_interfaces__rosidl_generator_py.so
[4.195s] -- Up-to-date: /home/shelfer/my_ros2_ws/install/controller_interfaces/share/controller_interfaces/cmake/export_controller_interfaces__rosidl_generator_cExport.cmake
[4.195s] -- Up-to-date: /home/shelfer/my_ros2_ws/install/controller_interfaces/share/controller_interfaces/cmake/export_controller_interfaces__rosidl_generator_cExport-noconfig.cmake
[4.197s] -- Up-to-date: /home/shelfer/my_ros2_ws/install/controller_interfaces/share/controller_interfaces/cmake/export_controller_interfaces__rosidl_typesupport_fastrtps_cExport.cmake
[4.200s] -- Up-to-date: /home/shelfer/my_ros2_ws/install/controller_interfaces/share/controller_interfaces/cmake/export_controller_interfaces__rosidl_typesupport_fastrtps_cExport-noconfig.cmake
[4.201s] -- Up-to-date: /home/shelfer/my_ros2_ws/install/controller_interfaces/share/controller_interfaces/cmake/controller_interfaces__rosidl_typesupport_introspection_cExport.cmake
[4.202s] -- Up-to-date: /home/shelfer/my_ros2_ws/install/controller_interfaces/share/controller_interfaces/cmake/controller_interfaces__rosidl_typesupport_introspection_cExport-noconfig.cmake
[4.204s] -- Up-to-date: /home/shelfer/my_ros2_ws/install/controller_interfaces/share/controller_interfaces/cmake/controller_interfaces__rosidl_typesupport_cExport.cmake
[4.205s] -- Up-to-date: /home/shelfer/my_ros2_ws/install/controller_interfaces/share/controller_interfaces/cmake/controller_interfaces__rosidl_typesupport_cExport-noconfig.cmake
[4.207s] -- Up-to-date: /home/shelfer/my_ros2_ws/install/controller_interfaces/share/controller_interfaces/cmake/export_controller_interfaces__rosidl_generator_cppExport.cmake
[4.208s] -- Up-to-date: /home/shelfer/my_ros2_ws/install/controller_interfaces/share/controller_interfaces/cmake/export_controller_interfaces__rosidl_typesupport_fastrtps_cppExport.cmake
[4.209s] -- Up-to-date: /home/shelfer/my_ros2_ws/install/controller_interfaces/share/controller_interfaces/cmake/export_controller_interfaces__rosidl_typesupport_fastrtps_cppExport-noconfig.cmake
[4.211s] -- Up-to-date: /home/shelfer/my_ros2_ws/install/controller_interfaces/share/controller_interfaces/cmake/controller_interfaces__rosidl_typesupport_introspection_cppExport.cmake
[4.212s] -- Up-to-date: /home/shelfer/my_ros2_ws/install/controller_interfaces/share/controller_interfaces/cmake/controller_interfaces__rosidl_typesupport_introspection_cppExport-noconfig.cmake
[4.214s] -- Up-to-date: /home/shelfer/my_ros2_ws/install/controller_interfaces/share/controller_interfaces/cmake/controller_interfaces__rosidl_typesupport_cppExport.cmake
[4.216s] -- Up-to-date: /home/shelfer/my_ros2_ws/install/controller_interfaces/share/controller_interfaces/cmake/controller_interfaces__rosidl_typesupport_cppExport-noconfig.cmake
[4.217s] -- Up-to-date: /home/shelfer/my_ros2_ws/install/controller_interfaces/share/controller_interfaces/cmake/export_controller_interfaces__rosidl_generator_pyExport.cmake
[4.218s] -- Up-to-date: /home/shelfer/my_ros2_ws/install/controller_interfaces/share/controller_interfaces/cmake/export_controller_interfaces__rosidl_generator_pyExport-noconfig.cmake
[5.459s] Invoked command in '/home/shelfer/my_ros2_ws/build/controller_interfaces' returned '0': CMAKE_PREFIX_PATH=${CMAKE_PREFIX_PATH}:/home/shelfer/my_ros2_ws/install/test_imu:/home/shelfer/my_ros2_ws/install/cugo_controller:/opt/ros/humble /usr/bin/cmake --install /home/shelfer/my_ros2_ws/build/controller_interfaces
