[1.973s] Invoking command in '/home/shelfer/my_ros2_ws/build/rt_usb_9axisimu_driver': CMAKE_PREFIX_PATH=${CMAKE_PREFIX_PATH}:/home/shelfer/my_ros2_ws/install/test_imu:/home/shelfer/my_ros2_ws/install/cugo_controller:/opt/ros/humble /usr/bin/cmake --build /home/shelfer/my_ros2_ws/build/rt_usb_9axisimu_driver -- -j4 -l4
[2.465s] [ 60%] Built target rt_usb_9axisimu_driver_component
[2.674s] [100%] Built target rt_usb_9axisimu_driver
[2.761s] Invoked command in '/home/shelfer/my_ros2_ws/build/rt_usb_9axisimu_driver' returned '0': CMAKE_PREFIX_PATH=${CMAKE_PREFIX_PATH}:/home/shelfer/my_ros2_ws/install/test_imu:/home/shelfer/my_ros2_ws/install/cugo_controller:/opt/ros/humble /usr/bin/cmake --build /home/shelfer/my_ros2_ws/build/rt_usb_9axisimu_driver -- -j4 -l4
[3.013s] Invoking command in '/home/shelfer/my_ros2_ws/build/rt_usb_9axisimu_driver': CMAKE_PREFIX_PATH=${CMAKE_PREFIX_PATH}:/home/shelfer/my_ros2_ws/install/test_imu:/home/shelfer/my_ros2_ws/install/cugo_controller:/opt/ros/humble /usr/bin/cmake --install /home/shelfer/my_ros2_ws/build/rt_usb_9axisimu_driver
[3.058s] -- Install configuration: ""
[3.060s] -- Execute custom install script
[3.061s] -- Up-to-date symlink: /home/shelfer/my_ros2_ws/install/rt_usb_9axisimu_driver/share/rt_usb_9axisimu_driver/environment/library_path.sh
[3.063s] -- Up-to-date symlink: /home/shelfer/my_ros2_ws/install/rt_usb_9axisimu_driver/share/rt_usb_9axisimu_driver/environment/library_path.dsv
[3.065s] -- Up-to-date symlink: /home/shelfer/my_ros2_ws/install/rt_usb_9axisimu_driver/include/rt_usb_9axisimu_driver/rt_usb_9axisimu.hpp
[3.068s] -- Up-to-date symlink: /home/shelfer/my_ros2_ws/install/rt_usb_9axisimu_driver/include/rt_usb_9axisimu_driver/rt_usb_9axisimu_driver.hpp
[3.070s] -- Up-to-date symlink: /home/shelfer/my_ros2_ws/install/rt_usb_9axisimu_driver/include/rt_usb_9axisimu_driver/rt_usb_9axisimu_driver_component.hpp
[3.070s] -- Up-to-date symlink: /home/shelfer/my_ros2_ws/install/rt_usb_9axisimu_driver/include/rt_usb_9axisimu_driver/visibility_control.h
[3.071s] -- Up-to-date symlink: /home/shelfer/my_ros2_ws/install/rt_usb_9axisimu_driver/lib/rt_usb_9axisimu_driver/rt_usb_9axisimu_driver
[3.073s] -- Up-to-date symlink: /home/shelfer/my_ros2_ws/install/rt_usb_9axisimu_driver/share/rt_usb_9axisimu_driver//launch/rt_usb_9axisimu_driver.launch.py
[3.075s] -- Up-to-date symlink: /home/shelfer/my_ros2_ws/install/rt_usb_9axisimu_driver/share/ament_index/resource_index/package_run_dependencies/rt_usb_9axisimu_driver
[3.076s] -- Up-to-date symlink: /home/shelfer/my_ros2_ws/install/rt_usb_9axisimu_driver/share/ament_index/resource_index/parent_prefix_path/rt_usb_9axisimu_driver
[3.077s] -- Up-to-date symlink: /home/shelfer/my_ros2_ws/install/rt_usb_9axisimu_driver/share/rt_usb_9axisimu_driver/environment/ament_prefix_path.sh
[3.079s] -- Up-to-date symlink: /home/shelfer/my_ros2_ws/install/rt_usb_9axisimu_driver/share/rt_usb_9axisimu_driver/environment/ament_prefix_path.dsv
[3.080s] -- Up-to-date symlink: /home/shelfer/my_ros2_ws/install/rt_usb_9axisimu_driver/share/rt_usb_9axisimu_driver/environment/path.sh
[3.081s] -- Up-to-date symlink: /home/shelfer/my_ros2_ws/install/rt_usb_9axisimu_driver/share/rt_usb_9axisimu_driver/environment/path.dsv
[3.083s] -- Up-to-date symlink: /home/shelfer/my_ros2_ws/install/rt_usb_9axisimu_driver/share/rt_usb_9axisimu_driver/local_setup.bash
[3.085s] -- Up-to-date symlink: /home/shelfer/my_ros2_ws/install/rt_usb_9axisimu_driver/share/rt_usb_9axisimu_driver/local_setup.sh
[3.086s] -- Up-to-date symlink: /home/shelfer/my_ros2_ws/install/rt_usb_9axisimu_driver/share/rt_usb_9axisimu_driver/local_setup.zsh
[3.087s] -- Up-to-date symlink: /home/shelfer/my_ros2_ws/install/rt_usb_9axisimu_driver/share/rt_usb_9axisimu_driver/local_setup.dsv
[3.087s] -- Symlinking: /home/shelfer/my_ros2_ws/install/rt_usb_9axisimu_driver/share/rt_usb_9axisimu_driver/package.dsv
[3.130s] -- Up-to-date symlink: /home/shelfer/my_ros2_ws/install/rt_usb_9axisimu_driver/share/ament_index/resource_index/packages/rt_usb_9axisimu_driver
[3.132s] -- Up-to-date symlink: /home/shelfer/my_ros2_ws/install/rt_usb_9axisimu_driver/share/ament_index/resource_index/rclcpp_components/rt_usb_9axisimu_driver
[3.133s] -- Up-to-date symlink: /home/shelfer/my_ros2_ws/install/rt_usb_9axisimu_driver/share/rt_usb_9axisimu_driver/cmake/ament_cmake_export_targets-extras.cmake
[3.134s] -- Up-to-date symlink: /home/shelfer/my_ros2_ws/install/rt_usb_9axisimu_driver/share/rt_usb_9axisimu_driver/cmake/ament_cmake_export_dependencies-extras.cmake
[3.135s] -- Up-to-date symlink: /home/shelfer/my_ros2_ws/install/rt_usb_9axisimu_driver/share/rt_usb_9axisimu_driver/cmake/ament_cmake_export_include_directories-extras.cmake
[3.137s] -- Up-to-date symlink: /home/shelfer/my_ros2_ws/install/rt_usb_9axisimu_driver/share/rt_usb_9axisimu_driver/cmake/ament_cmake_export_libraries-extras.cmake
[3.138s] -- Up-to-date symlink: /home/shelfer/my_ros2_ws/install/rt_usb_9axisimu_driver/share/rt_usb_9axisimu_driver/cmake/rt_usb_9axisimu_driverConfig.cmake
[3.139s] -- Up-to-date symlink: /home/shelfer/my_ros2_ws/install/rt_usb_9axisimu_driver/share/rt_usb_9axisimu_driver/cmake/rt_usb_9axisimu_driverConfig-version.cmake
[3.140s] -- Up-to-date symlink: /home/shelfer/my_ros2_ws/install/rt_usb_9axisimu_driver/share/rt_usb_9axisimu_driver/package.xml
[3.142s] -- Up-to-date: /home/shelfer/my_ros2_ws/install/rt_usb_9axisimu_driver/lib/librt_usb_9axisimu_driver_component.so
[3.144s] -- Up-to-date: /home/shelfer/my_ros2_ws/install/rt_usb_9axisimu_driver/share/rt_usb_9axisimu_driver/cmake/export_rt_usb_9axisimu_driverExport.cmake
[3.145s] -- Up-to-date: /home/shelfer/my_ros2_ws/install/rt_usb_9axisimu_driver/share/rt_usb_9axisimu_driver/cmake/export_rt_usb_9axisimu_driverExport-noconfig.cmake
[3.164s] Invoked command in '/home/shelfer/my_ros2_ws/build/rt_usb_9axisimu_driver' returned '0': CMAKE_PREFIX_PATH=${CMAKE_PREFIX_PATH}:/home/shelfer/my_ros2_ws/install/test_imu:/home/shelfer/my_ros2_ws/install/cugo_controller:/opt/ros/humble /usr/bin/cmake --install /home/shelfer/my_ros2_ws/build/rt_usb_9axisimu_driver
